[0.542s] Invoking command in '/home/kevo/ros_ws/src/ros_arm/build/new_bot': CMAKE_PREFIX_PATH=${CMAKE_PREFIX_PATH}:/home/kevo/ws_moveit2/install/moveit_configs_utils:/home/kevo/ws_moveit2/install/launch_param_builder:/opt/ros/humble /usr/bin/cmake --build /home/kevo/ros_ws/src/ros_arm/build/new_bot -- -j8 -l8
[0.813s] Invoked command in '/home/kevo/ros_ws/src/ros_arm/build/new_bot' returned '0': CMAKE_PREFIX_PATH=${CMAKE_PREFIX_PATH}:/home/kevo/ws_moveit2/install/moveit_configs_utils:/home/kevo/ws_moveit2/install/launch_param_builder:/opt/ros/humble /usr/bin/cmake --build /home/kevo/ros_ws/src/ros_arm/build/new_bot -- -j8 -l8
[1.845s] Invoking command in '/home/kevo/ros_ws/src/ros_arm/build/new_bot': CMAKE_PREFIX_PATH=${CMAKE_PREFIX_PATH}:/home/kevo/ws_moveit2/install/moveit_configs_utils:/home/kevo/ws_moveit2/install/launch_param_builder:/opt/ros/humble /usr/bin/cmake --install /home/kevo/ros_ws/src/ros_arm/build/new_bot
[1.889s] -- Install configuration: ""
[1.890s] -- Up-to-date: /home/kevo/ros_ws/src/ros_arm/install/new_bot/share/new_bot/config
[1.891s] -- Up-to-date: /home/kevo/ros_ws/src/ros_arm/install/new_bot/share/new_bot/config/empty.yaml
[1.891s] -- Up-to-date: /home/kevo/ros_ws/src/ros_arm/install/new_bot/share/new_bot/config/new_bot.rviz
[1.892s] -- Up-to-date: /home/kevo/ros_ws/src/ros_arm/install/new_bot/share/new_bot/config/rrbot_controllers.yaml
[1.892s] -- Up-to-date: /home/kevo/ros_ws/src/ros_arm/install/new_bot/share/new_bot/description
[1.892s] -- Up-to-date: /home/kevo/ros_ws/src/ros_arm/install/new_bot/share/new_bot/description/rrbot.materials.xacro
[1.892s] -- Up-to-date: /home/kevo/ros_ws/src/ros_arm/install/new_bot/share/new_bot/description/robot.urdf.xacro
[1.892s] -- Up-to-date: /home/kevo/ros_ws/src/ros_arm/install/new_bot/share/new_bot/description/rrbot_description.urdf.xacro
[1.892s] -- Up-to-date: /home/kevo/ros_ws/src/ros_arm/install/new_bot/share/new_bot/description/rrbot.ros2_control.xacro
[1.893s] -- Up-to-date: /home/kevo/ros_ws/src/ros_arm/install/new_bot/share/new_bot/launch
[1.900s] -- Up-to-date: /home/kevo/ros_ws/src/ros_arm/install/new_bot/share/new_bot/launch/rsp.launch.py
[1.901s] -- Up-to-date: /home/kevo/ros_ws/src/ros_arm/install/new_bot/share/new_bot/launch/launch_sim.launch.py
[1.904s] -- Up-to-date: /home/kevo/ros_ws/src/ros_arm/install/new_bot/share/new_bot/worlds
[1.905s] -- Up-to-date: /home/kevo/ros_ws/src/ros_arm/install/new_bot/share/new_bot/worlds/empty.world
[1.905s] -- Up-to-date: /home/kevo/ros_ws/src/ros_arm/install/new_bot/share/ament_index/resource_index/package_run_dependencies/new_bot
[1.906s] -- Up-to-date: /home/kevo/ros_ws/src/ros_arm/install/new_bot/share/ament_index/resource_index/parent_prefix_path/new_bot
[1.906s] -- Up-to-date: /home/kevo/ros_ws/src/ros_arm/install/new_bot/share/new_bot/environment/ament_prefix_path.sh
[1.906s] -- Up-to-date: /home/kevo/ros_ws/src/ros_arm/install/new_bot/share/new_bot/environment/ament_prefix_path.dsv
[1.907s] -- Up-to-date: /home/kevo/ros_ws/src/ros_arm/install/new_bot/share/new_bot/environment/path.sh
[1.907s] -- Up-to-date: /home/kevo/ros_ws/src/ros_arm/install/new_bot/share/new_bot/environment/path.dsv
[1.908s] -- Up-to-date: /home/kevo/ros_ws/src/ros_arm/install/new_bot/share/new_bot/local_setup.bash
[1.910s] -- Up-to-date: /home/kevo/ros_ws/src/ros_arm/install/new_bot/share/new_bot/local_setup.sh
[1.911s] -- Up-to-date: /home/kevo/ros_ws/src/ros_arm/install/new_bot/share/new_bot/local_setup.zsh
[1.915s] -- Up-to-date: /home/kevo/ros_ws/src/ros_arm/install/new_bot/share/new_bot/local_setup.dsv
[1.917s] -- Installing: /home/kevo/ros_ws/src/ros_arm/install/new_bot/share/new_bot/package.dsv
[1.918s] -- Up-to-date: /home/kevo/ros_ws/src/ros_arm/install/new_bot/share/ament_index/resource_index/packages/new_bot
[1.920s] -- Up-to-date: /home/kevo/ros_ws/src/ros_arm/install/new_bot/share/new_bot/cmake/new_botConfig.cmake
[1.921s] -- Up-to-date: /home/kevo/ros_ws/src/ros_arm/install/new_bot/share/new_bot/cmake/new_botConfig-version.cmake
[1.922s] -- Up-to-date: /home/kevo/ros_ws/src/ros_arm/install/new_bot/share/new_bot/package.xml
[4.029s] Invoked command in '/home/kevo/ros_ws/src/ros_arm/build/new_bot' returned '0': CMAKE_PREFIX_PATH=${CMAKE_PREFIX_PATH}:/home/kevo/ws_moveit2/install/moveit_configs_utils:/home/kevo/ws_moveit2/install/launch_param_builder:/opt/ros/humble /usr/bin/cmake --install /home/kevo/ros_ws/src/ros_arm/build/new_bot
