[0.750s] Invoking command in '/home/kevo/ros_ws/src/ros_arm/build/my_bot': CMAKE_PREFIX_PATH=${CMAKE_PREFIX_PATH}:/home/kevo/ws_moveit2/install/moveit_configs_utils:/home/kevo/ws_moveit2/install/launch_param_builder:/opt/ros/humble /usr/bin/cmake /home/kevo/ros_ws/src/ros_arm/src/my_bot -DCMAKE_INSTALL_PREFIX=/home/kevo/ros_ws/src/ros_arm/install/my_bot
[1.165s] -- The C compiler identification is GNU 11.4.0
[3.206s] -- The CXX compiler identification is GNU 11.4.0
[4.454s] -- Detecting C compiler ABI info
[5.151s] -- Detecting C compiler ABI info - done
[5.184s] -- Check for working C compiler: /usr/bin/cc - skipped
[5.185s] -- Detecting C compile features
[5.186s] -- Detecting C compile features - done
[5.202s] -- Detecting CXX compiler ABI info
[6.004s] -- Detecting CXX compiler ABI info - done
[6.039s] -- Check for working CXX compiler: /usr/bin/c++ - skipped
[6.041s] -- Detecting CXX compile features
[6.043s] -- Detecting CXX compile features - done
[6.065s] -- Found ament_cmake: 1.3.5 (/opt/ros/humble/share/ament_cmake/cmake)
[7.079s] -- Found Python3: /usr/bin/python3.10 (found version "3.10.12") found components: Interpreter 
[7.696s] -- Found ament_lint_auto: 0.12.8 (/opt/ros/humble/share/ament_lint_auto/cmake)
[8.355s] -- Added test 'copyright' to check source files copyright and LICENSE
[8.420s] -- Added test 'flake8' to check Python code syntax and style conventions
[8.425s] -- Added test 'lint_cmake' to check CMake code style
[8.426s] -- Added test 'pep257' to check Python code against some of the docstring style conventions in PEP 257
[8.426s] -- Added test 'xmllint' to check XML markup files
[8.428s] -- Configuring done
[8.436s] -- Generating done
[8.439s] -- Build files have been written to: /home/kevo/ros_ws/src/ros_arm/build/my_bot
[8.490s] Invoked command in '/home/kevo/ros_ws/src/ros_arm/build/my_bot' returned '0': CMAKE_PREFIX_PATH=${CMAKE_PREFIX_PATH}:/home/kevo/ws_moveit2/install/moveit_configs_utils:/home/kevo/ws_moveit2/install/launch_param_builder:/opt/ros/humble /usr/bin/cmake /home/kevo/ros_ws/src/ros_arm/src/my_bot -DCMAKE_INSTALL_PREFIX=/home/kevo/ros_ws/src/ros_arm/install/my_bot
[8.510s] Invoking command in '/home/kevo/ros_ws/src/ros_arm/build/my_bot': CMAKE_PREFIX_PATH=${CMAKE_PREFIX_PATH}:/home/kevo/ws_moveit2/install/moveit_configs_utils:/home/kevo/ws_moveit2/install/launch_param_builder:/opt/ros/humble /usr/bin/cmake --build /home/kevo/ros_ws/src/ros_arm/build/my_bot -- -j8 -l8
[10.737s] Invoked command in '/home/kevo/ros_ws/src/ros_arm/build/my_bot' returned '0': CMAKE_PREFIX_PATH=${CMAKE_PREFIX_PATH}:/home/kevo/ws_moveit2/install/moveit_configs_utils:/home/kevo/ws_moveit2/install/launch_param_builder:/opt/ros/humble /usr/bin/cmake --build /home/kevo/ros_ws/src/ros_arm/build/my_bot -- -j8 -l8
[10.937s] Invoking command in '/home/kevo/ros_ws/src/ros_arm/build/my_bot': CMAKE_PREFIX_PATH=${CMAKE_PREFIX_PATH}:/home/kevo/ws_moveit2/install/moveit_configs_utils:/home/kevo/ws_moveit2/install/launch_param_builder:/opt/ros/humble /usr/bin/cmake --install /home/kevo/ros_ws/src/ros_arm/build/my_bot
[11.032s] -- Install configuration: ""
[11.033s] -- Installing: /home/kevo/ros_ws/src/ros_arm/install/my_bot/share/my_bot/config
[11.033s] -- Installing: /home/kevo/ros_ws/src/ros_arm/install/my_bot/share/my_bot/config/empty.yaml
[11.033s] -- Installing: /home/kevo/ros_ws/src/ros_arm/install/my_bot/share/my_bot/config/my_controllers.yaml
[11.034s] -- Installing: /home/kevo/ros_ws/src/ros_arm/install/my_bot/share/my_bot/config/view_bot.rviz
[11.034s] -- Installing: /home/kevo/ros_ws/src/ros_arm/install/my_bot/share/my_bot/description
[11.034s] -- Installing: /home/kevo/ros_ws/src/ros_arm/install/my_bot/share/my_bot/description/inertial_macros.xacro
[11.035s] -- Installing: /home/kevo/ros_ws/src/ros_arm/install/my_bot/share/my_bot/description/robot_core.xacro
[11.035s] -- Installing: /home/kevo/ros_ws/src/ros_arm/install/my_bot/share/my_bot/description/robot.urdf.xacro
[11.035s] -- Installing: /home/kevo/ros_ws/src/ros_arm/install/my_bot/share/my_bot/description/ros2_control.xacro
[11.035s] -- Installing: /home/kevo/ros_ws/src/ros_arm/install/my_bot/share/my_bot/description/gazebo_control.xacro
[11.036s] -- Installing: /home/kevo/ros_ws/src/ros_arm/install/my_bot/share/my_bot/launch
[11.037s] -- Installing: /home/kevo/ros_ws/src/ros_arm/install/my_bot/share/my_bot/launch/rsp.launch.py
[11.037s] -- Installing: /home/kevo/ros_ws/src/ros_arm/install/my_bot/share/my_bot/launch/launch_sim.launch.py
[11.037s] -- Installing: /home/kevo/ros_ws/src/ros_arm/install/my_bot/share/my_bot/worlds
[11.039s] -- Installing: /home/kevo/ros_ws/src/ros_arm/install/my_bot/share/my_bot/worlds/empty.world
[11.040s] -- Installing: /home/kevo/ros_ws/src/ros_arm/install/my_bot/share/ament_index/resource_index/package_run_dependencies/my_bot
[11.040s] -- Installing: /home/kevo/ros_ws/src/ros_arm/install/my_bot/share/ament_index/resource_index/parent_prefix_path/my_bot
[11.040s] -- Installing: /home/kevo/ros_ws/src/ros_arm/install/my_bot/share/my_bot/environment/ament_prefix_path.sh
[11.041s] -- Installing: /home/kevo/ros_ws/src/ros_arm/install/my_bot/share/my_bot/environment/ament_prefix_path.dsv
[11.041s] -- Installing: /home/kevo/ros_ws/src/ros_arm/install/my_bot/share/my_bot/environment/path.sh
[11.041s] -- Installing: /home/kevo/ros_ws/src/ros_arm/install/my_bot/share/my_bot/environment/path.dsv
[11.041s] -- Installing: /home/kevo/ros_ws/src/ros_arm/install/my_bot/share/my_bot/local_setup.bash
[11.042s] -- Installing: /home/kevo/ros_ws/src/ros_arm/install/my_bot/share/my_bot/local_setup.sh
[11.042s] -- Installing: /home/kevo/ros_ws/src/ros_arm/install/my_bot/share/my_bot/local_setup.zsh
[11.042s] -- Installing: /home/kevo/ros_ws/src/ros_arm/install/my_bot/share/my_bot/local_setup.dsv
[11.050s] -- Installing: /home/kevo/ros_ws/src/ros_arm/install/my_bot/share/my_bot/package.dsv
[11.055s] -- Installing: /home/kevo/ros_ws/src/ros_arm/install/my_bot/share/ament_index/resource_index/packages/my_bot
[11.055s] -- Installing: /home/kevo/ros_ws/src/ros_arm/install/my_bot/share/my_bot/cmake/my_botConfig.cmake
[11.055s] -- Installing: /home/kevo/ros_ws/src/ros_arm/install/my_bot/share/my_bot/cmake/my_botConfig-version.cmake
[11.055s] -- Installing: /home/kevo/ros_ws/src/ros_arm/install/my_bot/share/my_bot/package.xml
[11.479s] Invoked command in '/home/kevo/ros_ws/src/ros_arm/build/my_bot' returned '0': CMAKE_PREFIX_PATH=${CMAKE_PREFIX_PATH}:/home/kevo/ws_moveit2/install/moveit_configs_utils:/home/kevo/ws_moveit2/install/launch_param_builder:/opt/ros/humble /usr/bin/cmake --install /home/kevo/ros_ws/src/ros_arm/build/my_bot
