[0.882s] Invoking command in '/home/kevo/ros_ws/src/ros_arm/build/my_bot': CMAKE_PREFIX_PATH=${CMAKE_PREFIX_PATH}:/home/kevo/ws_moveit2/install/moveit_configs_utils:/home/kevo/ws_moveit2/install/launch_param_builder:/opt/ros/humble /usr/bin/cmake --build /home/kevo/ros_ws/src/ros_arm/build/my_bot -- -j8 -l8
[1.067s] Invoked command in '/home/kevo/ros_ws/src/ros_arm/build/my_bot' returned '0': CMAKE_PREFIX_PATH=${CMAKE_PREFIX_PATH}:/home/kevo/ws_moveit2/install/moveit_configs_utils:/home/kevo/ws_moveit2/install/launch_param_builder:/opt/ros/humble /usr/bin/cmake --build /home/kevo/ros_ws/src/ros_arm/build/my_bot -- -j8 -l8
[1.179s] Invoking command in '/home/kevo/ros_ws/src/ros_arm/build/my_bot': CMAKE_PREFIX_PATH=${CMAKE_PREFIX_PATH}:/home/kevo/ws_moveit2/install/moveit_configs_utils:/home/kevo/ws_moveit2/install/launch_param_builder:/opt/ros/humble /usr/bin/cmake --install /home/kevo/ros_ws/src/ros_arm/build/my_bot
[1.259s] -- Install configuration: ""
[1.264s] -- Up-to-date: /home/kevo/ros_ws/src/ros_arm/install/my_bot/share/my_bot/config
[1.266s] -- Up-to-date: /home/kevo/ros_ws/src/ros_arm/install/my_bot/share/my_bot/config/empty.yaml
[1.267s] -- Up-to-date: /home/kevo/ros_ws/src/ros_arm/install/my_bot/share/my_bot/config/my_controllers.yaml
[1.268s] -- Up-to-date: /home/kevo/ros_ws/src/ros_arm/install/my_bot/share/my_bot/config/view_bot.rviz
[1.268s] -- Up-to-date: /home/kevo/ros_ws/src/ros_arm/install/my_bot/share/my_bot/description
[1.270s] -- Up-to-date: /home/kevo/ros_ws/src/ros_arm/install/my_bot/share/my_bot/description/inertial_macros.xacro
[1.270s] -- Up-to-date: /home/kevo/ros_ws/src/ros_arm/install/my_bot/share/my_bot/description/robot_core.xacro
[1.271s] -- Up-to-date: /home/kevo/ros_ws/src/ros_arm/install/my_bot/share/my_bot/description/robot.urdf.xacro
[1.271s] -- Up-to-date: /home/kevo/ros_ws/src/ros_arm/install/my_bot/share/my_bot/description/ros2_control.xacro
[1.272s] -- Up-to-date: /home/kevo/ros_ws/src/ros_arm/install/my_bot/share/my_bot/description/gazebo_control.xacro
[1.272s] -- Up-to-date: /home/kevo/ros_ws/src/ros_arm/install/my_bot/share/my_bot/launch
[1.272s] -- Up-to-date: /home/kevo/ros_ws/src/ros_arm/install/my_bot/share/my_bot/launch/rsp.launch.py
[1.273s] -- Up-to-date: /home/kevo/ros_ws/src/ros_arm/install/my_bot/share/my_bot/launch/launch_sim.launch.py
[1.273s] -- Up-to-date: /home/kevo/ros_ws/src/ros_arm/install/my_bot/share/my_bot/worlds
[1.273s] -- Up-to-date: /home/kevo/ros_ws/src/ros_arm/install/my_bot/share/my_bot/worlds/empty.world
[1.274s] -- Up-to-date: /home/kevo/ros_ws/src/ros_arm/install/my_bot/share/ament_index/resource_index/package_run_dependencies/my_bot
[1.274s] -- Up-to-date: /home/kevo/ros_ws/src/ros_arm/install/my_bot/share/ament_index/resource_index/parent_prefix_path/my_bot
[1.274s] -- Up-to-date: /home/kevo/ros_ws/src/ros_arm/install/my_bot/share/my_bot/environment/ament_prefix_path.sh
[1.275s] -- Up-to-date: /home/kevo/ros_ws/src/ros_arm/install/my_bot/share/my_bot/environment/ament_prefix_path.dsv
[1.275s] -- Up-to-date: /home/kevo/ros_ws/src/ros_arm/install/my_bot/share/my_bot/environment/path.sh
[1.276s] -- Up-to-date: /home/kevo/ros_ws/src/ros_arm/install/my_bot/share/my_bot/environment/path.dsv
[1.278s] -- Up-to-date: /home/kevo/ros_ws/src/ros_arm/install/my_bot/share/my_bot/local_setup.bash
[1.281s] -- Up-to-date: /home/kevo/ros_ws/src/ros_arm/install/my_bot/share/my_bot/local_setup.sh
[1.282s] -- Up-to-date: /home/kevo/ros_ws/src/ros_arm/install/my_bot/share/my_bot/local_setup.zsh
[1.282s] -- Up-to-date: /home/kevo/ros_ws/src/ros_arm/install/my_bot/share/my_bot/local_setup.dsv
[1.283s] -- Installing: /home/kevo/ros_ws/src/ros_arm/install/my_bot/share/my_bot/package.dsv
[1.283s] -- Up-to-date: /home/kevo/ros_ws/src/ros_arm/install/my_bot/share/ament_index/resource_index/packages/my_bot
[1.284s] -- Up-to-date: /home/kevo/ros_ws/src/ros_arm/install/my_bot/share/my_bot/cmake/my_botConfig.cmake
[1.284s] -- Up-to-date: /home/kevo/ros_ws/src/ros_arm/install/my_bot/share/my_bot/cmake/my_botConfig-version.cmake
[1.285s] -- Up-to-date: /home/kevo/ros_ws/src/ros_arm/install/my_bot/share/my_bot/package.xml
[1.801s] Invoked command in '/home/kevo/ros_ws/src/ros_arm/build/my_bot' returned '0': CMAKE_PREFIX_PATH=${CMAKE_PREFIX_PATH}:/home/kevo/ws_moveit2/install/moveit_configs_utils:/home/kevo/ws_moveit2/install/launch_param_builder:/opt/ros/humble /usr/bin/cmake --install /home/kevo/ros_ws/src/ros_arm/build/my_bot
