[1.089s] Invoking command in '/home/kevo/ros_ws/src/ros_arm/build/hello_moveit': CMAKE_PREFIX_PATH=${CMAKE_PREFIX_PATH}:/home/kevo/ros_ws/src/ai_based_sorting_robot_arm/install/robotic_arm_custom_nodes:/home/kevo/ws_moveit2/install/moveit_configs_utils:/home/kevo/ws_moveit2/install/launch_param_builder:/opt/ros/humble /usr/bin/cmake --build /home/kevo/ros_ws/src/ros_arm/build/hello_moveit -- -j8 -l8
[1.549s] [35m[1mConsolidate compiler generated dependencies of target hello_moveit[0m
[1.685s] [ 50%] [32mBuilding CXX object CMakeFiles/hello_moveit.dir/src/hello_moveit.cpp.o[0m
[38.164s] [100%] [32m[1mLinking CXX executable hello_moveit[0m
[39.812s] [100%] Built target hello_moveit
[39.851s] Invoked command in '/home/kevo/ros_ws/src/ros_arm/build/hello_moveit' returned '0': CMAKE_PREFIX_PATH=${CMAKE_PREFIX_PATH}:/home/kevo/ros_ws/src/ai_based_sorting_robot_arm/install/robotic_arm_custom_nodes:/home/kevo/ws_moveit2/install/moveit_configs_utils:/home/kevo/ws_moveit2/install/launch_param_builder:/opt/ros/humble /usr/bin/cmake --build /home/kevo/ros_ws/src/ros_arm/build/hello_moveit -- -j8 -l8
[39.978s] Invoking command in '/home/kevo/ros_ws/src/ros_arm/build/hello_moveit': CMAKE_PREFIX_PATH=${CMAKE_PREFIX_PATH}:/home/kevo/ros_ws/src/ai_based_sorting_robot_arm/install/robotic_arm_custom_nodes:/home/kevo/ws_moveit2/install/moveit_configs_utils:/home/kevo/ws_moveit2/install/launch_param_builder:/opt/ros/humble /usr/bin/cmake --install /home/kevo/ros_ws/src/ros_arm/build/hello_moveit
[40.006s] -- Install configuration: ""
[40.015s] -- Installing: /home/kevo/ros_ws/src/ros_arm/install/hello_moveit/lib/hello_moveit/hello_moveit
[40.019s] -- Set runtime path of "/home/kevo/ros_ws/src/ros_arm/install/hello_moveit/lib/hello_moveit/hello_moveit" to ""
[40.020s] -- Up-to-date: /home/kevo/ros_ws/src/ros_arm/install/hello_moveit/share/ament_index/resource_index/package_run_dependencies/hello_moveit
[40.022s] -- Up-to-date: /home/kevo/ros_ws/src/ros_arm/install/hello_moveit/share/ament_index/resource_index/parent_prefix_path/hello_moveit
[40.026s] -- Up-to-date: /home/kevo/ros_ws/src/ros_arm/install/hello_moveit/share/hello_moveit/environment/ament_prefix_path.sh
[40.026s] -- Up-to-date: /home/kevo/ros_ws/src/ros_arm/install/hello_moveit/share/hello_moveit/environment/ament_prefix_path.dsv
[40.026s] -- Up-to-date: /home/kevo/ros_ws/src/ros_arm/install/hello_moveit/share/hello_moveit/environment/path.sh
[40.026s] -- Up-to-date: /home/kevo/ros_ws/src/ros_arm/install/hello_moveit/share/hello_moveit/environment/path.dsv
[40.027s] -- Up-to-date: /home/kevo/ros_ws/src/ros_arm/install/hello_moveit/share/hello_moveit/local_setup.bash
[40.027s] -- Up-to-date: /home/kevo/ros_ws/src/ros_arm/install/hello_moveit/share/hello_moveit/local_setup.sh
[40.027s] -- Up-to-date: /home/kevo/ros_ws/src/ros_arm/install/hello_moveit/share/hello_moveit/local_setup.zsh
[40.027s] -- Up-to-date: /home/kevo/ros_ws/src/ros_arm/install/hello_moveit/share/hello_moveit/local_setup.dsv
[40.027s] -- Installing: /home/kevo/ros_ws/src/ros_arm/install/hello_moveit/share/hello_moveit/package.dsv
[40.028s] -- Up-to-date: /home/kevo/ros_ws/src/ros_arm/install/hello_moveit/share/ament_index/resource_index/packages/hello_moveit
[40.028s] -- Up-to-date: /home/kevo/ros_ws/src/ros_arm/install/hello_moveit/share/hello_moveit/cmake/hello_moveitConfig.cmake
[40.028s] -- Up-to-date: /home/kevo/ros_ws/src/ros_arm/install/hello_moveit/share/hello_moveit/cmake/hello_moveitConfig-version.cmake
[40.029s] -- Up-to-date: /home/kevo/ros_ws/src/ros_arm/install/hello_moveit/share/hello_moveit/package.xml
[40.031s] Invoked command in '/home/kevo/ros_ws/src/ros_arm/build/hello_moveit' returned '0': CMAKE_PREFIX_PATH=${CMAKE_PREFIX_PATH}:/home/kevo/ros_ws/src/ai_based_sorting_robot_arm/install/robotic_arm_custom_nodes:/home/kevo/ws_moveit2/install/moveit_configs_utils:/home/kevo/ws_moveit2/install/launch_param_builder:/opt/ros/humble /usr/bin/cmake --install /home/kevo/ros_ws/src/ros_arm/build/hello_moveit
