[0.496s] Invoking command in '/home/kevo/ros_ws/src/ros_arm/build/diff_bot': CMAKE_PREFIX_PATH=${CMAKE_PREFIX_PATH}:/home/kevo/ros_ws/src/ai_based_sorting_robot_arm/install/robotic_arm_custom_nodes:/home/kevo/ws_moveit2/install/moveit_configs_utils:/home/kevo/ws_moveit2/install/launch_param_builder:/opt/ros/humble /usr/bin/cmake --build /home/kevo/ros_ws/src/ros_arm/build/diff_bot -- -j8 -l8
[0.561s] Invoked command in '/home/kevo/ros_ws/src/ros_arm/build/diff_bot' returned '0': CMAKE_PREFIX_PATH=${CMAKE_PREFIX_PATH}:/home/kevo/ros_ws/src/ai_based_sorting_robot_arm/install/robotic_arm_custom_nodes:/home/kevo/ws_moveit2/install/moveit_configs_utils:/home/kevo/ws_moveit2/install/launch_param_builder:/opt/ros/humble /usr/bin/cmake --build /home/kevo/ros_ws/src/ros_arm/build/diff_bot -- -j8 -l8
[0.625s] Invoking command in '/home/kevo/ros_ws/src/ros_arm/build/diff_bot': CMAKE_PREFIX_PATH=${CMAKE_PREFIX_PATH}:/home/kevo/ros_ws/src/ai_based_sorting_robot_arm/install/robotic_arm_custom_nodes:/home/kevo/ws_moveit2/install/moveit_configs_utils:/home/kevo/ws_moveit2/install/launch_param_builder:/opt/ros/humble /usr/bin/cmake --install /home/kevo/ros_ws/src/ros_arm/build/diff_bot
[0.645s] -- Install configuration: ""
[0.645s] -- Up-to-date: /home/kevo/ros_ws/src/ros_arm/install/diff_bot/share/diff_bot/config
[0.645s] -- Up-to-date: /home/kevo/ros_ws/src/ros_arm/install/diff_bot/share/diff_bot/config/empty.yaml
[0.645s] -- Up-to-date: /home/kevo/ros_ws/src/ros_arm/install/diff_bot/share/diff_bot/config/diffbot_controllers.yaml
[0.646s] -- Up-to-date: /home/kevo/ros_ws/src/ros_arm/install/diff_bot/share/diff_bot/description
[0.654s] -- Up-to-date: /home/kevo/ros_ws/src/ros_arm/install/diff_bot/share/diff_bot/description/diffbot_description.urdf.xacro
[0.654s] -- Up-to-date: /home/kevo/ros_ws/src/ros_arm/install/diff_bot/share/diff_bot/description/robot.urdf.xacro
[0.654s] -- Up-to-date: /home/kevo/ros_ws/src/ros_arm/install/diff_bot/share/diff_bot/description/diffbot.materials.xacro
[0.654s] -- Up-to-date: /home/kevo/ros_ws/src/ros_arm/install/diff_bot/share/diff_bot/description/diffbot.ros2_control.xacro
[0.654s] -- Up-to-date: /home/kevo/ros_ws/src/ros_arm/install/diff_bot/share/diff_bot/launch
[0.654s] -- Up-to-date: /home/kevo/ros_ws/src/ros_arm/install/diff_bot/share/diff_bot/launch/rsp.launch.py
[0.654s] -- Up-to-date: /home/kevo/ros_ws/src/ros_arm/install/diff_bot/share/diff_bot/launch/launch_sim.launch.py
[0.655s] -- Up-to-date: /home/kevo/ros_ws/src/ros_arm/install/diff_bot/share/diff_bot/worlds
[0.656s] -- Up-to-date: /home/kevo/ros_ws/src/ros_arm/install/diff_bot/share/diff_bot/worlds/empty.world
[0.657s] -- Up-to-date: /home/kevo/ros_ws/src/ros_arm/install/diff_bot/share/ament_index/resource_index/package_run_dependencies/diff_bot
[0.658s] -- Up-to-date: /home/kevo/ros_ws/src/ros_arm/install/diff_bot/share/ament_index/resource_index/parent_prefix_path/diff_bot
[0.658s] -- Up-to-date: /home/kevo/ros_ws/src/ros_arm/install/diff_bot/share/diff_bot/environment/ament_prefix_path.sh
[0.658s] -- Up-to-date: /home/kevo/ros_ws/src/ros_arm/install/diff_bot/share/diff_bot/environment/ament_prefix_path.dsv
[0.658s] -- Up-to-date: /home/kevo/ros_ws/src/ros_arm/install/diff_bot/share/diff_bot/environment/path.sh
[0.659s] -- Up-to-date: /home/kevo/ros_ws/src/ros_arm/install/diff_bot/share/diff_bot/environment/path.dsv
[0.659s] -- Up-to-date: /home/kevo/ros_ws/src/ros_arm/install/diff_bot/share/diff_bot/local_setup.bash
[0.659s] -- Up-to-date: /home/kevo/ros_ws/src/ros_arm/install/diff_bot/share/diff_bot/local_setup.sh
[0.659s] -- Up-to-date: /home/kevo/ros_ws/src/ros_arm/install/diff_bot/share/diff_bot/local_setup.zsh
[0.659s] -- Up-to-date: /home/kevo/ros_ws/src/ros_arm/install/diff_bot/share/diff_bot/local_setup.dsv
[0.659s] -- Installing: /home/kevo/ros_ws/src/ros_arm/install/diff_bot/share/diff_bot/package.dsv
[0.660s] -- Up-to-date: /home/kevo/ros_ws/src/ros_arm/install/diff_bot/share/ament_index/resource_index/packages/diff_bot
[0.660s] -- Up-to-date: /home/kevo/ros_ws/src/ros_arm/install/diff_bot/share/diff_bot/cmake/diff_botConfig.cmake
[0.660s] -- Up-to-date: /home/kevo/ros_ws/src/ros_arm/install/diff_bot/share/diff_bot/cmake/diff_botConfig-version.cmake
[0.660s] -- Up-to-date: /home/kevo/ros_ws/src/ros_arm/install/diff_bot/share/diff_bot/package.xml
[0.781s] Invoked command in '/home/kevo/ros_ws/src/ros_arm/build/diff_bot' returned '0': CMAKE_PREFIX_PATH=${CMAKE_PREFIX_PATH}:/home/kevo/ros_ws/src/ai_based_sorting_robot_arm/install/robotic_arm_custom_nodes:/home/kevo/ws_moveit2/install/moveit_configs_utils:/home/kevo/ws_moveit2/install/launch_param_builder:/opt/ros/humble /usr/bin/cmake --install /home/kevo/ros_ws/src/ros_arm/build/diff_bot
