[0.680s] Invoking command in '/home/kevo/ros_ws/src/ros_arm/build/new_bot': CMAKE_PREFIX_PATH=${CMAKE_PREFIX_PATH}:/home/kevo/ws_moveit2/install/moveit_configs_utils:/home/kevo/ws_moveit2/install/launch_param_builder:/opt/ros/humble /usr/bin/cmake --build /home/kevo/ros_ws/src/ros_arm/build/new_bot -- -j8 -l8
[0.918s] Invoked command in '/home/kevo/ros_ws/src/ros_arm/build/new_bot' returned '0': CMAKE_PREFIX_PATH=${CMAKE_PREFIX_PATH}:/home/kevo/ws_moveit2/install/moveit_configs_utils:/home/kevo/ws_moveit2/install/launch_param_builder:/opt/ros/humble /usr/bin/cmake --build /home/kevo/ros_ws/src/ros_arm/build/new_bot -- -j8 -l8
[1.280s] Invoking command in '/home/kevo/ros_ws/src/ros_arm/build/new_bot': CMAKE_PREFIX_PATH=${CMAKE_PREFIX_PATH}:/home/kevo/ws_moveit2/install/moveit_configs_utils:/home/kevo/ws_moveit2/install/launch_param_builder:/opt/ros/humble /usr/bin/cmake --install /home/kevo/ros_ws/src/ros_arm/build/new_bot
[1.314s] -- Install configuration: ""
[1.317s] -- Up-to-date: /home/kevo/ros_ws/src/ros_arm/install/new_bot/share/new_bot/config
[1.317s] -- Up-to-date: /home/kevo/ros_ws/src/ros_arm/install/new_bot/share/new_bot/config/empty.yaml
[1.318s] -- Up-to-date: /home/kevo/ros_ws/src/ros_arm/install/new_bot/share/new_bot/config/new_bot.rviz
[1.320s] -- Up-to-date: /home/kevo/ros_ws/src/ros_arm/install/new_bot/share/new_bot/config/rrbot_controllers.yaml
[1.322s] -- Up-to-date: /home/kevo/ros_ws/src/ros_arm/install/new_bot/share/new_bot/description
[1.325s] -- Up-to-date: /home/kevo/ros_ws/src/ros_arm/install/new_bot/share/new_bot/description/rrbot.materials.xacro
[1.326s] -- Up-to-date: /home/kevo/ros_ws/src/ros_arm/install/new_bot/share/new_bot/description/robot.urdf.xacro
[1.327s] -- Up-to-date: /home/kevo/ros_ws/src/ros_arm/install/new_bot/share/new_bot/description/rrbot_description.urdf.xacro
[1.328s] -- Up-to-date: /home/kevo/ros_ws/src/ros_arm/install/new_bot/share/new_bot/description/rrbot.ros2_control.xacro
[1.329s] -- Up-to-date: /home/kevo/ros_ws/src/ros_arm/install/new_bot/share/new_bot/launch
[1.333s] -- Up-to-date: /home/kevo/ros_ws/src/ros_arm/install/new_bot/share/new_bot/launch/rsp.launch.py
[1.337s] -- Up-to-date: /home/kevo/ros_ws/src/ros_arm/install/new_bot/share/new_bot/launch/launch_sim.launch.py
[1.338s] -- Up-to-date: /home/kevo/ros_ws/src/ros_arm/install/new_bot/share/new_bot/worlds
[1.339s] -- Up-to-date: /home/kevo/ros_ws/src/ros_arm/install/new_bot/share/new_bot/worlds/empty.world
[1.341s] -- Up-to-date: /home/kevo/ros_ws/src/ros_arm/install/new_bot/share/ament_index/resource_index/package_run_dependencies/new_bot
[1.344s] -- Up-to-date: /home/kevo/ros_ws/src/ros_arm/install/new_bot/share/ament_index/resource_index/parent_prefix_path/new_bot
[1.346s] -- Up-to-date: /home/kevo/ros_ws/src/ros_arm/install/new_bot/share/new_bot/environment/ament_prefix_path.sh
[1.347s] -- Up-to-date: /home/kevo/ros_ws/src/ros_arm/install/new_bot/share/new_bot/environment/ament_prefix_path.dsv
[1.348s] -- Up-to-date: /home/kevo/ros_ws/src/ros_arm/install/new_bot/share/new_bot/environment/path.sh
[1.348s] -- Up-to-date: /home/kevo/ros_ws/src/ros_arm/install/new_bot/share/new_bot/environment/path.dsv
[1.349s] -- Up-to-date: /home/kevo/ros_ws/src/ros_arm/install/new_bot/share/new_bot/local_setup.bash
[1.349s] -- Up-to-date: /home/kevo/ros_ws/src/ros_arm/install/new_bot/share/new_bot/local_setup.sh
[1.350s] -- Up-to-date: /home/kevo/ros_ws/src/ros_arm/install/new_bot/share/new_bot/local_setup.zsh
[1.351s] -- Up-to-date: /home/kevo/ros_ws/src/ros_arm/install/new_bot/share/new_bot/local_setup.dsv
[1.352s] -- Installing: /home/kevo/ros_ws/src/ros_arm/install/new_bot/share/new_bot/package.dsv
[1.353s] -- Up-to-date: /home/kevo/ros_ws/src/ros_arm/install/new_bot/share/ament_index/resource_index/packages/new_bot
[1.354s] -- Up-to-date: /home/kevo/ros_ws/src/ros_arm/install/new_bot/share/new_bot/cmake/new_botConfig.cmake
[1.355s] -- Up-to-date: /home/kevo/ros_ws/src/ros_arm/install/new_bot/share/new_bot/cmake/new_botConfig-version.cmake
[1.356s] -- Up-to-date: /home/kevo/ros_ws/src/ros_arm/install/new_bot/share/new_bot/package.xml
[4.433s] Invoked command in '/home/kevo/ros_ws/src/ros_arm/build/new_bot' returned '0': CMAKE_PREFIX_PATH=${CMAKE_PREFIX_PATH}:/home/kevo/ws_moveit2/install/moveit_configs_utils:/home/kevo/ws_moveit2/install/launch_param_builder:/opt/ros/humble /usr/bin/cmake --install /home/kevo/ros_ws/src/ros_arm/build/new_bot
