[0.269s] Invoking command in '/home/kevo/ros_ws/src/ros_arm/build/ros_arm_description': CMAKE_PREFIX_PATH=${CMAKE_PREFIX_PATH}:/home/kevo/ros_ws/src/ai_based_sorting_robot_arm/install/robotic_arm_custom_nodes:/home/kevo/ws_moveit2/install/moveit_configs_utils:/home/kevo/ws_moveit2/install/launch_param_builder:/opt/ros/humble /usr/bin/cmake --build /home/kevo/ros_ws/src/ros_arm/build/ros_arm_description -- -j8 -l8
[0.318s] Invoked command in '/home/kevo/ros_ws/src/ros_arm/build/ros_arm_description' returned '0': CMAKE_PREFIX_PATH=${CMAKE_PREFIX_PATH}:/home/kevo/ros_ws/src/ai_based_sorting_robot_arm/install/robotic_arm_custom_nodes:/home/kevo/ws_moveit2/install/moveit_configs_utils:/home/kevo/ws_moveit2/install/launch_param_builder:/opt/ros/humble /usr/bin/cmake --build /home/kevo/ros_ws/src/ros_arm/build/ros_arm_description -- -j8 -l8
[0.363s] Invoking command in '/home/kevo/ros_ws/src/ros_arm/build/ros_arm_description': CMAKE_PREFIX_PATH=${CMAKE_PREFIX_PATH}:/home/kevo/ros_ws/src/ai_based_sorting_robot_arm/install/robotic_arm_custom_nodes:/home/kevo/ws_moveit2/install/moveit_configs_utils:/home/kevo/ws_moveit2/install/launch_param_builder:/opt/ros/humble /usr/bin/cmake --install /home/kevo/ros_ws/src/ros_arm/build/ros_arm_description
[0.373s] -- Install configuration: ""
[0.374s] -- Up-to-date: /home/kevo/ros_ws/src/ros_arm/install/ros_arm_description/share/ros_arm_description//urdf
[0.374s] -- Up-to-date: /home/kevo/ros_ws/src/ros_arm/install/ros_arm_description/share/ros_arm_description//urdf/r6bot_description.urdf.xacro
[0.374s] -- Up-to-date: /home/kevo/ros_ws/src/ros_arm/install/ros_arm_description/share/ros_arm_description//urdf/r6bot.urdf.xacro
[0.374s] -- Up-to-date: /home/kevo/ros_ws/src/ros_arm/install/ros_arm_description/share/ros_arm_description//urdf/inc
[0.375s] -- Up-to-date: /home/kevo/ros_ws/src/ros_arm/install/ros_arm_description/share/ros_arm_description//urdf/inc/create_link.xacro
[0.376s] -- Up-to-date: /home/kevo/ros_ws/src/ros_arm/install/ros_arm_description/share/ros_arm_description//urdf/ros2_control.xacro
[0.376s] -- Up-to-date: /home/kevo/ros_ws/src/ros_arm/install/ros_arm_description/share/ros_arm_description//r6bot
[0.376s] -- Up-to-date: /home/kevo/ros_ws/src/ros_arm/install/ros_arm_description/share/ros_arm_description//r6bot/meshes
[0.376s] -- Up-to-date: /home/kevo/ros_ws/src/ros_arm/install/ros_arm_description/share/ros_arm_description//r6bot/meshes/collision
[0.376s] -- Up-to-date: /home/kevo/ros_ws/src/ros_arm/install/ros_arm_description/share/ros_arm_description//r6bot/meshes/collision/link_3.stl
[0.377s] -- Up-to-date: /home/kevo/ros_ws/src/ros_arm/install/ros_arm_description/share/ros_arm_description//r6bot/meshes/collision/link_1.stl
[0.377s] -- Up-to-date: /home/kevo/ros_ws/src/ros_arm/install/ros_arm_description/share/ros_arm_description//r6bot/meshes/collision/link_0.stl
[0.377s] -- Up-to-date: /home/kevo/ros_ws/src/ros_arm/install/ros_arm_description/share/ros_arm_description//r6bot/meshes/collision/link_5.stl
[0.377s] -- Up-to-date: /home/kevo/ros_ws/src/ros_arm/install/ros_arm_description/share/ros_arm_description//r6bot/meshes/collision/link_4.stl
[0.377s] -- Up-to-date: /home/kevo/ros_ws/src/ros_arm/install/ros_arm_description/share/ros_arm_description//r6bot/meshes/collision/link_6.stl
[0.377s] -- Up-to-date: /home/kevo/ros_ws/src/ros_arm/install/ros_arm_description/share/ros_arm_description//r6bot/meshes/collision/link_2.stl
[0.377s] -- Up-to-date: /home/kevo/ros_ws/src/ros_arm/install/ros_arm_description/share/ros_arm_description//r6bot/meshes/visual
[0.377s] -- Up-to-date: /home/kevo/ros_ws/src/ros_arm/install/ros_arm_description/share/ros_arm_description//r6bot/meshes/visual/link_0.dae
[0.377s] -- Up-to-date: /home/kevo/ros_ws/src/ros_arm/install/ros_arm_description/share/ros_arm_description//r6bot/meshes/visual/link_1.dae
[0.377s] -- Up-to-date: /home/kevo/ros_ws/src/ros_arm/install/ros_arm_description/share/ros_arm_description//r6bot/meshes/visual/link_6.dae
[0.377s] -- Up-to-date: /home/kevo/ros_ws/src/ros_arm/install/ros_arm_description/share/ros_arm_description//r6bot/meshes/visual/link_5.dae
[0.377s] -- Up-to-date: /home/kevo/ros_ws/src/ros_arm/install/ros_arm_description/share/ros_arm_description//r6bot/meshes/visual/link_2.dae
[0.377s] -- Up-to-date: /home/kevo/ros_ws/src/ros_arm/install/ros_arm_description/share/ros_arm_description//r6bot/meshes/visual/link_4.dae
[0.378s] -- Up-to-date: /home/kevo/ros_ws/src/ros_arm/install/ros_arm_description/share/ros_arm_description//r6bot/meshes/visual/link_3.dae
[0.378s] -- Up-to-date: /home/kevo/ros_ws/src/ros_arm/install/ros_arm_description/share/ros_arm_description//launch
[0.378s] -- Up-to-date: /home/kevo/ros_ws/src/ros_arm/install/ros_arm_description/share/ros_arm_description//launch/display.launch.xml
[0.379s] -- Up-to-date: /home/kevo/ros_ws/src/ros_arm/install/ros_arm_description/share/ros_arm_description//rviz
[0.379s] -- Up-to-date: /home/kevo/ros_ws/src/ros_arm/install/ros_arm_description/share/ros_arm_description//rviz/my_rviz.rviz
[0.380s] -- Up-to-date: /home/kevo/ros_ws/src/ros_arm/install/ros_arm_description/share/ros_arm_description//config
[0.380s] -- Up-to-date: /home/kevo/ros_ws/src/ros_arm/install/ros_arm_description/share/ros_arm_description//config/r6bot_controllers.yaml
[0.380s] -- Up-to-date: /home/kevo/ros_ws/src/ros_arm/install/ros_arm_description/share/ament_index/resource_index/package_run_dependencies/ros_arm_description
[0.381s] -- Up-to-date: /home/kevo/ros_ws/src/ros_arm/install/ros_arm_description/share/ament_index/resource_index/parent_prefix_path/ros_arm_description
[0.381s] -- Up-to-date: /home/kevo/ros_ws/src/ros_arm/install/ros_arm_description/share/ros_arm_description/environment/ament_prefix_path.sh
[0.382s] -- Up-to-date: /home/kevo/ros_ws/src/ros_arm/install/ros_arm_description/share/ros_arm_description/environment/ament_prefix_path.dsv
[0.382s] -- Up-to-date: /home/kevo/ros_ws/src/ros_arm/install/ros_arm_description/share/ros_arm_description/environment/path.sh
[0.382s] -- Up-to-date: /home/kevo/ros_ws/src/ros_arm/install/ros_arm_description/share/ros_arm_description/environment/path.dsv
[0.384s] -- Up-to-date: /home/kevo/ros_ws/src/ros_arm/install/ros_arm_description/share/ros_arm_description/local_setup.bash
[0.385s] -- Up-to-date: /home/kevo/ros_ws/src/ros_arm/install/ros_arm_description/share/ros_arm_description/local_setup.sh
[0.385s] -- Up-to-date: /home/kevo/ros_ws/src/ros_arm/install/ros_arm_description/share/ros_arm_description/local_setup.zsh
[0.386s] -- Up-to-date: /home/kevo/ros_ws/src/ros_arm/install/ros_arm_description/share/ros_arm_description/local_setup.dsv
[0.386s] -- Installing: /home/kevo/ros_ws/src/ros_arm/install/ros_arm_description/share/ros_arm_description/package.dsv
[0.386s] -- Up-to-date: /home/kevo/ros_ws/src/ros_arm/install/ros_arm_description/share/ament_index/resource_index/packages/ros_arm_description
[0.387s] -- Up-to-date: /home/kevo/ros_ws/src/ros_arm/install/ros_arm_description/share/ros_arm_description/cmake/ros_arm_descriptionConfig.cmake
[0.389s] -- Up-to-date: /home/kevo/ros_ws/src/ros_arm/install/ros_arm_description/share/ros_arm_description/cmake/ros_arm_descriptionConfig-version.cmake
[0.389s] -- Up-to-date: /home/kevo/ros_ws/src/ros_arm/install/ros_arm_description/share/ros_arm_description/package.xml
[0.389s] Invoked command in '/home/kevo/ros_ws/src/ros_arm/build/ros_arm_description' returned '0': CMAKE_PREFIX_PATH=${CMAKE_PREFIX_PATH}:/home/kevo/ros_ws/src/ai_based_sorting_robot_arm/install/robotic_arm_custom_nodes:/home/kevo/ws_moveit2/install/moveit_configs_utils:/home/kevo/ws_moveit2/install/launch_param_builder:/opt/ros/humble /usr/bin/cmake --install /home/kevo/ros_ws/src/ros_arm/build/ros_arm_description
