-- The C compiler identification is GNU 11.4.0
-- The CXX compiler identification is GNU 11.4.0
-- Detecting C compiler ABI info
-- Detecting C compiler ABI info - done
-- Check for working C compiler: /usr/bin/cc - skipped
-- Detecting C compile features
-- Detecting C compile features - done
-- Detecting CXX compiler ABI info
-- Detecting CXX compiler ABI info - done
-- Check for working CXX compiler: /usr/bin/c++ - skipped
-- Detecting CXX compile features
-- Detecting CXX compile features - done
-- Found ament_cmake: 1.3.5 (/opt/ros/humble/share/ament_cmake/cmake)
-- Found Python3: /usr/bin/python3.10 (found version "3.10.12") found components: Interpreter 
-- Configuring done
-- Generating done
-- Build files have been written to: /home/kevo/ros_ws/src/ros_arm/build/ros_arm_description
-- Install configuration: ""
-- Installing: /home/kevo/ros_ws/src/ros_arm/install/ros_arm_description/share/ros_arm_description//urdf
-- Installing: /home/kevo/ros_ws/src/ros_arm/install/ros_arm_description/share/ros_arm_description//urdf/r6bot_description.urdf.xacro
-- Installing: /home/kevo/ros_ws/src/ros_arm/install/ros_arm_description/share/ros_arm_description//urdf/r6bot.urdf.xacro
-- Installing: /home/kevo/ros_ws/src/ros_arm/install/ros_arm_description/share/ros_arm_description//urdf/inc
-- Installing: /home/kevo/ros_ws/src/ros_arm/install/ros_arm_description/share/ros_arm_description//urdf/inc/create_link.xacro
-- Installing: /home/kevo/ros_ws/src/ros_arm/install/ros_arm_description/share/ros_arm_description//r6bot
-- Installing: /home/kevo/ros_ws/src/ros_arm/install/ros_arm_description/share/ros_arm_description//r6bot/meshes
-- Installing: /home/kevo/ros_ws/src/ros_arm/install/ros_arm_description/share/ros_arm_description//r6bot/meshes/collision
-- Installing: /home/kevo/ros_ws/src/ros_arm/install/ros_arm_description/share/ros_arm_description//r6bot/meshes/collision/link_3.stl
-- Installing: /home/kevo/ros_ws/src/ros_arm/install/ros_arm_description/share/ros_arm_description//r6bot/meshes/collision/link_1.stl
-- Installing: /home/kevo/ros_ws/src/ros_arm/install/ros_arm_description/share/ros_arm_description//r6bot/meshes/collision/link_0.stl
-- Installing: /home/kevo/ros_ws/src/ros_arm/install/ros_arm_description/share/ros_arm_description//r6bot/meshes/collision/link_5.stl
-- Installing: /home/kevo/ros_ws/src/ros_arm/install/ros_arm_description/share/ros_arm_description//r6bot/meshes/collision/link_4.stl
-- Installing: /home/kevo/ros_ws/src/ros_arm/install/ros_arm_description/share/ros_arm_description//r6bot/meshes/collision/link_6.stl
-- Installing: /home/kevo/ros_ws/src/ros_arm/install/ros_arm_description/share/ros_arm_description//r6bot/meshes/collision/link_2.stl
-- Installing: /home/kevo/ros_ws/src/ros_arm/install/ros_arm_description/share/ros_arm_description//r6bot/meshes/visual
-- Installing: /home/kevo/ros_ws/src/ros_arm/install/ros_arm_description/share/ros_arm_description//r6bot/meshes/visual/link_0.dae
-- Installing: /home/kevo/ros_ws/src/ros_arm/install/ros_arm_description/share/ros_arm_description//r6bot/meshes/visual/link_1.dae
-- Installing: /home/kevo/ros_ws/src/ros_arm/install/ros_arm_description/share/ros_arm_description//r6bot/meshes/visual/link_6.dae
-- Installing: /home/kevo/ros_ws/src/ros_arm/install/ros_arm_description/share/ros_arm_description//r6bot/meshes/visual/link_5.dae
-- Installing: /home/kevo/ros_ws/src/ros_arm/install/ros_arm_description/share/ros_arm_description//r6bot/meshes/visual/link_2.dae
-- Installing: /home/kevo/ros_ws/src/ros_arm/install/ros_arm_description/share/ros_arm_description//r6bot/meshes/visual/link_4.dae
-- Installing: /home/kevo/ros_ws/src/ros_arm/install/ros_arm_description/share/ros_arm_description//r6bot/meshes/visual/link_3.dae
-- Installing: /home/kevo/ros_ws/src/ros_arm/install/ros_arm_description/share/ros_arm_description//launch
-- Installing: /home/kevo/ros_ws/src/ros_arm/install/ros_arm_description/share/ros_arm_description//launch/display.launch.xml
-- Installing: /home/kevo/ros_ws/src/ros_arm/install/ros_arm_description/share/ros_arm_description//rviz
-- Installing: /home/kevo/ros_ws/src/ros_arm/install/ros_arm_description/share/ros_arm_description//rviz/my_rviz.rviz
-- Installing: /home/kevo/ros_ws/src/ros_arm/install/ros_arm_description/share/ament_index/resource_index/package_run_dependencies/ros_arm_description
-- Installing: /home/kevo/ros_ws/src/ros_arm/install/ros_arm_description/share/ament_index/resource_index/parent_prefix_path/ros_arm_description
-- Installing: /home/kevo/ros_ws/src/ros_arm/install/ros_arm_description/share/ros_arm_description/environment/ament_prefix_path.sh
-- Installing: /home/kevo/ros_ws/src/ros_arm/install/ros_arm_description/share/ros_arm_description/environment/ament_prefix_path.dsv
-- Installing: /home/kevo/ros_ws/src/ros_arm/install/ros_arm_description/share/ros_arm_description/environment/path.sh
-- Installing: /home/kevo/ros_ws/src/ros_arm/install/ros_arm_description/share/ros_arm_description/environment/path.dsv
-- Installing: /home/kevo/ros_ws/src/ros_arm/install/ros_arm_description/share/ros_arm_description/local_setup.bash
-- Installing: /home/kevo/ros_ws/src/ros_arm/install/ros_arm_description/share/ros_arm_description/local_setup.sh
-- Installing: /home/kevo/ros_ws/src/ros_arm/install/ros_arm_description/share/ros_arm_description/local_setup.zsh
-- Installing: /home/kevo/ros_ws/src/ros_arm/install/ros_arm_description/share/ros_arm_description/local_setup.dsv
-- Installing: /home/kevo/ros_ws/src/ros_arm/install/ros_arm_description/share/ros_arm_description/package.dsv
-- Installing: /home/kevo/ros_ws/src/ros_arm/install/ros_arm_description/share/ament_index/resource_index/packages/ros_arm_description
-- Installing: /home/kevo/ros_ws/src/ros_arm/install/ros_arm_description/share/ros_arm_description/cmake/ros_arm_descriptionConfig.cmake
-- Installing: /home/kevo/ros_ws/src/ros_arm/install/ros_arm_description/share/ros_arm_description/cmake/ros_arm_descriptionConfig-version.cmake
-- Installing: /home/kevo/ros_ws/src/ros_arm/install/ros_arm_description/share/ros_arm_description/package.xml
