[5.600s] Invoking command in '/home/kevo/ros_ws/src/ros_arm/build/ros_arm_description': CMAKE_PREFIX_PATH=${CMAKE_PREFIX_PATH}:/home/kevo/ws_moveit2/install/moveit_configs_utils:/home/kevo/ws_moveit2/install/launch_param_builder:/opt/ros/humble /usr/bin/cmake --build /home/kevo/ros_ws/src/ros_arm/build/ros_arm_description -- -j8 -l8
[5.843s] Invoked command in '/home/kevo/ros_ws/src/ros_arm/build/ros_arm_description' returned '0': CMAKE_PREFIX_PATH=${CMAKE_PREFIX_PATH}:/home/kevo/ws_moveit2/install/moveit_configs_utils:/home/kevo/ws_moveit2/install/launch_param_builder:/opt/ros/humble /usr/bin/cmake --build /home/kevo/ros_ws/src/ros_arm/build/ros_arm_description -- -j8 -l8
[6.001s] Invoking command in '/home/kevo/ros_ws/src/ros_arm/build/ros_arm_description': CMAKE_PREFIX_PATH=${CMAKE_PREFIX_PATH}:/home/kevo/ws_moveit2/install/moveit_configs_utils:/home/kevo/ws_moveit2/install/launch_param_builder:/opt/ros/humble /usr/bin/cmake --install /home/kevo/ros_ws/src/ros_arm/build/ros_arm_description
[6.033s] -- Install configuration: ""
[6.034s] -- Up-to-date: /home/kevo/ros_ws/src/ros_arm/install/ros_arm_description/share/ros_arm_description//urdf
[6.040s] -- Up-to-date: /home/kevo/ros_ws/src/ros_arm/install/ros_arm_description/share/ros_arm_description//urdf/r6bot_.urdf
[6.051s] -- Up-to-date: /home/kevo/ros_ws/src/ros_arm/install/ros_arm_description/share/ros_arm_description//urdf/r6bot_description.urdf.xacro
[6.054s] -- Up-to-date: /home/kevo/ros_ws/src/ros_arm/install/ros_arm_description/share/ros_arm_description//urdf/r6bot.urdf.xacro
[6.055s] -- Up-to-date: /home/kevo/ros_ws/src/ros_arm/install/ros_arm_description/share/ros_arm_description//urdf/inc
[6.055s] -- Up-to-date: /home/kevo/ros_ws/src/ros_arm/install/ros_arm_description/share/ros_arm_description//urdf/inc/create_link.xacro
[6.055s] -- Up-to-date: /home/kevo/ros_ws/src/ros_arm/install/ros_arm_description/share/ros_arm_description//urdf/ros2_control.xacro
[6.056s] -- Up-to-date: /home/kevo/ros_ws/src/ros_arm/install/ros_arm_description/share/ros_arm_description//r6bot
[6.072s] -- Up-to-date: /home/kevo/ros_ws/src/ros_arm/install/ros_arm_description/share/ros_arm_description//r6bot/meshes
[6.073s] -- Up-to-date: /home/kevo/ros_ws/src/ros_arm/install/ros_arm_description/share/ros_arm_description//r6bot/meshes/collision
[6.075s] -- Up-to-date: /home/kevo/ros_ws/src/ros_arm/install/ros_arm_description/share/ros_arm_description//r6bot/meshes/collision/link_3.stl
[6.076s] -- Up-to-date: /home/kevo/ros_ws/src/ros_arm/install/ros_arm_description/share/ros_arm_description//r6bot/meshes/collision/link_1.stl
[6.078s] -- Up-to-date: /home/kevo/ros_ws/src/ros_arm/install/ros_arm_description/share/ros_arm_description//r6bot/meshes/collision/link_0.stl
[6.081s] -- Up-to-date: /home/kevo/ros_ws/src/ros_arm/install/ros_arm_description/share/ros_arm_description//r6bot/meshes/collision/link_5.stl
[6.094s] -- Up-to-date: /home/kevo/ros_ws/src/ros_arm/install/ros_arm_description/share/ros_arm_description//r6bot/meshes/collision/link_4.stl
[6.095s] -- Up-to-date: /home/kevo/ros_ws/src/ros_arm/install/ros_arm_description/share/ros_arm_description//r6bot/meshes/collision/link_6.stl
[6.099s] -- Up-to-date: /home/kevo/ros_ws/src/ros_arm/install/ros_arm_description/share/ros_arm_description//r6bot/meshes/collision/link_2.stl
[6.100s] -- Up-to-date: /home/kevo/ros_ws/src/ros_arm/install/ros_arm_description/share/ros_arm_description//r6bot/meshes/visual
[6.100s] -- Up-to-date: /home/kevo/ros_ws/src/ros_arm/install/ros_arm_description/share/ros_arm_description//r6bot/meshes/visual/link_0.dae
[6.103s] -- Up-to-date: /home/kevo/ros_ws/src/ros_arm/install/ros_arm_description/share/ros_arm_description//r6bot/meshes/visual/link_1.dae
[6.104s] -- Up-to-date: /home/kevo/ros_ws/src/ros_arm/install/ros_arm_description/share/ros_arm_description//r6bot/meshes/visual/link_6.dae
[6.106s] -- Up-to-date: /home/kevo/ros_ws/src/ros_arm/install/ros_arm_description/share/ros_arm_description//r6bot/meshes/visual/link_5.dae
[6.108s] -- Up-to-date: /home/kevo/ros_ws/src/ros_arm/install/ros_arm_description/share/ros_arm_description//r6bot/meshes/visual/link_2.dae
[6.112s] -- Up-to-date: /home/kevo/ros_ws/src/ros_arm/install/ros_arm_description/share/ros_arm_description//r6bot/meshes/visual/link_4.dae
[6.113s] -- Up-to-date: /home/kevo/ros_ws/src/ros_arm/install/ros_arm_description/share/ros_arm_description//r6bot/meshes/visual/link_3.dae
[6.115s] -- Up-to-date: /home/kevo/ros_ws/src/ros_arm/install/ros_arm_description/share/ros_arm_description//launch
[6.116s] -- Up-to-date: /home/kevo/ros_ws/src/ros_arm/install/ros_arm_description/share/ros_arm_description//launch/display.launch.xml
[6.116s] -- Up-to-date: /home/kevo/ros_ws/src/ros_arm/install/ros_arm_description/share/ros_arm_description//rviz
[6.117s] -- Up-to-date: /home/kevo/ros_ws/src/ros_arm/install/ros_arm_description/share/ros_arm_description//rviz/my_rviz.rviz
[6.118s] -- Up-to-date: /home/kevo/ros_ws/src/ros_arm/install/ros_arm_description/share/ros_arm_description//config
[6.119s] -- Up-to-date: /home/kevo/ros_ws/src/ros_arm/install/ros_arm_description/share/ros_arm_description//config/rrbot_joint_trajectory_publisher.yaml
[6.119s] -- Up-to-date: /home/kevo/ros_ws/src/ros_arm/install/ros_arm_description/share/ros_arm_description//config/r6bot_controllers.yaml
[6.121s] -- Up-to-date: /home/kevo/ros_ws/src/ros_arm/install/ros_arm_description/share/ament_index/resource_index/package_run_dependencies/ros_arm_description
[6.126s] -- Up-to-date: /home/kevo/ros_ws/src/ros_arm/install/ros_arm_description/share/ament_index/resource_index/parent_prefix_path/ros_arm_description
[6.127s] -- Up-to-date: /home/kevo/ros_ws/src/ros_arm/install/ros_arm_description/share/ros_arm_description/environment/ament_prefix_path.sh
[6.127s] -- Up-to-date: /home/kevo/ros_ws/src/ros_arm/install/ros_arm_description/share/ros_arm_description/environment/ament_prefix_path.dsv
[6.129s] -- Up-to-date: /home/kevo/ros_ws/src/ros_arm/install/ros_arm_description/share/ros_arm_description/environment/path.sh
[6.129s] -- Up-to-date: /home/kevo/ros_ws/src/ros_arm/install/ros_arm_description/share/ros_arm_description/environment/path.dsv
[6.130s] -- Up-to-date: /home/kevo/ros_ws/src/ros_arm/install/ros_arm_description/share/ros_arm_description/local_setup.bash
[6.134s] -- Up-to-date: /home/kevo/ros_ws/src/ros_arm/install/ros_arm_description/share/ros_arm_description/local_setup.sh
[6.135s] -- Up-to-date: /home/kevo/ros_ws/src/ros_arm/install/ros_arm_description/share/ros_arm_description/local_setup.zsh
[6.138s] -- Up-to-date: /home/kevo/ros_ws/src/ros_arm/install/ros_arm_description/share/ros_arm_description/local_setup.dsv
[6.140s] -- Installing: /home/kevo/ros_ws/src/ros_arm/install/ros_arm_description/share/ros_arm_description/package.dsv
[6.141s] -- Up-to-date: /home/kevo/ros_ws/src/ros_arm/install/ros_arm_description/share/ament_index/resource_index/packages/ros_arm_description
[6.142s] -- Up-to-date: /home/kevo/ros_ws/src/ros_arm/install/ros_arm_description/share/ros_arm_description/cmake/ros_arm_descriptionConfig.cmake
[6.142s] -- Up-to-date: /home/kevo/ros_ws/src/ros_arm/install/ros_arm_description/share/ros_arm_description/cmake/ros_arm_descriptionConfig-version.cmake
[6.143s] -- Up-to-date: /home/kevo/ros_ws/src/ros_arm/install/ros_arm_description/share/ros_arm_description/package.xml
[6.158s] Invoked command in '/home/kevo/ros_ws/src/ros_arm/build/ros_arm_description' returned '0': CMAKE_PREFIX_PATH=${CMAKE_PREFIX_PATH}:/home/kevo/ws_moveit2/install/moveit_configs_utils:/home/kevo/ws_moveit2/install/launch_param_builder:/opt/ros/humble /usr/bin/cmake --install /home/kevo/ros_ws/src/ros_arm/build/ros_arm_description
