-- Found ament_cmake: 1.3.5 (/opt/ros/humble/share/ament_cmake/cmake)
-- Found rclcpp: 16.0.6 (/opt/ros/humble/share/rclcpp/cmake)
-- Found rosidl_generator_c: 3.1.5 (/opt/ros/humble/share/rosidl_generator_c/cmake)
-- Found rosidl_adapter: 3.1.5 (/opt/ros/humble/share/rosidl_adapter/cmake)
-- Found rosidl_generator_cpp: 3.1.5 (/opt/ros/humble/share/rosidl_generator_cpp/cmake)
-- Using all available rosidl_typesupport_c: rosidl_typesupport_fastrtps_c;rosidl_typesupport_introspection_c
-- Using all available rosidl_typesupport_cpp: rosidl_typesupport_fastrtps_cpp;rosidl_typesupport_introspection_cpp
-- Found rmw_implementation_cmake: 6.1.1 (/opt/ros/humble/share/rmw_implementation_cmake/cmake)
-- Found rmw_cyclonedds_cpp: 1.3.4 (/opt/ros/humble/share/rmw_cyclonedds_cpp/cmake)
-- Using RMW implementation 'rmw_cyclonedds_cpp' as default
-- Found kdl_parser: 2.6.4 (/opt/ros/humble/share/kdl_parser/cmake)
-- Found eigen3_cmake_module: 0.1.1 (/opt/ros/humble/share/eigen3_cmake_module/cmake)
-- Ensuring Eigen3 include directory is part of orocos-kdl CMake target
-- Found urdf: 2.6.0 (/opt/ros/humble/share/urdf/cmake)
-- Found ros_arm_description: 0.0.0 (/home/kevo/ros_ws/src/ros_arm/install/ros_arm_description/share/ros_arm_description/cmake)
-- Found geometry_msgs: 4.2.3 (/opt/ros/humble/share/geometry_msgs/cmake)
-- Configuring done
-- Generating done
-- Build files have been written to: /home/kevo/ros_ws/src/ros_arm/build/ros_arm_kdl
[35m[1mConsolidate compiler generated dependencies of target ros_arm_kdl[0m
[ 25%] [32mBuilding CXX object CMakeFiles/geometry_publisher.dir/src/geometry_pont_publisher.cpp.o[0m
[ 75%] Built target ros_arm_kdl
[100%] [32m[1mLinking CXX executable geometry_publisher[0m
[100%] Built target geometry_publisher
-- Install configuration: ""
-- Up-to-date: /home/kevo/ros_ws/src/ros_arm/install/ros_arm_kdl/lib/ros_arm_kdl/ros_arm_kdl
-- Installing: /home/kevo/ros_ws/src/ros_arm/install/ros_arm_kdl/lib/ros_arm_kdl/geometry_publisher
-- Set runtime path of "/home/kevo/ros_ws/src/ros_arm/install/ros_arm_kdl/lib/ros_arm_kdl/geometry_publisher" to ""
-- Up-to-date: /home/kevo/ros_ws/src/ros_arm/install/ros_arm_kdl/share/ament_index/resource_index/package_run_dependencies/ros_arm_kdl
-- Up-to-date: /home/kevo/ros_ws/src/ros_arm/install/ros_arm_kdl/share/ament_index/resource_index/parent_prefix_path/ros_arm_kdl
-- Up-to-date: /home/kevo/ros_ws/src/ros_arm/install/ros_arm_kdl/share/ros_arm_kdl/environment/ament_prefix_path.sh
-- Installing: /home/kevo/ros_ws/src/ros_arm/install/ros_arm_kdl/share/ros_arm_kdl/environment/ament_prefix_path.dsv
-- Up-to-date: /home/kevo/ros_ws/src/ros_arm/install/ros_arm_kdl/share/ros_arm_kdl/environment/path.sh
-- Installing: /home/kevo/ros_ws/src/ros_arm/install/ros_arm_kdl/share/ros_arm_kdl/environment/path.dsv
-- Up-to-date: /home/kevo/ros_ws/src/ros_arm/install/ros_arm_kdl/share/ros_arm_kdl/local_setup.bash
-- Up-to-date: /home/kevo/ros_ws/src/ros_arm/install/ros_arm_kdl/share/ros_arm_kdl/local_setup.sh
-- Up-to-date: /home/kevo/ros_ws/src/ros_arm/install/ros_arm_kdl/share/ros_arm_kdl/local_setup.zsh
-- Installing: /home/kevo/ros_ws/src/ros_arm/install/ros_arm_kdl/share/ros_arm_kdl/local_setup.dsv
-- Installing: /home/kevo/ros_ws/src/ros_arm/install/ros_arm_kdl/share/ros_arm_kdl/package.dsv
-- Up-to-date: /home/kevo/ros_ws/src/ros_arm/install/ros_arm_kdl/share/ament_index/resource_index/packages/ros_arm_kdl
-- Up-to-date: /home/kevo/ros_ws/src/ros_arm/install/ros_arm_kdl/share/ros_arm_kdl/cmake/ros_arm_kdlConfig.cmake
-- Up-to-date: /home/kevo/ros_ws/src/ros_arm/install/ros_arm_kdl/share/ros_arm_kdl/cmake/ros_arm_kdlConfig-version.cmake
-- Up-to-date: /home/kevo/ros_ws/src/ros_arm/install/ros_arm_kdl/share/ros_arm_kdl/package.xml
