[7.015s] DEBUG:colcon:Command line arguments: ['/usr/bin/colcon', 'build']
[7.016s] DEBUG:colcon:Parsed command line arguments: Namespace(log_base=None, log_level=None, verb_name='build', build_base='build', install_base='install', merge_install=False, symlink_install=False, test_result_base=None, continue_on_error=False, executor='parallel', parallel_workers=8, event_handlers=None, ignore_user_meta=False, metas=['./colcon.meta'], base_paths=['.'], packages_ignore=None, packages_ignore_regex=None, paths=None, packages_up_to=None, packages_up_to_regex=None, packages_above=None, packages_above_and_dependencies=None, packages_above_depth=None, packages_select_by_dep=None, packages_skip_by_dep=None, packages_skip_up_to=None, packages_select_build_failed=False, packages_skip_build_finished=False, packages_select_test_failures=False, packages_skip_test_passed=False, packages_select=None, packages_skip=None, packages_select_regex=None, packages_skip_regex=None, packages_start=None, packages_end=None, allow_overriding=[], cmake_args=None, cmake_target=None, cmake_target_skip_unavailable=False, cmake_clean_cache=False, cmake_clean_first=False, cmake_force_configure=False, ament_cmake_args=None, catkin_cmake_args=None, catkin_skip_building_tests=False, mixin_files=None, mixin=None, verb_parser=<colcon_mixin.mixin.mixin_argument.MixinArgumentDecorator object at 0x7fe1563c4640>, verb_extension=<colcon_core.verb.build.BuildVerb object at 0x7fe15683ded0>, main=<bound method BuildVerb.main of <colcon_core.verb.build.BuildVerb object at 0x7fe15683ded0>>, mixin_verb=('build',))
[7.215s] Level 1:colcon.colcon_core.package_discovery:discover_packages(colcon_meta) check parameters
[7.218s] Level 1:colcon.colcon_core.package_discovery:discover_packages(recursive) check parameters
[7.219s] Level 1:colcon.colcon_core.package_discovery:discover_packages(ignore) check parameters
[7.219s] Level 1:colcon.colcon_core.package_discovery:discover_packages(path) check parameters
[7.219s] Level 1:colcon.colcon_core.package_discovery:discover_packages(colcon_meta) discover
[7.219s] Level 1:colcon.colcon_core.package_discovery:discover_packages(recursive) discover
[7.220s] INFO:colcon.colcon_core.package_discovery:Crawling recursively for packages in '/home/kevo/ros_ws/src/ros_arm'
[7.220s] Level 1:colcon.colcon_core.package_identification:_identify(.) by extensions ['ignore', 'ignore_ament_install']
[7.220s] Level 1:colcon.colcon_core.package_identification:_identify(.) by extension 'ignore'
[7.220s] Level 1:colcon.colcon_core.package_identification:_identify(.) by extension 'ignore_ament_install'
[7.221s] Level 1:colcon.colcon_core.package_identification:_identify(.) by extensions ['colcon_pkg']
[7.221s] Level 1:colcon.colcon_core.package_identification:_identify(.) by extension 'colcon_pkg'
[7.221s] Level 1:colcon.colcon_core.package_identification:_identify(.) by extensions ['colcon_meta']
[7.221s] Level 1:colcon.colcon_core.package_identification:_identify(.) by extension 'colcon_meta'
[7.221s] Level 1:colcon.colcon_core.package_identification:_identify(.) by extensions ['ros']
[7.221s] Level 1:colcon.colcon_core.package_identification:_identify(.) by extension 'ros'
[7.261s] Level 1:colcon.colcon_core.package_identification:_identify(.) by extensions ['cmake', 'python']
[7.261s] Level 1:colcon.colcon_core.package_identification:_identify(.) by extension 'cmake'
[7.261s] Level 1:colcon.colcon_core.package_identification:_identify(.) by extension 'python'
[7.261s] Level 1:colcon.colcon_core.package_identification:_identify(.) by extensions ['python_setup_py']
[7.261s] Level 1:colcon.colcon_core.package_identification:_identify(.) by extension 'python_setup_py'
[7.262s] Level 1:colcon.colcon_core.package_identification:_identify(build) by extensions ['ignore', 'ignore_ament_install']
[7.262s] Level 1:colcon.colcon_core.package_identification:_identify(build) by extension 'ignore'
[7.262s] Level 1:colcon.colcon_core.package_identification:_identify(build) ignored
[7.262s] Level 1:colcon.colcon_core.package_identification:_identify(install) by extensions ['ignore', 'ignore_ament_install']
[7.263s] Level 1:colcon.colcon_core.package_identification:_identify(install) by extension 'ignore'
[7.263s] Level 1:colcon.colcon_core.package_identification:_identify(install) ignored
[7.264s] Level 1:colcon.colcon_core.package_identification:_identify(log) by extensions ['ignore', 'ignore_ament_install']
[7.264s] Level 1:colcon.colcon_core.package_identification:_identify(log) by extension 'ignore'
[7.265s] Level 1:colcon.colcon_core.package_identification:_identify(log) ignored
[7.265s] Level 1:colcon.colcon_core.package_identification:_identify(src) by extensions ['ignore', 'ignore_ament_install']
[7.266s] Level 1:colcon.colcon_core.package_identification:_identify(src) by extension 'ignore'
[7.266s] Level 1:colcon.colcon_core.package_identification:_identify(src) by extension 'ignore_ament_install'
[7.266s] Level 1:colcon.colcon_core.package_identification:_identify(src) by extensions ['colcon_pkg']
[7.266s] Level 1:colcon.colcon_core.package_identification:_identify(src) by extension 'colcon_pkg'
[7.266s] Level 1:colcon.colcon_core.package_identification:_identify(src) by extensions ['colcon_meta']
[7.266s] Level 1:colcon.colcon_core.package_identification:_identify(src) by extension 'colcon_meta'
[7.266s] Level 1:colcon.colcon_core.package_identification:_identify(src) by extensions ['ros']
[7.266s] Level 1:colcon.colcon_core.package_identification:_identify(src) by extension 'ros'
[7.267s] Level 1:colcon.colcon_core.package_identification:_identify(src) by extensions ['cmake', 'python']
[7.267s] Level 1:colcon.colcon_core.package_identification:_identify(src) by extension 'cmake'
[7.267s] Level 1:colcon.colcon_core.package_identification:_identify(src) by extension 'python'
[7.267s] Level 1:colcon.colcon_core.package_identification:_identify(src) by extensions ['python_setup_py']
[7.267s] Level 1:colcon.colcon_core.package_identification:_identify(src) by extension 'python_setup_py'
[7.267s] Level 1:colcon.colcon_core.package_identification:_identify(src/hello_moveit) by extensions ['ignore', 'ignore_ament_install']
[7.268s] Level 1:colcon.colcon_core.package_identification:_identify(src/hello_moveit) by extension 'ignore'
[7.268s] Level 1:colcon.colcon_core.package_identification:_identify(src/hello_moveit) by extension 'ignore_ament_install'
[7.268s] Level 1:colcon.colcon_core.package_identification:_identify(src/hello_moveit) by extensions ['colcon_pkg']
[7.268s] Level 1:colcon.colcon_core.package_identification:_identify(src/hello_moveit) by extension 'colcon_pkg'
[7.268s] Level 1:colcon.colcon_core.package_identification:_identify(src/hello_moveit) by extensions ['colcon_meta']
[7.268s] Level 1:colcon.colcon_core.package_identification:_identify(src/hello_moveit) by extension 'colcon_meta'
[7.268s] Level 1:colcon.colcon_core.package_identification:_identify(src/hello_moveit) by extensions ['ros']
[7.268s] Level 1:colcon.colcon_core.package_identification:_identify(src/hello_moveit) by extension 'ros'
[7.274s] DEBUG:colcon.colcon_core.package_identification:Package 'src/hello_moveit' with type 'ros.ament_cmake' and name 'hello_moveit'
[7.275s] Level 1:colcon.colcon_core.package_identification:_identify(src/ros_arm_bringup) by extensions ['ignore', 'ignore_ament_install']
[7.275s] Level 1:colcon.colcon_core.package_identification:_identify(src/ros_arm_bringup) by extension 'ignore'
[7.275s] Level 1:colcon.colcon_core.package_identification:_identify(src/ros_arm_bringup) by extension 'ignore_ament_install'
[7.275s] Level 1:colcon.colcon_core.package_identification:_identify(src/ros_arm_bringup) by extensions ['colcon_pkg']
[7.276s] Level 1:colcon.colcon_core.package_identification:_identify(src/ros_arm_bringup) by extension 'colcon_pkg'
[7.276s] Level 1:colcon.colcon_core.package_identification:_identify(src/ros_arm_bringup) by extensions ['colcon_meta']
[7.276s] Level 1:colcon.colcon_core.package_identification:_identify(src/ros_arm_bringup) by extension 'colcon_meta'
[7.276s] Level 1:colcon.colcon_core.package_identification:_identify(src/ros_arm_bringup) by extensions ['ros']
[7.276s] Level 1:colcon.colcon_core.package_identification:_identify(src/ros_arm_bringup) by extension 'ros'
[7.278s] DEBUG:colcon.colcon_core.package_identification:Package 'src/ros_arm_bringup' with type 'ros.ament_cmake' and name 'ros_arm_bringup'
[7.279s] Level 1:colcon.colcon_core.package_identification:_identify(src/ros_arm_description) by extensions ['ignore', 'ignore_ament_install']
[7.280s] Level 1:colcon.colcon_core.package_identification:_identify(src/ros_arm_description) by extension 'ignore'
[7.280s] Level 1:colcon.colcon_core.package_identification:_identify(src/ros_arm_description) by extension 'ignore_ament_install'
[7.281s] Level 1:colcon.colcon_core.package_identification:_identify(src/ros_arm_description) by extensions ['colcon_pkg']
[7.281s] Level 1:colcon.colcon_core.package_identification:_identify(src/ros_arm_description) by extension 'colcon_pkg'
[7.282s] Level 1:colcon.colcon_core.package_identification:_identify(src/ros_arm_description) by extensions ['colcon_meta']
[7.282s] Level 1:colcon.colcon_core.package_identification:_identify(src/ros_arm_description) by extension 'colcon_meta'
[7.283s] Level 1:colcon.colcon_core.package_identification:_identify(src/ros_arm_description) by extensions ['ros']
[7.283s] Level 1:colcon.colcon_core.package_identification:_identify(src/ros_arm_description) by extension 'ros'
[7.287s] DEBUG:colcon.colcon_core.package_identification:Package 'src/ros_arm_description' with type 'ros.ament_cmake' and name 'ros_arm_description'
[7.287s] Level 1:colcon.colcon_core.package_identification:_identify(src/ros_arm_moveit_config) by extensions ['ignore', 'ignore_ament_install']
[7.288s] Level 1:colcon.colcon_core.package_identification:_identify(src/ros_arm_moveit_config) by extension 'ignore'
[7.288s] Level 1:colcon.colcon_core.package_identification:_identify(src/ros_arm_moveit_config) by extension 'ignore_ament_install'
[7.289s] Level 1:colcon.colcon_core.package_identification:_identify(src/ros_arm_moveit_config) by extensions ['colcon_pkg']
[7.289s] Level 1:colcon.colcon_core.package_identification:_identify(src/ros_arm_moveit_config) by extension 'colcon_pkg'
[7.289s] Level 1:colcon.colcon_core.package_identification:_identify(src/ros_arm_moveit_config) by extensions ['colcon_meta']
[7.289s] Level 1:colcon.colcon_core.package_identification:_identify(src/ros_arm_moveit_config) by extension 'colcon_meta'
[7.289s] Level 1:colcon.colcon_core.package_identification:_identify(src/ros_arm_moveit_config) by extensions ['ros']
[7.289s] Level 1:colcon.colcon_core.package_identification:_identify(src/ros_arm_moveit_config) by extension 'ros'
[7.291s] DEBUG:colcon.colcon_core.package_identification:Package 'src/ros_arm_moveit_config' with type 'ros.ament_cmake' and name 'ros_arm_moveit_config'
[7.292s] Level 1:colcon.colcon_core.package_discovery:discover_packages(recursive) using defaults
[7.293s] Level 1:colcon.colcon_core.package_discovery:discover_packages(ignore) discover
[7.293s] Level 1:colcon.colcon_core.package_discovery:discover_packages(ignore) using defaults
[7.293s] Level 1:colcon.colcon_core.package_discovery:discover_packages(path) discover
[7.293s] Level 1:colcon.colcon_core.package_discovery:discover_packages(path) using defaults
[7.711s] Level 1:colcon.colcon_core.package_discovery:discover_packages(prefix_path) check parameters
[7.711s] Level 1:colcon.colcon_core.package_discovery:discover_packages(prefix_path) discover
[7.940s] DEBUG:colcon.colcon_installed_package_information.package_discovery:Found 4 installed packages in /home/kevo/ros_ws/src/ros_arm/install
[7.994s] DEBUG:colcon.colcon_installed_package_information.package_discovery:Found 10 installed packages in /home/kevo/ros2_ws/install
[8.071s] DEBUG:colcon.colcon_installed_package_information.package_discovery:Found 57 installed packages in /home/kevo/ws_moveit2/install
[8.133s] DEBUG:colcon.colcon_installed_package_information.package_discovery:Found 7 installed packages in /home/kevo/ros_ws/src/ai_based_sorting_robot_arm/install
[8.180s] DEBUG:colcon.colcon_installed_package_information.package_discovery:Found 373 installed packages in /opt/ros/humble
[8.190s] Level 1:colcon.colcon_core.package_discovery:discover_packages(prefix_path) using defaults
[8.715s] Level 5:colcon.colcon_core.verb:set package 'hello_moveit' build argument 'cmake_args' from command line to 'None'
[8.716s] Level 5:colcon.colcon_core.verb:set package 'hello_moveit' build argument 'cmake_target' from command line to 'None'
[8.716s] Level 5:colcon.colcon_core.verb:set package 'hello_moveit' build argument 'cmake_target_skip_unavailable' from command line to 'False'
[8.716s] Level 5:colcon.colcon_core.verb:set package 'hello_moveit' build argument 'cmake_clean_cache' from command line to 'False'
[8.716s] Level 5:colcon.colcon_core.verb:set package 'hello_moveit' build argument 'cmake_clean_first' from command line to 'False'
[8.716s] Level 5:colcon.colcon_core.verb:set package 'hello_moveit' build argument 'cmake_force_configure' from command line to 'False'
[8.716s] Level 5:colcon.colcon_core.verb:set package 'hello_moveit' build argument 'ament_cmake_args' from command line to 'None'
[8.716s] Level 5:colcon.colcon_core.verb:set package 'hello_moveit' build argument 'catkin_cmake_args' from command line to 'None'
[8.716s] Level 5:colcon.colcon_core.verb:set package 'hello_moveit' build argument 'catkin_skip_building_tests' from command line to 'False'
[8.716s] DEBUG:colcon.colcon_core.verb:Building package 'hello_moveit' with the following arguments: {'ament_cmake_args': None, 'build_base': '/home/kevo/ros_ws/src/ros_arm/build/hello_moveit', 'catkin_cmake_args': None, 'catkin_skip_building_tests': False, 'cmake_args': None, 'cmake_clean_cache': False, 'cmake_clean_first': False, 'cmake_force_configure': False, 'cmake_target': None, 'cmake_target_skip_unavailable': False, 'install_base': '/home/kevo/ros_ws/src/ros_arm/install/hello_moveit', 'merge_install': False, 'path': '/home/kevo/ros_ws/src/ros_arm/src/hello_moveit', 'symlink_install': False, 'test_result_base': None}
[8.807s] Level 5:colcon.colcon_core.verb:set package 'ros_arm_description' build argument 'cmake_args' from command line to 'None'
[8.807s] Level 5:colcon.colcon_core.verb:set package 'ros_arm_description' build argument 'cmake_target' from command line to 'None'
[8.808s] Level 5:colcon.colcon_core.verb:set package 'ros_arm_description' build argument 'cmake_target_skip_unavailable' from command line to 'False'
[8.808s] Level 5:colcon.colcon_core.verb:set package 'ros_arm_description' build argument 'cmake_clean_cache' from command line to 'False'
[8.808s] Level 5:colcon.colcon_core.verb:set package 'ros_arm_description' build argument 'cmake_clean_first' from command line to 'False'
[8.808s] Level 5:colcon.colcon_core.verb:set package 'ros_arm_description' build argument 'cmake_force_configure' from command line to 'False'
[8.808s] Level 5:colcon.colcon_core.verb:set package 'ros_arm_description' build argument 'ament_cmake_args' from command line to 'None'
[8.808s] Level 5:colcon.colcon_core.verb:set package 'ros_arm_description' build argument 'catkin_cmake_args' from command line to 'None'
[8.808s] Level 5:colcon.colcon_core.verb:set package 'ros_arm_description' build argument 'catkin_skip_building_tests' from command line to 'False'
[8.808s] DEBUG:colcon.colcon_core.verb:Building package 'ros_arm_description' with the following arguments: {'ament_cmake_args': None, 'build_base': '/home/kevo/ros_ws/src/ros_arm/build/ros_arm_description', 'catkin_cmake_args': None, 'catkin_skip_building_tests': False, 'cmake_args': None, 'cmake_clean_cache': False, 'cmake_clean_first': False, 'cmake_force_configure': False, 'cmake_target': None, 'cmake_target_skip_unavailable': False, 'install_base': '/home/kevo/ros_ws/src/ros_arm/install/ros_arm_description', 'merge_install': False, 'path': '/home/kevo/ros_ws/src/ros_arm/src/ros_arm_description', 'symlink_install': False, 'test_result_base': None}
[8.873s] Level 5:colcon.colcon_core.verb:set package 'ros_arm_bringup' build argument 'cmake_args' from command line to 'None'
[8.873s] Level 5:colcon.colcon_core.verb:set package 'ros_arm_bringup' build argument 'cmake_target' from command line to 'None'
[8.874s] Level 5:colcon.colcon_core.verb:set package 'ros_arm_bringup' build argument 'cmake_target_skip_unavailable' from command line to 'False'
[8.874s] Level 5:colcon.colcon_core.verb:set package 'ros_arm_bringup' build argument 'cmake_clean_cache' from command line to 'False'
[8.874s] Level 5:colcon.colcon_core.verb:set package 'ros_arm_bringup' build argument 'cmake_clean_first' from command line to 'False'
[8.874s] Level 5:colcon.colcon_core.verb:set package 'ros_arm_bringup' build argument 'cmake_force_configure' from command line to 'False'
[8.875s] Level 5:colcon.colcon_core.verb:set package 'ros_arm_bringup' build argument 'ament_cmake_args' from command line to 'None'
[8.875s] Level 5:colcon.colcon_core.verb:set package 'ros_arm_bringup' build argument 'catkin_cmake_args' from command line to 'None'
[8.875s] Level 5:colcon.colcon_core.verb:set package 'ros_arm_bringup' build argument 'catkin_skip_building_tests' from command line to 'False'
[8.876s] DEBUG:colcon.colcon_core.verb:Building package 'ros_arm_bringup' with the following arguments: {'ament_cmake_args': None, 'build_base': '/home/kevo/ros_ws/src/ros_arm/build/ros_arm_bringup', 'catkin_cmake_args': None, 'catkin_skip_building_tests': False, 'cmake_args': None, 'cmake_clean_cache': False, 'cmake_clean_first': False, 'cmake_force_configure': False, 'cmake_target': None, 'cmake_target_skip_unavailable': False, 'install_base': '/home/kevo/ros_ws/src/ros_arm/install/ros_arm_bringup', 'merge_install': False, 'path': '/home/kevo/ros_ws/src/ros_arm/src/ros_arm_bringup', 'symlink_install': False, 'test_result_base': None}
[8.965s] Level 5:colcon.colcon_core.verb:set package 'ros_arm_moveit_config' build argument 'cmake_args' from command line to 'None'
[8.965s] Level 5:colcon.colcon_core.verb:set package 'ros_arm_moveit_config' build argument 'cmake_target' from command line to 'None'
[8.965s] Level 5:colcon.colcon_core.verb:set package 'ros_arm_moveit_config' build argument 'cmake_target_skip_unavailable' from command line to 'False'
[8.965s] Level 5:colcon.colcon_core.verb:set package 'ros_arm_moveit_config' build argument 'cmake_clean_cache' from command line to 'False'
[8.965s] Level 5:colcon.colcon_core.verb:set package 'ros_arm_moveit_config' build argument 'cmake_clean_first' from command line to 'False'
[8.965s] Level 5:colcon.colcon_core.verb:set package 'ros_arm_moveit_config' build argument 'cmake_force_configure' from command line to 'False'
[8.965s] Level 5:colcon.colcon_core.verb:set package 'ros_arm_moveit_config' build argument 'ament_cmake_args' from command line to 'None'
[8.965s] Level 5:colcon.colcon_core.verb:set package 'ros_arm_moveit_config' build argument 'catkin_cmake_args' from command line to 'None'
[8.966s] Level 5:colcon.colcon_core.verb:set package 'ros_arm_moveit_config' build argument 'catkin_skip_building_tests' from command line to 'False'
[8.966s] DEBUG:colcon.colcon_core.verb:Building package 'ros_arm_moveit_config' with the following arguments: {'ament_cmake_args': None, 'build_base': '/home/kevo/ros_ws/src/ros_arm/build/ros_arm_moveit_config', 'catkin_cmake_args': None, 'catkin_skip_building_tests': False, 'cmake_args': None, 'cmake_clean_cache': False, 'cmake_clean_first': False, 'cmake_force_configure': False, 'cmake_target': None, 'cmake_target_skip_unavailable': False, 'install_base': '/home/kevo/ros_ws/src/ros_arm/install/ros_arm_moveit_config', 'merge_install': False, 'path': '/home/kevo/ros_ws/src/ros_arm/src/ros_arm_moveit_config', 'symlink_install': False, 'test_result_base': None}
[9.073s] INFO:colcon.colcon_core.executor:Executing jobs using 'parallel' executor
[9.174s] DEBUG:colcon.colcon_parallel_executor.executor.parallel:run_until_complete
[9.177s] INFO:colcon.colcon_ros.task.ament_cmake.build:Building ROS package in '/home/kevo/ros_ws/src/ros_arm/src/ros_arm_description' with build type 'ament_cmake'
[9.182s] INFO:colcon.colcon_cmake.task.cmake.build:Building CMake package in '/home/kevo/ros_ws/src/ros_arm/src/ros_arm_description'
[9.308s] INFO:colcon.colcon_core.plugin_system:Skipping extension 'colcon_core.shell.bat': Not used on non-Windows systems
[9.311s] INFO:colcon.colcon_core.shell:Skip shell extension 'powershell' for command environment: Not usable outside of PowerShell
[9.312s] DEBUG:colcon.colcon_core.shell:Skip shell extension 'dsv' for command environment
[10.207s] INFO:colcon.colcon_ros.task.ament_cmake.build:Building ROS package in '/home/kevo/ros_ws/src/ros_arm/src/hello_moveit' with build type 'ament_cmake'
[10.216s] INFO:colcon.colcon_cmake.task.cmake.build:Building CMake package in '/home/kevo/ros_ws/src/ros_arm/src/hello_moveit'
[10.411s] INFO:colcon.colcon_core.shell:Skip shell extension 'powershell' for command environment: Not usable outside of PowerShell
[10.412s] DEBUG:colcon.colcon_core.shell:Skip shell extension 'dsv' for command environment
[11.200s] DEBUG:colcon.colcon_core.event_handler.log_command:Invoking command in '/home/kevo/ros_ws/src/ros_arm/build/ros_arm_description': CMAKE_PREFIX_PATH=${CMAKE_PREFIX_PATH}:/home/kevo/ros_ws/src/ai_based_sorting_robot_arm/install/robotic_arm_custom_nodes:/home/kevo/ws_moveit2/install/moveit_configs_utils:/home/kevo/ws_moveit2/install/launch_param_builder:/opt/ros/humble /usr/bin/cmake --build /home/kevo/ros_ws/src/ros_arm/build/ros_arm_description -- -j8 -l8
[11.230s] DEBUG:colcon.colcon_core.event_handler.log_command:Invoking command in '/home/kevo/ros_ws/src/ros_arm/build/hello_moveit': CMAKE_PREFIX_PATH=${CMAKE_PREFIX_PATH}:/home/kevo/ros_ws/src/ai_based_sorting_robot_arm/install/robotic_arm_custom_nodes:/home/kevo/ws_moveit2/install/moveit_configs_utils:/home/kevo/ws_moveit2/install/launch_param_builder:/opt/ros/humble /usr/bin/cmake --build /home/kevo/ros_ws/src/ros_arm/build/hello_moveit -- -j8 -l8
[11.472s] DEBUG:colcon.colcon_core.event_handler.log_command:Invoked command in '/home/kevo/ros_ws/src/ros_arm/build/ros_arm_description' returned '0': CMAKE_PREFIX_PATH=${CMAKE_PREFIX_PATH}:/home/kevo/ros_ws/src/ai_based_sorting_robot_arm/install/robotic_arm_custom_nodes:/home/kevo/ws_moveit2/install/moveit_configs_utils:/home/kevo/ws_moveit2/install/launch_param_builder:/opt/ros/humble /usr/bin/cmake --build /home/kevo/ros_ws/src/ros_arm/build/ros_arm_description -- -j8 -l8
[11.723s] DEBUG:colcon.colcon_core.event_handler.log_command:Invoking command in '/home/kevo/ros_ws/src/ros_arm/build/ros_arm_description': CMAKE_PREFIX_PATH=${CMAKE_PREFIX_PATH}:/home/kevo/ros_ws/src/ai_based_sorting_robot_arm/install/robotic_arm_custom_nodes:/home/kevo/ws_moveit2/install/moveit_configs_utils:/home/kevo/ws_moveit2/install/launch_param_builder:/opt/ros/humble /usr/bin/cmake --install /home/kevo/ros_ws/src/ros_arm/build/ros_arm_description
[11.818s] Level 1:colcon.colcon_core.environment:create_environment_scripts_only(ros_arm_description)
[11.947s] DEBUG:colcon.colcon_core.event_handler.log_command:Invoked command in '/home/kevo/ros_ws/src/ros_arm/build/ros_arm_description' returned '0': CMAKE_PREFIX_PATH=${CMAKE_PREFIX_PATH}:/home/kevo/ros_ws/src/ai_based_sorting_robot_arm/install/robotic_arm_custom_nodes:/home/kevo/ws_moveit2/install/moveit_configs_utils:/home/kevo/ws_moveit2/install/launch_param_builder:/opt/ros/humble /usr/bin/cmake --install /home/kevo/ros_ws/src/ros_arm/build/ros_arm_description
[12.098s] Level 1:colcon.colcon_core.environment:checking '/home/kevo/ros_ws/src/ros_arm/install/ros_arm_description' for CMake module files
[12.109s] Level 1:colcon.colcon_core.environment:checking '/home/kevo/ros_ws/src/ros_arm/install/ros_arm_description' for CMake config files
[12.110s] Level 1:colcon.colcon_core.shell:create_environment_hook('ros_arm_description', 'cmake_prefix_path')
[12.308s] INFO:colcon.colcon_core.shell:Creating environment hook '/home/kevo/ros_ws/src/ros_arm/install/ros_arm_description/share/ros_arm_description/hook/cmake_prefix_path.ps1'
[12.317s] INFO:colcon.colcon_core.shell:Creating environment descriptor '/home/kevo/ros_ws/src/ros_arm/install/ros_arm_description/share/ros_arm_description/hook/cmake_prefix_path.dsv'
[12.323s] INFO:colcon.colcon_core.shell:Creating environment hook '/home/kevo/ros_ws/src/ros_arm/install/ros_arm_description/share/ros_arm_description/hook/cmake_prefix_path.sh'
[12.326s] Level 1:colcon.colcon_core.environment:checking '/home/kevo/ros_ws/src/ros_arm/install/ros_arm_description/bin'
[12.327s] Level 1:colcon.colcon_core.environment:checking '/home/kevo/ros_ws/src/ros_arm/install/ros_arm_description/lib/pkgconfig/ros_arm_description.pc'
[12.328s] Level 1:colcon.colcon_core.environment:checking '/home/kevo/ros_ws/src/ros_arm/install/ros_arm_description/lib/python3.10/site-packages'
[12.333s] Level 1:colcon.colcon_core.environment:checking '/home/kevo/ros_ws/src/ros_arm/install/ros_arm_description/bin'
[12.540s] INFO:colcon.colcon_core.shell:Creating package script '/home/kevo/ros_ws/src/ros_arm/install/ros_arm_description/share/ros_arm_description/package.ps1'
[12.544s] INFO:colcon.colcon_core.shell:Creating package descriptor '/home/kevo/ros_ws/src/ros_arm/install/ros_arm_description/share/ros_arm_description/package.dsv'
[12.554s] INFO:colcon.colcon_core.shell:Creating package script '/home/kevo/ros_ws/src/ros_arm/install/ros_arm_description/share/ros_arm_description/package.sh'
[12.558s] INFO:colcon.colcon_core.shell:Creating package script '/home/kevo/ros_ws/src/ros_arm/install/ros_arm_description/share/ros_arm_description/package.bash'
[12.561s] INFO:colcon.colcon_core.shell:Creating package script '/home/kevo/ros_ws/src/ros_arm/install/ros_arm_description/share/ros_arm_description/package.zsh'
[12.575s] Level 1:colcon.colcon_core.environment:create_file_with_runtime_dependencies(/home/kevo/ros_ws/src/ros_arm/install/ros_arm_description/share/colcon-core/packages/ros_arm_description)
[13.026s] Level 1:colcon.colcon_core.environment:create_environment_scripts_only(ros_arm_description)
[13.276s] Level 1:colcon.colcon_core.environment:checking '/home/kevo/ros_ws/src/ros_arm/install/ros_arm_description' for CMake module files
[13.282s] Level 1:colcon.colcon_core.environment:checking '/home/kevo/ros_ws/src/ros_arm/install/ros_arm_description' for CMake config files
[13.283s] Level 1:colcon.colcon_core.shell:create_environment_hook('ros_arm_description', 'cmake_prefix_path')
[13.660s] INFO:colcon.colcon_core.shell:Creating environment hook '/home/kevo/ros_ws/src/ros_arm/install/ros_arm_description/share/ros_arm_description/hook/cmake_prefix_path.ps1'
[13.664s] INFO:colcon.colcon_core.shell:Creating environment descriptor '/home/kevo/ros_ws/src/ros_arm/install/ros_arm_description/share/ros_arm_description/hook/cmake_prefix_path.dsv'
[13.666s] INFO:colcon.colcon_core.shell:Creating environment hook '/home/kevo/ros_ws/src/ros_arm/install/ros_arm_description/share/ros_arm_description/hook/cmake_prefix_path.sh'
[13.668s] Level 1:colcon.colcon_core.environment:checking '/home/kevo/ros_ws/src/ros_arm/install/ros_arm_description/bin'
[13.668s] Level 1:colcon.colcon_core.environment:checking '/home/kevo/ros_ws/src/ros_arm/install/ros_arm_description/lib/pkgconfig/ros_arm_description.pc'
[13.669s] Level 1:colcon.colcon_core.environment:checking '/home/kevo/ros_ws/src/ros_arm/install/ros_arm_description/lib/python3.10/site-packages'
[13.670s] Level 1:colcon.colcon_core.environment:checking '/home/kevo/ros_ws/src/ros_arm/install/ros_arm_description/bin'
[13.889s] INFO:colcon.colcon_core.shell:Creating package script '/home/kevo/ros_ws/src/ros_arm/install/ros_arm_description/share/ros_arm_description/package.ps1'
[13.895s] INFO:colcon.colcon_core.shell:Creating package descriptor '/home/kevo/ros_ws/src/ros_arm/install/ros_arm_description/share/ros_arm_description/package.dsv'
[13.898s] INFO:colcon.colcon_core.shell:Creating package script '/home/kevo/ros_ws/src/ros_arm/install/ros_arm_description/share/ros_arm_description/package.sh'
[13.903s] INFO:colcon.colcon_core.shell:Creating package script '/home/kevo/ros_ws/src/ros_arm/install/ros_arm_description/share/ros_arm_description/package.bash'
[13.918s] INFO:colcon.colcon_core.shell:Creating package script '/home/kevo/ros_ws/src/ros_arm/install/ros_arm_description/share/ros_arm_description/package.zsh'
[13.920s] Level 1:colcon.colcon_core.environment:create_file_with_runtime_dependencies(/home/kevo/ros_ws/src/ros_arm/install/ros_arm_description/share/colcon-core/packages/ros_arm_description)
[13.922s] INFO:colcon.colcon_ros.task.ament_cmake.build:Building ROS package in '/home/kevo/ros_ws/src/ros_arm/src/ros_arm_bringup' with build type 'ament_cmake'
[13.923s] INFO:colcon.colcon_cmake.task.cmake.build:Building CMake package in '/home/kevo/ros_ws/src/ros_arm/src/ros_arm_bringup'
[14.146s] INFO:colcon.colcon_core.shell:Skip shell extension 'powershell' for command environment: Not usable outside of PowerShell
[14.146s] DEBUG:colcon.colcon_core.shell:Skip shell extension 'dsv' for command environment
[15.442s] INFO:colcon.colcon_ros.task.ament_cmake.build:Building ROS package in '/home/kevo/ros_ws/src/ros_arm/src/ros_arm_moveit_config' with build type 'ament_cmake'
[15.443s] INFO:colcon.colcon_cmake.task.cmake.build:Building CMake package in '/home/kevo/ros_ws/src/ros_arm/src/ros_arm_moveit_config'
[15.650s] INFO:colcon.colcon_core.shell:Skip shell extension 'powershell' for command environment: Not usable outside of PowerShell
[15.650s] DEBUG:colcon.colcon_core.shell:Skip shell extension 'dsv' for command environment
[16.729s] DEBUG:colcon.colcon_core.event_handler.log_command:Invoking command in '/home/kevo/ros_ws/src/ros_arm/build/ros_arm_bringup': CMAKE_PREFIX_PATH=/home/kevo/ros_ws/src/ros_arm/install/ros_arm_description:/home/kevo/ros_ws/src/ros_arm/install/ros_arm_moveit_config:/home/kevo/ros_ws/src/ros_arm/install/ros_arm_bringup:/home/kevo/ros_ws/src/ros_arm/install/hello_moveit:/home/kevo/ros2_ws/install/ros2_control_demo_example_6:/home/kevo/ros2_ws/install/ros2_control_demo_example_5:/home/kevo/ros2_ws/install/ros2_control_demo_example_4:/home/kevo/ros2_ws/install/ros2_control_demo_example_3:/home/kevo/ros2_ws/install/ros2_control_demo_example_2:/home/kevo/ros2_ws/install/ros2_control_demo_example_14:/home/kevo/ros2_ws/install/ros2_control_demo_example_10:/home/kevo/ros2_ws/install/ros2_control_demo_example_1:/home/kevo/ros2_ws/install/ros2_control_demo_description:/home/kevo/ros_ws/src/ai_based_sorting_robot_arm/install/robotic_arm_msgs:/home/kevo/ros_ws/src/ai_based_sorting_robot_arm/install/robotic_arm_moveit_config:/home/kevo/ros_ws/src/ai_based_sorting_robot_arm/install/robotic_arm_kinematics:/home/kevo/ros_ws/src/ai_based_sorting_robot_arm/install/robotic_arm_firmware:/home/kevo/ros_ws/src/ai_based_sorting_robot_arm/install/robotic_arm_description:/home/kevo/ros_ws/src/ai_based_sorting_robot_arm/install/robotic_arm_controllers:/home/kevo/ws_moveit2/install/pilz_industrial_motion_planner_testutils:/home/kevo/ws_moveit2/install/panda_moveit_config:/home/kevo/ws_moveit2/install/moveit_runtime:/home/kevo/ws_moveit2/install/moveit2_tutorials:/home/kevo/ws_moveit2/install/moveit:/home/kevo/ws_moveit2/install/moveit_planners:/home/kevo/ws_moveit2/install/pilz_industrial_motion_planner:/home/kevo/ws_moveit2/install/mtc_tutorial:/home/kevo/ws_moveit2/install/moveit_visual_tools:/home/kevo/ws_moveit2/install/moveit_task_constructor_visualization:/home/kevo/ws_moveit2/install/moveit_task_constructor_demo:/home/kevo/ws_moveit2/install/moveit_task_constructor_capabilities:/home/kevo/ws_moveit2/install/moveit_task_constructor_core:/home/kevo/ws_moveit2/install/moveit_ros_control_interface:/home/kevo/ws_moveit2/install/moveit_plugins:/home/kevo/ws_moveit2/install/moveit_simple_controller_manager:/home/kevo/ws_moveit2/install/moveit_setup_assistant:/home/kevo/ws_moveit2/install/moveit_setup_srdf_plugins:/home/kevo/ws_moveit2/install/moveit_setup_core_plugins:/home/kevo/ws_moveit2/install/moveit_setup_controllers:/home/kevo/ws_moveit2/install/moveit_setup_app_plugins:/home/kevo/ws_moveit2/install/moveit_setup_framework:/home/kevo/ws_moveit2/install/moveit_servo:/home/kevo/ws_moveit2/install/moveit_ros:/home/kevo/ws_moveit2/install/moveit_ros_visualization:/home/kevo/ws_moveit2/install/moveit_hybrid_planning:/home/kevo/ws_moveit2/install/moveit_ros_planning_interface:/home/kevo/ws_moveit2/install/moveit_ros_benchmarks:/home/kevo/ws_moveit2/install/moveit_ros_warehouse:/home/kevo/ws_moveit2/install/moveit_ros_robot_interaction:/home/kevo/ws_moveit2/install/moveit_ros_perception:/home/kevo/ws_moveit2/install/moveit_resources_prbt_pg70_support:/home/kevo/ws_moveit2/install/moveit_resources_prbt_moveit_config:/home/kevo/ws_moveit2/install/moveit_ros_move_group:/home/kevo/ws_moveit2/install/moveit_planners_ompl:/home/kevo/ws_moveit2/install/moveit_ros_planning:/home/kevo/ws_moveit2/install/moveit_ros_occupancy_map_monitor:/home/kevo/ws_moveit2/install/moveit_resources_prbt_ikfast_manipulator_plugin:/home/kevo/ws_moveit2/install/moveit_planners_chomp:/home/kevo/ws_moveit2/install/moveit_kinematics:/home/kevo/ws_moveit2/install/moveit_chomp_optimizer_adapter:/home/kevo/ws_moveit2/install/chomp_motion_planner:/home/kevo/ws_moveit2/install/moveit_core:/home/kevo/ws_moveit2/install/srdfdom:/home/kevo/ws_moveit2/install/rviz_marker_tools:/home/kevo/ws_moveit2/install/rosparam_shortcuts:/home/kevo/ws_moveit2/install/moveit_task_constructor_msgs:/home/kevo/ws_moveit2/install/moveit_resources_prbt_support:/home/kevo/ws_moveit2/install/moveit_resources:/home/kevo/ws_moveit2/install/moveit_resources_pr2_description:/home/kevo/ws_moveit2/install/moveit_resources_panda_moveit_config:/home/kevo/ws_moveit2/install/moveit_resources_panda_description:/home/kevo/ws_moveit2/install/moveit_resources_fanuc_moveit_config:/home/kevo/ws_moveit2/install/moveit_resources_fanuc_description:/home/kevo/ws_moveit2/install/moveit_common:/home/kevo/ros_ws/src/ai_based_sorting_robot_arm/install/robotic_arm_custom_nodes:/home/kevo/ws_moveit2/install/moveit_configs_utils:/home/kevo/ws_moveit2/install/launch_param_builder:/opt/ros/humble /usr/bin/cmake --build /home/kevo/ros_ws/src/ros_arm/build/ros_arm_bringup -- -j8 -l8
[17.100s] DEBUG:colcon.colcon_core.event_handler.log_command:Invoked command in '/home/kevo/ros_ws/src/ros_arm/build/ros_arm_bringup' returned '0': CMAKE_PREFIX_PATH=/home/kevo/ros_ws/src/ros_arm/install/ros_arm_description:/home/kevo/ros_ws/src/ros_arm/install/ros_arm_moveit_config:/home/kevo/ros_ws/src/ros_arm/install/ros_arm_bringup:/home/kevo/ros_ws/src/ros_arm/install/hello_moveit:/home/kevo/ros2_ws/install/ros2_control_demo_example_6:/home/kevo/ros2_ws/install/ros2_control_demo_example_5:/home/kevo/ros2_ws/install/ros2_control_demo_example_4:/home/kevo/ros2_ws/install/ros2_control_demo_example_3:/home/kevo/ros2_ws/install/ros2_control_demo_example_2:/home/kevo/ros2_ws/install/ros2_control_demo_example_14:/home/kevo/ros2_ws/install/ros2_control_demo_example_10:/home/kevo/ros2_ws/install/ros2_control_demo_example_1:/home/kevo/ros2_ws/install/ros2_control_demo_description:/home/kevo/ros_ws/src/ai_based_sorting_robot_arm/install/robotic_arm_msgs:/home/kevo/ros_ws/src/ai_based_sorting_robot_arm/install/robotic_arm_moveit_config:/home/kevo/ros_ws/src/ai_based_sorting_robot_arm/install/robotic_arm_kinematics:/home/kevo/ros_ws/src/ai_based_sorting_robot_arm/install/robotic_arm_firmware:/home/kevo/ros_ws/src/ai_based_sorting_robot_arm/install/robotic_arm_description:/home/kevo/ros_ws/src/ai_based_sorting_robot_arm/install/robotic_arm_controllers:/home/kevo/ws_moveit2/install/pilz_industrial_motion_planner_testutils:/home/kevo/ws_moveit2/install/panda_moveit_config:/home/kevo/ws_moveit2/install/moveit_runtime:/home/kevo/ws_moveit2/install/moveit2_tutorials:/home/kevo/ws_moveit2/install/moveit:/home/kevo/ws_moveit2/install/moveit_planners:/home/kevo/ws_moveit2/install/pilz_industrial_motion_planner:/home/kevo/ws_moveit2/install/mtc_tutorial:/home/kevo/ws_moveit2/install/moveit_visual_tools:/home/kevo/ws_moveit2/install/moveit_task_constructor_visualization:/home/kevo/ws_moveit2/install/moveit_task_constructor_demo:/home/kevo/ws_moveit2/install/moveit_task_constructor_capabilities:/home/kevo/ws_moveit2/install/moveit_task_constructor_core:/home/kevo/ws_moveit2/install/moveit_ros_control_interface:/home/kevo/ws_moveit2/install/moveit_plugins:/home/kevo/ws_moveit2/install/moveit_simple_controller_manager:/home/kevo/ws_moveit2/install/moveit_setup_assistant:/home/kevo/ws_moveit2/install/moveit_setup_srdf_plugins:/home/kevo/ws_moveit2/install/moveit_setup_core_plugins:/home/kevo/ws_moveit2/install/moveit_setup_controllers:/home/kevo/ws_moveit2/install/moveit_setup_app_plugins:/home/kevo/ws_moveit2/install/moveit_setup_framework:/home/kevo/ws_moveit2/install/moveit_servo:/home/kevo/ws_moveit2/install/moveit_ros:/home/kevo/ws_moveit2/install/moveit_ros_visualization:/home/kevo/ws_moveit2/install/moveit_hybrid_planning:/home/kevo/ws_moveit2/install/moveit_ros_planning_interface:/home/kevo/ws_moveit2/install/moveit_ros_benchmarks:/home/kevo/ws_moveit2/install/moveit_ros_warehouse:/home/kevo/ws_moveit2/install/moveit_ros_robot_interaction:/home/kevo/ws_moveit2/install/moveit_ros_perception:/home/kevo/ws_moveit2/install/moveit_resources_prbt_pg70_support:/home/kevo/ws_moveit2/install/moveit_resources_prbt_moveit_config:/home/kevo/ws_moveit2/install/moveit_ros_move_group:/home/kevo/ws_moveit2/install/moveit_planners_ompl:/home/kevo/ws_moveit2/install/moveit_ros_planning:/home/kevo/ws_moveit2/install/moveit_ros_occupancy_map_monitor:/home/kevo/ws_moveit2/install/moveit_resources_prbt_ikfast_manipulator_plugin:/home/kevo/ws_moveit2/install/moveit_planners_chomp:/home/kevo/ws_moveit2/install/moveit_kinematics:/home/kevo/ws_moveit2/install/moveit_chomp_optimizer_adapter:/home/kevo/ws_moveit2/install/chomp_motion_planner:/home/kevo/ws_moveit2/install/moveit_core:/home/kevo/ws_moveit2/install/srdfdom:/home/kevo/ws_moveit2/install/rviz_marker_tools:/home/kevo/ws_moveit2/install/rosparam_shortcuts:/home/kevo/ws_moveit2/install/moveit_task_constructor_msgs:/home/kevo/ws_moveit2/install/moveit_resources_prbt_support:/home/kevo/ws_moveit2/install/moveit_resources:/home/kevo/ws_moveit2/install/moveit_resources_pr2_description:/home/kevo/ws_moveit2/install/moveit_resources_panda_moveit_config:/home/kevo/ws_moveit2/install/moveit_resources_panda_description:/home/kevo/ws_moveit2/install/moveit_resources_fanuc_moveit_config:/home/kevo/ws_moveit2/install/moveit_resources_fanuc_description:/home/kevo/ws_moveit2/install/moveit_common:/home/kevo/ros_ws/src/ai_based_sorting_robot_arm/install/robotic_arm_custom_nodes:/home/kevo/ws_moveit2/install/moveit_configs_utils:/home/kevo/ws_moveit2/install/launch_param_builder:/opt/ros/humble /usr/bin/cmake --build /home/kevo/ros_ws/src/ros_arm/build/ros_arm_bringup -- -j8 -l8
[17.203s] DEBUG:colcon.colcon_core.event_handler.log_command:Invoking command in '/home/kevo/ros_ws/src/ros_arm/build/ros_arm_moveit_config': CMAKE_PREFIX_PATH=/home/kevo/ros_ws/src/ros_arm/install/ros_arm_description:/home/kevo/ros_ws/src/ros_arm/install/ros_arm_moveit_config:/home/kevo/ros_ws/src/ros_arm/install/ros_arm_bringup:/home/kevo/ros_ws/src/ros_arm/install/hello_moveit:/home/kevo/ros2_ws/install/ros2_control_demo_example_6:/home/kevo/ros2_ws/install/ros2_control_demo_example_5:/home/kevo/ros2_ws/install/ros2_control_demo_example_4:/home/kevo/ros2_ws/install/ros2_control_demo_example_3:/home/kevo/ros2_ws/install/ros2_control_demo_example_2:/home/kevo/ros2_ws/install/ros2_control_demo_example_14:/home/kevo/ros2_ws/install/ros2_control_demo_example_10:/home/kevo/ros2_ws/install/ros2_control_demo_example_1:/home/kevo/ros2_ws/install/ros2_control_demo_description:/home/kevo/ros_ws/src/ai_based_sorting_robot_arm/install/robotic_arm_msgs:/home/kevo/ros_ws/src/ai_based_sorting_robot_arm/install/robotic_arm_moveit_config:/home/kevo/ros_ws/src/ai_based_sorting_robot_arm/install/robotic_arm_kinematics:/home/kevo/ros_ws/src/ai_based_sorting_robot_arm/install/robotic_arm_firmware:/home/kevo/ros_ws/src/ai_based_sorting_robot_arm/install/robotic_arm_description:/home/kevo/ros_ws/src/ai_based_sorting_robot_arm/install/robotic_arm_controllers:/home/kevo/ws_moveit2/install/pilz_industrial_motion_planner_testutils:/home/kevo/ws_moveit2/install/panda_moveit_config:/home/kevo/ws_moveit2/install/moveit_runtime:/home/kevo/ws_moveit2/install/moveit2_tutorials:/home/kevo/ws_moveit2/install/moveit:/home/kevo/ws_moveit2/install/moveit_planners:/home/kevo/ws_moveit2/install/pilz_industrial_motion_planner:/home/kevo/ws_moveit2/install/mtc_tutorial:/home/kevo/ws_moveit2/install/moveit_visual_tools:/home/kevo/ws_moveit2/install/moveit_task_constructor_visualization:/home/kevo/ws_moveit2/install/moveit_task_constructor_demo:/home/kevo/ws_moveit2/install/moveit_task_constructor_capabilities:/home/kevo/ws_moveit2/install/moveit_task_constructor_core:/home/kevo/ws_moveit2/install/moveit_ros_control_interface:/home/kevo/ws_moveit2/install/moveit_plugins:/home/kevo/ws_moveit2/install/moveit_simple_controller_manager:/home/kevo/ws_moveit2/install/moveit_setup_assistant:/home/kevo/ws_moveit2/install/moveit_setup_srdf_plugins:/home/kevo/ws_moveit2/install/moveit_setup_core_plugins:/home/kevo/ws_moveit2/install/moveit_setup_controllers:/home/kevo/ws_moveit2/install/moveit_setup_app_plugins:/home/kevo/ws_moveit2/install/moveit_setup_framework:/home/kevo/ws_moveit2/install/moveit_servo:/home/kevo/ws_moveit2/install/moveit_ros:/home/kevo/ws_moveit2/install/moveit_ros_visualization:/home/kevo/ws_moveit2/install/moveit_hybrid_planning:/home/kevo/ws_moveit2/install/moveit_ros_planning_interface:/home/kevo/ws_moveit2/install/moveit_ros_benchmarks:/home/kevo/ws_moveit2/install/moveit_ros_warehouse:/home/kevo/ws_moveit2/install/moveit_ros_robot_interaction:/home/kevo/ws_moveit2/install/moveit_ros_perception:/home/kevo/ws_moveit2/install/moveit_resources_prbt_pg70_support:/home/kevo/ws_moveit2/install/moveit_resources_prbt_moveit_config:/home/kevo/ws_moveit2/install/moveit_ros_move_group:/home/kevo/ws_moveit2/install/moveit_planners_ompl:/home/kevo/ws_moveit2/install/moveit_ros_planning:/home/kevo/ws_moveit2/install/moveit_ros_occupancy_map_monitor:/home/kevo/ws_moveit2/install/moveit_resources_prbt_ikfast_manipulator_plugin:/home/kevo/ws_moveit2/install/moveit_planners_chomp:/home/kevo/ws_moveit2/install/moveit_kinematics:/home/kevo/ws_moveit2/install/moveit_chomp_optimizer_adapter:/home/kevo/ws_moveit2/install/chomp_motion_planner:/home/kevo/ws_moveit2/install/moveit_core:/home/kevo/ws_moveit2/install/srdfdom:/home/kevo/ws_moveit2/install/rviz_marker_tools:/home/kevo/ws_moveit2/install/rosparam_shortcuts:/home/kevo/ws_moveit2/install/moveit_task_constructor_msgs:/home/kevo/ws_moveit2/install/moveit_resources_prbt_support:/home/kevo/ws_moveit2/install/moveit_resources:/home/kevo/ws_moveit2/install/moveit_resources_pr2_description:/home/kevo/ws_moveit2/install/moveit_resources_panda_moveit_config:/home/kevo/ws_moveit2/install/moveit_resources_panda_description:/home/kevo/ws_moveit2/install/moveit_resources_fanuc_moveit_config:/home/kevo/ws_moveit2/install/moveit_resources_fanuc_description:/home/kevo/ws_moveit2/install/moveit_common:/home/kevo/ros_ws/src/ai_based_sorting_robot_arm/install/robotic_arm_custom_nodes:/home/kevo/ws_moveit2/install/moveit_configs_utils:/home/kevo/ws_moveit2/install/launch_param_builder:/opt/ros/humble /usr/bin/cmake --build /home/kevo/ros_ws/src/ros_arm/build/ros_arm_moveit_config -- -j8 -l8
[17.338s] DEBUG:colcon.colcon_core.event_handler.log_command:Invoking command in '/home/kevo/ros_ws/src/ros_arm/build/ros_arm_bringup': CMAKE_PREFIX_PATH=/home/kevo/ros_ws/src/ros_arm/install/ros_arm_description:/home/kevo/ros_ws/src/ros_arm/install/ros_arm_moveit_config:/home/kevo/ros_ws/src/ros_arm/install/ros_arm_bringup:/home/kevo/ros_ws/src/ros_arm/install/hello_moveit:/home/kevo/ros2_ws/install/ros2_control_demo_example_6:/home/kevo/ros2_ws/install/ros2_control_demo_example_5:/home/kevo/ros2_ws/install/ros2_control_demo_example_4:/home/kevo/ros2_ws/install/ros2_control_demo_example_3:/home/kevo/ros2_ws/install/ros2_control_demo_example_2:/home/kevo/ros2_ws/install/ros2_control_demo_example_14:/home/kevo/ros2_ws/install/ros2_control_demo_example_10:/home/kevo/ros2_ws/install/ros2_control_demo_example_1:/home/kevo/ros2_ws/install/ros2_control_demo_description:/home/kevo/ros_ws/src/ai_based_sorting_robot_arm/install/robotic_arm_msgs:/home/kevo/ros_ws/src/ai_based_sorting_robot_arm/install/robotic_arm_moveit_config:/home/kevo/ros_ws/src/ai_based_sorting_robot_arm/install/robotic_arm_kinematics:/home/kevo/ros_ws/src/ai_based_sorting_robot_arm/install/robotic_arm_firmware:/home/kevo/ros_ws/src/ai_based_sorting_robot_arm/install/robotic_arm_description:/home/kevo/ros_ws/src/ai_based_sorting_robot_arm/install/robotic_arm_controllers:/home/kevo/ws_moveit2/install/pilz_industrial_motion_planner_testutils:/home/kevo/ws_moveit2/install/panda_moveit_config:/home/kevo/ws_moveit2/install/moveit_runtime:/home/kevo/ws_moveit2/install/moveit2_tutorials:/home/kevo/ws_moveit2/install/moveit:/home/kevo/ws_moveit2/install/moveit_planners:/home/kevo/ws_moveit2/install/pilz_industrial_motion_planner:/home/kevo/ws_moveit2/install/mtc_tutorial:/home/kevo/ws_moveit2/install/moveit_visual_tools:/home/kevo/ws_moveit2/install/moveit_task_constructor_visualization:/home/kevo/ws_moveit2/install/moveit_task_constructor_demo:/home/kevo/ws_moveit2/install/moveit_task_constructor_capabilities:/home/kevo/ws_moveit2/install/moveit_task_constructor_core:/home/kevo/ws_moveit2/install/moveit_ros_control_interface:/home/kevo/ws_moveit2/install/moveit_plugins:/home/kevo/ws_moveit2/install/moveit_simple_controller_manager:/home/kevo/ws_moveit2/install/moveit_setup_assistant:/home/kevo/ws_moveit2/install/moveit_setup_srdf_plugins:/home/kevo/ws_moveit2/install/moveit_setup_core_plugins:/home/kevo/ws_moveit2/install/moveit_setup_controllers:/home/kevo/ws_moveit2/install/moveit_setup_app_plugins:/home/kevo/ws_moveit2/install/moveit_setup_framework:/home/kevo/ws_moveit2/install/moveit_servo:/home/kevo/ws_moveit2/install/moveit_ros:/home/kevo/ws_moveit2/install/moveit_ros_visualization:/home/kevo/ws_moveit2/install/moveit_hybrid_planning:/home/kevo/ws_moveit2/install/moveit_ros_planning_interface:/home/kevo/ws_moveit2/install/moveit_ros_benchmarks:/home/kevo/ws_moveit2/install/moveit_ros_warehouse:/home/kevo/ws_moveit2/install/moveit_ros_robot_interaction:/home/kevo/ws_moveit2/install/moveit_ros_perception:/home/kevo/ws_moveit2/install/moveit_resources_prbt_pg70_support:/home/kevo/ws_moveit2/install/moveit_resources_prbt_moveit_config:/home/kevo/ws_moveit2/install/moveit_ros_move_group:/home/kevo/ws_moveit2/install/moveit_planners_ompl:/home/kevo/ws_moveit2/install/moveit_ros_planning:/home/kevo/ws_moveit2/install/moveit_ros_occupancy_map_monitor:/home/kevo/ws_moveit2/install/moveit_resources_prbt_ikfast_manipulator_plugin:/home/kevo/ws_moveit2/install/moveit_planners_chomp:/home/kevo/ws_moveit2/install/moveit_kinematics:/home/kevo/ws_moveit2/install/moveit_chomp_optimizer_adapter:/home/kevo/ws_moveit2/install/chomp_motion_planner:/home/kevo/ws_moveit2/install/moveit_core:/home/kevo/ws_moveit2/install/srdfdom:/home/kevo/ws_moveit2/install/rviz_marker_tools:/home/kevo/ws_moveit2/install/rosparam_shortcuts:/home/kevo/ws_moveit2/install/moveit_task_constructor_msgs:/home/kevo/ws_moveit2/install/moveit_resources_prbt_support:/home/kevo/ws_moveit2/install/moveit_resources:/home/kevo/ws_moveit2/install/moveit_resources_pr2_description:/home/kevo/ws_moveit2/install/moveit_resources_panda_moveit_config:/home/kevo/ws_moveit2/install/moveit_resources_panda_description:/home/kevo/ws_moveit2/install/moveit_resources_fanuc_moveit_config:/home/kevo/ws_moveit2/install/moveit_resources_fanuc_description:/home/kevo/ws_moveit2/install/moveit_common:/home/kevo/ros_ws/src/ai_based_sorting_robot_arm/install/robotic_arm_custom_nodes:/home/kevo/ws_moveit2/install/moveit_configs_utils:/home/kevo/ws_moveit2/install/launch_param_builder:/opt/ros/humble /usr/bin/cmake --install /home/kevo/ros_ws/src/ros_arm/build/ros_arm_bringup
[17.419s] Level 1:colcon.colcon_core.environment:create_environment_scripts_only(ros_arm_bringup)
[17.443s] DEBUG:colcon.colcon_core.event_handler.log_command:Invoked command in '/home/kevo/ros_ws/src/ros_arm/build/ros_arm_bringup' returned '0': CMAKE_PREFIX_PATH=/home/kevo/ros_ws/src/ros_arm/install/ros_arm_description:/home/kevo/ros_ws/src/ros_arm/install/ros_arm_moveit_config:/home/kevo/ros_ws/src/ros_arm/install/ros_arm_bringup:/home/kevo/ros_ws/src/ros_arm/install/hello_moveit:/home/kevo/ros2_ws/install/ros2_control_demo_example_6:/home/kevo/ros2_ws/install/ros2_control_demo_example_5:/home/kevo/ros2_ws/install/ros2_control_demo_example_4:/home/kevo/ros2_ws/install/ros2_control_demo_example_3:/home/kevo/ros2_ws/install/ros2_control_demo_example_2:/home/kevo/ros2_ws/install/ros2_control_demo_example_14:/home/kevo/ros2_ws/install/ros2_control_demo_example_10:/home/kevo/ros2_ws/install/ros2_control_demo_example_1:/home/kevo/ros2_ws/install/ros2_control_demo_description:/home/kevo/ros_ws/src/ai_based_sorting_robot_arm/install/robotic_arm_msgs:/home/kevo/ros_ws/src/ai_based_sorting_robot_arm/install/robotic_arm_moveit_config:/home/kevo/ros_ws/src/ai_based_sorting_robot_arm/install/robotic_arm_kinematics:/home/kevo/ros_ws/src/ai_based_sorting_robot_arm/install/robotic_arm_firmware:/home/kevo/ros_ws/src/ai_based_sorting_robot_arm/install/robotic_arm_description:/home/kevo/ros_ws/src/ai_based_sorting_robot_arm/install/robotic_arm_controllers:/home/kevo/ws_moveit2/install/pilz_industrial_motion_planner_testutils:/home/kevo/ws_moveit2/install/panda_moveit_config:/home/kevo/ws_moveit2/install/moveit_runtime:/home/kevo/ws_moveit2/install/moveit2_tutorials:/home/kevo/ws_moveit2/install/moveit:/home/kevo/ws_moveit2/install/moveit_planners:/home/kevo/ws_moveit2/install/pilz_industrial_motion_planner:/home/kevo/ws_moveit2/install/mtc_tutorial:/home/kevo/ws_moveit2/install/moveit_visual_tools:/home/kevo/ws_moveit2/install/moveit_task_constructor_visualization:/home/kevo/ws_moveit2/install/moveit_task_constructor_demo:/home/kevo/ws_moveit2/install/moveit_task_constructor_capabilities:/home/kevo/ws_moveit2/install/moveit_task_constructor_core:/home/kevo/ws_moveit2/install/moveit_ros_control_interface:/home/kevo/ws_moveit2/install/moveit_plugins:/home/kevo/ws_moveit2/install/moveit_simple_controller_manager:/home/kevo/ws_moveit2/install/moveit_setup_assistant:/home/kevo/ws_moveit2/install/moveit_setup_srdf_plugins:/home/kevo/ws_moveit2/install/moveit_setup_core_plugins:/home/kevo/ws_moveit2/install/moveit_setup_controllers:/home/kevo/ws_moveit2/install/moveit_setup_app_plugins:/home/kevo/ws_moveit2/install/moveit_setup_framework:/home/kevo/ws_moveit2/install/moveit_servo:/home/kevo/ws_moveit2/install/moveit_ros:/home/kevo/ws_moveit2/install/moveit_ros_visualization:/home/kevo/ws_moveit2/install/moveit_hybrid_planning:/home/kevo/ws_moveit2/install/moveit_ros_planning_interface:/home/kevo/ws_moveit2/install/moveit_ros_benchmarks:/home/kevo/ws_moveit2/install/moveit_ros_warehouse:/home/kevo/ws_moveit2/install/moveit_ros_robot_interaction:/home/kevo/ws_moveit2/install/moveit_ros_perception:/home/kevo/ws_moveit2/install/moveit_resources_prbt_pg70_support:/home/kevo/ws_moveit2/install/moveit_resources_prbt_moveit_config:/home/kevo/ws_moveit2/install/moveit_ros_move_group:/home/kevo/ws_moveit2/install/moveit_planners_ompl:/home/kevo/ws_moveit2/install/moveit_ros_planning:/home/kevo/ws_moveit2/install/moveit_ros_occupancy_map_monitor:/home/kevo/ws_moveit2/install/moveit_resources_prbt_ikfast_manipulator_plugin:/home/kevo/ws_moveit2/install/moveit_planners_chomp:/home/kevo/ws_moveit2/install/moveit_kinematics:/home/kevo/ws_moveit2/install/moveit_chomp_optimizer_adapter:/home/kevo/ws_moveit2/install/chomp_motion_planner:/home/kevo/ws_moveit2/install/moveit_core:/home/kevo/ws_moveit2/install/srdfdom:/home/kevo/ws_moveit2/install/rviz_marker_tools:/home/kevo/ws_moveit2/install/rosparam_shortcuts:/home/kevo/ws_moveit2/install/moveit_task_constructor_msgs:/home/kevo/ws_moveit2/install/moveit_resources_prbt_support:/home/kevo/ws_moveit2/install/moveit_resources:/home/kevo/ws_moveit2/install/moveit_resources_pr2_description:/home/kevo/ws_moveit2/install/moveit_resources_panda_moveit_config:/home/kevo/ws_moveit2/install/moveit_resources_panda_description:/home/kevo/ws_moveit2/install/moveit_resources_fanuc_moveit_config:/home/kevo/ws_moveit2/install/moveit_resources_fanuc_description:/home/kevo/ws_moveit2/install/moveit_common:/home/kevo/ros_ws/src/ai_based_sorting_robot_arm/install/robotic_arm_custom_nodes:/home/kevo/ws_moveit2/install/moveit_configs_utils:/home/kevo/ws_moveit2/install/launch_param_builder:/opt/ros/humble /usr/bin/cmake --install /home/kevo/ros_ws/src/ros_arm/build/ros_arm_bringup
[17.679s] Level 1:colcon.colcon_core.environment:checking '/home/kevo/ros_ws/src/ros_arm/install/ros_arm_bringup' for CMake module files
[17.682s] Level 1:colcon.colcon_core.environment:checking '/home/kevo/ros_ws/src/ros_arm/install/ros_arm_bringup' for CMake config files
[17.683s] Level 1:colcon.colcon_core.shell:create_environment_hook('ros_arm_bringup', 'cmake_prefix_path')
[17.910s] INFO:colcon.colcon_core.shell:Creating environment hook '/home/kevo/ros_ws/src/ros_arm/install/ros_arm_bringup/share/ros_arm_bringup/hook/cmake_prefix_path.ps1'
[17.917s] INFO:colcon.colcon_core.shell:Creating environment descriptor '/home/kevo/ros_ws/src/ros_arm/install/ros_arm_bringup/share/ros_arm_bringup/hook/cmake_prefix_path.dsv'
[17.927s] INFO:colcon.colcon_core.shell:Creating environment hook '/home/kevo/ros_ws/src/ros_arm/install/ros_arm_bringup/share/ros_arm_bringup/hook/cmake_prefix_path.sh'
[17.932s] Level 1:colcon.colcon_core.environment:checking '/home/kevo/ros_ws/src/ros_arm/install/ros_arm_bringup/bin'
[17.933s] Level 1:colcon.colcon_core.environment:checking '/home/kevo/ros_ws/src/ros_arm/install/ros_arm_bringup/lib/pkgconfig/ros_arm_bringup.pc'
[17.934s] Level 1:colcon.colcon_core.environment:checking '/home/kevo/ros_ws/src/ros_arm/install/ros_arm_bringup/lib/python3.10/site-packages'
[17.946s] Level 1:colcon.colcon_core.environment:checking '/home/kevo/ros_ws/src/ros_arm/install/ros_arm_bringup/bin'
[18.168s] INFO:colcon.colcon_core.shell:Creating package script '/home/kevo/ros_ws/src/ros_arm/install/ros_arm_bringup/share/ros_arm_bringup/package.ps1'
[18.169s] INFO:colcon.colcon_core.shell:Creating package descriptor '/home/kevo/ros_ws/src/ros_arm/install/ros_arm_bringup/share/ros_arm_bringup/package.dsv'
[18.171s] INFO:colcon.colcon_core.shell:Creating package script '/home/kevo/ros_ws/src/ros_arm/install/ros_arm_bringup/share/ros_arm_bringup/package.sh'
[18.173s] INFO:colcon.colcon_core.shell:Creating package script '/home/kevo/ros_ws/src/ros_arm/install/ros_arm_bringup/share/ros_arm_bringup/package.bash'
[18.185s] INFO:colcon.colcon_core.shell:Creating package script '/home/kevo/ros_ws/src/ros_arm/install/ros_arm_bringup/share/ros_arm_bringup/package.zsh'
[18.188s] Level 1:colcon.colcon_core.environment:create_file_with_runtime_dependencies(/home/kevo/ros_ws/src/ros_arm/install/ros_arm_bringup/share/colcon-core/packages/ros_arm_bringup)
[18.208s] DEBUG:colcon.colcon_core.event_handler.log_command:Invoked command in '/home/kevo/ros_ws/src/ros_arm/build/ros_arm_moveit_config' returned '0': CMAKE_PREFIX_PATH=/home/kevo/ros_ws/src/ros_arm/install/ros_arm_description:/home/kevo/ros_ws/src/ros_arm/install/ros_arm_moveit_config:/home/kevo/ros_ws/src/ros_arm/install/ros_arm_bringup:/home/kevo/ros_ws/src/ros_arm/install/hello_moveit:/home/kevo/ros2_ws/install/ros2_control_demo_example_6:/home/kevo/ros2_ws/install/ros2_control_demo_example_5:/home/kevo/ros2_ws/install/ros2_control_demo_example_4:/home/kevo/ros2_ws/install/ros2_control_demo_example_3:/home/kevo/ros2_ws/install/ros2_control_demo_example_2:/home/kevo/ros2_ws/install/ros2_control_demo_example_14:/home/kevo/ros2_ws/install/ros2_control_demo_example_10:/home/kevo/ros2_ws/install/ros2_control_demo_example_1:/home/kevo/ros2_ws/install/ros2_control_demo_description:/home/kevo/ros_ws/src/ai_based_sorting_robot_arm/install/robotic_arm_msgs:/home/kevo/ros_ws/src/ai_based_sorting_robot_arm/install/robotic_arm_moveit_config:/home/kevo/ros_ws/src/ai_based_sorting_robot_arm/install/robotic_arm_kinematics:/home/kevo/ros_ws/src/ai_based_sorting_robot_arm/install/robotic_arm_firmware:/home/kevo/ros_ws/src/ai_based_sorting_robot_arm/install/robotic_arm_description:/home/kevo/ros_ws/src/ai_based_sorting_robot_arm/install/robotic_arm_controllers:/home/kevo/ws_moveit2/install/pilz_industrial_motion_planner_testutils:/home/kevo/ws_moveit2/install/panda_moveit_config:/home/kevo/ws_moveit2/install/moveit_runtime:/home/kevo/ws_moveit2/install/moveit2_tutorials:/home/kevo/ws_moveit2/install/moveit:/home/kevo/ws_moveit2/install/moveit_planners:/home/kevo/ws_moveit2/install/pilz_industrial_motion_planner:/home/kevo/ws_moveit2/install/mtc_tutorial:/home/kevo/ws_moveit2/install/moveit_visual_tools:/home/kevo/ws_moveit2/install/moveit_task_constructor_visualization:/home/kevo/ws_moveit2/install/moveit_task_constructor_demo:/home/kevo/ws_moveit2/install/moveit_task_constructor_capabilities:/home/kevo/ws_moveit2/install/moveit_task_constructor_core:/home/kevo/ws_moveit2/install/moveit_ros_control_interface:/home/kevo/ws_moveit2/install/moveit_plugins:/home/kevo/ws_moveit2/install/moveit_simple_controller_manager:/home/kevo/ws_moveit2/install/moveit_setup_assistant:/home/kevo/ws_moveit2/install/moveit_setup_srdf_plugins:/home/kevo/ws_moveit2/install/moveit_setup_core_plugins:/home/kevo/ws_moveit2/install/moveit_setup_controllers:/home/kevo/ws_moveit2/install/moveit_setup_app_plugins:/home/kevo/ws_moveit2/install/moveit_setup_framework:/home/kevo/ws_moveit2/install/moveit_servo:/home/kevo/ws_moveit2/install/moveit_ros:/home/kevo/ws_moveit2/install/moveit_ros_visualization:/home/kevo/ws_moveit2/install/moveit_hybrid_planning:/home/kevo/ws_moveit2/install/moveit_ros_planning_interface:/home/kevo/ws_moveit2/install/moveit_ros_benchmarks:/home/kevo/ws_moveit2/install/moveit_ros_warehouse:/home/kevo/ws_moveit2/install/moveit_ros_robot_interaction:/home/kevo/ws_moveit2/install/moveit_ros_perception:/home/kevo/ws_moveit2/install/moveit_resources_prbt_pg70_support:/home/kevo/ws_moveit2/install/moveit_resources_prbt_moveit_config:/home/kevo/ws_moveit2/install/moveit_ros_move_group:/home/kevo/ws_moveit2/install/moveit_planners_ompl:/home/kevo/ws_moveit2/install/moveit_ros_planning:/home/kevo/ws_moveit2/install/moveit_ros_occupancy_map_monitor:/home/kevo/ws_moveit2/install/moveit_resources_prbt_ikfast_manipulator_plugin:/home/kevo/ws_moveit2/install/moveit_planners_chomp:/home/kevo/ws_moveit2/install/moveit_kinematics:/home/kevo/ws_moveit2/install/moveit_chomp_optimizer_adapter:/home/kevo/ws_moveit2/install/chomp_motion_planner:/home/kevo/ws_moveit2/install/moveit_core:/home/kevo/ws_moveit2/install/srdfdom:/home/kevo/ws_moveit2/install/rviz_marker_tools:/home/kevo/ws_moveit2/install/rosparam_shortcuts:/home/kevo/ws_moveit2/install/moveit_task_constructor_msgs:/home/kevo/ws_moveit2/install/moveit_resources_prbt_support:/home/kevo/ws_moveit2/install/moveit_resources:/home/kevo/ws_moveit2/install/moveit_resources_pr2_description:/home/kevo/ws_moveit2/install/moveit_resources_panda_moveit_config:/home/kevo/ws_moveit2/install/moveit_resources_panda_description:/home/kevo/ws_moveit2/install/moveit_resources_fanuc_moveit_config:/home/kevo/ws_moveit2/install/moveit_resources_fanuc_description:/home/kevo/ws_moveit2/install/moveit_common:/home/kevo/ros_ws/src/ai_based_sorting_robot_arm/install/robotic_arm_custom_nodes:/home/kevo/ws_moveit2/install/moveit_configs_utils:/home/kevo/ws_moveit2/install/launch_param_builder:/opt/ros/humble /usr/bin/cmake --build /home/kevo/ros_ws/src/ros_arm/build/ros_arm_moveit_config -- -j8 -l8
[18.443s] DEBUG:colcon.colcon_core.event_handler.log_command:Invoking command in '/home/kevo/ros_ws/src/ros_arm/build/ros_arm_moveit_config': CMAKE_PREFIX_PATH=/home/kevo/ros_ws/src/ros_arm/install/ros_arm_description:/home/kevo/ros_ws/src/ros_arm/install/ros_arm_moveit_config:/home/kevo/ros_ws/src/ros_arm/install/ros_arm_bringup:/home/kevo/ros_ws/src/ros_arm/install/hello_moveit:/home/kevo/ros2_ws/install/ros2_control_demo_example_6:/home/kevo/ros2_ws/install/ros2_control_demo_example_5:/home/kevo/ros2_ws/install/ros2_control_demo_example_4:/home/kevo/ros2_ws/install/ros2_control_demo_example_3:/home/kevo/ros2_ws/install/ros2_control_demo_example_2:/home/kevo/ros2_ws/install/ros2_control_demo_example_14:/home/kevo/ros2_ws/install/ros2_control_demo_example_10:/home/kevo/ros2_ws/install/ros2_control_demo_example_1:/home/kevo/ros2_ws/install/ros2_control_demo_description:/home/kevo/ros_ws/src/ai_based_sorting_robot_arm/install/robotic_arm_msgs:/home/kevo/ros_ws/src/ai_based_sorting_robot_arm/install/robotic_arm_moveit_config:/home/kevo/ros_ws/src/ai_based_sorting_robot_arm/install/robotic_arm_kinematics:/home/kevo/ros_ws/src/ai_based_sorting_robot_arm/install/robotic_arm_firmware:/home/kevo/ros_ws/src/ai_based_sorting_robot_arm/install/robotic_arm_description:/home/kevo/ros_ws/src/ai_based_sorting_robot_arm/install/robotic_arm_controllers:/home/kevo/ws_moveit2/install/pilz_industrial_motion_planner_testutils:/home/kevo/ws_moveit2/install/panda_moveit_config:/home/kevo/ws_moveit2/install/moveit_runtime:/home/kevo/ws_moveit2/install/moveit2_tutorials:/home/kevo/ws_moveit2/install/moveit:/home/kevo/ws_moveit2/install/moveit_planners:/home/kevo/ws_moveit2/install/pilz_industrial_motion_planner:/home/kevo/ws_moveit2/install/mtc_tutorial:/home/kevo/ws_moveit2/install/moveit_visual_tools:/home/kevo/ws_moveit2/install/moveit_task_constructor_visualization:/home/kevo/ws_moveit2/install/moveit_task_constructor_demo:/home/kevo/ws_moveit2/install/moveit_task_constructor_capabilities:/home/kevo/ws_moveit2/install/moveit_task_constructor_core:/home/kevo/ws_moveit2/install/moveit_ros_control_interface:/home/kevo/ws_moveit2/install/moveit_plugins:/home/kevo/ws_moveit2/install/moveit_simple_controller_manager:/home/kevo/ws_moveit2/install/moveit_setup_assistant:/home/kevo/ws_moveit2/install/moveit_setup_srdf_plugins:/home/kevo/ws_moveit2/install/moveit_setup_core_plugins:/home/kevo/ws_moveit2/install/moveit_setup_controllers:/home/kevo/ws_moveit2/install/moveit_setup_app_plugins:/home/kevo/ws_moveit2/install/moveit_setup_framework:/home/kevo/ws_moveit2/install/moveit_servo:/home/kevo/ws_moveit2/install/moveit_ros:/home/kevo/ws_moveit2/install/moveit_ros_visualization:/home/kevo/ws_moveit2/install/moveit_hybrid_planning:/home/kevo/ws_moveit2/install/moveit_ros_planning_interface:/home/kevo/ws_moveit2/install/moveit_ros_benchmarks:/home/kevo/ws_moveit2/install/moveit_ros_warehouse:/home/kevo/ws_moveit2/install/moveit_ros_robot_interaction:/home/kevo/ws_moveit2/install/moveit_ros_perception:/home/kevo/ws_moveit2/install/moveit_resources_prbt_pg70_support:/home/kevo/ws_moveit2/install/moveit_resources_prbt_moveit_config:/home/kevo/ws_moveit2/install/moveit_ros_move_group:/home/kevo/ws_moveit2/install/moveit_planners_ompl:/home/kevo/ws_moveit2/install/moveit_ros_planning:/home/kevo/ws_moveit2/install/moveit_ros_occupancy_map_monitor:/home/kevo/ws_moveit2/install/moveit_resources_prbt_ikfast_manipulator_plugin:/home/kevo/ws_moveit2/install/moveit_planners_chomp:/home/kevo/ws_moveit2/install/moveit_kinematics:/home/kevo/ws_moveit2/install/moveit_chomp_optimizer_adapter:/home/kevo/ws_moveit2/install/chomp_motion_planner:/home/kevo/ws_moveit2/install/moveit_core:/home/kevo/ws_moveit2/install/srdfdom:/home/kevo/ws_moveit2/install/rviz_marker_tools:/home/kevo/ws_moveit2/install/rosparam_shortcuts:/home/kevo/ws_moveit2/install/moveit_task_constructor_msgs:/home/kevo/ws_moveit2/install/moveit_resources_prbt_support:/home/kevo/ws_moveit2/install/moveit_resources:/home/kevo/ws_moveit2/install/moveit_resources_pr2_description:/home/kevo/ws_moveit2/install/moveit_resources_panda_moveit_config:/home/kevo/ws_moveit2/install/moveit_resources_panda_description:/home/kevo/ws_moveit2/install/moveit_resources_fanuc_moveit_config:/home/kevo/ws_moveit2/install/moveit_resources_fanuc_description:/home/kevo/ws_moveit2/install/moveit_common:/home/kevo/ros_ws/src/ai_based_sorting_robot_arm/install/robotic_arm_custom_nodes:/home/kevo/ws_moveit2/install/moveit_configs_utils:/home/kevo/ws_moveit2/install/launch_param_builder:/opt/ros/humble /usr/bin/cmake --install /home/kevo/ros_ws/src/ros_arm/build/ros_arm_moveit_config
[18.742s] Level 1:colcon.colcon_core.environment:create_environment_scripts_only(ros_arm_bringup)
[18.962s] Level 1:colcon.colcon_core.environment:checking '/home/kevo/ros_ws/src/ros_arm/install/ros_arm_bringup' for CMake module files
[18.964s] Level 1:colcon.colcon_core.environment:checking '/home/kevo/ros_ws/src/ros_arm/install/ros_arm_bringup' for CMake config files
[18.965s] Level 1:colcon.colcon_core.shell:create_environment_hook('ros_arm_bringup', 'cmake_prefix_path')
[19.108s] INFO:colcon.colcon_core.shell:Creating environment hook '/home/kevo/ros_ws/src/ros_arm/install/ros_arm_bringup/share/ros_arm_bringup/hook/cmake_prefix_path.ps1'
[19.110s] INFO:colcon.colcon_core.shell:Creating environment descriptor '/home/kevo/ros_ws/src/ros_arm/install/ros_arm_bringup/share/ros_arm_bringup/hook/cmake_prefix_path.dsv'
[19.111s] INFO:colcon.colcon_core.shell:Creating environment hook '/home/kevo/ros_ws/src/ros_arm/install/ros_arm_bringup/share/ros_arm_bringup/hook/cmake_prefix_path.sh'
[19.115s] Level 1:colcon.colcon_core.environment:checking '/home/kevo/ros_ws/src/ros_arm/install/ros_arm_bringup/bin'
[19.128s] Level 1:colcon.colcon_core.environment:checking '/home/kevo/ros_ws/src/ros_arm/install/ros_arm_bringup/lib/pkgconfig/ros_arm_bringup.pc'
[19.129s] Level 1:colcon.colcon_core.environment:checking '/home/kevo/ros_ws/src/ros_arm/install/ros_arm_bringup/lib/python3.10/site-packages'
[19.130s] Level 1:colcon.colcon_core.environment:checking '/home/kevo/ros_ws/src/ros_arm/install/ros_arm_bringup/bin'
[19.313s] INFO:colcon.colcon_core.shell:Creating package script '/home/kevo/ros_ws/src/ros_arm/install/ros_arm_bringup/share/ros_arm_bringup/package.ps1'
[19.317s] INFO:colcon.colcon_core.shell:Creating package descriptor '/home/kevo/ros_ws/src/ros_arm/install/ros_arm_bringup/share/ros_arm_bringup/package.dsv'
[19.329s] INFO:colcon.colcon_core.shell:Creating package script '/home/kevo/ros_ws/src/ros_arm/install/ros_arm_bringup/share/ros_arm_bringup/package.sh'
[19.331s] INFO:colcon.colcon_core.shell:Creating package script '/home/kevo/ros_ws/src/ros_arm/install/ros_arm_bringup/share/ros_arm_bringup/package.bash'
[19.339s] INFO:colcon.colcon_core.shell:Creating package script '/home/kevo/ros_ws/src/ros_arm/install/ros_arm_bringup/share/ros_arm_bringup/package.zsh'
[19.348s] Level 1:colcon.colcon_core.environment:create_file_with_runtime_dependencies(/home/kevo/ros_ws/src/ros_arm/install/ros_arm_bringup/share/colcon-core/packages/ros_arm_bringup)
[19.360s] Level 1:colcon.colcon_core.environment:create_environment_scripts_only(ros_arm_moveit_config)
[19.369s] DEBUG:colcon.colcon_core.event_handler.log_command:Invoked command in '/home/kevo/ros_ws/src/ros_arm/build/ros_arm_moveit_config' returned '0': CMAKE_PREFIX_PATH=/home/kevo/ros_ws/src/ros_arm/install/ros_arm_description:/home/kevo/ros_ws/src/ros_arm/install/ros_arm_moveit_config:/home/kevo/ros_ws/src/ros_arm/install/ros_arm_bringup:/home/kevo/ros_ws/src/ros_arm/install/hello_moveit:/home/kevo/ros2_ws/install/ros2_control_demo_example_6:/home/kevo/ros2_ws/install/ros2_control_demo_example_5:/home/kevo/ros2_ws/install/ros2_control_demo_example_4:/home/kevo/ros2_ws/install/ros2_control_demo_example_3:/home/kevo/ros2_ws/install/ros2_control_demo_example_2:/home/kevo/ros2_ws/install/ros2_control_demo_example_14:/home/kevo/ros2_ws/install/ros2_control_demo_example_10:/home/kevo/ros2_ws/install/ros2_control_demo_example_1:/home/kevo/ros2_ws/install/ros2_control_demo_description:/home/kevo/ros_ws/src/ai_based_sorting_robot_arm/install/robotic_arm_msgs:/home/kevo/ros_ws/src/ai_based_sorting_robot_arm/install/robotic_arm_moveit_config:/home/kevo/ros_ws/src/ai_based_sorting_robot_arm/install/robotic_arm_kinematics:/home/kevo/ros_ws/src/ai_based_sorting_robot_arm/install/robotic_arm_firmware:/home/kevo/ros_ws/src/ai_based_sorting_robot_arm/install/robotic_arm_description:/home/kevo/ros_ws/src/ai_based_sorting_robot_arm/install/robotic_arm_controllers:/home/kevo/ws_moveit2/install/pilz_industrial_motion_planner_testutils:/home/kevo/ws_moveit2/install/panda_moveit_config:/home/kevo/ws_moveit2/install/moveit_runtime:/home/kevo/ws_moveit2/install/moveit2_tutorials:/home/kevo/ws_moveit2/install/moveit:/home/kevo/ws_moveit2/install/moveit_planners:/home/kevo/ws_moveit2/install/pilz_industrial_motion_planner:/home/kevo/ws_moveit2/install/mtc_tutorial:/home/kevo/ws_moveit2/install/moveit_visual_tools:/home/kevo/ws_moveit2/install/moveit_task_constructor_visualization:/home/kevo/ws_moveit2/install/moveit_task_constructor_demo:/home/kevo/ws_moveit2/install/moveit_task_constructor_capabilities:/home/kevo/ws_moveit2/install/moveit_task_constructor_core:/home/kevo/ws_moveit2/install/moveit_ros_control_interface:/home/kevo/ws_moveit2/install/moveit_plugins:/home/kevo/ws_moveit2/install/moveit_simple_controller_manager:/home/kevo/ws_moveit2/install/moveit_setup_assistant:/home/kevo/ws_moveit2/install/moveit_setup_srdf_plugins:/home/kevo/ws_moveit2/install/moveit_setup_core_plugins:/home/kevo/ws_moveit2/install/moveit_setup_controllers:/home/kevo/ws_moveit2/install/moveit_setup_app_plugins:/home/kevo/ws_moveit2/install/moveit_setup_framework:/home/kevo/ws_moveit2/install/moveit_servo:/home/kevo/ws_moveit2/install/moveit_ros:/home/kevo/ws_moveit2/install/moveit_ros_visualization:/home/kevo/ws_moveit2/install/moveit_hybrid_planning:/home/kevo/ws_moveit2/install/moveit_ros_planning_interface:/home/kevo/ws_moveit2/install/moveit_ros_benchmarks:/home/kevo/ws_moveit2/install/moveit_ros_warehouse:/home/kevo/ws_moveit2/install/moveit_ros_robot_interaction:/home/kevo/ws_moveit2/install/moveit_ros_perception:/home/kevo/ws_moveit2/install/moveit_resources_prbt_pg70_support:/home/kevo/ws_moveit2/install/moveit_resources_prbt_moveit_config:/home/kevo/ws_moveit2/install/moveit_ros_move_group:/home/kevo/ws_moveit2/install/moveit_planners_ompl:/home/kevo/ws_moveit2/install/moveit_ros_planning:/home/kevo/ws_moveit2/install/moveit_ros_occupancy_map_monitor:/home/kevo/ws_moveit2/install/moveit_resources_prbt_ikfast_manipulator_plugin:/home/kevo/ws_moveit2/install/moveit_planners_chomp:/home/kevo/ws_moveit2/install/moveit_kinematics:/home/kevo/ws_moveit2/install/moveit_chomp_optimizer_adapter:/home/kevo/ws_moveit2/install/chomp_motion_planner:/home/kevo/ws_moveit2/install/moveit_core:/home/kevo/ws_moveit2/install/srdfdom:/home/kevo/ws_moveit2/install/rviz_marker_tools:/home/kevo/ws_moveit2/install/rosparam_shortcuts:/home/kevo/ws_moveit2/install/moveit_task_constructor_msgs:/home/kevo/ws_moveit2/install/moveit_resources_prbt_support:/home/kevo/ws_moveit2/install/moveit_resources:/home/kevo/ws_moveit2/install/moveit_resources_pr2_description:/home/kevo/ws_moveit2/install/moveit_resources_panda_moveit_config:/home/kevo/ws_moveit2/install/moveit_resources_panda_description:/home/kevo/ws_moveit2/install/moveit_resources_fanuc_moveit_config:/home/kevo/ws_moveit2/install/moveit_resources_fanuc_description:/home/kevo/ws_moveit2/install/moveit_common:/home/kevo/ros_ws/src/ai_based_sorting_robot_arm/install/robotic_arm_custom_nodes:/home/kevo/ws_moveit2/install/moveit_configs_utils:/home/kevo/ws_moveit2/install/launch_param_builder:/opt/ros/humble /usr/bin/cmake --install /home/kevo/ros_ws/src/ros_arm/build/ros_arm_moveit_config
[19.557s] Level 1:colcon.colcon_core.environment:checking '/home/kevo/ros_ws/src/ros_arm/install/ros_arm_moveit_config' for CMake module files
[19.559s] Level 1:colcon.colcon_core.environment:checking '/home/kevo/ros_ws/src/ros_arm/install/ros_arm_moveit_config' for CMake config files
[19.560s] Level 1:colcon.colcon_core.shell:create_environment_hook('ros_arm_moveit_config', 'cmake_prefix_path')
[19.750s] INFO:colcon.colcon_core.shell:Creating environment hook '/home/kevo/ros_ws/src/ros_arm/install/ros_arm_moveit_config/share/ros_arm_moveit_config/hook/cmake_prefix_path.ps1'
[19.751s] INFO:colcon.colcon_core.shell:Creating environment descriptor '/home/kevo/ros_ws/src/ros_arm/install/ros_arm_moveit_config/share/ros_arm_moveit_config/hook/cmake_prefix_path.dsv'
[19.766s] INFO:colcon.colcon_core.shell:Creating environment hook '/home/kevo/ros_ws/src/ros_arm/install/ros_arm_moveit_config/share/ros_arm_moveit_config/hook/cmake_prefix_path.sh'
[19.769s] Level 1:colcon.colcon_core.environment:checking '/home/kevo/ros_ws/src/ros_arm/install/ros_arm_moveit_config/bin'
[19.769s] Level 1:colcon.colcon_core.environment:checking '/home/kevo/ros_ws/src/ros_arm/install/ros_arm_moveit_config/lib/pkgconfig/ros_arm_moveit_config.pc'
[19.770s] Level 1:colcon.colcon_core.environment:checking '/home/kevo/ros_ws/src/ros_arm/install/ros_arm_moveit_config/lib/python3.10/site-packages'
[19.770s] Level 1:colcon.colcon_core.environment:checking '/home/kevo/ros_ws/src/ros_arm/install/ros_arm_moveit_config/bin'
[19.955s] INFO:colcon.colcon_core.shell:Creating package script '/home/kevo/ros_ws/src/ros_arm/install/ros_arm_moveit_config/share/ros_arm_moveit_config/package.ps1'
[19.970s] INFO:colcon.colcon_core.shell:Creating package descriptor '/home/kevo/ros_ws/src/ros_arm/install/ros_arm_moveit_config/share/ros_arm_moveit_config/package.dsv'
[19.973s] INFO:colcon.colcon_core.shell:Creating package script '/home/kevo/ros_ws/src/ros_arm/install/ros_arm_moveit_config/share/ros_arm_moveit_config/package.sh'
[19.984s] INFO:colcon.colcon_core.shell:Creating package script '/home/kevo/ros_ws/src/ros_arm/install/ros_arm_moveit_config/share/ros_arm_moveit_config/package.bash'
[19.986s] INFO:colcon.colcon_core.shell:Creating package script '/home/kevo/ros_ws/src/ros_arm/install/ros_arm_moveit_config/share/ros_arm_moveit_config/package.zsh'
[19.987s] Level 1:colcon.colcon_core.environment:create_file_with_runtime_dependencies(/home/kevo/ros_ws/src/ros_arm/install/ros_arm_moveit_config/share/colcon-core/packages/ros_arm_moveit_config)
[20.426s] Level 1:colcon.colcon_core.environment:create_environment_scripts_only(ros_arm_moveit_config)
[20.647s] Level 1:colcon.colcon_core.environment:checking '/home/kevo/ros_ws/src/ros_arm/install/ros_arm_moveit_config' for CMake module files
[20.660s] Level 1:colcon.colcon_core.environment:checking '/home/kevo/ros_ws/src/ros_arm/install/ros_arm_moveit_config' for CMake config files
[20.660s] Level 1:colcon.colcon_core.shell:create_environment_hook('ros_arm_moveit_config', 'cmake_prefix_path')
[20.886s] INFO:colcon.colcon_core.shell:Creating environment hook '/home/kevo/ros_ws/src/ros_arm/install/ros_arm_moveit_config/share/ros_arm_moveit_config/hook/cmake_prefix_path.ps1'
[20.899s] INFO:colcon.colcon_core.shell:Creating environment descriptor '/home/kevo/ros_ws/src/ros_arm/install/ros_arm_moveit_config/share/ros_arm_moveit_config/hook/cmake_prefix_path.dsv'
[20.904s] INFO:colcon.colcon_core.shell:Creating environment hook '/home/kevo/ros_ws/src/ros_arm/install/ros_arm_moveit_config/share/ros_arm_moveit_config/hook/cmake_prefix_path.sh'
[20.919s] Level 1:colcon.colcon_core.environment:checking '/home/kevo/ros_ws/src/ros_arm/install/ros_arm_moveit_config/bin'
[20.919s] Level 1:colcon.colcon_core.environment:checking '/home/kevo/ros_ws/src/ros_arm/install/ros_arm_moveit_config/lib/pkgconfig/ros_arm_moveit_config.pc'
[20.920s] Level 1:colcon.colcon_core.environment:checking '/home/kevo/ros_ws/src/ros_arm/install/ros_arm_moveit_config/lib/python3.10/site-packages'
[20.921s] Level 1:colcon.colcon_core.environment:checking '/home/kevo/ros_ws/src/ros_arm/install/ros_arm_moveit_config/bin'
[21.110s] INFO:colcon.colcon_core.shell:Creating package script '/home/kevo/ros_ws/src/ros_arm/install/ros_arm_moveit_config/share/ros_arm_moveit_config/package.ps1'
[21.112s] INFO:colcon.colcon_core.shell:Creating package descriptor '/home/kevo/ros_ws/src/ros_arm/install/ros_arm_moveit_config/share/ros_arm_moveit_config/package.dsv'
[21.115s] INFO:colcon.colcon_core.shell:Creating package script '/home/kevo/ros_ws/src/ros_arm/install/ros_arm_moveit_config/share/ros_arm_moveit_config/package.sh'
[21.117s] INFO:colcon.colcon_core.shell:Creating package script '/home/kevo/ros_ws/src/ros_arm/install/ros_arm_moveit_config/share/ros_arm_moveit_config/package.bash'
[21.122s] INFO:colcon.colcon_core.shell:Creating package script '/home/kevo/ros_ws/src/ros_arm/install/ros_arm_moveit_config/share/ros_arm_moveit_config/package.zsh'
[21.130s] Level 1:colcon.colcon_core.environment:create_file_with_runtime_dependencies(/home/kevo/ros_ws/src/ros_arm/install/ros_arm_moveit_config/share/colcon-core/packages/ros_arm_moveit_config)
[74.760s] DEBUG:colcon.colcon_core.event_handler.log_command:Invoked command in '/home/kevo/ros_ws/src/ros_arm/build/hello_moveit' returned '0': CMAKE_PREFIX_PATH=${CMAKE_PREFIX_PATH}:/home/kevo/ros_ws/src/ai_based_sorting_robot_arm/install/robotic_arm_custom_nodes:/home/kevo/ws_moveit2/install/moveit_configs_utils:/home/kevo/ws_moveit2/install/launch_param_builder:/opt/ros/humble /usr/bin/cmake --build /home/kevo/ros_ws/src/ros_arm/build/hello_moveit -- -j8 -l8
[74.911s] DEBUG:colcon.colcon_core.event_handler.log_command:Invoking command in '/home/kevo/ros_ws/src/ros_arm/build/hello_moveit': CMAKE_PREFIX_PATH=${CMAKE_PREFIX_PATH}:/home/kevo/ros_ws/src/ai_based_sorting_robot_arm/install/robotic_arm_custom_nodes:/home/kevo/ws_moveit2/install/moveit_configs_utils:/home/kevo/ws_moveit2/install/launch_param_builder:/opt/ros/humble /usr/bin/cmake --install /home/kevo/ros_ws/src/ros_arm/build/hello_moveit
[74.978s] Level 1:colcon.colcon_core.environment:create_environment_scripts_only(hello_moveit)
[74.981s] DEBUG:colcon.colcon_core.event_handler.log_command:Invoked command in '/home/kevo/ros_ws/src/ros_arm/build/hello_moveit' returned '0': CMAKE_PREFIX_PATH=${CMAKE_PREFIX_PATH}:/home/kevo/ros_ws/src/ai_based_sorting_robot_arm/install/robotic_arm_custom_nodes:/home/kevo/ws_moveit2/install/moveit_configs_utils:/home/kevo/ws_moveit2/install/launch_param_builder:/opt/ros/humble /usr/bin/cmake --install /home/kevo/ros_ws/src/ros_arm/build/hello_moveit
[75.046s] Level 1:colcon.colcon_core.environment:checking '/home/kevo/ros_ws/src/ros_arm/install/hello_moveit' for CMake module files
[75.047s] Level 1:colcon.colcon_core.environment:checking '/home/kevo/ros_ws/src/ros_arm/install/hello_moveit' for CMake config files
[75.048s] Level 1:colcon.colcon_core.shell:create_environment_hook('hello_moveit', 'cmake_prefix_path')
[75.098s] INFO:colcon.colcon_core.shell:Creating environment hook '/home/kevo/ros_ws/src/ros_arm/install/hello_moveit/share/hello_moveit/hook/cmake_prefix_path.ps1'
[75.100s] INFO:colcon.colcon_core.shell:Creating environment descriptor '/home/kevo/ros_ws/src/ros_arm/install/hello_moveit/share/hello_moveit/hook/cmake_prefix_path.dsv'
[75.105s] INFO:colcon.colcon_core.shell:Creating environment hook '/home/kevo/ros_ws/src/ros_arm/install/hello_moveit/share/hello_moveit/hook/cmake_prefix_path.sh'
[75.109s] Level 1:colcon.colcon_core.environment:checking '/home/kevo/ros_ws/src/ros_arm/install/hello_moveit/lib'
[75.111s] Level 1:colcon.colcon_core.environment:checking '/home/kevo/ros_ws/src/ros_arm/install/hello_moveit/bin'
[75.112s] Level 1:colcon.colcon_core.environment:checking '/home/kevo/ros_ws/src/ros_arm/install/hello_moveit/lib/pkgconfig/hello_moveit.pc'
[75.113s] Level 1:colcon.colcon_core.environment:checking '/home/kevo/ros_ws/src/ros_arm/install/hello_moveit/lib/python3.10/site-packages'
[75.114s] Level 1:colcon.colcon_core.environment:checking '/home/kevo/ros_ws/src/ros_arm/install/hello_moveit/bin'
[75.191s] INFO:colcon.colcon_core.shell:Creating package script '/home/kevo/ros_ws/src/ros_arm/install/hello_moveit/share/hello_moveit/package.ps1'
[75.196s] INFO:colcon.colcon_core.shell:Creating package descriptor '/home/kevo/ros_ws/src/ros_arm/install/hello_moveit/share/hello_moveit/package.dsv'
[75.205s] INFO:colcon.colcon_core.shell:Creating package script '/home/kevo/ros_ws/src/ros_arm/install/hello_moveit/share/hello_moveit/package.sh'
[75.207s] INFO:colcon.colcon_core.shell:Creating package script '/home/kevo/ros_ws/src/ros_arm/install/hello_moveit/share/hello_moveit/package.bash'
[75.208s] INFO:colcon.colcon_core.shell:Creating package script '/home/kevo/ros_ws/src/ros_arm/install/hello_moveit/share/hello_moveit/package.zsh'
[75.210s] Level 1:colcon.colcon_core.environment:create_file_with_runtime_dependencies(/home/kevo/ros_ws/src/ros_arm/install/hello_moveit/share/colcon-core/packages/hello_moveit)
[75.357s] Level 1:colcon.colcon_core.environment:create_environment_scripts_only(hello_moveit)
[75.435s] Level 1:colcon.colcon_core.environment:checking '/home/kevo/ros_ws/src/ros_arm/install/hello_moveit' for CMake module files
[75.436s] Level 1:colcon.colcon_core.environment:checking '/home/kevo/ros_ws/src/ros_arm/install/hello_moveit' for CMake config files
[75.436s] Level 1:colcon.colcon_core.shell:create_environment_hook('hello_moveit', 'cmake_prefix_path')
[75.488s] INFO:colcon.colcon_core.shell:Creating environment hook '/home/kevo/ros_ws/src/ros_arm/install/hello_moveit/share/hello_moveit/hook/cmake_prefix_path.ps1'
[75.493s] INFO:colcon.colcon_core.shell:Creating environment descriptor '/home/kevo/ros_ws/src/ros_arm/install/hello_moveit/share/hello_moveit/hook/cmake_prefix_path.dsv'
[75.502s] INFO:colcon.colcon_core.shell:Creating environment hook '/home/kevo/ros_ws/src/ros_arm/install/hello_moveit/share/hello_moveit/hook/cmake_prefix_path.sh'
[75.506s] Level 1:colcon.colcon_core.environment:checking '/home/kevo/ros_ws/src/ros_arm/install/hello_moveit/lib'
[75.506s] Level 1:colcon.colcon_core.environment:checking '/home/kevo/ros_ws/src/ros_arm/install/hello_moveit/bin'
[75.506s] Level 1:colcon.colcon_core.environment:checking '/home/kevo/ros_ws/src/ros_arm/install/hello_moveit/lib/pkgconfig/hello_moveit.pc'
[75.507s] Level 1:colcon.colcon_core.environment:checking '/home/kevo/ros_ws/src/ros_arm/install/hello_moveit/lib/python3.10/site-packages'
[75.508s] Level 1:colcon.colcon_core.environment:checking '/home/kevo/ros_ws/src/ros_arm/install/hello_moveit/bin'
[75.593s] INFO:colcon.colcon_core.shell:Creating package script '/home/kevo/ros_ws/src/ros_arm/install/hello_moveit/share/hello_moveit/package.ps1'
[75.603s] INFO:colcon.colcon_core.shell:Creating package descriptor '/home/kevo/ros_ws/src/ros_arm/install/hello_moveit/share/hello_moveit/package.dsv'
[75.605s] INFO:colcon.colcon_core.shell:Creating package script '/home/kevo/ros_ws/src/ros_arm/install/hello_moveit/share/hello_moveit/package.sh'
[75.607s] INFO:colcon.colcon_core.shell:Creating package script '/home/kevo/ros_ws/src/ros_arm/install/hello_moveit/share/hello_moveit/package.bash'
[75.608s] INFO:colcon.colcon_core.shell:Creating package script '/home/kevo/ros_ws/src/ros_arm/install/hello_moveit/share/hello_moveit/package.zsh'
[75.609s] Level 1:colcon.colcon_core.environment:create_file_with_runtime_dependencies(/home/kevo/ros_ws/src/ros_arm/install/hello_moveit/share/colcon-core/packages/hello_moveit)
[75.609s] DEBUG:colcon.colcon_parallel_executor.executor.parallel:closing loop
[75.610s] DEBUG:colcon.colcon_parallel_executor.executor.parallel:loop closed
[75.611s] DEBUG:colcon.colcon_parallel_executor.executor.parallel:run_until_complete finished with '0'
[75.611s] DEBUG:colcon.colcon_core.event_reactor:joining thread
[75.912s] INFO:colcon.colcon_core.plugin_system:Skipping extension 'colcon_notification.desktop_notification.notify_send': Could not find 'notify-send'
[75.913s] INFO:colcon.colcon_core.plugin_system:Skipping extension 'colcon_notification.desktop_notification.terminal_notifier': Not used on non-Darwin systems
[75.913s] INFO:colcon.colcon_core.plugin_system:Skipping extension 'colcon_notification.desktop_notification.win32': Not used on non-Windows systems
[75.914s] INFO:colcon.colcon_notification.desktop_notification:Sending desktop notification using 'notify2'
[75.914s] DEBUG:colcon.colcon_notification.desktop_notification.notify2:Failed to initialize notify2: org.freedesktop.DBus.Error.FileNotFound: Failed to connect to socket /run/user/1000/bus: No such file or directory
[75.914s] DEBUG:colcon.colcon_core.event_reactor:joined thread
[76.018s] INFO:colcon.colcon_core.shell:Creating prefix script '/home/kevo/ros_ws/src/ros_arm/install/local_setup.ps1'
[76.022s] INFO:colcon.colcon_core.shell:Creating prefix util module '/home/kevo/ros_ws/src/ros_arm/install/_local_setup_util_ps1.py'
[76.032s] INFO:colcon.colcon_core.shell:Creating prefix chain script '/home/kevo/ros_ws/src/ros_arm/install/setup.ps1'
[76.108s] INFO:colcon.colcon_core.shell:Creating prefix script '/home/kevo/ros_ws/src/ros_arm/install/local_setup.sh'
[76.109s] INFO:colcon.colcon_core.shell:Creating prefix util module '/home/kevo/ros_ws/src/ros_arm/install/_local_setup_util_sh.py'
[76.110s] INFO:colcon.colcon_core.shell:Creating prefix chain script '/home/kevo/ros_ws/src/ros_arm/install/setup.sh'
[76.222s] INFO:colcon.colcon_core.shell:Creating prefix script '/home/kevo/ros_ws/src/ros_arm/install/local_setup.bash'
[76.224s] INFO:colcon.colcon_core.shell:Creating prefix chain script '/home/kevo/ros_ws/src/ros_arm/install/setup.bash'
[76.301s] INFO:colcon.colcon_core.shell:Creating prefix script '/home/kevo/ros_ws/src/ros_arm/install/local_setup.zsh'
[76.306s] INFO:colcon.colcon_core.shell:Creating prefix chain script '/home/kevo/ros_ws/src/ros_arm/install/setup.zsh'
