[0.940s] Invoking command in '/home/kevo/ros_ws/src/ros_arm/build/my_bot': CMAKE_PREFIX_PATH=${CMAKE_PREFIX_PATH}:/home/kevo/ws_moveit2/install/moveit_configs_utils:/home/kevo/ws_moveit2/install/launch_param_builder:/opt/ros/humble /usr/bin/cmake --build /home/kevo/ros_ws/src/ros_arm/build/my_bot -- -j8 -l8
[1.111s] Invoked command in '/home/kevo/ros_ws/src/ros_arm/build/my_bot' returned '0': CMAKE_PREFIX_PATH=${CMAKE_PREFIX_PATH}:/home/kevo/ws_moveit2/install/moveit_configs_utils:/home/kevo/ws_moveit2/install/launch_param_builder:/opt/ros/humble /usr/bin/cmake --build /home/kevo/ros_ws/src/ros_arm/build/my_bot -- -j8 -l8
[1.293s] Invoking command in '/home/kevo/ros_ws/src/ros_arm/build/my_bot': CMAKE_PREFIX_PATH=${CMAKE_PREFIX_PATH}:/home/kevo/ws_moveit2/install/moveit_configs_utils:/home/kevo/ws_moveit2/install/launch_param_builder:/opt/ros/humble /usr/bin/cmake --install /home/kevo/ros_ws/src/ros_arm/build/my_bot
[1.308s] -- Install configuration: ""
[1.309s] -- Up-to-date: /home/kevo/ros_ws/src/ros_arm/install/my_bot/share/my_bot/config
[1.309s] -- Up-to-date: /home/kevo/ros_ws/src/ros_arm/install/my_bot/share/my_bot/config/empty.yaml
[1.309s] -- Up-to-date: /home/kevo/ros_ws/src/ros_arm/install/my_bot/share/my_bot/config/my_controllers.yaml
[1.310s] -- Up-to-date: /home/kevo/ros_ws/src/ros_arm/install/my_bot/share/my_bot/config/view_bot.rviz
[1.310s] -- Up-to-date: /home/kevo/ros_ws/src/ros_arm/install/my_bot/share/my_bot/description
[1.310s] -- Up-to-date: /home/kevo/ros_ws/src/ros_arm/install/my_bot/share/my_bot/description/inertial_macros.xacro
[1.311s] -- Up-to-date: /home/kevo/ros_ws/src/ros_arm/install/my_bot/share/my_bot/description/robot_core.xacro
[1.311s] -- Up-to-date: /home/kevo/ros_ws/src/ros_arm/install/my_bot/share/my_bot/description/robot.urdf.xacro
[1.311s] -- Up-to-date: /home/kevo/ros_ws/src/ros_arm/install/my_bot/share/my_bot/description/ros2_control.xacro
[1.312s] -- Up-to-date: /home/kevo/ros_ws/src/ros_arm/install/my_bot/share/my_bot/description/gazebo_control.xacro
[1.312s] -- Up-to-date: /home/kevo/ros_ws/src/ros_arm/install/my_bot/share/my_bot/launch
[1.313s] -- Up-to-date: /home/kevo/ros_ws/src/ros_arm/install/my_bot/share/my_bot/launch/rsp.launch.py
[1.314s] -- Up-to-date: /home/kevo/ros_ws/src/ros_arm/install/my_bot/share/my_bot/launch/launch_sim.launch.py
[1.315s] -- Up-to-date: /home/kevo/ros_ws/src/ros_arm/install/my_bot/share/my_bot/worlds
[1.316s] -- Up-to-date: /home/kevo/ros_ws/src/ros_arm/install/my_bot/share/my_bot/worlds/empty.world
[1.318s] -- Up-to-date: /home/kevo/ros_ws/src/ros_arm/install/my_bot/share/ament_index/resource_index/package_run_dependencies/my_bot
[1.319s] -- Up-to-date: /home/kevo/ros_ws/src/ros_arm/install/my_bot/share/ament_index/resource_index/parent_prefix_path/my_bot
[1.319s] -- Up-to-date: /home/kevo/ros_ws/src/ros_arm/install/my_bot/share/my_bot/environment/ament_prefix_path.sh
[1.320s] -- Up-to-date: /home/kevo/ros_ws/src/ros_arm/install/my_bot/share/my_bot/environment/ament_prefix_path.dsv
[1.320s] -- Up-to-date: /home/kevo/ros_ws/src/ros_arm/install/my_bot/share/my_bot/environment/path.sh
[1.321s] -- Up-to-date: /home/kevo/ros_ws/src/ros_arm/install/my_bot/share/my_bot/environment/path.dsv
[1.321s] -- Up-to-date: /home/kevo/ros_ws/src/ros_arm/install/my_bot/share/my_bot/local_setup.bash
[1.322s] -- Up-to-date: /home/kevo/ros_ws/src/ros_arm/install/my_bot/share/my_bot/local_setup.sh
[1.322s] -- Up-to-date: /home/kevo/ros_ws/src/ros_arm/install/my_bot/share/my_bot/local_setup.zsh
[1.322s] -- Up-to-date: /home/kevo/ros_ws/src/ros_arm/install/my_bot/share/my_bot/local_setup.dsv
[1.323s] -- Installing: /home/kevo/ros_ws/src/ros_arm/install/my_bot/share/my_bot/package.dsv
[1.324s] -- Up-to-date: /home/kevo/ros_ws/src/ros_arm/install/my_bot/share/ament_index/resource_index/packages/my_bot
[1.324s] -- Up-to-date: /home/kevo/ros_ws/src/ros_arm/install/my_bot/share/my_bot/cmake/my_botConfig.cmake
[1.326s] -- Up-to-date: /home/kevo/ros_ws/src/ros_arm/install/my_bot/share/my_bot/cmake/my_botConfig-version.cmake
[1.326s] -- Up-to-date: /home/kevo/ros_ws/src/ros_arm/install/my_bot/share/my_bot/package.xml
[1.775s] Invoked command in '/home/kevo/ros_ws/src/ros_arm/build/my_bot' returned '0': CMAKE_PREFIX_PATH=${CMAKE_PREFIX_PATH}:/home/kevo/ws_moveit2/install/moveit_configs_utils:/home/kevo/ws_moveit2/install/launch_param_builder:/opt/ros/humble /usr/bin/cmake --install /home/kevo/ros_ws/src/ros_arm/build/my_bot
