[2.519s] Invoking command in '/home/kevo/ros_ws/src/ros_arm/build/diff_bot': CMAKE_PREFIX_PATH=${CMAKE_PREFIX_PATH}:/home/kevo/ws_moveit2/install/moveit_configs_utils:/home/kevo/ws_moveit2/install/launch_param_builder:/opt/ros/humble /usr/bin/cmake --build /home/kevo/ros_ws/src/ros_arm/build/diff_bot -- -j8 -l8
[2.723s] Invoked command in '/home/kevo/ros_ws/src/ros_arm/build/diff_bot' returned '0': CMAKE_PREFIX_PATH=${CMAKE_PREFIX_PATH}:/home/kevo/ws_moveit2/install/moveit_configs_utils:/home/kevo/ws_moveit2/install/launch_param_builder:/opt/ros/humble /usr/bin/cmake --build /home/kevo/ros_ws/src/ros_arm/build/diff_bot -- -j8 -l8
[2.881s] Invoking command in '/home/kevo/ros_ws/src/ros_arm/build/diff_bot': CMAKE_PREFIX_PATH=${CMAKE_PREFIX_PATH}:/home/kevo/ws_moveit2/install/moveit_configs_utils:/home/kevo/ws_moveit2/install/launch_param_builder:/opt/ros/humble /usr/bin/cmake --install /home/kevo/ros_ws/src/ros_arm/build/diff_bot
[3.014s] -- Install configuration: ""
[3.017s] -- Up-to-date: /home/kevo/ros_ws/src/ros_arm/install/diff_bot/share/diff_bot/config
[3.019s] -- Up-to-date: /home/kevo/ros_ws/src/ros_arm/install/diff_bot/share/diff_bot/config/empty.yaml
[3.019s] -- Up-to-date: /home/kevo/ros_ws/src/ros_arm/install/diff_bot/share/diff_bot/config/diffbot_controllers.yaml
[3.023s] -- Up-to-date: /home/kevo/ros_ws/src/ros_arm/install/diff_bot/share/diff_bot/description
[3.024s] -- Up-to-date: /home/kevo/ros_ws/src/ros_arm/install/diff_bot/share/diff_bot/description/diffbot_description.urdf.xacro
[3.026s] -- Up-to-date: /home/kevo/ros_ws/src/ros_arm/install/diff_bot/share/diff_bot/description/robot.urdf.xacro
[3.027s] -- Up-to-date: /home/kevo/ros_ws/src/ros_arm/install/diff_bot/share/diff_bot/description/diffbot.materials.xacro
[3.028s] -- Up-to-date: /home/kevo/ros_ws/src/ros_arm/install/diff_bot/share/diff_bot/description/diffbot.ros2_control.xacro
[3.028s] -- Up-to-date: /home/kevo/ros_ws/src/ros_arm/install/diff_bot/share/diff_bot/launch
[3.029s] -- Up-to-date: /home/kevo/ros_ws/src/ros_arm/install/diff_bot/share/diff_bot/launch/rsp.launch.py
[3.029s] -- Up-to-date: /home/kevo/ros_ws/src/ros_arm/install/diff_bot/share/diff_bot/launch/launch_sim.launch.py
[3.030s] -- Up-to-date: /home/kevo/ros_ws/src/ros_arm/install/diff_bot/share/diff_bot/worlds
[3.030s] -- Up-to-date: /home/kevo/ros_ws/src/ros_arm/install/diff_bot/share/diff_bot/worlds/empty.world
[3.031s] -- Up-to-date: /home/kevo/ros_ws/src/ros_arm/install/diff_bot/share/ament_index/resource_index/package_run_dependencies/diff_bot
[3.032s] -- Up-to-date: /home/kevo/ros_ws/src/ros_arm/install/diff_bot/share/ament_index/resource_index/parent_prefix_path/diff_bot
[3.033s] -- Up-to-date: /home/kevo/ros_ws/src/ros_arm/install/diff_bot/share/diff_bot/environment/ament_prefix_path.sh
[3.034s] -- Up-to-date: /home/kevo/ros_ws/src/ros_arm/install/diff_bot/share/diff_bot/environment/ament_prefix_path.dsv
[3.034s] -- Up-to-date: /home/kevo/ros_ws/src/ros_arm/install/diff_bot/share/diff_bot/environment/path.sh
[3.035s] -- Up-to-date: /home/kevo/ros_ws/src/ros_arm/install/diff_bot/share/diff_bot/environment/path.dsv
[3.035s] -- Up-to-date: /home/kevo/ros_ws/src/ros_arm/install/diff_bot/share/diff_bot/local_setup.bash
[3.036s] -- Up-to-date: /home/kevo/ros_ws/src/ros_arm/install/diff_bot/share/diff_bot/local_setup.sh
[3.039s] -- Up-to-date: /home/kevo/ros_ws/src/ros_arm/install/diff_bot/share/diff_bot/local_setup.zsh
[3.039s] -- Up-to-date: /home/kevo/ros_ws/src/ros_arm/install/diff_bot/share/diff_bot/local_setup.dsv
[3.040s] -- Installing: /home/kevo/ros_ws/src/ros_arm/install/diff_bot/share/diff_bot/package.dsv
[3.040s] -- Up-to-date: /home/kevo/ros_ws/src/ros_arm/install/diff_bot/share/ament_index/resource_index/packages/diff_bot
[3.040s] -- Up-to-date: /home/kevo/ros_ws/src/ros_arm/install/diff_bot/share/diff_bot/cmake/diff_botConfig.cmake
[3.041s] -- Up-to-date: /home/kevo/ros_ws/src/ros_arm/install/diff_bot/share/diff_bot/cmake/diff_botConfig-version.cmake
[3.041s] -- Up-to-date: /home/kevo/ros_ws/src/ros_arm/install/diff_bot/share/diff_bot/package.xml
[3.582s] Invoked command in '/home/kevo/ros_ws/src/ros_arm/build/diff_bot' returned '0': CMAKE_PREFIX_PATH=${CMAKE_PREFIX_PATH}:/home/kevo/ws_moveit2/install/moveit_configs_utils:/home/kevo/ws_moveit2/install/launch_param_builder:/opt/ros/humble /usr/bin/cmake --install /home/kevo/ros_ws/src/ros_arm/build/diff_bot
