[2.532s] Invoking command in '/home/kevo/ros_ws/src/ros_arm/build/cpp_pubsub': CMAKE_PREFIX_PATH=${CMAKE_PREFIX_PATH}:/home/kevo/ws_moveit2/install/moveit_configs_utils:/home/kevo/ws_moveit2/install/launch_param_builder:/opt/ros/humble /usr/bin/cmake --build /home/kevo/ros_ws/src/ros_arm/build/cpp_pubsub -- -j8 -l8
[2.761s] [ 50%] Built target talker
[2.776s] [100%] Built target listener
[2.858s] Invoked command in '/home/kevo/ros_ws/src/ros_arm/build/cpp_pubsub' returned '0': CMAKE_PREFIX_PATH=${CMAKE_PREFIX_PATH}:/home/kevo/ws_moveit2/install/moveit_configs_utils:/home/kevo/ws_moveit2/install/launch_param_builder:/opt/ros/humble /usr/bin/cmake --build /home/kevo/ros_ws/src/ros_arm/build/cpp_pubsub -- -j8 -l8
[3.392s] Invoking command in '/home/kevo/ros_ws/src/ros_arm/build/cpp_pubsub': CMAKE_PREFIX_PATH=${CMAKE_PREFIX_PATH}:/home/kevo/ws_moveit2/install/moveit_configs_utils:/home/kevo/ws_moveit2/install/launch_param_builder:/opt/ros/humble /usr/bin/cmake --install /home/kevo/ros_ws/src/ros_arm/build/cpp_pubsub
[3.427s] -- Install configuration: ""
[3.428s] -- Up-to-date: /home/kevo/ros_ws/src/ros_arm/install/cpp_pubsub/lib/cpp_pubsub/talker
[3.428s] -- Up-to-date: /home/kevo/ros_ws/src/ros_arm/install/cpp_pubsub/lib/cpp_pubsub/listener
[3.429s] -- Up-to-date: /home/kevo/ros_ws/src/ros_arm/install/cpp_pubsub/share/ament_index/resource_index/package_run_dependencies/cpp_pubsub
[3.429s] -- Up-to-date: /home/kevo/ros_ws/src/ros_arm/install/cpp_pubsub/share/ament_index/resource_index/parent_prefix_path/cpp_pubsub
[3.430s] -- Up-to-date: /home/kevo/ros_ws/src/ros_arm/install/cpp_pubsub/share/cpp_pubsub/environment/ament_prefix_path.sh
[3.430s] -- Up-to-date: /home/kevo/ros_ws/src/ros_arm/install/cpp_pubsub/share/cpp_pubsub/environment/ament_prefix_path.dsv
[3.430s] -- Up-to-date: /home/kevo/ros_ws/src/ros_arm/install/cpp_pubsub/share/cpp_pubsub/environment/path.sh
[3.431s] -- Up-to-date: /home/kevo/ros_ws/src/ros_arm/install/cpp_pubsub/share/cpp_pubsub/environment/path.dsv
[3.433s] -- Up-to-date: /home/kevo/ros_ws/src/ros_arm/install/cpp_pubsub/share/cpp_pubsub/local_setup.bash
[3.436s] -- Up-to-date: /home/kevo/ros_ws/src/ros_arm/install/cpp_pubsub/share/cpp_pubsub/local_setup.sh
[3.436s] -- Up-to-date: /home/kevo/ros_ws/src/ros_arm/install/cpp_pubsub/share/cpp_pubsub/local_setup.zsh
[3.438s] -- Up-to-date: /home/kevo/ros_ws/src/ros_arm/install/cpp_pubsub/share/cpp_pubsub/local_setup.dsv
[3.439s] -- Installing: /home/kevo/ros_ws/src/ros_arm/install/cpp_pubsub/share/cpp_pubsub/package.dsv
[3.441s] -- Up-to-date: /home/kevo/ros_ws/src/ros_arm/install/cpp_pubsub/share/ament_index/resource_index/packages/cpp_pubsub
[3.443s] -- Up-to-date: /home/kevo/ros_ws/src/ros_arm/install/cpp_pubsub/share/cpp_pubsub/cmake/cpp_pubsubConfig.cmake
[3.445s] -- Up-to-date: /home/kevo/ros_ws/src/ros_arm/install/cpp_pubsub/share/cpp_pubsub/cmake/cpp_pubsubConfig-version.cmake
[3.445s] -- Up-to-date: /home/kevo/ros_ws/src/ros_arm/install/cpp_pubsub/share/cpp_pubsub/package.xml
[5.621s] Invoked command in '/home/kevo/ros_ws/src/ros_arm/build/cpp_pubsub' returned '0': CMAKE_PREFIX_PATH=${CMAKE_PREFIX_PATH}:/home/kevo/ws_moveit2/install/moveit_configs_utils:/home/kevo/ws_moveit2/install/launch_param_builder:/opt/ros/humble /usr/bin/cmake --install /home/kevo/ros_ws/src/ros_arm/build/cpp_pubsub
