[10.495s] DEBUG:colcon:Command line arguments: ['/usr/bin/colcon', 'build', '--packages-select', 'ros_arm_kdl']
[10.495s] DEBUG:colcon:Parsed command line arguments: Namespace(log_base=None, log_level=None, verb_name='build', build_base='build', install_base='install', merge_install=False, symlink_install=False, test_result_base=None, continue_on_error=False, executor='parallel', parallel_workers=8, event_handlers=None, ignore_user_meta=False, metas=['./colcon.meta'], base_paths=['.'], packages_ignore=None, packages_ignore_regex=None, paths=None, packages_up_to=None, packages_up_to_regex=None, packages_above=None, packages_above_and_dependencies=None, packages_above_depth=None, packages_select_by_dep=None, packages_skip_by_dep=None, packages_skip_up_to=None, packages_select_build_failed=False, packages_skip_build_finished=False, packages_select_test_failures=False, packages_skip_test_passed=False, packages_select=['ros_arm_kdl'], packages_skip=None, packages_select_regex=None, packages_skip_regex=None, packages_start=None, packages_end=None, allow_overriding=[], cmake_args=None, cmake_target=None, cmake_target_skip_unavailable=False, cmake_clean_cache=False, cmake_clean_first=False, cmake_force_configure=False, ament_cmake_args=None, catkin_cmake_args=None, catkin_skip_building_tests=False, mixin_files=None, mixin=None, verb_parser=<colcon_mixin.mixin.mixin_argument.MixinArgumentDecorator object at 0x7f0c9392c760>, verb_extension=<colcon_core.verb.build.BuildVerb object at 0x7f0c93d91f00>, main=<bound method BuildVerb.main of <colcon_core.verb.build.BuildVerb object at 0x7f0c93d91f00>>, mixin_verb=('build',))
[10.972s] Level 1:colcon.colcon_core.package_discovery:discover_packages(colcon_meta) check parameters
[10.973s] Level 1:colcon.colcon_core.package_discovery:discover_packages(recursive) check parameters
[10.973s] Level 1:colcon.colcon_core.package_discovery:discover_packages(ignore) check parameters
[10.973s] Level 1:colcon.colcon_core.package_discovery:discover_packages(path) check parameters
[10.973s] Level 1:colcon.colcon_core.package_discovery:discover_packages(colcon_meta) discover
[10.973s] Level 1:colcon.colcon_core.package_discovery:discover_packages(recursive) discover
[10.973s] INFO:colcon.colcon_core.package_discovery:Crawling recursively for packages in '/home/kevo/ros_ws/src/ros_arm'
[10.974s] Level 1:colcon.colcon_core.package_identification:_identify(.) by extensions ['ignore', 'ignore_ament_install']
[10.974s] Level 1:colcon.colcon_core.package_identification:_identify(.) by extension 'ignore'
[10.974s] Level 1:colcon.colcon_core.package_identification:_identify(.) by extension 'ignore_ament_install'
[10.975s] Level 1:colcon.colcon_core.package_identification:_identify(.) by extensions ['colcon_pkg']
[10.975s] Level 1:colcon.colcon_core.package_identification:_identify(.) by extension 'colcon_pkg'
[10.975s] Level 1:colcon.colcon_core.package_identification:_identify(.) by extensions ['colcon_meta']
[10.976s] Level 1:colcon.colcon_core.package_identification:_identify(.) by extension 'colcon_meta'
[10.977s] Level 1:colcon.colcon_core.package_identification:_identify(.) by extensions ['ros']
[10.978s] Level 1:colcon.colcon_core.package_identification:_identify(.) by extension 'ros'
[11.064s] Level 1:colcon.colcon_core.package_identification:_identify(.) by extensions ['cmake', 'python']
[11.064s] Level 1:colcon.colcon_core.package_identification:_identify(.) by extension 'cmake'
[11.065s] Level 1:colcon.colcon_core.package_identification:_identify(.) by extension 'python'
[11.066s] Level 1:colcon.colcon_core.package_identification:_identify(.) by extensions ['python_setup_py']
[11.066s] Level 1:colcon.colcon_core.package_identification:_identify(.) by extension 'python_setup_py'
[11.068s] Level 1:colcon.colcon_core.package_identification:_identify(build) by extensions ['ignore', 'ignore_ament_install']
[11.069s] Level 1:colcon.colcon_core.package_identification:_identify(build) by extension 'ignore'
[11.069s] Level 1:colcon.colcon_core.package_identification:_identify(build) ignored
[11.070s] Level 1:colcon.colcon_core.package_identification:_identify(install) by extensions ['ignore', 'ignore_ament_install']
[11.071s] Level 1:colcon.colcon_core.package_identification:_identify(install) by extension 'ignore'
[11.071s] Level 1:colcon.colcon_core.package_identification:_identify(install) ignored
[11.072s] Level 1:colcon.colcon_core.package_identification:_identify(log) by extensions ['ignore', 'ignore_ament_install']
[11.073s] Level 1:colcon.colcon_core.package_identification:_identify(log) by extension 'ignore'
[11.073s] Level 1:colcon.colcon_core.package_identification:_identify(log) ignored
[11.073s] Level 1:colcon.colcon_core.package_identification:_identify(src) by extensions ['ignore', 'ignore_ament_install']
[11.074s] Level 1:colcon.colcon_core.package_identification:_identify(src) by extension 'ignore'
[11.074s] Level 1:colcon.colcon_core.package_identification:_identify(src) by extension 'ignore_ament_install'
[11.074s] Level 1:colcon.colcon_core.package_identification:_identify(src) by extensions ['colcon_pkg']
[11.074s] Level 1:colcon.colcon_core.package_identification:_identify(src) by extension 'colcon_pkg'
[11.074s] Level 1:colcon.colcon_core.package_identification:_identify(src) by extensions ['colcon_meta']
[11.075s] Level 1:colcon.colcon_core.package_identification:_identify(src) by extension 'colcon_meta'
[11.075s] Level 1:colcon.colcon_core.package_identification:_identify(src) by extensions ['ros']
[11.075s] Level 1:colcon.colcon_core.package_identification:_identify(src) by extension 'ros'
[11.076s] Level 1:colcon.colcon_core.package_identification:_identify(src) by extensions ['cmake', 'python']
[11.078s] Level 1:colcon.colcon_core.package_identification:_identify(src) by extension 'cmake'
[11.079s] Level 1:colcon.colcon_core.package_identification:_identify(src) by extension 'python'
[11.079s] Level 1:colcon.colcon_core.package_identification:_identify(src) by extensions ['python_setup_py']
[11.079s] Level 1:colcon.colcon_core.package_identification:_identify(src) by extension 'python_setup_py'
[11.080s] Level 1:colcon.colcon_core.package_identification:_identify(src/cpp_pubsub) by extensions ['ignore', 'ignore_ament_install']
[11.080s] Level 1:colcon.colcon_core.package_identification:_identify(src/cpp_pubsub) by extension 'ignore'
[11.080s] Level 1:colcon.colcon_core.package_identification:_identify(src/cpp_pubsub) by extension 'ignore_ament_install'
[11.081s] Level 1:colcon.colcon_core.package_identification:_identify(src/cpp_pubsub) by extensions ['colcon_pkg']
[11.081s] Level 1:colcon.colcon_core.package_identification:_identify(src/cpp_pubsub) by extension 'colcon_pkg'
[11.081s] Level 1:colcon.colcon_core.package_identification:_identify(src/cpp_pubsub) by extensions ['colcon_meta']
[11.081s] Level 1:colcon.colcon_core.package_identification:_identify(src/cpp_pubsub) by extension 'colcon_meta'
[11.081s] Level 1:colcon.colcon_core.package_identification:_identify(src/cpp_pubsub) by extensions ['ros']
[11.081s] Level 1:colcon.colcon_core.package_identification:_identify(src/cpp_pubsub) by extension 'ros'
[11.102s] DEBUG:colcon.colcon_core.package_identification:Package 'src/cpp_pubsub' with type 'ros.ament_cmake' and name 'cpp_pubsub'
[11.103s] Level 1:colcon.colcon_core.package_identification:_identify(src/diff_bot) by extensions ['ignore', 'ignore_ament_install']
[11.107s] Level 1:colcon.colcon_core.package_identification:_identify(src/diff_bot) by extension 'ignore'
[11.108s] Level 1:colcon.colcon_core.package_identification:_identify(src/diff_bot) by extension 'ignore_ament_install'
[11.108s] Level 1:colcon.colcon_core.package_identification:_identify(src/diff_bot) by extensions ['colcon_pkg']
[11.108s] Level 1:colcon.colcon_core.package_identification:_identify(src/diff_bot) by extension 'colcon_pkg'
[11.108s] Level 1:colcon.colcon_core.package_identification:_identify(src/diff_bot) by extensions ['colcon_meta']
[11.108s] Level 1:colcon.colcon_core.package_identification:_identify(src/diff_bot) by extension 'colcon_meta'
[11.109s] Level 1:colcon.colcon_core.package_identification:_identify(src/diff_bot) by extensions ['ros']
[11.109s] Level 1:colcon.colcon_core.package_identification:_identify(src/diff_bot) by extension 'ros'
[11.112s] DEBUG:colcon.colcon_core.package_identification:Package 'src/diff_bot' with type 'ros.ament_cmake' and name 'diff_bot'
[11.113s] Level 1:colcon.colcon_core.package_identification:_identify(src/hello_moveit) by extensions ['ignore', 'ignore_ament_install']
[11.113s] Level 1:colcon.colcon_core.package_identification:_identify(src/hello_moveit) by extension 'ignore'
[11.113s] Level 1:colcon.colcon_core.package_identification:_identify(src/hello_moveit) by extension 'ignore_ament_install'
[11.114s] Level 1:colcon.colcon_core.package_identification:_identify(src/hello_moveit) by extensions ['colcon_pkg']
[11.114s] Level 1:colcon.colcon_core.package_identification:_identify(src/hello_moveit) by extension 'colcon_pkg'
[11.114s] Level 1:colcon.colcon_core.package_identification:_identify(src/hello_moveit) by extensions ['colcon_meta']
[11.114s] Level 1:colcon.colcon_core.package_identification:_identify(src/hello_moveit) by extension 'colcon_meta'
[11.114s] Level 1:colcon.colcon_core.package_identification:_identify(src/hello_moveit) by extensions ['ros']
[11.115s] Level 1:colcon.colcon_core.package_identification:_identify(src/hello_moveit) by extension 'ros'
[11.119s] DEBUG:colcon.colcon_core.package_identification:Package 'src/hello_moveit' with type 'ros.ament_cmake' and name 'hello_moveit'
[11.119s] Level 1:colcon.colcon_core.package_identification:_identify(src/my_bot) by extensions ['ignore', 'ignore_ament_install']
[11.119s] Level 1:colcon.colcon_core.package_identification:_identify(src/my_bot) by extension 'ignore'
[11.120s] Level 1:colcon.colcon_core.package_identification:_identify(src/my_bot) by extension 'ignore_ament_install'
[11.120s] Level 1:colcon.colcon_core.package_identification:_identify(src/my_bot) by extensions ['colcon_pkg']
[11.120s] Level 1:colcon.colcon_core.package_identification:_identify(src/my_bot) by extension 'colcon_pkg'
[11.120s] Level 1:colcon.colcon_core.package_identification:_identify(src/my_bot) by extensions ['colcon_meta']
[11.120s] Level 1:colcon.colcon_core.package_identification:_identify(src/my_bot) by extension 'colcon_meta'
[11.120s] Level 1:colcon.colcon_core.package_identification:_identify(src/my_bot) by extensions ['ros']
[11.120s] Level 1:colcon.colcon_core.package_identification:_identify(src/my_bot) by extension 'ros'
[11.122s] DEBUG:colcon.colcon_core.package_identification:Package 'src/my_bot' with type 'ros.ament_cmake' and name 'my_bot'
[11.122s] Level 1:colcon.colcon_core.package_identification:_identify(src/new_bot) by extensions ['ignore', 'ignore_ament_install']
[11.123s] Level 1:colcon.colcon_core.package_identification:_identify(src/new_bot) by extension 'ignore'
[11.123s] Level 1:colcon.colcon_core.package_identification:_identify(src/new_bot) by extension 'ignore_ament_install'
[11.124s] Level 1:colcon.colcon_core.package_identification:_identify(src/new_bot) by extensions ['colcon_pkg']
[11.125s] Level 1:colcon.colcon_core.package_identification:_identify(src/new_bot) by extension 'colcon_pkg'
[11.126s] Level 1:colcon.colcon_core.package_identification:_identify(src/new_bot) by extensions ['colcon_meta']
[11.126s] Level 1:colcon.colcon_core.package_identification:_identify(src/new_bot) by extension 'colcon_meta'
[11.127s] Level 1:colcon.colcon_core.package_identification:_identify(src/new_bot) by extensions ['ros']
[11.127s] Level 1:colcon.colcon_core.package_identification:_identify(src/new_bot) by extension 'ros'
[11.133s] DEBUG:colcon.colcon_core.package_identification:Package 'src/new_bot' with type 'ros.ament_cmake' and name 'new_bot'
[11.134s] Level 1:colcon.colcon_core.package_identification:_identify(src/ros_arm_bringup) by extensions ['ignore', 'ignore_ament_install']
[11.134s] Level 1:colcon.colcon_core.package_identification:_identify(src/ros_arm_bringup) by extension 'ignore'
[11.134s] Level 1:colcon.colcon_core.package_identification:_identify(src/ros_arm_bringup) by extension 'ignore_ament_install'
[11.135s] Level 1:colcon.colcon_core.package_identification:_identify(src/ros_arm_bringup) by extensions ['colcon_pkg']
[11.135s] Level 1:colcon.colcon_core.package_identification:_identify(src/ros_arm_bringup) by extension 'colcon_pkg'
[11.135s] Level 1:colcon.colcon_core.package_identification:_identify(src/ros_arm_bringup) by extensions ['colcon_meta']
[11.135s] Level 1:colcon.colcon_core.package_identification:_identify(src/ros_arm_bringup) by extension 'colcon_meta'
[11.135s] Level 1:colcon.colcon_core.package_identification:_identify(src/ros_arm_bringup) by extensions ['ros']
[11.136s] Level 1:colcon.colcon_core.package_identification:_identify(src/ros_arm_bringup) by extension 'ros'
[11.139s] DEBUG:colcon.colcon_core.package_identification:Package 'src/ros_arm_bringup' with type 'ros.ament_cmake' and name 'ros_arm_bringup'
[11.140s] Level 1:colcon.colcon_core.package_identification:_identify(src/ros_arm_description) by extensions ['ignore', 'ignore_ament_install']
[11.140s] Level 1:colcon.colcon_core.package_identification:_identify(src/ros_arm_description) by extension 'ignore'
[11.140s] Level 1:colcon.colcon_core.package_identification:_identify(src/ros_arm_description) by extension 'ignore_ament_install'
[11.141s] Level 1:colcon.colcon_core.package_identification:_identify(src/ros_arm_description) by extensions ['colcon_pkg']
[11.141s] Level 1:colcon.colcon_core.package_identification:_identify(src/ros_arm_description) by extension 'colcon_pkg'
[11.141s] Level 1:colcon.colcon_core.package_identification:_identify(src/ros_arm_description) by extensions ['colcon_meta']
[11.141s] Level 1:colcon.colcon_core.package_identification:_identify(src/ros_arm_description) by extension 'colcon_meta'
[11.141s] Level 1:colcon.colcon_core.package_identification:_identify(src/ros_arm_description) by extensions ['ros']
[11.141s] Level 1:colcon.colcon_core.package_identification:_identify(src/ros_arm_description) by extension 'ros'
[11.146s] DEBUG:colcon.colcon_core.package_identification:Package 'src/ros_arm_description' with type 'ros.ament_cmake' and name 'ros_arm_description'
[11.146s] Level 1:colcon.colcon_core.package_identification:_identify(src/ros_arm_kdl) by extensions ['ignore', 'ignore_ament_install']
[11.147s] Level 1:colcon.colcon_core.package_identification:_identify(src/ros_arm_kdl) by extension 'ignore'
[11.148s] Level 1:colcon.colcon_core.package_identification:_identify(src/ros_arm_kdl) by extension 'ignore_ament_install'
[11.148s] Level 1:colcon.colcon_core.package_identification:_identify(src/ros_arm_kdl) by extensions ['colcon_pkg']
[11.148s] Level 1:colcon.colcon_core.package_identification:_identify(src/ros_arm_kdl) by extension 'colcon_pkg'
[11.148s] Level 1:colcon.colcon_core.package_identification:_identify(src/ros_arm_kdl) by extensions ['colcon_meta']
[11.148s] Level 1:colcon.colcon_core.package_identification:_identify(src/ros_arm_kdl) by extension 'colcon_meta'
[11.148s] Level 1:colcon.colcon_core.package_identification:_identify(src/ros_arm_kdl) by extensions ['ros']
[11.148s] Level 1:colcon.colcon_core.package_identification:_identify(src/ros_arm_kdl) by extension 'ros'
[11.152s] DEBUG:colcon.colcon_core.package_identification:Package 'src/ros_arm_kdl' with type 'ros.ament_cmake' and name 'ros_arm_kdl'
[11.153s] Level 1:colcon.colcon_core.package_identification:_identify(src/ros_arm_moveit) by extensions ['ignore', 'ignore_ament_install']
[11.154s] Level 1:colcon.colcon_core.package_identification:_identify(src/ros_arm_moveit) by extension 'ignore'
[11.155s] Level 1:colcon.colcon_core.package_identification:_identify(src/ros_arm_moveit) by extension 'ignore_ament_install'
[11.155s] Level 1:colcon.colcon_core.package_identification:_identify(src/ros_arm_moveit) by extensions ['colcon_pkg']
[11.156s] Level 1:colcon.colcon_core.package_identification:_identify(src/ros_arm_moveit) by extension 'colcon_pkg'
[11.156s] Level 1:colcon.colcon_core.package_identification:_identify(src/ros_arm_moveit) by extensions ['colcon_meta']
[11.156s] Level 1:colcon.colcon_core.package_identification:_identify(src/ros_arm_moveit) by extension 'colcon_meta'
[11.157s] Level 1:colcon.colcon_core.package_identification:_identify(src/ros_arm_moveit) by extensions ['ros']
[11.158s] Level 1:colcon.colcon_core.package_identification:_identify(src/ros_arm_moveit) by extension 'ros'
[11.171s] DEBUG:colcon.colcon_core.package_identification:Package 'src/ros_arm_moveit' with type 'ros.ament_cmake' and name 'ros_arm_moveit'
[11.171s] Level 1:colcon.colcon_core.package_discovery:discover_packages(recursive) using defaults
[11.182s] Level 1:colcon.colcon_core.package_discovery:discover_packages(ignore) discover
[11.183s] Level 1:colcon.colcon_core.package_discovery:discover_packages(ignore) using defaults
[11.183s] Level 1:colcon.colcon_core.package_discovery:discover_packages(path) discover
[11.183s] Level 1:colcon.colcon_core.package_discovery:discover_packages(path) using defaults
[11.641s] INFO:colcon.colcon_core.package_selection:Skipping not selected package 'cpp_pubsub' in 'src/cpp_pubsub'
[11.641s] INFO:colcon.colcon_core.package_selection:Skipping not selected package 'diff_bot' in 'src/diff_bot'
[11.641s] INFO:colcon.colcon_core.package_selection:Skipping not selected package 'hello_moveit' in 'src/hello_moveit'
[11.641s] INFO:colcon.colcon_core.package_selection:Skipping not selected package 'my_bot' in 'src/my_bot'
[11.641s] INFO:colcon.colcon_core.package_selection:Skipping not selected package 'new_bot' in 'src/new_bot'
[11.642s] INFO:colcon.colcon_core.package_selection:Skipping not selected package 'ros_arm_description' in 'src/ros_arm_description'
[11.642s] INFO:colcon.colcon_core.package_selection:Skipping not selected package 'ros_arm_bringup' in 'src/ros_arm_bringup'
[11.642s] INFO:colcon.colcon_core.package_selection:Skipping not selected package 'ros_arm_moveit' in 'src/ros_arm_moveit'
[11.789s] Level 1:colcon.colcon_core.package_discovery:discover_packages(prefix_path) check parameters
[11.789s] Level 1:colcon.colcon_core.package_discovery:discover_packages(prefix_path) discover
[11.970s] DEBUG:colcon.colcon_installed_package_information.package_discovery:Found 9 installed packages in /home/kevo/ros_ws/src/ros_arm/install
[12.067s] DEBUG:colcon.colcon_installed_package_information.package_discovery:Found 7 installed packages in /home/kevo/ros_ws/src/ai_based_sorting_robot_arm/install
[12.171s] DEBUG:colcon.colcon_installed_package_information.package_discovery:Found 57 installed packages in /home/kevo/ws_moveit2/install
[12.270s] DEBUG:colcon.colcon_installed_package_information.package_discovery:Found 376 installed packages in /opt/ros/humble
[12.290s] Level 1:colcon.colcon_core.package_discovery:discover_packages(prefix_path) using defaults
[12.937s] Level 5:colcon.colcon_core.verb:set package 'ros_arm_kdl' build argument 'cmake_args' from command line to 'None'
[12.938s] Level 5:colcon.colcon_core.verb:set package 'ros_arm_kdl' build argument 'cmake_target' from command line to 'None'
[12.938s] Level 5:colcon.colcon_core.verb:set package 'ros_arm_kdl' build argument 'cmake_target_skip_unavailable' from command line to 'False'
[12.938s] Level 5:colcon.colcon_core.verb:set package 'ros_arm_kdl' build argument 'cmake_clean_cache' from command line to 'False'
[12.938s] Level 5:colcon.colcon_core.verb:set package 'ros_arm_kdl' build argument 'cmake_clean_first' from command line to 'False'
[12.938s] Level 5:colcon.colcon_core.verb:set package 'ros_arm_kdl' build argument 'cmake_force_configure' from command line to 'False'
[12.938s] Level 5:colcon.colcon_core.verb:set package 'ros_arm_kdl' build argument 'ament_cmake_args' from command line to 'None'
[12.938s] Level 5:colcon.colcon_core.verb:set package 'ros_arm_kdl' build argument 'catkin_cmake_args' from command line to 'None'
[12.938s] Level 5:colcon.colcon_core.verb:set package 'ros_arm_kdl' build argument 'catkin_skip_building_tests' from command line to 'False'
[12.938s] DEBUG:colcon.colcon_core.verb:Building package 'ros_arm_kdl' with the following arguments: {'ament_cmake_args': None, 'build_base': '/home/kevo/ros_ws/src/ros_arm/build/ros_arm_kdl', 'catkin_cmake_args': None, 'catkin_skip_building_tests': False, 'cmake_args': None, 'cmake_clean_cache': False, 'cmake_clean_first': False, 'cmake_force_configure': False, 'cmake_target': None, 'cmake_target_skip_unavailable': False, 'install_base': '/home/kevo/ros_ws/src/ros_arm/install/ros_arm_kdl', 'merge_install': False, 'path': '/home/kevo/ros_ws/src/ros_arm/src/ros_arm_kdl', 'symlink_install': False, 'test_result_base': None}
[13.044s] INFO:colcon.colcon_core.executor:Executing jobs using 'parallel' executor
[13.166s] DEBUG:colcon.colcon_parallel_executor.executor.parallel:run_until_complete
[13.169s] INFO:colcon.colcon_ros.task.ament_cmake.build:Building ROS package in '/home/kevo/ros_ws/src/ros_arm/src/ros_arm_kdl' with build type 'ament_cmake'
[13.173s] INFO:colcon.colcon_cmake.task.cmake.build:Building CMake package in '/home/kevo/ros_ws/src/ros_arm/src/ros_arm_kdl'
[13.292s] INFO:colcon.colcon_core.plugin_system:Skipping extension 'colcon_core.shell.bat': Not used on non-Windows systems
[13.293s] INFO:colcon.colcon_core.shell:Skip shell extension 'powershell' for command environment: Not usable outside of PowerShell
[13.293s] DEBUG:colcon.colcon_core.shell:Skip shell extension 'dsv' for command environment
[14.268s] DEBUG:colcon.colcon_core.event_handler.log_command:Invoking command in '/home/kevo/ros_ws/src/ros_arm/build/ros_arm_kdl': CMAKE_PREFIX_PATH=/home/kevo/ros_ws/src/ros_arm/install/ros_arm_description:/home/kevo/ros_ws/src/ros_arm/install/ros_arm_moveit:/home/kevo/ros_ws/src/ros_arm/install/ros_arm_kdl:/home/kevo/ros_ws/src/ros_arm/install/ros_arm_bringup:/home/kevo/ros_ws/src/ros_arm/install/new_bot:/home/kevo/ros_ws/src/ros_arm/install/my_bot:/home/kevo/ros_ws/src/ros_arm/install/hello_moveit:/home/kevo/ros_ws/src/ros_arm/install/diff_bot:/home/kevo/ros_ws/src/ros_arm/install/cpp_pubsub:/home/kevo/ros_ws/src/ai_based_sorting_robot_arm/install/robotic_arm_msgs:/home/kevo/ros_ws/src/ai_based_sorting_robot_arm/install/robotic_arm_moveit_config:/home/kevo/ros_ws/src/ai_based_sorting_robot_arm/install/robotic_arm_kinematics:/home/kevo/ros_ws/src/ai_based_sorting_robot_arm/install/robotic_arm_firmware:/home/kevo/ros_ws/src/ai_based_sorting_robot_arm/install/robotic_arm_description:/home/kevo/ros_ws/src/ai_based_sorting_robot_arm/install/robotic_arm_controllers:/home/kevo/ws_moveit2/install/pilz_industrial_motion_planner_testutils:/home/kevo/ws_moveit2/install/panda_moveit_config:/home/kevo/ws_moveit2/install/moveit_runtime:/home/kevo/ws_moveit2/install/moveit2_tutorials:/home/kevo/ws_moveit2/install/moveit:/home/kevo/ws_moveit2/install/moveit_planners:/home/kevo/ws_moveit2/install/pilz_industrial_motion_planner:/home/kevo/ws_moveit2/install/mtc_tutorial:/home/kevo/ws_moveit2/install/moveit_visual_tools:/home/kevo/ws_moveit2/install/moveit_task_constructor_visualization:/home/kevo/ws_moveit2/install/moveit_task_constructor_demo:/home/kevo/ws_moveit2/install/moveit_task_constructor_capabilities:/home/kevo/ws_moveit2/install/moveit_task_constructor_core:/home/kevo/ws_moveit2/install/moveit_ros_control_interface:/home/kevo/ws_moveit2/install/moveit_plugins:/home/kevo/ws_moveit2/install/moveit_simple_controller_manager:/home/kevo/ws_moveit2/install/moveit_setup_assistant:/home/kevo/ws_moveit2/install/moveit_setup_srdf_plugins:/home/kevo/ws_moveit2/install/moveit_setup_core_plugins:/home/kevo/ws_moveit2/install/moveit_setup_controllers:/home/kevo/ws_moveit2/install/moveit_setup_app_plugins:/home/kevo/ws_moveit2/install/moveit_setup_framework:/home/kevo/ws_moveit2/install/moveit_servo:/home/kevo/ws_moveit2/install/moveit_ros:/home/kevo/ws_moveit2/install/moveit_ros_visualization:/home/kevo/ws_moveit2/install/moveit_hybrid_planning:/home/kevo/ws_moveit2/install/moveit_ros_planning_interface:/home/kevo/ws_moveit2/install/moveit_ros_benchmarks:/home/kevo/ws_moveit2/install/moveit_ros_warehouse:/home/kevo/ws_moveit2/install/moveit_ros_robot_interaction:/home/kevo/ws_moveit2/install/moveit_ros_perception:/home/kevo/ws_moveit2/install/moveit_resources_prbt_pg70_support:/home/kevo/ws_moveit2/install/moveit_resources_prbt_moveit_config:/home/kevo/ws_moveit2/install/moveit_ros_move_group:/home/kevo/ws_moveit2/install/moveit_planners_ompl:/home/kevo/ws_moveit2/install/moveit_ros_planning:/home/kevo/ws_moveit2/install/moveit_ros_occupancy_map_monitor:/home/kevo/ws_moveit2/install/moveit_resources_prbt_ikfast_manipulator_plugin:/home/kevo/ws_moveit2/install/moveit_planners_chomp:/home/kevo/ws_moveit2/install/moveit_kinematics:/home/kevo/ws_moveit2/install/moveit_chomp_optimizer_adapter:/home/kevo/ws_moveit2/install/chomp_motion_planner:/home/kevo/ws_moveit2/install/moveit_core:/home/kevo/ws_moveit2/install/srdfdom:/home/kevo/ws_moveit2/install/rviz_marker_tools:/home/kevo/ws_moveit2/install/rosparam_shortcuts:/home/kevo/ws_moveit2/install/moveit_task_constructor_msgs:/home/kevo/ws_moveit2/install/moveit_resources_prbt_support:/home/kevo/ws_moveit2/install/moveit_resources:/home/kevo/ws_moveit2/install/moveit_resources_pr2_description:/home/kevo/ws_moveit2/install/moveit_resources_panda_moveit_config:/home/kevo/ws_moveit2/install/moveit_resources_panda_description:/home/kevo/ws_moveit2/install/moveit_resources_fanuc_moveit_config:/home/kevo/ws_moveit2/install/moveit_resources_fanuc_description:/home/kevo/ws_moveit2/install/moveit_common:/home/kevo/ros_ws/src/ai_based_sorting_robot_arm/install/robotic_arm_custom_nodes:/home/kevo/ws_moveit2/install/moveit_configs_utils:/home/kevo/ws_moveit2/install/launch_param_builder:/opt/ros/humble /usr/bin/cmake --build /home/kevo/ros_ws/src/ros_arm/build/ros_arm_kdl -- -j8 -l8
[52.932s] DEBUG:colcon.colcon_core.event_handler.log_command:Invoked command in '/home/kevo/ros_ws/src/ros_arm/build/ros_arm_kdl' returned '0': CMAKE_PREFIX_PATH=/home/kevo/ros_ws/src/ros_arm/install/ros_arm_description:/home/kevo/ros_ws/src/ros_arm/install/ros_arm_moveit:/home/kevo/ros_ws/src/ros_arm/install/ros_arm_kdl:/home/kevo/ros_ws/src/ros_arm/install/ros_arm_bringup:/home/kevo/ros_ws/src/ros_arm/install/new_bot:/home/kevo/ros_ws/src/ros_arm/install/my_bot:/home/kevo/ros_ws/src/ros_arm/install/hello_moveit:/home/kevo/ros_ws/src/ros_arm/install/diff_bot:/home/kevo/ros_ws/src/ros_arm/install/cpp_pubsub:/home/kevo/ros_ws/src/ai_based_sorting_robot_arm/install/robotic_arm_msgs:/home/kevo/ros_ws/src/ai_based_sorting_robot_arm/install/robotic_arm_moveit_config:/home/kevo/ros_ws/src/ai_based_sorting_robot_arm/install/robotic_arm_kinematics:/home/kevo/ros_ws/src/ai_based_sorting_robot_arm/install/robotic_arm_firmware:/home/kevo/ros_ws/src/ai_based_sorting_robot_arm/install/robotic_arm_description:/home/kevo/ros_ws/src/ai_based_sorting_robot_arm/install/robotic_arm_controllers:/home/kevo/ws_moveit2/install/pilz_industrial_motion_planner_testutils:/home/kevo/ws_moveit2/install/panda_moveit_config:/home/kevo/ws_moveit2/install/moveit_runtime:/home/kevo/ws_moveit2/install/moveit2_tutorials:/home/kevo/ws_moveit2/install/moveit:/home/kevo/ws_moveit2/install/moveit_planners:/home/kevo/ws_moveit2/install/pilz_industrial_motion_planner:/home/kevo/ws_moveit2/install/mtc_tutorial:/home/kevo/ws_moveit2/install/moveit_visual_tools:/home/kevo/ws_moveit2/install/moveit_task_constructor_visualization:/home/kevo/ws_moveit2/install/moveit_task_constructor_demo:/home/kevo/ws_moveit2/install/moveit_task_constructor_capabilities:/home/kevo/ws_moveit2/install/moveit_task_constructor_core:/home/kevo/ws_moveit2/install/moveit_ros_control_interface:/home/kevo/ws_moveit2/install/moveit_plugins:/home/kevo/ws_moveit2/install/moveit_simple_controller_manager:/home/kevo/ws_moveit2/install/moveit_setup_assistant:/home/kevo/ws_moveit2/install/moveit_setup_srdf_plugins:/home/kevo/ws_moveit2/install/moveit_setup_core_plugins:/home/kevo/ws_moveit2/install/moveit_setup_controllers:/home/kevo/ws_moveit2/install/moveit_setup_app_plugins:/home/kevo/ws_moveit2/install/moveit_setup_framework:/home/kevo/ws_moveit2/install/moveit_servo:/home/kevo/ws_moveit2/install/moveit_ros:/home/kevo/ws_moveit2/install/moveit_ros_visualization:/home/kevo/ws_moveit2/install/moveit_hybrid_planning:/home/kevo/ws_moveit2/install/moveit_ros_planning_interface:/home/kevo/ws_moveit2/install/moveit_ros_benchmarks:/home/kevo/ws_moveit2/install/moveit_ros_warehouse:/home/kevo/ws_moveit2/install/moveit_ros_robot_interaction:/home/kevo/ws_moveit2/install/moveit_ros_perception:/home/kevo/ws_moveit2/install/moveit_resources_prbt_pg70_support:/home/kevo/ws_moveit2/install/moveit_resources_prbt_moveit_config:/home/kevo/ws_moveit2/install/moveit_ros_move_group:/home/kevo/ws_moveit2/install/moveit_planners_ompl:/home/kevo/ws_moveit2/install/moveit_ros_planning:/home/kevo/ws_moveit2/install/moveit_ros_occupancy_map_monitor:/home/kevo/ws_moveit2/install/moveit_resources_prbt_ikfast_manipulator_plugin:/home/kevo/ws_moveit2/install/moveit_planners_chomp:/home/kevo/ws_moveit2/install/moveit_kinematics:/home/kevo/ws_moveit2/install/moveit_chomp_optimizer_adapter:/home/kevo/ws_moveit2/install/chomp_motion_planner:/home/kevo/ws_moveit2/install/moveit_core:/home/kevo/ws_moveit2/install/srdfdom:/home/kevo/ws_moveit2/install/rviz_marker_tools:/home/kevo/ws_moveit2/install/rosparam_shortcuts:/home/kevo/ws_moveit2/install/moveit_task_constructor_msgs:/home/kevo/ws_moveit2/install/moveit_resources_prbt_support:/home/kevo/ws_moveit2/install/moveit_resources:/home/kevo/ws_moveit2/install/moveit_resources_pr2_description:/home/kevo/ws_moveit2/install/moveit_resources_panda_moveit_config:/home/kevo/ws_moveit2/install/moveit_resources_panda_description:/home/kevo/ws_moveit2/install/moveit_resources_fanuc_moveit_config:/home/kevo/ws_moveit2/install/moveit_resources_fanuc_description:/home/kevo/ws_moveit2/install/moveit_common:/home/kevo/ros_ws/src/ai_based_sorting_robot_arm/install/robotic_arm_custom_nodes:/home/kevo/ws_moveit2/install/moveit_configs_utils:/home/kevo/ws_moveit2/install/launch_param_builder:/opt/ros/humble /usr/bin/cmake --build /home/kevo/ros_ws/src/ros_arm/build/ros_arm_kdl -- -j8 -l8
[53.225s] DEBUG:colcon.colcon_core.event_handler.log_command:Invoking command in '/home/kevo/ros_ws/src/ros_arm/build/ros_arm_kdl': CMAKE_PREFIX_PATH=/home/kevo/ros_ws/src/ros_arm/install/ros_arm_description:/home/kevo/ros_ws/src/ros_arm/install/ros_arm_moveit:/home/kevo/ros_ws/src/ros_arm/install/ros_arm_kdl:/home/kevo/ros_ws/src/ros_arm/install/ros_arm_bringup:/home/kevo/ros_ws/src/ros_arm/install/new_bot:/home/kevo/ros_ws/src/ros_arm/install/my_bot:/home/kevo/ros_ws/src/ros_arm/install/hello_moveit:/home/kevo/ros_ws/src/ros_arm/install/diff_bot:/home/kevo/ros_ws/src/ros_arm/install/cpp_pubsub:/home/kevo/ros_ws/src/ai_based_sorting_robot_arm/install/robotic_arm_msgs:/home/kevo/ros_ws/src/ai_based_sorting_robot_arm/install/robotic_arm_moveit_config:/home/kevo/ros_ws/src/ai_based_sorting_robot_arm/install/robotic_arm_kinematics:/home/kevo/ros_ws/src/ai_based_sorting_robot_arm/install/robotic_arm_firmware:/home/kevo/ros_ws/src/ai_based_sorting_robot_arm/install/robotic_arm_description:/home/kevo/ros_ws/src/ai_based_sorting_robot_arm/install/robotic_arm_controllers:/home/kevo/ws_moveit2/install/pilz_industrial_motion_planner_testutils:/home/kevo/ws_moveit2/install/panda_moveit_config:/home/kevo/ws_moveit2/install/moveit_runtime:/home/kevo/ws_moveit2/install/moveit2_tutorials:/home/kevo/ws_moveit2/install/moveit:/home/kevo/ws_moveit2/install/moveit_planners:/home/kevo/ws_moveit2/install/pilz_industrial_motion_planner:/home/kevo/ws_moveit2/install/mtc_tutorial:/home/kevo/ws_moveit2/install/moveit_visual_tools:/home/kevo/ws_moveit2/install/moveit_task_constructor_visualization:/home/kevo/ws_moveit2/install/moveit_task_constructor_demo:/home/kevo/ws_moveit2/install/moveit_task_constructor_capabilities:/home/kevo/ws_moveit2/install/moveit_task_constructor_core:/home/kevo/ws_moveit2/install/moveit_ros_control_interface:/home/kevo/ws_moveit2/install/moveit_plugins:/home/kevo/ws_moveit2/install/moveit_simple_controller_manager:/home/kevo/ws_moveit2/install/moveit_setup_assistant:/home/kevo/ws_moveit2/install/moveit_setup_srdf_plugins:/home/kevo/ws_moveit2/install/moveit_setup_core_plugins:/home/kevo/ws_moveit2/install/moveit_setup_controllers:/home/kevo/ws_moveit2/install/moveit_setup_app_plugins:/home/kevo/ws_moveit2/install/moveit_setup_framework:/home/kevo/ws_moveit2/install/moveit_servo:/home/kevo/ws_moveit2/install/moveit_ros:/home/kevo/ws_moveit2/install/moveit_ros_visualization:/home/kevo/ws_moveit2/install/moveit_hybrid_planning:/home/kevo/ws_moveit2/install/moveit_ros_planning_interface:/home/kevo/ws_moveit2/install/moveit_ros_benchmarks:/home/kevo/ws_moveit2/install/moveit_ros_warehouse:/home/kevo/ws_moveit2/install/moveit_ros_robot_interaction:/home/kevo/ws_moveit2/install/moveit_ros_perception:/home/kevo/ws_moveit2/install/moveit_resources_prbt_pg70_support:/home/kevo/ws_moveit2/install/moveit_resources_prbt_moveit_config:/home/kevo/ws_moveit2/install/moveit_ros_move_group:/home/kevo/ws_moveit2/install/moveit_planners_ompl:/home/kevo/ws_moveit2/install/moveit_ros_planning:/home/kevo/ws_moveit2/install/moveit_ros_occupancy_map_monitor:/home/kevo/ws_moveit2/install/moveit_resources_prbt_ikfast_manipulator_plugin:/home/kevo/ws_moveit2/install/moveit_planners_chomp:/home/kevo/ws_moveit2/install/moveit_kinematics:/home/kevo/ws_moveit2/install/moveit_chomp_optimizer_adapter:/home/kevo/ws_moveit2/install/chomp_motion_planner:/home/kevo/ws_moveit2/install/moveit_core:/home/kevo/ws_moveit2/install/srdfdom:/home/kevo/ws_moveit2/install/rviz_marker_tools:/home/kevo/ws_moveit2/install/rosparam_shortcuts:/home/kevo/ws_moveit2/install/moveit_task_constructor_msgs:/home/kevo/ws_moveit2/install/moveit_resources_prbt_support:/home/kevo/ws_moveit2/install/moveit_resources:/home/kevo/ws_moveit2/install/moveit_resources_pr2_description:/home/kevo/ws_moveit2/install/moveit_resources_panda_moveit_config:/home/kevo/ws_moveit2/install/moveit_resources_panda_description:/home/kevo/ws_moveit2/install/moveit_resources_fanuc_moveit_config:/home/kevo/ws_moveit2/install/moveit_resources_fanuc_description:/home/kevo/ws_moveit2/install/moveit_common:/home/kevo/ros_ws/src/ai_based_sorting_robot_arm/install/robotic_arm_custom_nodes:/home/kevo/ws_moveit2/install/moveit_configs_utils:/home/kevo/ws_moveit2/install/launch_param_builder:/opt/ros/humble /usr/bin/cmake --install /home/kevo/ros_ws/src/ros_arm/build/ros_arm_kdl
[53.286s] Level 1:colcon.colcon_core.environment:create_environment_scripts_only(ros_arm_kdl)
[53.287s] DEBUG:colcon.colcon_core.event_handler.log_command:Invoked command in '/home/kevo/ros_ws/src/ros_arm/build/ros_arm_kdl' returned '0': CMAKE_PREFIX_PATH=/home/kevo/ros_ws/src/ros_arm/install/ros_arm_description:/home/kevo/ros_ws/src/ros_arm/install/ros_arm_moveit:/home/kevo/ros_ws/src/ros_arm/install/ros_arm_kdl:/home/kevo/ros_ws/src/ros_arm/install/ros_arm_bringup:/home/kevo/ros_ws/src/ros_arm/install/new_bot:/home/kevo/ros_ws/src/ros_arm/install/my_bot:/home/kevo/ros_ws/src/ros_arm/install/hello_moveit:/home/kevo/ros_ws/src/ros_arm/install/diff_bot:/home/kevo/ros_ws/src/ros_arm/install/cpp_pubsub:/home/kevo/ros_ws/src/ai_based_sorting_robot_arm/install/robotic_arm_msgs:/home/kevo/ros_ws/src/ai_based_sorting_robot_arm/install/robotic_arm_moveit_config:/home/kevo/ros_ws/src/ai_based_sorting_robot_arm/install/robotic_arm_kinematics:/home/kevo/ros_ws/src/ai_based_sorting_robot_arm/install/robotic_arm_firmware:/home/kevo/ros_ws/src/ai_based_sorting_robot_arm/install/robotic_arm_description:/home/kevo/ros_ws/src/ai_based_sorting_robot_arm/install/robotic_arm_controllers:/home/kevo/ws_moveit2/install/pilz_industrial_motion_planner_testutils:/home/kevo/ws_moveit2/install/panda_moveit_config:/home/kevo/ws_moveit2/install/moveit_runtime:/home/kevo/ws_moveit2/install/moveit2_tutorials:/home/kevo/ws_moveit2/install/moveit:/home/kevo/ws_moveit2/install/moveit_planners:/home/kevo/ws_moveit2/install/pilz_industrial_motion_planner:/home/kevo/ws_moveit2/install/mtc_tutorial:/home/kevo/ws_moveit2/install/moveit_visual_tools:/home/kevo/ws_moveit2/install/moveit_task_constructor_visualization:/home/kevo/ws_moveit2/install/moveit_task_constructor_demo:/home/kevo/ws_moveit2/install/moveit_task_constructor_capabilities:/home/kevo/ws_moveit2/install/moveit_task_constructor_core:/home/kevo/ws_moveit2/install/moveit_ros_control_interface:/home/kevo/ws_moveit2/install/moveit_plugins:/home/kevo/ws_moveit2/install/moveit_simple_controller_manager:/home/kevo/ws_moveit2/install/moveit_setup_assistant:/home/kevo/ws_moveit2/install/moveit_setup_srdf_plugins:/home/kevo/ws_moveit2/install/moveit_setup_core_plugins:/home/kevo/ws_moveit2/install/moveit_setup_controllers:/home/kevo/ws_moveit2/install/moveit_setup_app_plugins:/home/kevo/ws_moveit2/install/moveit_setup_framework:/home/kevo/ws_moveit2/install/moveit_servo:/home/kevo/ws_moveit2/install/moveit_ros:/home/kevo/ws_moveit2/install/moveit_ros_visualization:/home/kevo/ws_moveit2/install/moveit_hybrid_planning:/home/kevo/ws_moveit2/install/moveit_ros_planning_interface:/home/kevo/ws_moveit2/install/moveit_ros_benchmarks:/home/kevo/ws_moveit2/install/moveit_ros_warehouse:/home/kevo/ws_moveit2/install/moveit_ros_robot_interaction:/home/kevo/ws_moveit2/install/moveit_ros_perception:/home/kevo/ws_moveit2/install/moveit_resources_prbt_pg70_support:/home/kevo/ws_moveit2/install/moveit_resources_prbt_moveit_config:/home/kevo/ws_moveit2/install/moveit_ros_move_group:/home/kevo/ws_moveit2/install/moveit_planners_ompl:/home/kevo/ws_moveit2/install/moveit_ros_planning:/home/kevo/ws_moveit2/install/moveit_ros_occupancy_map_monitor:/home/kevo/ws_moveit2/install/moveit_resources_prbt_ikfast_manipulator_plugin:/home/kevo/ws_moveit2/install/moveit_planners_chomp:/home/kevo/ws_moveit2/install/moveit_kinematics:/home/kevo/ws_moveit2/install/moveit_chomp_optimizer_adapter:/home/kevo/ws_moveit2/install/chomp_motion_planner:/home/kevo/ws_moveit2/install/moveit_core:/home/kevo/ws_moveit2/install/srdfdom:/home/kevo/ws_moveit2/install/rviz_marker_tools:/home/kevo/ws_moveit2/install/rosparam_shortcuts:/home/kevo/ws_moveit2/install/moveit_task_constructor_msgs:/home/kevo/ws_moveit2/install/moveit_resources_prbt_support:/home/kevo/ws_moveit2/install/moveit_resources:/home/kevo/ws_moveit2/install/moveit_resources_pr2_description:/home/kevo/ws_moveit2/install/moveit_resources_panda_moveit_config:/home/kevo/ws_moveit2/install/moveit_resources_panda_description:/home/kevo/ws_moveit2/install/moveit_resources_fanuc_moveit_config:/home/kevo/ws_moveit2/install/moveit_resources_fanuc_description:/home/kevo/ws_moveit2/install/moveit_common:/home/kevo/ros_ws/src/ai_based_sorting_robot_arm/install/robotic_arm_custom_nodes:/home/kevo/ws_moveit2/install/moveit_configs_utils:/home/kevo/ws_moveit2/install/launch_param_builder:/opt/ros/humble /usr/bin/cmake --install /home/kevo/ros_ws/src/ros_arm/build/ros_arm_kdl
[53.418s] Level 1:colcon.colcon_core.environment:checking '/home/kevo/ros_ws/src/ros_arm/install/ros_arm_kdl' for CMake module files
[53.420s] Level 1:colcon.colcon_core.environment:checking '/home/kevo/ros_ws/src/ros_arm/install/ros_arm_kdl' for CMake config files
[53.421s] Level 1:colcon.colcon_core.shell:create_environment_hook('ros_arm_kdl', 'cmake_prefix_path')
[53.550s] INFO:colcon.colcon_core.shell:Creating environment hook '/home/kevo/ros_ws/src/ros_arm/install/ros_arm_kdl/share/ros_arm_kdl/hook/cmake_prefix_path.ps1'
[53.553s] INFO:colcon.colcon_core.shell:Creating environment descriptor '/home/kevo/ros_ws/src/ros_arm/install/ros_arm_kdl/share/ros_arm_kdl/hook/cmake_prefix_path.dsv'
[53.554s] INFO:colcon.colcon_core.shell:Creating environment hook '/home/kevo/ros_ws/src/ros_arm/install/ros_arm_kdl/share/ros_arm_kdl/hook/cmake_prefix_path.sh'
[53.566s] Level 1:colcon.colcon_core.environment:checking '/home/kevo/ros_ws/src/ros_arm/install/ros_arm_kdl/lib'
[53.567s] Level 1:colcon.colcon_core.environment:checking '/home/kevo/ros_ws/src/ros_arm/install/ros_arm_kdl/bin'
[53.568s] Level 1:colcon.colcon_core.environment:checking '/home/kevo/ros_ws/src/ros_arm/install/ros_arm_kdl/lib/pkgconfig/ros_arm_kdl.pc'
[53.569s] Level 1:colcon.colcon_core.environment:checking '/home/kevo/ros_ws/src/ros_arm/install/ros_arm_kdl/lib/python3.10/site-packages'
[53.570s] Level 1:colcon.colcon_core.environment:checking '/home/kevo/ros_ws/src/ros_arm/install/ros_arm_kdl/bin'
[53.702s] INFO:colcon.colcon_core.shell:Creating package script '/home/kevo/ros_ws/src/ros_arm/install/ros_arm_kdl/share/ros_arm_kdl/package.ps1'
[53.712s] INFO:colcon.colcon_core.shell:Creating package descriptor '/home/kevo/ros_ws/src/ros_arm/install/ros_arm_kdl/share/ros_arm_kdl/package.dsv'
[53.717s] INFO:colcon.colcon_core.shell:Creating package script '/home/kevo/ros_ws/src/ros_arm/install/ros_arm_kdl/share/ros_arm_kdl/package.sh'
[53.720s] INFO:colcon.colcon_core.shell:Creating package script '/home/kevo/ros_ws/src/ros_arm/install/ros_arm_kdl/share/ros_arm_kdl/package.bash'
[53.725s] INFO:colcon.colcon_core.shell:Creating package script '/home/kevo/ros_ws/src/ros_arm/install/ros_arm_kdl/share/ros_arm_kdl/package.zsh'
[53.729s] Level 1:colcon.colcon_core.environment:create_file_with_runtime_dependencies(/home/kevo/ros_ws/src/ros_arm/install/ros_arm_kdl/share/colcon-core/packages/ros_arm_kdl)
[54.020s] Level 1:colcon.colcon_core.environment:create_environment_scripts_only(ros_arm_kdl)
[54.149s] Level 1:colcon.colcon_core.environment:checking '/home/kevo/ros_ws/src/ros_arm/install/ros_arm_kdl' for CMake module files
[54.150s] Level 1:colcon.colcon_core.environment:checking '/home/kevo/ros_ws/src/ros_arm/install/ros_arm_kdl' for CMake config files
[54.152s] Level 1:colcon.colcon_core.shell:create_environment_hook('ros_arm_kdl', 'cmake_prefix_path')
[54.326s] INFO:colcon.colcon_core.shell:Creating environment hook '/home/kevo/ros_ws/src/ros_arm/install/ros_arm_kdl/share/ros_arm_kdl/hook/cmake_prefix_path.ps1'
[54.328s] INFO:colcon.colcon_core.shell:Creating environment descriptor '/home/kevo/ros_ws/src/ros_arm/install/ros_arm_kdl/share/ros_arm_kdl/hook/cmake_prefix_path.dsv'
[54.330s] INFO:colcon.colcon_core.shell:Creating environment hook '/home/kevo/ros_ws/src/ros_arm/install/ros_arm_kdl/share/ros_arm_kdl/hook/cmake_prefix_path.sh'
[54.335s] Level 1:colcon.colcon_core.environment:checking '/home/kevo/ros_ws/src/ros_arm/install/ros_arm_kdl/lib'
[54.336s] Level 1:colcon.colcon_core.environment:checking '/home/kevo/ros_ws/src/ros_arm/install/ros_arm_kdl/bin'
[54.336s] Level 1:colcon.colcon_core.environment:checking '/home/kevo/ros_ws/src/ros_arm/install/ros_arm_kdl/lib/pkgconfig/ros_arm_kdl.pc'
[54.337s] Level 1:colcon.colcon_core.environment:checking '/home/kevo/ros_ws/src/ros_arm/install/ros_arm_kdl/lib/python3.10/site-packages'
[54.339s] Level 1:colcon.colcon_core.environment:checking '/home/kevo/ros_ws/src/ros_arm/install/ros_arm_kdl/bin'
[54.473s] INFO:colcon.colcon_core.shell:Creating package script '/home/kevo/ros_ws/src/ros_arm/install/ros_arm_kdl/share/ros_arm_kdl/package.ps1'
[54.476s] INFO:colcon.colcon_core.shell:Creating package descriptor '/home/kevo/ros_ws/src/ros_arm/install/ros_arm_kdl/share/ros_arm_kdl/package.dsv'
[54.479s] INFO:colcon.colcon_core.shell:Creating package script '/home/kevo/ros_ws/src/ros_arm/install/ros_arm_kdl/share/ros_arm_kdl/package.sh'
[54.481s] INFO:colcon.colcon_core.shell:Creating package script '/home/kevo/ros_ws/src/ros_arm/install/ros_arm_kdl/share/ros_arm_kdl/package.bash'
[54.488s] INFO:colcon.colcon_core.shell:Creating package script '/home/kevo/ros_ws/src/ros_arm/install/ros_arm_kdl/share/ros_arm_kdl/package.zsh'
[54.491s] Level 1:colcon.colcon_core.environment:create_file_with_runtime_dependencies(/home/kevo/ros_ws/src/ros_arm/install/ros_arm_kdl/share/colcon-core/packages/ros_arm_kdl)
[54.500s] DEBUG:colcon.colcon_parallel_executor.executor.parallel:closing loop
[54.507s] DEBUG:colcon.colcon_parallel_executor.executor.parallel:loop closed
[54.507s] DEBUG:colcon.colcon_parallel_executor.executor.parallel:run_until_complete finished with '0'
[54.508s] DEBUG:colcon.colcon_core.event_reactor:joining thread
[54.839s] INFO:colcon.colcon_core.plugin_system:Skipping extension 'colcon_notification.desktop_notification.notify_send': Could not find 'notify-send'
[54.840s] INFO:colcon.colcon_core.plugin_system:Skipping extension 'colcon_notification.desktop_notification.terminal_notifier': Not used on non-Darwin systems
[54.840s] INFO:colcon.colcon_core.plugin_system:Skipping extension 'colcon_notification.desktop_notification.win32': Not used on non-Windows systems
[54.840s] INFO:colcon.colcon_notification.desktop_notification:Sending desktop notification using 'notify2'
[54.844s] DEBUG:colcon.colcon_notification.desktop_notification.notify2:Failed to initialize notify2: org.freedesktop.DBus.Error.ServiceUnknown: The name org.freedesktop.Notifications was not provided by any .service files
[54.845s] DEBUG:colcon.colcon_core.event_reactor:joined thread
[54.951s] INFO:colcon.colcon_core.shell:Creating prefix script '/home/kevo/ros_ws/src/ros_arm/install/local_setup.ps1'
[54.957s] INFO:colcon.colcon_core.shell:Creating prefix util module '/home/kevo/ros_ws/src/ros_arm/install/_local_setup_util_ps1.py'
[54.965s] INFO:colcon.colcon_core.shell:Creating prefix chain script '/home/kevo/ros_ws/src/ros_arm/install/setup.ps1'
[55.046s] INFO:colcon.colcon_core.shell:Creating prefix script '/home/kevo/ros_ws/src/ros_arm/install/local_setup.sh'
[55.048s] INFO:colcon.colcon_core.shell:Creating prefix util module '/home/kevo/ros_ws/src/ros_arm/install/_local_setup_util_sh.py'
[55.049s] INFO:colcon.colcon_core.shell:Creating prefix chain script '/home/kevo/ros_ws/src/ros_arm/install/setup.sh'
[55.186s] INFO:colcon.colcon_core.shell:Creating prefix script '/home/kevo/ros_ws/src/ros_arm/install/local_setup.bash'
[55.200s] INFO:colcon.colcon_core.shell:Creating prefix chain script '/home/kevo/ros_ws/src/ros_arm/install/setup.bash'
[55.278s] INFO:colcon.colcon_core.shell:Creating prefix script '/home/kevo/ros_ws/src/ros_arm/install/local_setup.zsh'
[55.279s] INFO:colcon.colcon_core.shell:Creating prefix chain script '/home/kevo/ros_ws/src/ros_arm/install/setup.zsh'
