[3.121s] DEBUG:colcon:Command line arguments: ['/usr/bin/colcon', 'build']
[3.122s] DEBUG:colcon:Parsed command line arguments: Namespace(log_base=None, log_level=None, verb_name='build', build_base='build', install_base='install', merge_install=False, symlink_install=False, test_result_base=None, continue_on_error=False, executor='parallel', parallel_workers=8, event_handlers=None, ignore_user_meta=False, metas=['./colcon.meta'], base_paths=['.'], packages_ignore=None, packages_ignore_regex=None, paths=None, packages_up_to=None, packages_up_to_regex=None, packages_above=None, packages_above_and_dependencies=None, packages_above_depth=None, packages_select_by_dep=None, packages_skip_by_dep=None, packages_skip_up_to=None, packages_select_build_failed=False, packages_skip_build_finished=False, packages_select_test_failures=False, packages_skip_test_passed=False, packages_select=None, packages_skip=None, packages_select_regex=None, packages_skip_regex=None, packages_start=None, packages_end=None, allow_overriding=[], cmake_args=None, cmake_target=None, cmake_target_skip_unavailable=False, cmake_clean_cache=False, cmake_clean_first=False, cmake_force_configure=False, ament_cmake_args=None, catkin_cmake_args=None, catkin_skip_building_tests=False, mixin_files=None, mixin=None, verb_parser=<colcon_mixin.mixin.mixin_argument.MixinArgumentDecorator object at 0x7f57614009a0>, verb_extension=<colcon_core.verb.build.BuildVerb object at 0x7f5761869ed0>, main=<bound method BuildVerb.main of <colcon_core.verb.build.BuildVerb object at 0x7f5761869ed0>>, mixin_verb=('build',))
[3.243s] Level 1:colcon.colcon_core.package_discovery:discover_packages(colcon_meta) check parameters
[3.244s] Level 1:colcon.colcon_core.package_discovery:discover_packages(recursive) check parameters
[3.244s] Level 1:colcon.colcon_core.package_discovery:discover_packages(ignore) check parameters
[3.244s] Level 1:colcon.colcon_core.package_discovery:discover_packages(path) check parameters
[3.244s] Level 1:colcon.colcon_core.package_discovery:discover_packages(colcon_meta) discover
[3.245s] Level 1:colcon.colcon_core.package_discovery:discover_packages(recursive) discover
[3.245s] INFO:colcon.colcon_core.package_discovery:Crawling recursively for packages in '/home/kevo/ros_ws/src/ros_arm'
[3.246s] Level 1:colcon.colcon_core.package_identification:_identify(.) by extensions ['ignore', 'ignore_ament_install']
[3.246s] Level 1:colcon.colcon_core.package_identification:_identify(.) by extension 'ignore'
[3.246s] Level 1:colcon.colcon_core.package_identification:_identify(.) by extension 'ignore_ament_install'
[3.246s] Level 1:colcon.colcon_core.package_identification:_identify(.) by extensions ['colcon_pkg']
[3.246s] Level 1:colcon.colcon_core.package_identification:_identify(.) by extension 'colcon_pkg'
[3.246s] Level 1:colcon.colcon_core.package_identification:_identify(.) by extensions ['colcon_meta']
[3.246s] Level 1:colcon.colcon_core.package_identification:_identify(.) by extension 'colcon_meta'
[3.246s] Level 1:colcon.colcon_core.package_identification:_identify(.) by extensions ['ros']
[3.246s] Level 1:colcon.colcon_core.package_identification:_identify(.) by extension 'ros'
[3.260s] Level 1:colcon.colcon_core.package_identification:_identify(.) by extensions ['cmake', 'python']
[3.260s] Level 1:colcon.colcon_core.package_identification:_identify(.) by extension 'cmake'
[3.260s] Level 1:colcon.colcon_core.package_identification:_identify(.) by extension 'python'
[3.260s] Level 1:colcon.colcon_core.package_identification:_identify(.) by extensions ['python_setup_py']
[3.260s] Level 1:colcon.colcon_core.package_identification:_identify(.) by extension 'python_setup_py'
[3.260s] Level 1:colcon.colcon_core.package_identification:_identify(build) by extensions ['ignore', 'ignore_ament_install']
[3.260s] Level 1:colcon.colcon_core.package_identification:_identify(build) by extension 'ignore'
[3.260s] Level 1:colcon.colcon_core.package_identification:_identify(build) ignored
[3.260s] Level 1:colcon.colcon_core.package_identification:_identify(install) by extensions ['ignore', 'ignore_ament_install']
[3.261s] Level 1:colcon.colcon_core.package_identification:_identify(install) by extension 'ignore'
[3.261s] Level 1:colcon.colcon_core.package_identification:_identify(install) ignored
[3.261s] Level 1:colcon.colcon_core.package_identification:_identify(log) by extensions ['ignore', 'ignore_ament_install']
[3.261s] Level 1:colcon.colcon_core.package_identification:_identify(log) by extension 'ignore'
[3.261s] Level 1:colcon.colcon_core.package_identification:_identify(log) ignored
[3.261s] Level 1:colcon.colcon_core.package_identification:_identify(src) by extensions ['ignore', 'ignore_ament_install']
[3.261s] Level 1:colcon.colcon_core.package_identification:_identify(src) by extension 'ignore'
[3.261s] Level 1:colcon.colcon_core.package_identification:_identify(src) by extension 'ignore_ament_install'
[3.261s] Level 1:colcon.colcon_core.package_identification:_identify(src) by extensions ['colcon_pkg']
[3.261s] Level 1:colcon.colcon_core.package_identification:_identify(src) by extension 'colcon_pkg'
[3.261s] Level 1:colcon.colcon_core.package_identification:_identify(src) by extensions ['colcon_meta']
[3.261s] Level 1:colcon.colcon_core.package_identification:_identify(src) by extension 'colcon_meta'
[3.262s] Level 1:colcon.colcon_core.package_identification:_identify(src) by extensions ['ros']
[3.262s] Level 1:colcon.colcon_core.package_identification:_identify(src) by extension 'ros'
[3.262s] Level 1:colcon.colcon_core.package_identification:_identify(src) by extensions ['cmake', 'python']
[3.262s] Level 1:colcon.colcon_core.package_identification:_identify(src) by extension 'cmake'
[3.262s] Level 1:colcon.colcon_core.package_identification:_identify(src) by extension 'python'
[3.262s] Level 1:colcon.colcon_core.package_identification:_identify(src) by extensions ['python_setup_py']
[3.262s] Level 1:colcon.colcon_core.package_identification:_identify(src) by extension 'python_setup_py'
[3.262s] Level 1:colcon.colcon_core.package_identification:_identify(src/hello_moveit) by extensions ['ignore', 'ignore_ament_install']
[3.262s] Level 1:colcon.colcon_core.package_identification:_identify(src/hello_moveit) by extension 'ignore'
[3.262s] Level 1:colcon.colcon_core.package_identification:_identify(src/hello_moveit) by extension 'ignore_ament_install'
[3.262s] Level 1:colcon.colcon_core.package_identification:_identify(src/hello_moveit) by extensions ['colcon_pkg']
[3.262s] Level 1:colcon.colcon_core.package_identification:_identify(src/hello_moveit) by extension 'colcon_pkg'
[3.262s] Level 1:colcon.colcon_core.package_identification:_identify(src/hello_moveit) by extensions ['colcon_meta']
[3.262s] Level 1:colcon.colcon_core.package_identification:_identify(src/hello_moveit) by extension 'colcon_meta'
[3.262s] Level 1:colcon.colcon_core.package_identification:_identify(src/hello_moveit) by extensions ['ros']
[3.262s] Level 1:colcon.colcon_core.package_identification:_identify(src/hello_moveit) by extension 'ros'
[3.266s] DEBUG:colcon.colcon_core.package_identification:Package 'src/hello_moveit' with type 'ros.ament_cmake' and name 'hello_moveit'
[3.266s] Level 1:colcon.colcon_core.package_identification:_identify(src/ros_arm_bringup) by extensions ['ignore', 'ignore_ament_install']
[3.266s] Level 1:colcon.colcon_core.package_identification:_identify(src/ros_arm_bringup) by extension 'ignore'
[3.266s] Level 1:colcon.colcon_core.package_identification:_identify(src/ros_arm_bringup) by extension 'ignore_ament_install'
[3.266s] Level 1:colcon.colcon_core.package_identification:_identify(src/ros_arm_bringup) by extensions ['colcon_pkg']
[3.266s] Level 1:colcon.colcon_core.package_identification:_identify(src/ros_arm_bringup) by extension 'colcon_pkg'
[3.267s] Level 1:colcon.colcon_core.package_identification:_identify(src/ros_arm_bringup) by extensions ['colcon_meta']
[3.267s] Level 1:colcon.colcon_core.package_identification:_identify(src/ros_arm_bringup) by extension 'colcon_meta'
[3.267s] Level 1:colcon.colcon_core.package_identification:_identify(src/ros_arm_bringup) by extensions ['ros']
[3.267s] Level 1:colcon.colcon_core.package_identification:_identify(src/ros_arm_bringup) by extension 'ros'
[3.267s] DEBUG:colcon.colcon_core.package_identification:Package 'src/ros_arm_bringup' with type 'ros.ament_cmake' and name 'ros_arm_bringup'
[3.268s] Level 1:colcon.colcon_core.package_identification:_identify(src/ros_arm_description) by extensions ['ignore', 'ignore_ament_install']
[3.268s] Level 1:colcon.colcon_core.package_identification:_identify(src/ros_arm_description) by extension 'ignore'
[3.268s] Level 1:colcon.colcon_core.package_identification:_identify(src/ros_arm_description) by extension 'ignore_ament_install'
[3.268s] Level 1:colcon.colcon_core.package_identification:_identify(src/ros_arm_description) by extensions ['colcon_pkg']
[3.268s] Level 1:colcon.colcon_core.package_identification:_identify(src/ros_arm_description) by extension 'colcon_pkg'
[3.268s] Level 1:colcon.colcon_core.package_identification:_identify(src/ros_arm_description) by extensions ['colcon_meta']
[3.268s] Level 1:colcon.colcon_core.package_identification:_identify(src/ros_arm_description) by extension 'colcon_meta'
[3.268s] Level 1:colcon.colcon_core.package_identification:_identify(src/ros_arm_description) by extensions ['ros']
[3.268s] Level 1:colcon.colcon_core.package_identification:_identify(src/ros_arm_description) by extension 'ros'
[3.269s] DEBUG:colcon.colcon_core.package_identification:Package 'src/ros_arm_description' with type 'ros.ament_cmake' and name 'ros_arm_description'
[3.269s] Level 1:colcon.colcon_core.package_identification:_identify(src/ros_arm_moveit_config) by extensions ['ignore', 'ignore_ament_install']
[3.269s] Level 1:colcon.colcon_core.package_identification:_identify(src/ros_arm_moveit_config) by extension 'ignore'
[3.269s] Level 1:colcon.colcon_core.package_identification:_identify(src/ros_arm_moveit_config) by extension 'ignore_ament_install'
[3.269s] Level 1:colcon.colcon_core.package_identification:_identify(src/ros_arm_moveit_config) by extensions ['colcon_pkg']
[3.270s] Level 1:colcon.colcon_core.package_identification:_identify(src/ros_arm_moveit_config) by extension 'colcon_pkg'
[3.270s] Level 1:colcon.colcon_core.package_identification:_identify(src/ros_arm_moveit_config) by extensions ['colcon_meta']
[3.270s] Level 1:colcon.colcon_core.package_identification:_identify(src/ros_arm_moveit_config) by extension 'colcon_meta'
[3.270s] Level 1:colcon.colcon_core.package_identification:_identify(src/ros_arm_moveit_config) by extensions ['ros']
[3.270s] Level 1:colcon.colcon_core.package_identification:_identify(src/ros_arm_moveit_config) by extension 'ros'
[3.271s] DEBUG:colcon.colcon_core.package_identification:Package 'src/ros_arm_moveit_config' with type 'ros.ament_cmake' and name 'ros_arm_moveit_config'
[3.271s] Level 1:colcon.colcon_core.package_discovery:discover_packages(recursive) using defaults
[3.271s] Level 1:colcon.colcon_core.package_discovery:discover_packages(ignore) discover
[3.271s] Level 1:colcon.colcon_core.package_discovery:discover_packages(ignore) using defaults
[3.271s] Level 1:colcon.colcon_core.package_discovery:discover_packages(path) discover
[3.271s] Level 1:colcon.colcon_core.package_discovery:discover_packages(path) using defaults
[3.453s] Level 1:colcon.colcon_core.package_discovery:discover_packages(prefix_path) check parameters
[3.453s] Level 1:colcon.colcon_core.package_discovery:discover_packages(prefix_path) discover
[3.540s] DEBUG:colcon.colcon_installed_package_information.package_discovery:Found 4 installed packages in /home/kevo/ros_ws/src/ros_arm/install
[3.579s] DEBUG:colcon.colcon_installed_package_information.package_discovery:Found 10 installed packages in /home/kevo/ros2_ws/install
[3.623s] DEBUG:colcon.colcon_installed_package_information.package_discovery:Found 57 installed packages in /home/kevo/ws_moveit2/install
[3.668s] DEBUG:colcon.colcon_installed_package_information.package_discovery:Found 7 installed packages in /home/kevo/ros_ws/src/ai_based_sorting_robot_arm/install
[3.720s] DEBUG:colcon.colcon_installed_package_information.package_discovery:Found 373 installed packages in /opt/ros/humble
[3.727s] Level 1:colcon.colcon_core.package_discovery:discover_packages(prefix_path) using defaults
[4.051s] Level 5:colcon.colcon_core.verb:set package 'hello_moveit' build argument 'cmake_args' from command line to 'None'
[4.051s] Level 5:colcon.colcon_core.verb:set package 'hello_moveit' build argument 'cmake_target' from command line to 'None'
[4.051s] Level 5:colcon.colcon_core.verb:set package 'hello_moveit' build argument 'cmake_target_skip_unavailable' from command line to 'False'
[4.051s] Level 5:colcon.colcon_core.verb:set package 'hello_moveit' build argument 'cmake_clean_cache' from command line to 'False'
[4.051s] Level 5:colcon.colcon_core.verb:set package 'hello_moveit' build argument 'cmake_clean_first' from command line to 'False'
[4.051s] Level 5:colcon.colcon_core.verb:set package 'hello_moveit' build argument 'cmake_force_configure' from command line to 'False'
[4.051s] Level 5:colcon.colcon_core.verb:set package 'hello_moveit' build argument 'ament_cmake_args' from command line to 'None'
[4.051s] Level 5:colcon.colcon_core.verb:set package 'hello_moveit' build argument 'catkin_cmake_args' from command line to 'None'
[4.051s] Level 5:colcon.colcon_core.verb:set package 'hello_moveit' build argument 'catkin_skip_building_tests' from command line to 'False'
[4.051s] DEBUG:colcon.colcon_core.verb:Building package 'hello_moveit' with the following arguments: {'ament_cmake_args': None, 'build_base': '/home/kevo/ros_ws/src/ros_arm/build/hello_moveit', 'catkin_cmake_args': None, 'catkin_skip_building_tests': False, 'cmake_args': None, 'cmake_clean_cache': False, 'cmake_clean_first': False, 'cmake_force_configure': False, 'cmake_target': None, 'cmake_target_skip_unavailable': False, 'install_base': '/home/kevo/ros_ws/src/ros_arm/install/hello_moveit', 'merge_install': False, 'path': '/home/kevo/ros_ws/src/ros_arm/src/hello_moveit', 'symlink_install': False, 'test_result_base': None}
[4.086s] Level 5:colcon.colcon_core.verb:set package 'ros_arm_description' build argument 'cmake_args' from command line to 'None'
[4.087s] Level 5:colcon.colcon_core.verb:set package 'ros_arm_description' build argument 'cmake_target' from command line to 'None'
[4.088s] Level 5:colcon.colcon_core.verb:set package 'ros_arm_description' build argument 'cmake_target_skip_unavailable' from command line to 'False'
[4.088s] Level 5:colcon.colcon_core.verb:set package 'ros_arm_description' build argument 'cmake_clean_cache' from command line to 'False'
[4.088s] Level 5:colcon.colcon_core.verb:set package 'ros_arm_description' build argument 'cmake_clean_first' from command line to 'False'
[4.088s] Level 5:colcon.colcon_core.verb:set package 'ros_arm_description' build argument 'cmake_force_configure' from command line to 'False'
[4.088s] Level 5:colcon.colcon_core.verb:set package 'ros_arm_description' build argument 'ament_cmake_args' from command line to 'None'
[4.088s] Level 5:colcon.colcon_core.verb:set package 'ros_arm_description' build argument 'catkin_cmake_args' from command line to 'None'
[4.089s] Level 5:colcon.colcon_core.verb:set package 'ros_arm_description' build argument 'catkin_skip_building_tests' from command line to 'False'
[4.089s] DEBUG:colcon.colcon_core.verb:Building package 'ros_arm_description' with the following arguments: {'ament_cmake_args': None, 'build_base': '/home/kevo/ros_ws/src/ros_arm/build/ros_arm_description', 'catkin_cmake_args': None, 'catkin_skip_building_tests': False, 'cmake_args': None, 'cmake_clean_cache': False, 'cmake_clean_first': False, 'cmake_force_configure': False, 'cmake_target': None, 'cmake_target_skip_unavailable': False, 'install_base': '/home/kevo/ros_ws/src/ros_arm/install/ros_arm_description', 'merge_install': False, 'path': '/home/kevo/ros_ws/src/ros_arm/src/ros_arm_description', 'symlink_install': False, 'test_result_base': None}
[4.129s] Level 5:colcon.colcon_core.verb:set package 'ros_arm_bringup' build argument 'cmake_args' from command line to 'None'
[4.129s] Level 5:colcon.colcon_core.verb:set package 'ros_arm_bringup' build argument 'cmake_target' from command line to 'None'
[4.130s] Level 5:colcon.colcon_core.verb:set package 'ros_arm_bringup' build argument 'cmake_target_skip_unavailable' from command line to 'False'
[4.130s] Level 5:colcon.colcon_core.verb:set package 'ros_arm_bringup' build argument 'cmake_clean_cache' from command line to 'False'
[4.130s] Level 5:colcon.colcon_core.verb:set package 'ros_arm_bringup' build argument 'cmake_clean_first' from command line to 'False'
[4.130s] Level 5:colcon.colcon_core.verb:set package 'ros_arm_bringup' build argument 'cmake_force_configure' from command line to 'False'
[4.130s] Level 5:colcon.colcon_core.verb:set package 'ros_arm_bringup' build argument 'ament_cmake_args' from command line to 'None'
[4.130s] Level 5:colcon.colcon_core.verb:set package 'ros_arm_bringup' build argument 'catkin_cmake_args' from command line to 'None'
[4.130s] Level 5:colcon.colcon_core.verb:set package 'ros_arm_bringup' build argument 'catkin_skip_building_tests' from command line to 'False'
[4.130s] DEBUG:colcon.colcon_core.verb:Building package 'ros_arm_bringup' with the following arguments: {'ament_cmake_args': None, 'build_base': '/home/kevo/ros_ws/src/ros_arm/build/ros_arm_bringup', 'catkin_cmake_args': None, 'catkin_skip_building_tests': False, 'cmake_args': None, 'cmake_clean_cache': False, 'cmake_clean_first': False, 'cmake_force_configure': False, 'cmake_target': None, 'cmake_target_skip_unavailable': False, 'install_base': '/home/kevo/ros_ws/src/ros_arm/install/ros_arm_bringup', 'merge_install': False, 'path': '/home/kevo/ros_ws/src/ros_arm/src/ros_arm_bringup', 'symlink_install': False, 'test_result_base': None}
[4.161s] Level 5:colcon.colcon_core.verb:set package 'ros_arm_moveit_config' build argument 'cmake_args' from command line to 'None'
[4.161s] Level 5:colcon.colcon_core.verb:set package 'ros_arm_moveit_config' build argument 'cmake_target' from command line to 'None'
[4.161s] Level 5:colcon.colcon_core.verb:set package 'ros_arm_moveit_config' build argument 'cmake_target_skip_unavailable' from command line to 'False'
[4.161s] Level 5:colcon.colcon_core.verb:set package 'ros_arm_moveit_config' build argument 'cmake_clean_cache' from command line to 'False'
[4.162s] Level 5:colcon.colcon_core.verb:set package 'ros_arm_moveit_config' build argument 'cmake_clean_first' from command line to 'False'
[4.162s] Level 5:colcon.colcon_core.verb:set package 'ros_arm_moveit_config' build argument 'cmake_force_configure' from command line to 'False'
[4.162s] Level 5:colcon.colcon_core.verb:set package 'ros_arm_moveit_config' build argument 'ament_cmake_args' from command line to 'None'
[4.162s] Level 5:colcon.colcon_core.verb:set package 'ros_arm_moveit_config' build argument 'catkin_cmake_args' from command line to 'None'
[4.162s] Level 5:colcon.colcon_core.verb:set package 'ros_arm_moveit_config' build argument 'catkin_skip_building_tests' from command line to 'False'
[4.162s] DEBUG:colcon.colcon_core.verb:Building package 'ros_arm_moveit_config' with the following arguments: {'ament_cmake_args': None, 'build_base': '/home/kevo/ros_ws/src/ros_arm/build/ros_arm_moveit_config', 'catkin_cmake_args': None, 'catkin_skip_building_tests': False, 'cmake_args': None, 'cmake_clean_cache': False, 'cmake_clean_first': False, 'cmake_force_configure': False, 'cmake_target': None, 'cmake_target_skip_unavailable': False, 'install_base': '/home/kevo/ros_ws/src/ros_arm/install/ros_arm_moveit_config', 'merge_install': False, 'path': '/home/kevo/ros_ws/src/ros_arm/src/ros_arm_moveit_config', 'symlink_install': False, 'test_result_base': None}
[4.203s] INFO:colcon.colcon_core.executor:Executing jobs using 'parallel' executor
[4.238s] DEBUG:colcon.colcon_parallel_executor.executor.parallel:run_until_complete
[4.239s] INFO:colcon.colcon_ros.task.ament_cmake.build:Building ROS package in '/home/kevo/ros_ws/src/ros_arm/src/ros_arm_description' with build type 'ament_cmake'
[4.239s] INFO:colcon.colcon_cmake.task.cmake.build:Building CMake package in '/home/kevo/ros_ws/src/ros_arm/src/ros_arm_description'
[4.286s] INFO:colcon.colcon_core.plugin_system:Skipping extension 'colcon_core.shell.bat': Not used on non-Windows systems
[4.288s] INFO:colcon.colcon_core.shell:Skip shell extension 'powershell' for command environment: Not usable outside of PowerShell
[4.288s] DEBUG:colcon.colcon_core.shell:Skip shell extension 'dsv' for command environment
[4.519s] INFO:colcon.colcon_ros.task.ament_cmake.build:Building ROS package in '/home/kevo/ros_ws/src/ros_arm/src/hello_moveit' with build type 'ament_cmake'
[4.520s] INFO:colcon.colcon_cmake.task.cmake.build:Building CMake package in '/home/kevo/ros_ws/src/ros_arm/src/hello_moveit'
[4.558s] INFO:colcon.colcon_core.shell:Skip shell extension 'powershell' for command environment: Not usable outside of PowerShell
[4.558s] DEBUG:colcon.colcon_core.shell:Skip shell extension 'dsv' for command environment
[4.805s] DEBUG:colcon.colcon_core.event_handler.log_command:Invoking command in '/home/kevo/ros_ws/src/ros_arm/build/ros_arm_description': CMAKE_PREFIX_PATH=${CMAKE_PREFIX_PATH}:/home/kevo/ros_ws/src/ai_based_sorting_robot_arm/install/robotic_arm_custom_nodes:/home/kevo/ws_moveit2/install/moveit_configs_utils:/home/kevo/ws_moveit2/install/launch_param_builder:/opt/ros/humble /usr/bin/cmake --build /home/kevo/ros_ws/src/ros_arm/build/ros_arm_description -- -j8 -l8
[4.824s] DEBUG:colcon.colcon_core.event_handler.log_command:Invoking command in '/home/kevo/ros_ws/src/ros_arm/build/hello_moveit': CMAKE_PREFIX_PATH=${CMAKE_PREFIX_PATH}:/home/kevo/ros_ws/src/ai_based_sorting_robot_arm/install/robotic_arm_custom_nodes:/home/kevo/ws_moveit2/install/moveit_configs_utils:/home/kevo/ws_moveit2/install/launch_param_builder:/opt/ros/humble /usr/bin/cmake --build /home/kevo/ros_ws/src/ros_arm/build/hello_moveit -- -j8 -l8
[4.903s] DEBUG:colcon.colcon_core.event_handler.log_command:Invoked command in '/home/kevo/ros_ws/src/ros_arm/build/ros_arm_description' returned '0': CMAKE_PREFIX_PATH=${CMAKE_PREFIX_PATH}:/home/kevo/ros_ws/src/ai_based_sorting_robot_arm/install/robotic_arm_custom_nodes:/home/kevo/ws_moveit2/install/moveit_configs_utils:/home/kevo/ws_moveit2/install/launch_param_builder:/opt/ros/humble /usr/bin/cmake --build /home/kevo/ros_ws/src/ros_arm/build/ros_arm_description -- -j8 -l8
[4.999s] DEBUG:colcon.colcon_core.event_handler.log_command:Invoking command in '/home/kevo/ros_ws/src/ros_arm/build/ros_arm_description': CMAKE_PREFIX_PATH=${CMAKE_PREFIX_PATH}:/home/kevo/ros_ws/src/ai_based_sorting_robot_arm/install/robotic_arm_custom_nodes:/home/kevo/ws_moveit2/install/moveit_configs_utils:/home/kevo/ws_moveit2/install/launch_param_builder:/opt/ros/humble /usr/bin/cmake --install /home/kevo/ros_ws/src/ros_arm/build/ros_arm_description
[5.035s] Level 1:colcon.colcon_core.environment:create_environment_scripts_only(ros_arm_description)
[5.058s] DEBUG:colcon.colcon_core.event_handler.log_command:Invoked command in '/home/kevo/ros_ws/src/ros_arm/build/ros_arm_description' returned '0': CMAKE_PREFIX_PATH=${CMAKE_PREFIX_PATH}:/home/kevo/ros_ws/src/ai_based_sorting_robot_arm/install/robotic_arm_custom_nodes:/home/kevo/ws_moveit2/install/moveit_configs_utils:/home/kevo/ws_moveit2/install/launch_param_builder:/opt/ros/humble /usr/bin/cmake --install /home/kevo/ros_ws/src/ros_arm/build/ros_arm_description
[5.088s] Level 1:colcon.colcon_core.environment:checking '/home/kevo/ros_ws/src/ros_arm/install/ros_arm_description' for CMake module files
[5.089s] Level 1:colcon.colcon_core.environment:checking '/home/kevo/ros_ws/src/ros_arm/install/ros_arm_description' for CMake config files
[5.089s] Level 1:colcon.colcon_core.shell:create_environment_hook('ros_arm_description', 'cmake_prefix_path')
[5.139s] INFO:colcon.colcon_core.shell:Creating environment hook '/home/kevo/ros_ws/src/ros_arm/install/ros_arm_description/share/ros_arm_description/hook/cmake_prefix_path.ps1'
[5.141s] INFO:colcon.colcon_core.shell:Creating environment descriptor '/home/kevo/ros_ws/src/ros_arm/install/ros_arm_description/share/ros_arm_description/hook/cmake_prefix_path.dsv'
[5.141s] INFO:colcon.colcon_core.shell:Creating environment hook '/home/kevo/ros_ws/src/ros_arm/install/ros_arm_description/share/ros_arm_description/hook/cmake_prefix_path.sh'
[5.144s] Level 1:colcon.colcon_core.environment:checking '/home/kevo/ros_ws/src/ros_arm/install/ros_arm_description/bin'
[5.144s] Level 1:colcon.colcon_core.environment:checking '/home/kevo/ros_ws/src/ros_arm/install/ros_arm_description/lib/pkgconfig/ros_arm_description.pc'
[5.144s] Level 1:colcon.colcon_core.environment:checking '/home/kevo/ros_ws/src/ros_arm/install/ros_arm_description/lib/python3.10/site-packages'
[5.145s] Level 1:colcon.colcon_core.environment:checking '/home/kevo/ros_ws/src/ros_arm/install/ros_arm_description/bin'
[5.199s] INFO:colcon.colcon_core.shell:Creating package script '/home/kevo/ros_ws/src/ros_arm/install/ros_arm_description/share/ros_arm_description/package.ps1'
[5.202s] INFO:colcon.colcon_core.shell:Creating package descriptor '/home/kevo/ros_ws/src/ros_arm/install/ros_arm_description/share/ros_arm_description/package.dsv'
[5.204s] INFO:colcon.colcon_core.shell:Creating package script '/home/kevo/ros_ws/src/ros_arm/install/ros_arm_description/share/ros_arm_description/package.sh'
[5.206s] INFO:colcon.colcon_core.shell:Creating package script '/home/kevo/ros_ws/src/ros_arm/install/ros_arm_description/share/ros_arm_description/package.bash'
[5.207s] INFO:colcon.colcon_core.shell:Creating package script '/home/kevo/ros_ws/src/ros_arm/install/ros_arm_description/share/ros_arm_description/package.zsh'
[5.209s] Level 1:colcon.colcon_core.environment:create_file_with_runtime_dependencies(/home/kevo/ros_ws/src/ros_arm/install/ros_arm_description/share/colcon-core/packages/ros_arm_description)
[5.348s] Level 1:colcon.colcon_core.environment:create_environment_scripts_only(ros_arm_description)
[5.408s] Level 1:colcon.colcon_core.environment:checking '/home/kevo/ros_ws/src/ros_arm/install/ros_arm_description' for CMake module files
[5.409s] Level 1:colcon.colcon_core.environment:checking '/home/kevo/ros_ws/src/ros_arm/install/ros_arm_description' for CMake config files
[5.410s] Level 1:colcon.colcon_core.shell:create_environment_hook('ros_arm_description', 'cmake_prefix_path')
[5.544s] INFO:colcon.colcon_core.shell:Creating environment hook '/home/kevo/ros_ws/src/ros_arm/install/ros_arm_description/share/ros_arm_description/hook/cmake_prefix_path.ps1'
[5.545s] INFO:colcon.colcon_core.shell:Creating environment descriptor '/home/kevo/ros_ws/src/ros_arm/install/ros_arm_description/share/ros_arm_description/hook/cmake_prefix_path.dsv'
[5.547s] INFO:colcon.colcon_core.shell:Creating environment hook '/home/kevo/ros_ws/src/ros_arm/install/ros_arm_description/share/ros_arm_description/hook/cmake_prefix_path.sh'
[5.548s] Level 1:colcon.colcon_core.environment:checking '/home/kevo/ros_ws/src/ros_arm/install/ros_arm_description/bin'
[5.549s] Level 1:colcon.colcon_core.environment:checking '/home/kevo/ros_ws/src/ros_arm/install/ros_arm_description/lib/pkgconfig/ros_arm_description.pc'
[5.550s] Level 1:colcon.colcon_core.environment:checking '/home/kevo/ros_ws/src/ros_arm/install/ros_arm_description/lib/python3.10/site-packages'
[5.553s] Level 1:colcon.colcon_core.environment:checking '/home/kevo/ros_ws/src/ros_arm/install/ros_arm_description/bin'
[5.608s] INFO:colcon.colcon_core.shell:Creating package script '/home/kevo/ros_ws/src/ros_arm/install/ros_arm_description/share/ros_arm_description/package.ps1'
[5.609s] INFO:colcon.colcon_core.shell:Creating package descriptor '/home/kevo/ros_ws/src/ros_arm/install/ros_arm_description/share/ros_arm_description/package.dsv'
[5.611s] INFO:colcon.colcon_core.shell:Creating package script '/home/kevo/ros_ws/src/ros_arm/install/ros_arm_description/share/ros_arm_description/package.sh'
[5.613s] INFO:colcon.colcon_core.shell:Creating package script '/home/kevo/ros_ws/src/ros_arm/install/ros_arm_description/share/ros_arm_description/package.bash'
[5.614s] INFO:colcon.colcon_core.shell:Creating package script '/home/kevo/ros_ws/src/ros_arm/install/ros_arm_description/share/ros_arm_description/package.zsh'
[5.615s] Level 1:colcon.colcon_core.environment:create_file_with_runtime_dependencies(/home/kevo/ros_ws/src/ros_arm/install/ros_arm_description/share/colcon-core/packages/ros_arm_description)
[5.617s] INFO:colcon.colcon_ros.task.ament_cmake.build:Building ROS package in '/home/kevo/ros_ws/src/ros_arm/src/ros_arm_bringup' with build type 'ament_cmake'
[5.617s] INFO:colcon.colcon_cmake.task.cmake.build:Building CMake package in '/home/kevo/ros_ws/src/ros_arm/src/ros_arm_bringup'
[5.702s] INFO:colcon.colcon_core.shell:Skip shell extension 'powershell' for command environment: Not usable outside of PowerShell
[5.703s] DEBUG:colcon.colcon_core.shell:Skip shell extension 'dsv' for command environment
[6.080s] INFO:colcon.colcon_ros.task.ament_cmake.build:Building ROS package in '/home/kevo/ros_ws/src/ros_arm/src/ros_arm_moveit_config' with build type 'ament_cmake'
[6.081s] INFO:colcon.colcon_cmake.task.cmake.build:Building CMake package in '/home/kevo/ros_ws/src/ros_arm/src/ros_arm_moveit_config'
[6.154s] INFO:colcon.colcon_core.shell:Skip shell extension 'powershell' for command environment: Not usable outside of PowerShell
[6.155s] DEBUG:colcon.colcon_core.shell:Skip shell extension 'dsv' for command environment
[6.536s] DEBUG:colcon.colcon_core.event_handler.log_command:Invoking command in '/home/kevo/ros_ws/src/ros_arm/build/ros_arm_bringup': CMAKE_PREFIX_PATH=/home/kevo/ros_ws/src/ros_arm/install/ros_arm_description:/home/kevo/ros_ws/src/ros_arm/install/ros_arm_moveit_config:/home/kevo/ros_ws/src/ros_arm/install/ros_arm_bringup:/home/kevo/ros_ws/src/ros_arm/install/hello_moveit:/home/kevo/ros2_ws/install/ros2_control_demo_example_6:/home/kevo/ros2_ws/install/ros2_control_demo_example_5:/home/kevo/ros2_ws/install/ros2_control_demo_example_4:/home/kevo/ros2_ws/install/ros2_control_demo_example_3:/home/kevo/ros2_ws/install/ros2_control_demo_example_2:/home/kevo/ros2_ws/install/ros2_control_demo_example_14:/home/kevo/ros2_ws/install/ros2_control_demo_example_10:/home/kevo/ros2_ws/install/ros2_control_demo_example_1:/home/kevo/ros2_ws/install/ros2_control_demo_description:/home/kevo/ros_ws/src/ai_based_sorting_robot_arm/install/robotic_arm_msgs:/home/kevo/ros_ws/src/ai_based_sorting_robot_arm/install/robotic_arm_moveit_config:/home/kevo/ros_ws/src/ai_based_sorting_robot_arm/install/robotic_arm_kinematics:/home/kevo/ros_ws/src/ai_based_sorting_robot_arm/install/robotic_arm_firmware:/home/kevo/ros_ws/src/ai_based_sorting_robot_arm/install/robotic_arm_description:/home/kevo/ros_ws/src/ai_based_sorting_robot_arm/install/robotic_arm_controllers:/home/kevo/ws_moveit2/install/pilz_industrial_motion_planner_testutils:/home/kevo/ws_moveit2/install/panda_moveit_config:/home/kevo/ws_moveit2/install/moveit_runtime:/home/kevo/ws_moveit2/install/moveit2_tutorials:/home/kevo/ws_moveit2/install/moveit:/home/kevo/ws_moveit2/install/moveit_planners:/home/kevo/ws_moveit2/install/pilz_industrial_motion_planner:/home/kevo/ws_moveit2/install/mtc_tutorial:/home/kevo/ws_moveit2/install/moveit_visual_tools:/home/kevo/ws_moveit2/install/moveit_task_constructor_visualization:/home/kevo/ws_moveit2/install/moveit_task_constructor_demo:/home/kevo/ws_moveit2/install/moveit_task_constructor_capabilities:/home/kevo/ws_moveit2/install/moveit_task_constructor_core:/home/kevo/ws_moveit2/install/moveit_ros_control_interface:/home/kevo/ws_moveit2/install/moveit_plugins:/home/kevo/ws_moveit2/install/moveit_simple_controller_manager:/home/kevo/ws_moveit2/install/moveit_setup_assistant:/home/kevo/ws_moveit2/install/moveit_setup_srdf_plugins:/home/kevo/ws_moveit2/install/moveit_setup_core_plugins:/home/kevo/ws_moveit2/install/moveit_setup_controllers:/home/kevo/ws_moveit2/install/moveit_setup_app_plugins:/home/kevo/ws_moveit2/install/moveit_setup_framework:/home/kevo/ws_moveit2/install/moveit_servo:/home/kevo/ws_moveit2/install/moveit_ros:/home/kevo/ws_moveit2/install/moveit_ros_visualization:/home/kevo/ws_moveit2/install/moveit_hybrid_planning:/home/kevo/ws_moveit2/install/moveit_ros_planning_interface:/home/kevo/ws_moveit2/install/moveit_ros_benchmarks:/home/kevo/ws_moveit2/install/moveit_ros_warehouse:/home/kevo/ws_moveit2/install/moveit_ros_robot_interaction:/home/kevo/ws_moveit2/install/moveit_ros_perception:/home/kevo/ws_moveit2/install/moveit_resources_prbt_pg70_support:/home/kevo/ws_moveit2/install/moveit_resources_prbt_moveit_config:/home/kevo/ws_moveit2/install/moveit_ros_move_group:/home/kevo/ws_moveit2/install/moveit_planners_ompl:/home/kevo/ws_moveit2/install/moveit_ros_planning:/home/kevo/ws_moveit2/install/moveit_ros_occupancy_map_monitor:/home/kevo/ws_moveit2/install/moveit_resources_prbt_ikfast_manipulator_plugin:/home/kevo/ws_moveit2/install/moveit_planners_chomp:/home/kevo/ws_moveit2/install/moveit_kinematics:/home/kevo/ws_moveit2/install/moveit_chomp_optimizer_adapter:/home/kevo/ws_moveit2/install/chomp_motion_planner:/home/kevo/ws_moveit2/install/moveit_core:/home/kevo/ws_moveit2/install/srdfdom:/home/kevo/ws_moveit2/install/rviz_marker_tools:/home/kevo/ws_moveit2/install/rosparam_shortcuts:/home/kevo/ws_moveit2/install/moveit_task_constructor_msgs:/home/kevo/ws_moveit2/install/moveit_resources_prbt_support:/home/kevo/ws_moveit2/install/moveit_resources:/home/kevo/ws_moveit2/install/moveit_resources_pr2_description:/home/kevo/ws_moveit2/install/moveit_resources_panda_moveit_config:/home/kevo/ws_moveit2/install/moveit_resources_panda_description:/home/kevo/ws_moveit2/install/moveit_resources_fanuc_moveit_config:/home/kevo/ws_moveit2/install/moveit_resources_fanuc_description:/home/kevo/ws_moveit2/install/moveit_common:/home/kevo/ros_ws/src/ai_based_sorting_robot_arm/install/robotic_arm_custom_nodes:/home/kevo/ws_moveit2/install/moveit_configs_utils:/home/kevo/ws_moveit2/install/launch_param_builder:/opt/ros/humble /usr/bin/cmake --build /home/kevo/ros_ws/src/ros_arm/build/ros_arm_bringup -- -j8 -l8
[6.685s] DEBUG:colcon.colcon_core.event_handler.log_command:Invoking command in '/home/kevo/ros_ws/src/ros_arm/build/ros_arm_moveit_config': CMAKE_PREFIX_PATH=/home/kevo/ros_ws/src/ros_arm/install/ros_arm_description:/home/kevo/ros_ws/src/ros_arm/install/ros_arm_moveit_config:/home/kevo/ros_ws/src/ros_arm/install/ros_arm_bringup:/home/kevo/ros_ws/src/ros_arm/install/hello_moveit:/home/kevo/ros2_ws/install/ros2_control_demo_example_6:/home/kevo/ros2_ws/install/ros2_control_demo_example_5:/home/kevo/ros2_ws/install/ros2_control_demo_example_4:/home/kevo/ros2_ws/install/ros2_control_demo_example_3:/home/kevo/ros2_ws/install/ros2_control_demo_example_2:/home/kevo/ros2_ws/install/ros2_control_demo_example_14:/home/kevo/ros2_ws/install/ros2_control_demo_example_10:/home/kevo/ros2_ws/install/ros2_control_demo_example_1:/home/kevo/ros2_ws/install/ros2_control_demo_description:/home/kevo/ros_ws/src/ai_based_sorting_robot_arm/install/robotic_arm_msgs:/home/kevo/ros_ws/src/ai_based_sorting_robot_arm/install/robotic_arm_moveit_config:/home/kevo/ros_ws/src/ai_based_sorting_robot_arm/install/robotic_arm_kinematics:/home/kevo/ros_ws/src/ai_based_sorting_robot_arm/install/robotic_arm_firmware:/home/kevo/ros_ws/src/ai_based_sorting_robot_arm/install/robotic_arm_description:/home/kevo/ros_ws/src/ai_based_sorting_robot_arm/install/robotic_arm_controllers:/home/kevo/ws_moveit2/install/pilz_industrial_motion_planner_testutils:/home/kevo/ws_moveit2/install/panda_moveit_config:/home/kevo/ws_moveit2/install/moveit_runtime:/home/kevo/ws_moveit2/install/moveit2_tutorials:/home/kevo/ws_moveit2/install/moveit:/home/kevo/ws_moveit2/install/moveit_planners:/home/kevo/ws_moveit2/install/pilz_industrial_motion_planner:/home/kevo/ws_moveit2/install/mtc_tutorial:/home/kevo/ws_moveit2/install/moveit_visual_tools:/home/kevo/ws_moveit2/install/moveit_task_constructor_visualization:/home/kevo/ws_moveit2/install/moveit_task_constructor_demo:/home/kevo/ws_moveit2/install/moveit_task_constructor_capabilities:/home/kevo/ws_moveit2/install/moveit_task_constructor_core:/home/kevo/ws_moveit2/install/moveit_ros_control_interface:/home/kevo/ws_moveit2/install/moveit_plugins:/home/kevo/ws_moveit2/install/moveit_simple_controller_manager:/home/kevo/ws_moveit2/install/moveit_setup_assistant:/home/kevo/ws_moveit2/install/moveit_setup_srdf_plugins:/home/kevo/ws_moveit2/install/moveit_setup_core_plugins:/home/kevo/ws_moveit2/install/moveit_setup_controllers:/home/kevo/ws_moveit2/install/moveit_setup_app_plugins:/home/kevo/ws_moveit2/install/moveit_setup_framework:/home/kevo/ws_moveit2/install/moveit_servo:/home/kevo/ws_moveit2/install/moveit_ros:/home/kevo/ws_moveit2/install/moveit_ros_visualization:/home/kevo/ws_moveit2/install/moveit_hybrid_planning:/home/kevo/ws_moveit2/install/moveit_ros_planning_interface:/home/kevo/ws_moveit2/install/moveit_ros_benchmarks:/home/kevo/ws_moveit2/install/moveit_ros_warehouse:/home/kevo/ws_moveit2/install/moveit_ros_robot_interaction:/home/kevo/ws_moveit2/install/moveit_ros_perception:/home/kevo/ws_moveit2/install/moveit_resources_prbt_pg70_support:/home/kevo/ws_moveit2/install/moveit_resources_prbt_moveit_config:/home/kevo/ws_moveit2/install/moveit_ros_move_group:/home/kevo/ws_moveit2/install/moveit_planners_ompl:/home/kevo/ws_moveit2/install/moveit_ros_planning:/home/kevo/ws_moveit2/install/moveit_ros_occupancy_map_monitor:/home/kevo/ws_moveit2/install/moveit_resources_prbt_ikfast_manipulator_plugin:/home/kevo/ws_moveit2/install/moveit_planners_chomp:/home/kevo/ws_moveit2/install/moveit_kinematics:/home/kevo/ws_moveit2/install/moveit_chomp_optimizer_adapter:/home/kevo/ws_moveit2/install/chomp_motion_planner:/home/kevo/ws_moveit2/install/moveit_core:/home/kevo/ws_moveit2/install/srdfdom:/home/kevo/ws_moveit2/install/rviz_marker_tools:/home/kevo/ws_moveit2/install/rosparam_shortcuts:/home/kevo/ws_moveit2/install/moveit_task_constructor_msgs:/home/kevo/ws_moveit2/install/moveit_resources_prbt_support:/home/kevo/ws_moveit2/install/moveit_resources:/home/kevo/ws_moveit2/install/moveit_resources_pr2_description:/home/kevo/ws_moveit2/install/moveit_resources_panda_moveit_config:/home/kevo/ws_moveit2/install/moveit_resources_panda_description:/home/kevo/ws_moveit2/install/moveit_resources_fanuc_moveit_config:/home/kevo/ws_moveit2/install/moveit_resources_fanuc_description:/home/kevo/ws_moveit2/install/moveit_common:/home/kevo/ros_ws/src/ai_based_sorting_robot_arm/install/robotic_arm_custom_nodes:/home/kevo/ws_moveit2/install/moveit_configs_utils:/home/kevo/ws_moveit2/install/launch_param_builder:/opt/ros/humble /usr/bin/cmake --build /home/kevo/ros_ws/src/ros_arm/build/ros_arm_moveit_config -- -j8 -l8
[6.688s] DEBUG:colcon.colcon_core.event_handler.log_command:Invoked command in '/home/kevo/ros_ws/src/ros_arm/build/ros_arm_bringup' returned '0': CMAKE_PREFIX_PATH=/home/kevo/ros_ws/src/ros_arm/install/ros_arm_description:/home/kevo/ros_ws/src/ros_arm/install/ros_arm_moveit_config:/home/kevo/ros_ws/src/ros_arm/install/ros_arm_bringup:/home/kevo/ros_ws/src/ros_arm/install/hello_moveit:/home/kevo/ros2_ws/install/ros2_control_demo_example_6:/home/kevo/ros2_ws/install/ros2_control_demo_example_5:/home/kevo/ros2_ws/install/ros2_control_demo_example_4:/home/kevo/ros2_ws/install/ros2_control_demo_example_3:/home/kevo/ros2_ws/install/ros2_control_demo_example_2:/home/kevo/ros2_ws/install/ros2_control_demo_example_14:/home/kevo/ros2_ws/install/ros2_control_demo_example_10:/home/kevo/ros2_ws/install/ros2_control_demo_example_1:/home/kevo/ros2_ws/install/ros2_control_demo_description:/home/kevo/ros_ws/src/ai_based_sorting_robot_arm/install/robotic_arm_msgs:/home/kevo/ros_ws/src/ai_based_sorting_robot_arm/install/robotic_arm_moveit_config:/home/kevo/ros_ws/src/ai_based_sorting_robot_arm/install/robotic_arm_kinematics:/home/kevo/ros_ws/src/ai_based_sorting_robot_arm/install/robotic_arm_firmware:/home/kevo/ros_ws/src/ai_based_sorting_robot_arm/install/robotic_arm_description:/home/kevo/ros_ws/src/ai_based_sorting_robot_arm/install/robotic_arm_controllers:/home/kevo/ws_moveit2/install/pilz_industrial_motion_planner_testutils:/home/kevo/ws_moveit2/install/panda_moveit_config:/home/kevo/ws_moveit2/install/moveit_runtime:/home/kevo/ws_moveit2/install/moveit2_tutorials:/home/kevo/ws_moveit2/install/moveit:/home/kevo/ws_moveit2/install/moveit_planners:/home/kevo/ws_moveit2/install/pilz_industrial_motion_planner:/home/kevo/ws_moveit2/install/mtc_tutorial:/home/kevo/ws_moveit2/install/moveit_visual_tools:/home/kevo/ws_moveit2/install/moveit_task_constructor_visualization:/home/kevo/ws_moveit2/install/moveit_task_constructor_demo:/home/kevo/ws_moveit2/install/moveit_task_constructor_capabilities:/home/kevo/ws_moveit2/install/moveit_task_constructor_core:/home/kevo/ws_moveit2/install/moveit_ros_control_interface:/home/kevo/ws_moveit2/install/moveit_plugins:/home/kevo/ws_moveit2/install/moveit_simple_controller_manager:/home/kevo/ws_moveit2/install/moveit_setup_assistant:/home/kevo/ws_moveit2/install/moveit_setup_srdf_plugins:/home/kevo/ws_moveit2/install/moveit_setup_core_plugins:/home/kevo/ws_moveit2/install/moveit_setup_controllers:/home/kevo/ws_moveit2/install/moveit_setup_app_plugins:/home/kevo/ws_moveit2/install/moveit_setup_framework:/home/kevo/ws_moveit2/install/moveit_servo:/home/kevo/ws_moveit2/install/moveit_ros:/home/kevo/ws_moveit2/install/moveit_ros_visualization:/home/kevo/ws_moveit2/install/moveit_hybrid_planning:/home/kevo/ws_moveit2/install/moveit_ros_planning_interface:/home/kevo/ws_moveit2/install/moveit_ros_benchmarks:/home/kevo/ws_moveit2/install/moveit_ros_warehouse:/home/kevo/ws_moveit2/install/moveit_ros_robot_interaction:/home/kevo/ws_moveit2/install/moveit_ros_perception:/home/kevo/ws_moveit2/install/moveit_resources_prbt_pg70_support:/home/kevo/ws_moveit2/install/moveit_resources_prbt_moveit_config:/home/kevo/ws_moveit2/install/moveit_ros_move_group:/home/kevo/ws_moveit2/install/moveit_planners_ompl:/home/kevo/ws_moveit2/install/moveit_ros_planning:/home/kevo/ws_moveit2/install/moveit_ros_occupancy_map_monitor:/home/kevo/ws_moveit2/install/moveit_resources_prbt_ikfast_manipulator_plugin:/home/kevo/ws_moveit2/install/moveit_planners_chomp:/home/kevo/ws_moveit2/install/moveit_kinematics:/home/kevo/ws_moveit2/install/moveit_chomp_optimizer_adapter:/home/kevo/ws_moveit2/install/chomp_motion_planner:/home/kevo/ws_moveit2/install/moveit_core:/home/kevo/ws_moveit2/install/srdfdom:/home/kevo/ws_moveit2/install/rviz_marker_tools:/home/kevo/ws_moveit2/install/rosparam_shortcuts:/home/kevo/ws_moveit2/install/moveit_task_constructor_msgs:/home/kevo/ws_moveit2/install/moveit_resources_prbt_support:/home/kevo/ws_moveit2/install/moveit_resources:/home/kevo/ws_moveit2/install/moveit_resources_pr2_description:/home/kevo/ws_moveit2/install/moveit_resources_panda_moveit_config:/home/kevo/ws_moveit2/install/moveit_resources_panda_description:/home/kevo/ws_moveit2/install/moveit_resources_fanuc_moveit_config:/home/kevo/ws_moveit2/install/moveit_resources_fanuc_description:/home/kevo/ws_moveit2/install/moveit_common:/home/kevo/ros_ws/src/ai_based_sorting_robot_arm/install/robotic_arm_custom_nodes:/home/kevo/ws_moveit2/install/moveit_configs_utils:/home/kevo/ws_moveit2/install/launch_param_builder:/opt/ros/humble /usr/bin/cmake --build /home/kevo/ros_ws/src/ros_arm/build/ros_arm_bringup -- -j8 -l8
[6.783s] DEBUG:colcon.colcon_core.event_handler.log_command:Invoking command in '/home/kevo/ros_ws/src/ros_arm/build/ros_arm_bringup': CMAKE_PREFIX_PATH=/home/kevo/ros_ws/src/ros_arm/install/ros_arm_description:/home/kevo/ros_ws/src/ros_arm/install/ros_arm_moveit_config:/home/kevo/ros_ws/src/ros_arm/install/ros_arm_bringup:/home/kevo/ros_ws/src/ros_arm/install/hello_moveit:/home/kevo/ros2_ws/install/ros2_control_demo_example_6:/home/kevo/ros2_ws/install/ros2_control_demo_example_5:/home/kevo/ros2_ws/install/ros2_control_demo_example_4:/home/kevo/ros2_ws/install/ros2_control_demo_example_3:/home/kevo/ros2_ws/install/ros2_control_demo_example_2:/home/kevo/ros2_ws/install/ros2_control_demo_example_14:/home/kevo/ros2_ws/install/ros2_control_demo_example_10:/home/kevo/ros2_ws/install/ros2_control_demo_example_1:/home/kevo/ros2_ws/install/ros2_control_demo_description:/home/kevo/ros_ws/src/ai_based_sorting_robot_arm/install/robotic_arm_msgs:/home/kevo/ros_ws/src/ai_based_sorting_robot_arm/install/robotic_arm_moveit_config:/home/kevo/ros_ws/src/ai_based_sorting_robot_arm/install/robotic_arm_kinematics:/home/kevo/ros_ws/src/ai_based_sorting_robot_arm/install/robotic_arm_firmware:/home/kevo/ros_ws/src/ai_based_sorting_robot_arm/install/robotic_arm_description:/home/kevo/ros_ws/src/ai_based_sorting_robot_arm/install/robotic_arm_controllers:/home/kevo/ws_moveit2/install/pilz_industrial_motion_planner_testutils:/home/kevo/ws_moveit2/install/panda_moveit_config:/home/kevo/ws_moveit2/install/moveit_runtime:/home/kevo/ws_moveit2/install/moveit2_tutorials:/home/kevo/ws_moveit2/install/moveit:/home/kevo/ws_moveit2/install/moveit_planners:/home/kevo/ws_moveit2/install/pilz_industrial_motion_planner:/home/kevo/ws_moveit2/install/mtc_tutorial:/home/kevo/ws_moveit2/install/moveit_visual_tools:/home/kevo/ws_moveit2/install/moveit_task_constructor_visualization:/home/kevo/ws_moveit2/install/moveit_task_constructor_demo:/home/kevo/ws_moveit2/install/moveit_task_constructor_capabilities:/home/kevo/ws_moveit2/install/moveit_task_constructor_core:/home/kevo/ws_moveit2/install/moveit_ros_control_interface:/home/kevo/ws_moveit2/install/moveit_plugins:/home/kevo/ws_moveit2/install/moveit_simple_controller_manager:/home/kevo/ws_moveit2/install/moveit_setup_assistant:/home/kevo/ws_moveit2/install/moveit_setup_srdf_plugins:/home/kevo/ws_moveit2/install/moveit_setup_core_plugins:/home/kevo/ws_moveit2/install/moveit_setup_controllers:/home/kevo/ws_moveit2/install/moveit_setup_app_plugins:/home/kevo/ws_moveit2/install/moveit_setup_framework:/home/kevo/ws_moveit2/install/moveit_servo:/home/kevo/ws_moveit2/install/moveit_ros:/home/kevo/ws_moveit2/install/moveit_ros_visualization:/home/kevo/ws_moveit2/install/moveit_hybrid_planning:/home/kevo/ws_moveit2/install/moveit_ros_planning_interface:/home/kevo/ws_moveit2/install/moveit_ros_benchmarks:/home/kevo/ws_moveit2/install/moveit_ros_warehouse:/home/kevo/ws_moveit2/install/moveit_ros_robot_interaction:/home/kevo/ws_moveit2/install/moveit_ros_perception:/home/kevo/ws_moveit2/install/moveit_resources_prbt_pg70_support:/home/kevo/ws_moveit2/install/moveit_resources_prbt_moveit_config:/home/kevo/ws_moveit2/install/moveit_ros_move_group:/home/kevo/ws_moveit2/install/moveit_planners_ompl:/home/kevo/ws_moveit2/install/moveit_ros_planning:/home/kevo/ws_moveit2/install/moveit_ros_occupancy_map_monitor:/home/kevo/ws_moveit2/install/moveit_resources_prbt_ikfast_manipulator_plugin:/home/kevo/ws_moveit2/install/moveit_planners_chomp:/home/kevo/ws_moveit2/install/moveit_kinematics:/home/kevo/ws_moveit2/install/moveit_chomp_optimizer_adapter:/home/kevo/ws_moveit2/install/chomp_motion_planner:/home/kevo/ws_moveit2/install/moveit_core:/home/kevo/ws_moveit2/install/srdfdom:/home/kevo/ws_moveit2/install/rviz_marker_tools:/home/kevo/ws_moveit2/install/rosparam_shortcuts:/home/kevo/ws_moveit2/install/moveit_task_constructor_msgs:/home/kevo/ws_moveit2/install/moveit_resources_prbt_support:/home/kevo/ws_moveit2/install/moveit_resources:/home/kevo/ws_moveit2/install/moveit_resources_pr2_description:/home/kevo/ws_moveit2/install/moveit_resources_panda_moveit_config:/home/kevo/ws_moveit2/install/moveit_resources_panda_description:/home/kevo/ws_moveit2/install/moveit_resources_fanuc_moveit_config:/home/kevo/ws_moveit2/install/moveit_resources_fanuc_description:/home/kevo/ws_moveit2/install/moveit_common:/home/kevo/ros_ws/src/ai_based_sorting_robot_arm/install/robotic_arm_custom_nodes:/home/kevo/ws_moveit2/install/moveit_configs_utils:/home/kevo/ws_moveit2/install/launch_param_builder:/opt/ros/humble /usr/bin/cmake --install /home/kevo/ros_ws/src/ros_arm/build/ros_arm_bringup
[6.818s] DEBUG:colcon.colcon_core.event_handler.log_command:Invoked command in '/home/kevo/ros_ws/src/ros_arm/build/ros_arm_moveit_config' returned '0': CMAKE_PREFIX_PATH=/home/kevo/ros_ws/src/ros_arm/install/ros_arm_description:/home/kevo/ros_ws/src/ros_arm/install/ros_arm_moveit_config:/home/kevo/ros_ws/src/ros_arm/install/ros_arm_bringup:/home/kevo/ros_ws/src/ros_arm/install/hello_moveit:/home/kevo/ros2_ws/install/ros2_control_demo_example_6:/home/kevo/ros2_ws/install/ros2_control_demo_example_5:/home/kevo/ros2_ws/install/ros2_control_demo_example_4:/home/kevo/ros2_ws/install/ros2_control_demo_example_3:/home/kevo/ros2_ws/install/ros2_control_demo_example_2:/home/kevo/ros2_ws/install/ros2_control_demo_example_14:/home/kevo/ros2_ws/install/ros2_control_demo_example_10:/home/kevo/ros2_ws/install/ros2_control_demo_example_1:/home/kevo/ros2_ws/install/ros2_control_demo_description:/home/kevo/ros_ws/src/ai_based_sorting_robot_arm/install/robotic_arm_msgs:/home/kevo/ros_ws/src/ai_based_sorting_robot_arm/install/robotic_arm_moveit_config:/home/kevo/ros_ws/src/ai_based_sorting_robot_arm/install/robotic_arm_kinematics:/home/kevo/ros_ws/src/ai_based_sorting_robot_arm/install/robotic_arm_firmware:/home/kevo/ros_ws/src/ai_based_sorting_robot_arm/install/robotic_arm_description:/home/kevo/ros_ws/src/ai_based_sorting_robot_arm/install/robotic_arm_controllers:/home/kevo/ws_moveit2/install/pilz_industrial_motion_planner_testutils:/home/kevo/ws_moveit2/install/panda_moveit_config:/home/kevo/ws_moveit2/install/moveit_runtime:/home/kevo/ws_moveit2/install/moveit2_tutorials:/home/kevo/ws_moveit2/install/moveit:/home/kevo/ws_moveit2/install/moveit_planners:/home/kevo/ws_moveit2/install/pilz_industrial_motion_planner:/home/kevo/ws_moveit2/install/mtc_tutorial:/home/kevo/ws_moveit2/install/moveit_visual_tools:/home/kevo/ws_moveit2/install/moveit_task_constructor_visualization:/home/kevo/ws_moveit2/install/moveit_task_constructor_demo:/home/kevo/ws_moveit2/install/moveit_task_constructor_capabilities:/home/kevo/ws_moveit2/install/moveit_task_constructor_core:/home/kevo/ws_moveit2/install/moveit_ros_control_interface:/home/kevo/ws_moveit2/install/moveit_plugins:/home/kevo/ws_moveit2/install/moveit_simple_controller_manager:/home/kevo/ws_moveit2/install/moveit_setup_assistant:/home/kevo/ws_moveit2/install/moveit_setup_srdf_plugins:/home/kevo/ws_moveit2/install/moveit_setup_core_plugins:/home/kevo/ws_moveit2/install/moveit_setup_controllers:/home/kevo/ws_moveit2/install/moveit_setup_app_plugins:/home/kevo/ws_moveit2/install/moveit_setup_framework:/home/kevo/ws_moveit2/install/moveit_servo:/home/kevo/ws_moveit2/install/moveit_ros:/home/kevo/ws_moveit2/install/moveit_ros_visualization:/home/kevo/ws_moveit2/install/moveit_hybrid_planning:/home/kevo/ws_moveit2/install/moveit_ros_planning_interface:/home/kevo/ws_moveit2/install/moveit_ros_benchmarks:/home/kevo/ws_moveit2/install/moveit_ros_warehouse:/home/kevo/ws_moveit2/install/moveit_ros_robot_interaction:/home/kevo/ws_moveit2/install/moveit_ros_perception:/home/kevo/ws_moveit2/install/moveit_resources_prbt_pg70_support:/home/kevo/ws_moveit2/install/moveit_resources_prbt_moveit_config:/home/kevo/ws_moveit2/install/moveit_ros_move_group:/home/kevo/ws_moveit2/install/moveit_planners_ompl:/home/kevo/ws_moveit2/install/moveit_ros_planning:/home/kevo/ws_moveit2/install/moveit_ros_occupancy_map_monitor:/home/kevo/ws_moveit2/install/moveit_resources_prbt_ikfast_manipulator_plugin:/home/kevo/ws_moveit2/install/moveit_planners_chomp:/home/kevo/ws_moveit2/install/moveit_kinematics:/home/kevo/ws_moveit2/install/moveit_chomp_optimizer_adapter:/home/kevo/ws_moveit2/install/chomp_motion_planner:/home/kevo/ws_moveit2/install/moveit_core:/home/kevo/ws_moveit2/install/srdfdom:/home/kevo/ws_moveit2/install/rviz_marker_tools:/home/kevo/ws_moveit2/install/rosparam_shortcuts:/home/kevo/ws_moveit2/install/moveit_task_constructor_msgs:/home/kevo/ws_moveit2/install/moveit_resources_prbt_support:/home/kevo/ws_moveit2/install/moveit_resources:/home/kevo/ws_moveit2/install/moveit_resources_pr2_description:/home/kevo/ws_moveit2/install/moveit_resources_panda_moveit_config:/home/kevo/ws_moveit2/install/moveit_resources_panda_description:/home/kevo/ws_moveit2/install/moveit_resources_fanuc_moveit_config:/home/kevo/ws_moveit2/install/moveit_resources_fanuc_description:/home/kevo/ws_moveit2/install/moveit_common:/home/kevo/ros_ws/src/ai_based_sorting_robot_arm/install/robotic_arm_custom_nodes:/home/kevo/ws_moveit2/install/moveit_configs_utils:/home/kevo/ws_moveit2/install/launch_param_builder:/opt/ros/humble /usr/bin/cmake --build /home/kevo/ros_ws/src/ros_arm/build/ros_arm_moveit_config -- -j8 -l8
[6.831s] Level 1:colcon.colcon_core.environment:create_environment_scripts_only(ros_arm_bringup)
[6.839s] DEBUG:colcon.colcon_core.event_handler.log_command:Invoked command in '/home/kevo/ros_ws/src/ros_arm/build/ros_arm_bringup' returned '0': CMAKE_PREFIX_PATH=/home/kevo/ros_ws/src/ros_arm/install/ros_arm_description:/home/kevo/ros_ws/src/ros_arm/install/ros_arm_moveit_config:/home/kevo/ros_ws/src/ros_arm/install/ros_arm_bringup:/home/kevo/ros_ws/src/ros_arm/install/hello_moveit:/home/kevo/ros2_ws/install/ros2_control_demo_example_6:/home/kevo/ros2_ws/install/ros2_control_demo_example_5:/home/kevo/ros2_ws/install/ros2_control_demo_example_4:/home/kevo/ros2_ws/install/ros2_control_demo_example_3:/home/kevo/ros2_ws/install/ros2_control_demo_example_2:/home/kevo/ros2_ws/install/ros2_control_demo_example_14:/home/kevo/ros2_ws/install/ros2_control_demo_example_10:/home/kevo/ros2_ws/install/ros2_control_demo_example_1:/home/kevo/ros2_ws/install/ros2_control_demo_description:/home/kevo/ros_ws/src/ai_based_sorting_robot_arm/install/robotic_arm_msgs:/home/kevo/ros_ws/src/ai_based_sorting_robot_arm/install/robotic_arm_moveit_config:/home/kevo/ros_ws/src/ai_based_sorting_robot_arm/install/robotic_arm_kinematics:/home/kevo/ros_ws/src/ai_based_sorting_robot_arm/install/robotic_arm_firmware:/home/kevo/ros_ws/src/ai_based_sorting_robot_arm/install/robotic_arm_description:/home/kevo/ros_ws/src/ai_based_sorting_robot_arm/install/robotic_arm_controllers:/home/kevo/ws_moveit2/install/pilz_industrial_motion_planner_testutils:/home/kevo/ws_moveit2/install/panda_moveit_config:/home/kevo/ws_moveit2/install/moveit_runtime:/home/kevo/ws_moveit2/install/moveit2_tutorials:/home/kevo/ws_moveit2/install/moveit:/home/kevo/ws_moveit2/install/moveit_planners:/home/kevo/ws_moveit2/install/pilz_industrial_motion_planner:/home/kevo/ws_moveit2/install/mtc_tutorial:/home/kevo/ws_moveit2/install/moveit_visual_tools:/home/kevo/ws_moveit2/install/moveit_task_constructor_visualization:/home/kevo/ws_moveit2/install/moveit_task_constructor_demo:/home/kevo/ws_moveit2/install/moveit_task_constructor_capabilities:/home/kevo/ws_moveit2/install/moveit_task_constructor_core:/home/kevo/ws_moveit2/install/moveit_ros_control_interface:/home/kevo/ws_moveit2/install/moveit_plugins:/home/kevo/ws_moveit2/install/moveit_simple_controller_manager:/home/kevo/ws_moveit2/install/moveit_setup_assistant:/home/kevo/ws_moveit2/install/moveit_setup_srdf_plugins:/home/kevo/ws_moveit2/install/moveit_setup_core_plugins:/home/kevo/ws_moveit2/install/moveit_setup_controllers:/home/kevo/ws_moveit2/install/moveit_setup_app_plugins:/home/kevo/ws_moveit2/install/moveit_setup_framework:/home/kevo/ws_moveit2/install/moveit_servo:/home/kevo/ws_moveit2/install/moveit_ros:/home/kevo/ws_moveit2/install/moveit_ros_visualization:/home/kevo/ws_moveit2/install/moveit_hybrid_planning:/home/kevo/ws_moveit2/install/moveit_ros_planning_interface:/home/kevo/ws_moveit2/install/moveit_ros_benchmarks:/home/kevo/ws_moveit2/install/moveit_ros_warehouse:/home/kevo/ws_moveit2/install/moveit_ros_robot_interaction:/home/kevo/ws_moveit2/install/moveit_ros_perception:/home/kevo/ws_moveit2/install/moveit_resources_prbt_pg70_support:/home/kevo/ws_moveit2/install/moveit_resources_prbt_moveit_config:/home/kevo/ws_moveit2/install/moveit_ros_move_group:/home/kevo/ws_moveit2/install/moveit_planners_ompl:/home/kevo/ws_moveit2/install/moveit_ros_planning:/home/kevo/ws_moveit2/install/moveit_ros_occupancy_map_monitor:/home/kevo/ws_moveit2/install/moveit_resources_prbt_ikfast_manipulator_plugin:/home/kevo/ws_moveit2/install/moveit_planners_chomp:/home/kevo/ws_moveit2/install/moveit_kinematics:/home/kevo/ws_moveit2/install/moveit_chomp_optimizer_adapter:/home/kevo/ws_moveit2/install/chomp_motion_planner:/home/kevo/ws_moveit2/install/moveit_core:/home/kevo/ws_moveit2/install/srdfdom:/home/kevo/ws_moveit2/install/rviz_marker_tools:/home/kevo/ws_moveit2/install/rosparam_shortcuts:/home/kevo/ws_moveit2/install/moveit_task_constructor_msgs:/home/kevo/ws_moveit2/install/moveit_resources_prbt_support:/home/kevo/ws_moveit2/install/moveit_resources:/home/kevo/ws_moveit2/install/moveit_resources_pr2_description:/home/kevo/ws_moveit2/install/moveit_resources_panda_moveit_config:/home/kevo/ws_moveit2/install/moveit_resources_panda_description:/home/kevo/ws_moveit2/install/moveit_resources_fanuc_moveit_config:/home/kevo/ws_moveit2/install/moveit_resources_fanuc_description:/home/kevo/ws_moveit2/install/moveit_common:/home/kevo/ros_ws/src/ai_based_sorting_robot_arm/install/robotic_arm_custom_nodes:/home/kevo/ws_moveit2/install/moveit_configs_utils:/home/kevo/ws_moveit2/install/launch_param_builder:/opt/ros/humble /usr/bin/cmake --install /home/kevo/ros_ws/src/ros_arm/build/ros_arm_bringup
[6.906s] Level 1:colcon.colcon_core.environment:checking '/home/kevo/ros_ws/src/ros_arm/install/ros_arm_bringup' for CMake module files
[6.908s] Level 1:colcon.colcon_core.environment:checking '/home/kevo/ros_ws/src/ros_arm/install/ros_arm_bringup' for CMake config files
[6.908s] Level 1:colcon.colcon_core.shell:create_environment_hook('ros_arm_bringup', 'cmake_prefix_path')
[6.970s] INFO:colcon.colcon_core.shell:Creating environment hook '/home/kevo/ros_ws/src/ros_arm/install/ros_arm_bringup/share/ros_arm_bringup/hook/cmake_prefix_path.ps1'
[6.973s] INFO:colcon.colcon_core.shell:Creating environment descriptor '/home/kevo/ros_ws/src/ros_arm/install/ros_arm_bringup/share/ros_arm_bringup/hook/cmake_prefix_path.dsv'
[6.974s] INFO:colcon.colcon_core.shell:Creating environment hook '/home/kevo/ros_ws/src/ros_arm/install/ros_arm_bringup/share/ros_arm_bringup/hook/cmake_prefix_path.sh'
[6.976s] Level 1:colcon.colcon_core.environment:checking '/home/kevo/ros_ws/src/ros_arm/install/ros_arm_bringup/bin'
[6.976s] Level 1:colcon.colcon_core.environment:checking '/home/kevo/ros_ws/src/ros_arm/install/ros_arm_bringup/lib/pkgconfig/ros_arm_bringup.pc'
[6.976s] Level 1:colcon.colcon_core.environment:checking '/home/kevo/ros_ws/src/ros_arm/install/ros_arm_bringup/lib/python3.10/site-packages'
[6.977s] Level 1:colcon.colcon_core.environment:checking '/home/kevo/ros_ws/src/ros_arm/install/ros_arm_bringup/bin'
[7.035s] INFO:colcon.colcon_core.shell:Creating package script '/home/kevo/ros_ws/src/ros_arm/install/ros_arm_bringup/share/ros_arm_bringup/package.ps1'
[7.039s] INFO:colcon.colcon_core.shell:Creating package descriptor '/home/kevo/ros_ws/src/ros_arm/install/ros_arm_bringup/share/ros_arm_bringup/package.dsv'
[7.041s] INFO:colcon.colcon_core.shell:Creating package script '/home/kevo/ros_ws/src/ros_arm/install/ros_arm_bringup/share/ros_arm_bringup/package.sh'
[7.042s] INFO:colcon.colcon_core.shell:Creating package script '/home/kevo/ros_ws/src/ros_arm/install/ros_arm_bringup/share/ros_arm_bringup/package.bash'
[7.042s] INFO:colcon.colcon_core.shell:Creating package script '/home/kevo/ros_ws/src/ros_arm/install/ros_arm_bringup/share/ros_arm_bringup/package.zsh'
[7.043s] Level 1:colcon.colcon_core.environment:create_file_with_runtime_dependencies(/home/kevo/ros_ws/src/ros_arm/install/ros_arm_bringup/share/colcon-core/packages/ros_arm_bringup)
[7.050s] DEBUG:colcon.colcon_core.event_handler.log_command:Invoking command in '/home/kevo/ros_ws/src/ros_arm/build/ros_arm_moveit_config': CMAKE_PREFIX_PATH=/home/kevo/ros_ws/src/ros_arm/install/ros_arm_description:/home/kevo/ros_ws/src/ros_arm/install/ros_arm_moveit_config:/home/kevo/ros_ws/src/ros_arm/install/ros_arm_bringup:/home/kevo/ros_ws/src/ros_arm/install/hello_moveit:/home/kevo/ros2_ws/install/ros2_control_demo_example_6:/home/kevo/ros2_ws/install/ros2_control_demo_example_5:/home/kevo/ros2_ws/install/ros2_control_demo_example_4:/home/kevo/ros2_ws/install/ros2_control_demo_example_3:/home/kevo/ros2_ws/install/ros2_control_demo_example_2:/home/kevo/ros2_ws/install/ros2_control_demo_example_14:/home/kevo/ros2_ws/install/ros2_control_demo_example_10:/home/kevo/ros2_ws/install/ros2_control_demo_example_1:/home/kevo/ros2_ws/install/ros2_control_demo_description:/home/kevo/ros_ws/src/ai_based_sorting_robot_arm/install/robotic_arm_msgs:/home/kevo/ros_ws/src/ai_based_sorting_robot_arm/install/robotic_arm_moveit_config:/home/kevo/ros_ws/src/ai_based_sorting_robot_arm/install/robotic_arm_kinematics:/home/kevo/ros_ws/src/ai_based_sorting_robot_arm/install/robotic_arm_firmware:/home/kevo/ros_ws/src/ai_based_sorting_robot_arm/install/robotic_arm_description:/home/kevo/ros_ws/src/ai_based_sorting_robot_arm/install/robotic_arm_controllers:/home/kevo/ws_moveit2/install/pilz_industrial_motion_planner_testutils:/home/kevo/ws_moveit2/install/panda_moveit_config:/home/kevo/ws_moveit2/install/moveit_runtime:/home/kevo/ws_moveit2/install/moveit2_tutorials:/home/kevo/ws_moveit2/install/moveit:/home/kevo/ws_moveit2/install/moveit_planners:/home/kevo/ws_moveit2/install/pilz_industrial_motion_planner:/home/kevo/ws_moveit2/install/mtc_tutorial:/home/kevo/ws_moveit2/install/moveit_visual_tools:/home/kevo/ws_moveit2/install/moveit_task_constructor_visualization:/home/kevo/ws_moveit2/install/moveit_task_constructor_demo:/home/kevo/ws_moveit2/install/moveit_task_constructor_capabilities:/home/kevo/ws_moveit2/install/moveit_task_constructor_core:/home/kevo/ws_moveit2/install/moveit_ros_control_interface:/home/kevo/ws_moveit2/install/moveit_plugins:/home/kevo/ws_moveit2/install/moveit_simple_controller_manager:/home/kevo/ws_moveit2/install/moveit_setup_assistant:/home/kevo/ws_moveit2/install/moveit_setup_srdf_plugins:/home/kevo/ws_moveit2/install/moveit_setup_core_plugins:/home/kevo/ws_moveit2/install/moveit_setup_controllers:/home/kevo/ws_moveit2/install/moveit_setup_app_plugins:/home/kevo/ws_moveit2/install/moveit_setup_framework:/home/kevo/ws_moveit2/install/moveit_servo:/home/kevo/ws_moveit2/install/moveit_ros:/home/kevo/ws_moveit2/install/moveit_ros_visualization:/home/kevo/ws_moveit2/install/moveit_hybrid_planning:/home/kevo/ws_moveit2/install/moveit_ros_planning_interface:/home/kevo/ws_moveit2/install/moveit_ros_benchmarks:/home/kevo/ws_moveit2/install/moveit_ros_warehouse:/home/kevo/ws_moveit2/install/moveit_ros_robot_interaction:/home/kevo/ws_moveit2/install/moveit_ros_perception:/home/kevo/ws_moveit2/install/moveit_resources_prbt_pg70_support:/home/kevo/ws_moveit2/install/moveit_resources_prbt_moveit_config:/home/kevo/ws_moveit2/install/moveit_ros_move_group:/home/kevo/ws_moveit2/install/moveit_planners_ompl:/home/kevo/ws_moveit2/install/moveit_ros_planning:/home/kevo/ws_moveit2/install/moveit_ros_occupancy_map_monitor:/home/kevo/ws_moveit2/install/moveit_resources_prbt_ikfast_manipulator_plugin:/home/kevo/ws_moveit2/install/moveit_planners_chomp:/home/kevo/ws_moveit2/install/moveit_kinematics:/home/kevo/ws_moveit2/install/moveit_chomp_optimizer_adapter:/home/kevo/ws_moveit2/install/chomp_motion_planner:/home/kevo/ws_moveit2/install/moveit_core:/home/kevo/ws_moveit2/install/srdfdom:/home/kevo/ws_moveit2/install/rviz_marker_tools:/home/kevo/ws_moveit2/install/rosparam_shortcuts:/home/kevo/ws_moveit2/install/moveit_task_constructor_msgs:/home/kevo/ws_moveit2/install/moveit_resources_prbt_support:/home/kevo/ws_moveit2/install/moveit_resources:/home/kevo/ws_moveit2/install/moveit_resources_pr2_description:/home/kevo/ws_moveit2/install/moveit_resources_panda_moveit_config:/home/kevo/ws_moveit2/install/moveit_resources_panda_description:/home/kevo/ws_moveit2/install/moveit_resources_fanuc_moveit_config:/home/kevo/ws_moveit2/install/moveit_resources_fanuc_description:/home/kevo/ws_moveit2/install/moveit_common:/home/kevo/ros_ws/src/ai_based_sorting_robot_arm/install/robotic_arm_custom_nodes:/home/kevo/ws_moveit2/install/moveit_configs_utils:/home/kevo/ws_moveit2/install/launch_param_builder:/opt/ros/humble /usr/bin/cmake --install /home/kevo/ros_ws/src/ros_arm/build/ros_arm_moveit_config
[7.100s] Level 1:colcon.colcon_core.environment:create_environment_scripts_only(ros_arm_moveit_config)
[7.121s] DEBUG:colcon.colcon_core.event_handler.log_command:Invoked command in '/home/kevo/ros_ws/src/ros_arm/build/ros_arm_moveit_config' returned '0': CMAKE_PREFIX_PATH=/home/kevo/ros_ws/src/ros_arm/install/ros_arm_description:/home/kevo/ros_ws/src/ros_arm/install/ros_arm_moveit_config:/home/kevo/ros_ws/src/ros_arm/install/ros_arm_bringup:/home/kevo/ros_ws/src/ros_arm/install/hello_moveit:/home/kevo/ros2_ws/install/ros2_control_demo_example_6:/home/kevo/ros2_ws/install/ros2_control_demo_example_5:/home/kevo/ros2_ws/install/ros2_control_demo_example_4:/home/kevo/ros2_ws/install/ros2_control_demo_example_3:/home/kevo/ros2_ws/install/ros2_control_demo_example_2:/home/kevo/ros2_ws/install/ros2_control_demo_example_14:/home/kevo/ros2_ws/install/ros2_control_demo_example_10:/home/kevo/ros2_ws/install/ros2_control_demo_example_1:/home/kevo/ros2_ws/install/ros2_control_demo_description:/home/kevo/ros_ws/src/ai_based_sorting_robot_arm/install/robotic_arm_msgs:/home/kevo/ros_ws/src/ai_based_sorting_robot_arm/install/robotic_arm_moveit_config:/home/kevo/ros_ws/src/ai_based_sorting_robot_arm/install/robotic_arm_kinematics:/home/kevo/ros_ws/src/ai_based_sorting_robot_arm/install/robotic_arm_firmware:/home/kevo/ros_ws/src/ai_based_sorting_robot_arm/install/robotic_arm_description:/home/kevo/ros_ws/src/ai_based_sorting_robot_arm/install/robotic_arm_controllers:/home/kevo/ws_moveit2/install/pilz_industrial_motion_planner_testutils:/home/kevo/ws_moveit2/install/panda_moveit_config:/home/kevo/ws_moveit2/install/moveit_runtime:/home/kevo/ws_moveit2/install/moveit2_tutorials:/home/kevo/ws_moveit2/install/moveit:/home/kevo/ws_moveit2/install/moveit_planners:/home/kevo/ws_moveit2/install/pilz_industrial_motion_planner:/home/kevo/ws_moveit2/install/mtc_tutorial:/home/kevo/ws_moveit2/install/moveit_visual_tools:/home/kevo/ws_moveit2/install/moveit_task_constructor_visualization:/home/kevo/ws_moveit2/install/moveit_task_constructor_demo:/home/kevo/ws_moveit2/install/moveit_task_constructor_capabilities:/home/kevo/ws_moveit2/install/moveit_task_constructor_core:/home/kevo/ws_moveit2/install/moveit_ros_control_interface:/home/kevo/ws_moveit2/install/moveit_plugins:/home/kevo/ws_moveit2/install/moveit_simple_controller_manager:/home/kevo/ws_moveit2/install/moveit_setup_assistant:/home/kevo/ws_moveit2/install/moveit_setup_srdf_plugins:/home/kevo/ws_moveit2/install/moveit_setup_core_plugins:/home/kevo/ws_moveit2/install/moveit_setup_controllers:/home/kevo/ws_moveit2/install/moveit_setup_app_plugins:/home/kevo/ws_moveit2/install/moveit_setup_framework:/home/kevo/ws_moveit2/install/moveit_servo:/home/kevo/ws_moveit2/install/moveit_ros:/home/kevo/ws_moveit2/install/moveit_ros_visualization:/home/kevo/ws_moveit2/install/moveit_hybrid_planning:/home/kevo/ws_moveit2/install/moveit_ros_planning_interface:/home/kevo/ws_moveit2/install/moveit_ros_benchmarks:/home/kevo/ws_moveit2/install/moveit_ros_warehouse:/home/kevo/ws_moveit2/install/moveit_ros_robot_interaction:/home/kevo/ws_moveit2/install/moveit_ros_perception:/home/kevo/ws_moveit2/install/moveit_resources_prbt_pg70_support:/home/kevo/ws_moveit2/install/moveit_resources_prbt_moveit_config:/home/kevo/ws_moveit2/install/moveit_ros_move_group:/home/kevo/ws_moveit2/install/moveit_planners_ompl:/home/kevo/ws_moveit2/install/moveit_ros_planning:/home/kevo/ws_moveit2/install/moveit_ros_occupancy_map_monitor:/home/kevo/ws_moveit2/install/moveit_resources_prbt_ikfast_manipulator_plugin:/home/kevo/ws_moveit2/install/moveit_planners_chomp:/home/kevo/ws_moveit2/install/moveit_kinematics:/home/kevo/ws_moveit2/install/moveit_chomp_optimizer_adapter:/home/kevo/ws_moveit2/install/chomp_motion_planner:/home/kevo/ws_moveit2/install/moveit_core:/home/kevo/ws_moveit2/install/srdfdom:/home/kevo/ws_moveit2/install/rviz_marker_tools:/home/kevo/ws_moveit2/install/rosparam_shortcuts:/home/kevo/ws_moveit2/install/moveit_task_constructor_msgs:/home/kevo/ws_moveit2/install/moveit_resources_prbt_support:/home/kevo/ws_moveit2/install/moveit_resources:/home/kevo/ws_moveit2/install/moveit_resources_pr2_description:/home/kevo/ws_moveit2/install/moveit_resources_panda_moveit_config:/home/kevo/ws_moveit2/install/moveit_resources_panda_description:/home/kevo/ws_moveit2/install/moveit_resources_fanuc_moveit_config:/home/kevo/ws_moveit2/install/moveit_resources_fanuc_description:/home/kevo/ws_moveit2/install/moveit_common:/home/kevo/ros_ws/src/ai_based_sorting_robot_arm/install/robotic_arm_custom_nodes:/home/kevo/ws_moveit2/install/moveit_configs_utils:/home/kevo/ws_moveit2/install/launch_param_builder:/opt/ros/humble /usr/bin/cmake --install /home/kevo/ros_ws/src/ros_arm/build/ros_arm_moveit_config
[7.174s] Level 1:colcon.colcon_core.environment:checking '/home/kevo/ros_ws/src/ros_arm/install/ros_arm_moveit_config' for CMake module files
[7.175s] Level 1:colcon.colcon_core.environment:checking '/home/kevo/ros_ws/src/ros_arm/install/ros_arm_moveit_config' for CMake config files
[7.175s] Level 1:colcon.colcon_core.shell:create_environment_hook('ros_arm_moveit_config', 'cmake_prefix_path')
[7.229s] INFO:colcon.colcon_core.shell:Creating environment hook '/home/kevo/ros_ws/src/ros_arm/install/ros_arm_moveit_config/share/ros_arm_moveit_config/hook/cmake_prefix_path.ps1'
[7.235s] INFO:colcon.colcon_core.shell:Creating environment descriptor '/home/kevo/ros_ws/src/ros_arm/install/ros_arm_moveit_config/share/ros_arm_moveit_config/hook/cmake_prefix_path.dsv'
[7.237s] INFO:colcon.colcon_core.shell:Creating environment hook '/home/kevo/ros_ws/src/ros_arm/install/ros_arm_moveit_config/share/ros_arm_moveit_config/hook/cmake_prefix_path.sh'
[7.239s] Level 1:colcon.colcon_core.environment:checking '/home/kevo/ros_ws/src/ros_arm/install/ros_arm_moveit_config/bin'
[7.239s] Level 1:colcon.colcon_core.environment:checking '/home/kevo/ros_ws/src/ros_arm/install/ros_arm_moveit_config/lib/pkgconfig/ros_arm_moveit_config.pc'
[7.240s] Level 1:colcon.colcon_core.environment:checking '/home/kevo/ros_ws/src/ros_arm/install/ros_arm_moveit_config/lib/python3.10/site-packages'
[7.240s] Level 1:colcon.colcon_core.environment:checking '/home/kevo/ros_ws/src/ros_arm/install/ros_arm_moveit_config/bin'
[7.297s] INFO:colcon.colcon_core.shell:Creating package script '/home/kevo/ros_ws/src/ros_arm/install/ros_arm_moveit_config/share/ros_arm_moveit_config/package.ps1'
[7.299s] INFO:colcon.colcon_core.shell:Creating package descriptor '/home/kevo/ros_ws/src/ros_arm/install/ros_arm_moveit_config/share/ros_arm_moveit_config/package.dsv'
[7.299s] INFO:colcon.colcon_core.shell:Creating package script '/home/kevo/ros_ws/src/ros_arm/install/ros_arm_moveit_config/share/ros_arm_moveit_config/package.sh'
[7.300s] INFO:colcon.colcon_core.shell:Creating package script '/home/kevo/ros_ws/src/ros_arm/install/ros_arm_moveit_config/share/ros_arm_moveit_config/package.bash'
[7.301s] INFO:colcon.colcon_core.shell:Creating package script '/home/kevo/ros_ws/src/ros_arm/install/ros_arm_moveit_config/share/ros_arm_moveit_config/package.zsh'
[7.301s] Level 1:colcon.colcon_core.environment:create_file_with_runtime_dependencies(/home/kevo/ros_ws/src/ros_arm/install/ros_arm_moveit_config/share/colcon-core/packages/ros_arm_moveit_config)
[7.365s] Level 1:colcon.colcon_core.environment:create_environment_scripts_only(ros_arm_bringup)
[7.417s] Level 1:colcon.colcon_core.environment:checking '/home/kevo/ros_ws/src/ros_arm/install/ros_arm_bringup' for CMake module files
[7.418s] Level 1:colcon.colcon_core.environment:checking '/home/kevo/ros_ws/src/ros_arm/install/ros_arm_bringup' for CMake config files
[7.418s] Level 1:colcon.colcon_core.shell:create_environment_hook('ros_arm_bringup', 'cmake_prefix_path')
[7.472s] INFO:colcon.colcon_core.shell:Creating environment hook '/home/kevo/ros_ws/src/ros_arm/install/ros_arm_bringup/share/ros_arm_bringup/hook/cmake_prefix_path.ps1'
[7.474s] INFO:colcon.colcon_core.shell:Creating environment descriptor '/home/kevo/ros_ws/src/ros_arm/install/ros_arm_bringup/share/ros_arm_bringup/hook/cmake_prefix_path.dsv'
[7.474s] INFO:colcon.colcon_core.shell:Creating environment hook '/home/kevo/ros_ws/src/ros_arm/install/ros_arm_bringup/share/ros_arm_bringup/hook/cmake_prefix_path.sh'
[7.476s] Level 1:colcon.colcon_core.environment:checking '/home/kevo/ros_ws/src/ros_arm/install/ros_arm_bringup/bin'
[7.476s] Level 1:colcon.colcon_core.environment:checking '/home/kevo/ros_ws/src/ros_arm/install/ros_arm_bringup/lib/pkgconfig/ros_arm_bringup.pc'
[7.477s] Level 1:colcon.colcon_core.environment:checking '/home/kevo/ros_ws/src/ros_arm/install/ros_arm_bringup/lib/python3.10/site-packages'
[7.478s] Level 1:colcon.colcon_core.environment:checking '/home/kevo/ros_ws/src/ros_arm/install/ros_arm_bringup/bin'
[7.524s] INFO:colcon.colcon_core.shell:Creating package script '/home/kevo/ros_ws/src/ros_arm/install/ros_arm_bringup/share/ros_arm_bringup/package.ps1'
[7.526s] INFO:colcon.colcon_core.shell:Creating package descriptor '/home/kevo/ros_ws/src/ros_arm/install/ros_arm_bringup/share/ros_arm_bringup/package.dsv'
[7.527s] INFO:colcon.colcon_core.shell:Creating package script '/home/kevo/ros_ws/src/ros_arm/install/ros_arm_bringup/share/ros_arm_bringup/package.sh'
[7.528s] INFO:colcon.colcon_core.shell:Creating package script '/home/kevo/ros_ws/src/ros_arm/install/ros_arm_bringup/share/ros_arm_bringup/package.bash'
[7.530s] INFO:colcon.colcon_core.shell:Creating package script '/home/kevo/ros_ws/src/ros_arm/install/ros_arm_bringup/share/ros_arm_bringup/package.zsh'
[7.532s] Level 1:colcon.colcon_core.environment:create_file_with_runtime_dependencies(/home/kevo/ros_ws/src/ros_arm/install/ros_arm_bringup/share/colcon-core/packages/ros_arm_bringup)
[7.586s] Level 1:colcon.colcon_core.environment:create_environment_scripts_only(ros_arm_moveit_config)
[7.639s] Level 1:colcon.colcon_core.environment:checking '/home/kevo/ros_ws/src/ros_arm/install/ros_arm_moveit_config' for CMake module files
[7.640s] Level 1:colcon.colcon_core.environment:checking '/home/kevo/ros_ws/src/ros_arm/install/ros_arm_moveit_config' for CMake config files
[7.640s] Level 1:colcon.colcon_core.shell:create_environment_hook('ros_arm_moveit_config', 'cmake_prefix_path')
[7.681s] INFO:colcon.colcon_core.shell:Creating environment hook '/home/kevo/ros_ws/src/ros_arm/install/ros_arm_moveit_config/share/ros_arm_moveit_config/hook/cmake_prefix_path.ps1'
[7.685s] INFO:colcon.colcon_core.shell:Creating environment descriptor '/home/kevo/ros_ws/src/ros_arm/install/ros_arm_moveit_config/share/ros_arm_moveit_config/hook/cmake_prefix_path.dsv'
[7.688s] INFO:colcon.colcon_core.shell:Creating environment hook '/home/kevo/ros_ws/src/ros_arm/install/ros_arm_moveit_config/share/ros_arm_moveit_config/hook/cmake_prefix_path.sh'
[7.690s] Level 1:colcon.colcon_core.environment:checking '/home/kevo/ros_ws/src/ros_arm/install/ros_arm_moveit_config/bin'
[7.690s] Level 1:colcon.colcon_core.environment:checking '/home/kevo/ros_ws/src/ros_arm/install/ros_arm_moveit_config/lib/pkgconfig/ros_arm_moveit_config.pc'
[7.691s] Level 1:colcon.colcon_core.environment:checking '/home/kevo/ros_ws/src/ros_arm/install/ros_arm_moveit_config/lib/python3.10/site-packages'
[7.692s] Level 1:colcon.colcon_core.environment:checking '/home/kevo/ros_ws/src/ros_arm/install/ros_arm_moveit_config/bin'
[7.757s] INFO:colcon.colcon_core.shell:Creating package script '/home/kevo/ros_ws/src/ros_arm/install/ros_arm_moveit_config/share/ros_arm_moveit_config/package.ps1'
[7.762s] INFO:colcon.colcon_core.shell:Creating package descriptor '/home/kevo/ros_ws/src/ros_arm/install/ros_arm_moveit_config/share/ros_arm_moveit_config/package.dsv'
[7.764s] INFO:colcon.colcon_core.shell:Creating package script '/home/kevo/ros_ws/src/ros_arm/install/ros_arm_moveit_config/share/ros_arm_moveit_config/package.sh'
[7.765s] INFO:colcon.colcon_core.shell:Creating package script '/home/kevo/ros_ws/src/ros_arm/install/ros_arm_moveit_config/share/ros_arm_moveit_config/package.bash'
[7.766s] INFO:colcon.colcon_core.shell:Creating package script '/home/kevo/ros_ws/src/ros_arm/install/ros_arm_moveit_config/share/ros_arm_moveit_config/package.zsh'
[7.768s] Level 1:colcon.colcon_core.environment:create_file_with_runtime_dependencies(/home/kevo/ros_ws/src/ros_arm/install/ros_arm_moveit_config/share/colcon-core/packages/ros_arm_moveit_config)
[27.846s] DEBUG:colcon.colcon_core.event_handler.log_command:Invoked command in '/home/kevo/ros_ws/src/ros_arm/build/hello_moveit' returned '0': CMAKE_PREFIX_PATH=${CMAKE_PREFIX_PATH}:/home/kevo/ros_ws/src/ai_based_sorting_robot_arm/install/robotic_arm_custom_nodes:/home/kevo/ws_moveit2/install/moveit_configs_utils:/home/kevo/ws_moveit2/install/launch_param_builder:/opt/ros/humble /usr/bin/cmake --build /home/kevo/ros_ws/src/ros_arm/build/hello_moveit -- -j8 -l8
[27.957s] DEBUG:colcon.colcon_core.event_handler.log_command:Invoking command in '/home/kevo/ros_ws/src/ros_arm/build/hello_moveit': CMAKE_PREFIX_PATH=${CMAKE_PREFIX_PATH}:/home/kevo/ros_ws/src/ai_based_sorting_robot_arm/install/robotic_arm_custom_nodes:/home/kevo/ws_moveit2/install/moveit_configs_utils:/home/kevo/ws_moveit2/install/launch_param_builder:/opt/ros/humble /usr/bin/cmake --install /home/kevo/ros_ws/src/ros_arm/build/hello_moveit
[28.000s] Level 1:colcon.colcon_core.environment:create_environment_scripts_only(hello_moveit)
[28.003s] DEBUG:colcon.colcon_core.event_handler.log_command:Invoked command in '/home/kevo/ros_ws/src/ros_arm/build/hello_moveit' returned '0': CMAKE_PREFIX_PATH=${CMAKE_PREFIX_PATH}:/home/kevo/ros_ws/src/ai_based_sorting_robot_arm/install/robotic_arm_custom_nodes:/home/kevo/ws_moveit2/install/moveit_configs_utils:/home/kevo/ws_moveit2/install/launch_param_builder:/opt/ros/humble /usr/bin/cmake --install /home/kevo/ros_ws/src/ros_arm/build/hello_moveit
[28.053s] Level 1:colcon.colcon_core.environment:checking '/home/kevo/ros_ws/src/ros_arm/install/hello_moveit' for CMake module files
[28.055s] Level 1:colcon.colcon_core.environment:checking '/home/kevo/ros_ws/src/ros_arm/install/hello_moveit' for CMake config files
[28.056s] Level 1:colcon.colcon_core.shell:create_environment_hook('hello_moveit', 'cmake_prefix_path')
[28.121s] INFO:colcon.colcon_core.shell:Creating environment hook '/home/kevo/ros_ws/src/ros_arm/install/hello_moveit/share/hello_moveit/hook/cmake_prefix_path.ps1'
[28.122s] INFO:colcon.colcon_core.shell:Creating environment descriptor '/home/kevo/ros_ws/src/ros_arm/install/hello_moveit/share/hello_moveit/hook/cmake_prefix_path.dsv'
[28.123s] INFO:colcon.colcon_core.shell:Creating environment hook '/home/kevo/ros_ws/src/ros_arm/install/hello_moveit/share/hello_moveit/hook/cmake_prefix_path.sh'
[28.126s] Level 1:colcon.colcon_core.environment:checking '/home/kevo/ros_ws/src/ros_arm/install/hello_moveit/lib'
[28.128s] Level 1:colcon.colcon_core.environment:checking '/home/kevo/ros_ws/src/ros_arm/install/hello_moveit/bin'
[28.130s] Level 1:colcon.colcon_core.environment:checking '/home/kevo/ros_ws/src/ros_arm/install/hello_moveit/lib/pkgconfig/hello_moveit.pc'
[28.134s] Level 1:colcon.colcon_core.environment:checking '/home/kevo/ros_ws/src/ros_arm/install/hello_moveit/lib/python3.10/site-packages'
[28.135s] Level 1:colcon.colcon_core.environment:checking '/home/kevo/ros_ws/src/ros_arm/install/hello_moveit/bin'
[28.185s] INFO:colcon.colcon_core.shell:Creating package script '/home/kevo/ros_ws/src/ros_arm/install/hello_moveit/share/hello_moveit/package.ps1'
[28.191s] INFO:colcon.colcon_core.shell:Creating package descriptor '/home/kevo/ros_ws/src/ros_arm/install/hello_moveit/share/hello_moveit/package.dsv'
[28.194s] INFO:colcon.colcon_core.shell:Creating package script '/home/kevo/ros_ws/src/ros_arm/install/hello_moveit/share/hello_moveit/package.sh'
[28.195s] INFO:colcon.colcon_core.shell:Creating package script '/home/kevo/ros_ws/src/ros_arm/install/hello_moveit/share/hello_moveit/package.bash'
[28.196s] INFO:colcon.colcon_core.shell:Creating package script '/home/kevo/ros_ws/src/ros_arm/install/hello_moveit/share/hello_moveit/package.zsh'
[28.198s] Level 1:colcon.colcon_core.environment:create_file_with_runtime_dependencies(/home/kevo/ros_ws/src/ros_arm/install/hello_moveit/share/colcon-core/packages/hello_moveit)
[28.330s] Level 1:colcon.colcon_core.environment:create_environment_scripts_only(hello_moveit)
[28.399s] Level 1:colcon.colcon_core.environment:checking '/home/kevo/ros_ws/src/ros_arm/install/hello_moveit' for CMake module files
[28.400s] Level 1:colcon.colcon_core.environment:checking '/home/kevo/ros_ws/src/ros_arm/install/hello_moveit' for CMake config files
[28.401s] Level 1:colcon.colcon_core.shell:create_environment_hook('hello_moveit', 'cmake_prefix_path')
[28.459s] INFO:colcon.colcon_core.shell:Creating environment hook '/home/kevo/ros_ws/src/ros_arm/install/hello_moveit/share/hello_moveit/hook/cmake_prefix_path.ps1'
[28.460s] INFO:colcon.colcon_core.shell:Creating environment descriptor '/home/kevo/ros_ws/src/ros_arm/install/hello_moveit/share/hello_moveit/hook/cmake_prefix_path.dsv'
[28.461s] INFO:colcon.colcon_core.shell:Creating environment hook '/home/kevo/ros_ws/src/ros_arm/install/hello_moveit/share/hello_moveit/hook/cmake_prefix_path.sh'
[28.462s] Level 1:colcon.colcon_core.environment:checking '/home/kevo/ros_ws/src/ros_arm/install/hello_moveit/lib'
[28.463s] Level 1:colcon.colcon_core.environment:checking '/home/kevo/ros_ws/src/ros_arm/install/hello_moveit/bin'
[28.463s] Level 1:colcon.colcon_core.environment:checking '/home/kevo/ros_ws/src/ros_arm/install/hello_moveit/lib/pkgconfig/hello_moveit.pc'
[28.465s] Level 1:colcon.colcon_core.environment:checking '/home/kevo/ros_ws/src/ros_arm/install/hello_moveit/lib/python3.10/site-packages'
[28.465s] Level 1:colcon.colcon_core.environment:checking '/home/kevo/ros_ws/src/ros_arm/install/hello_moveit/bin'
[28.510s] INFO:colcon.colcon_core.shell:Creating package script '/home/kevo/ros_ws/src/ros_arm/install/hello_moveit/share/hello_moveit/package.ps1'
[28.514s] INFO:colcon.colcon_core.shell:Creating package descriptor '/home/kevo/ros_ws/src/ros_arm/install/hello_moveit/share/hello_moveit/package.dsv'
[28.515s] INFO:colcon.colcon_core.shell:Creating package script '/home/kevo/ros_ws/src/ros_arm/install/hello_moveit/share/hello_moveit/package.sh'
[28.517s] INFO:colcon.colcon_core.shell:Creating package script '/home/kevo/ros_ws/src/ros_arm/install/hello_moveit/share/hello_moveit/package.bash'
[28.517s] INFO:colcon.colcon_core.shell:Creating package script '/home/kevo/ros_ws/src/ros_arm/install/hello_moveit/share/hello_moveit/package.zsh'
[28.518s] Level 1:colcon.colcon_core.environment:create_file_with_runtime_dependencies(/home/kevo/ros_ws/src/ros_arm/install/hello_moveit/share/colcon-core/packages/hello_moveit)
[28.519s] DEBUG:colcon.colcon_parallel_executor.executor.parallel:closing loop
[28.521s] DEBUG:colcon.colcon_parallel_executor.executor.parallel:loop closed
[28.521s] DEBUG:colcon.colcon_parallel_executor.executor.parallel:run_until_complete finished with '0'
[28.521s] DEBUG:colcon.colcon_core.event_reactor:joining thread
[28.709s] INFO:colcon.colcon_core.plugin_system:Skipping extension 'colcon_notification.desktop_notification.notify_send': Could not find 'notify-send'
[28.711s] INFO:colcon.colcon_core.plugin_system:Skipping extension 'colcon_notification.desktop_notification.terminal_notifier': Not used on non-Darwin systems
[28.711s] INFO:colcon.colcon_core.plugin_system:Skipping extension 'colcon_notification.desktop_notification.win32': Not used on non-Windows systems
[28.711s] INFO:colcon.colcon_notification.desktop_notification:Sending desktop notification using 'notify2'
[28.712s] DEBUG:colcon.colcon_notification.desktop_notification.notify2:Failed to initialize notify2: org.freedesktop.DBus.Error.FileNotFound: Failed to connect to socket /run/user/1000/bus: No such file or directory
[28.712s] DEBUG:colcon.colcon_core.event_reactor:joined thread
[28.758s] INFO:colcon.colcon_core.shell:Creating prefix script '/home/kevo/ros_ws/src/ros_arm/install/local_setup.ps1'
[28.762s] INFO:colcon.colcon_core.shell:Creating prefix util module '/home/kevo/ros_ws/src/ros_arm/install/_local_setup_util_ps1.py'
[28.764s] INFO:colcon.colcon_core.shell:Creating prefix chain script '/home/kevo/ros_ws/src/ros_arm/install/setup.ps1'
[28.808s] INFO:colcon.colcon_core.shell:Creating prefix script '/home/kevo/ros_ws/src/ros_arm/install/local_setup.sh'
[28.809s] INFO:colcon.colcon_core.shell:Creating prefix util module '/home/kevo/ros_ws/src/ros_arm/install/_local_setup_util_sh.py'
[28.810s] INFO:colcon.colcon_core.shell:Creating prefix chain script '/home/kevo/ros_ws/src/ros_arm/install/setup.sh'
[28.855s] INFO:colcon.colcon_core.shell:Creating prefix script '/home/kevo/ros_ws/src/ros_arm/install/local_setup.bash'
[28.856s] INFO:colcon.colcon_core.shell:Creating prefix chain script '/home/kevo/ros_ws/src/ros_arm/install/setup.bash'
[28.896s] INFO:colcon.colcon_core.shell:Creating prefix script '/home/kevo/ros_ws/src/ros_arm/install/local_setup.zsh'
[28.899s] INFO:colcon.colcon_core.shell:Creating prefix chain script '/home/kevo/ros_ws/src/ros_arm/install/setup.zsh'
