[0.478s] Invoking command in '/home/kevo/ros_ws/src/ros_arm/build/new_bot': CMAKE_PREFIX_PATH=${CMAKE_PREFIX_PATH}:/home/kevo/ros_ws/src/ai_based_sorting_robot_arm/install/robotic_arm_custom_nodes:/home/kevo/ws_moveit2/install/moveit_configs_utils:/home/kevo/ws_moveit2/install/launch_param_builder:/opt/ros/humble /usr/bin/cmake --build /home/kevo/ros_ws/src/ros_arm/build/new_bot -- -j8 -l8
[0.732s] Invoked command in '/home/kevo/ros_ws/src/ros_arm/build/new_bot' returned '0': CMAKE_PREFIX_PATH=${CMAKE_PREFIX_PATH}:/home/kevo/ros_ws/src/ai_based_sorting_robot_arm/install/robotic_arm_custom_nodes:/home/kevo/ws_moveit2/install/moveit_configs_utils:/home/kevo/ws_moveit2/install/launch_param_builder:/opt/ros/humble /usr/bin/cmake --build /home/kevo/ros_ws/src/ros_arm/build/new_bot -- -j8 -l8
[1.168s] Invoking command in '/home/kevo/ros_ws/src/ros_arm/build/new_bot': CMAKE_PREFIX_PATH=${CMAKE_PREFIX_PATH}:/home/kevo/ros_ws/src/ai_based_sorting_robot_arm/install/robotic_arm_custom_nodes:/home/kevo/ws_moveit2/install/moveit_configs_utils:/home/kevo/ws_moveit2/install/launch_param_builder:/opt/ros/humble /usr/bin/cmake --install /home/kevo/ros_ws/src/ros_arm/build/new_bot
[1.394s] -- Install configuration: ""
[1.395s] -- Up-to-date: /home/kevo/ros_ws/src/ros_arm/install/new_bot/share/new_bot/config
[1.396s] -- Up-to-date: /home/kevo/ros_ws/src/ros_arm/install/new_bot/share/new_bot/config/empty.yaml
[1.397s] -- Up-to-date: /home/kevo/ros_ws/src/ros_arm/install/new_bot/share/new_bot/config/new_bot.rviz
[1.398s] -- Up-to-date: /home/kevo/ros_ws/src/ros_arm/install/new_bot/share/new_bot/config/rrbot_controllers.yaml
[1.399s] -- Up-to-date: /home/kevo/ros_ws/src/ros_arm/install/new_bot/share/new_bot/description
[1.401s] -- Up-to-date: /home/kevo/ros_ws/src/ros_arm/install/new_bot/share/new_bot/description/rrbot.materials.xacro
[1.401s] -- Up-to-date: /home/kevo/ros_ws/src/ros_arm/install/new_bot/share/new_bot/description/robot.urdf.xacro
[1.402s] -- Up-to-date: /home/kevo/ros_ws/src/ros_arm/install/new_bot/share/new_bot/description/rrbot_description.urdf.xacro
[1.402s] -- Up-to-date: /home/kevo/ros_ws/src/ros_arm/install/new_bot/share/new_bot/description/rrbot.ros2_control.xacro
[1.403s] -- Up-to-date: /home/kevo/ros_ws/src/ros_arm/install/new_bot/share/new_bot/launch
[1.404s] -- Up-to-date: /home/kevo/ros_ws/src/ros_arm/install/new_bot/share/new_bot/launch/rsp.launch.py
[1.405s] -- Up-to-date: /home/kevo/ros_ws/src/ros_arm/install/new_bot/share/new_bot/launch/launch_sim.launch.py
[1.407s] -- Up-to-date: /home/kevo/ros_ws/src/ros_arm/install/new_bot/share/new_bot/worlds
[1.409s] -- Up-to-date: /home/kevo/ros_ws/src/ros_arm/install/new_bot/share/new_bot/worlds/empty.world
[1.413s] -- Up-to-date: /home/kevo/ros_ws/src/ros_arm/install/new_bot/share/ament_index/resource_index/package_run_dependencies/new_bot
[1.414s] -- Up-to-date: /home/kevo/ros_ws/src/ros_arm/install/new_bot/share/ament_index/resource_index/parent_prefix_path/new_bot
[1.417s] -- Up-to-date: /home/kevo/ros_ws/src/ros_arm/install/new_bot/share/new_bot/environment/ament_prefix_path.sh
[1.418s] -- Up-to-date: /home/kevo/ros_ws/src/ros_arm/install/new_bot/share/new_bot/environment/ament_prefix_path.dsv
[1.419s] -- Up-to-date: /home/kevo/ros_ws/src/ros_arm/install/new_bot/share/new_bot/environment/path.sh
[1.419s] -- Up-to-date: /home/kevo/ros_ws/src/ros_arm/install/new_bot/share/new_bot/environment/path.dsv
[1.420s] -- Up-to-date: /home/kevo/ros_ws/src/ros_arm/install/new_bot/share/new_bot/local_setup.bash
[1.420s] -- Up-to-date: /home/kevo/ros_ws/src/ros_arm/install/new_bot/share/new_bot/local_setup.sh
[1.421s] -- Up-to-date: /home/kevo/ros_ws/src/ros_arm/install/new_bot/share/new_bot/local_setup.zsh
[1.423s] -- Up-to-date: /home/kevo/ros_ws/src/ros_arm/install/new_bot/share/new_bot/local_setup.dsv
[1.425s] -- Installing: /home/kevo/ros_ws/src/ros_arm/install/new_bot/share/new_bot/package.dsv
[1.427s] -- Up-to-date: /home/kevo/ros_ws/src/ros_arm/install/new_bot/share/ament_index/resource_index/packages/new_bot
[1.427s] -- Up-to-date: /home/kevo/ros_ws/src/ros_arm/install/new_bot/share/new_bot/cmake/new_botConfig.cmake
[1.430s] -- Up-to-date: /home/kevo/ros_ws/src/ros_arm/install/new_bot/share/new_bot/cmake/new_botConfig-version.cmake
[1.434s] -- Up-to-date: /home/kevo/ros_ws/src/ros_arm/install/new_bot/share/new_bot/package.xml
[1.733s] Invoked command in '/home/kevo/ros_ws/src/ros_arm/build/new_bot' returned '0': CMAKE_PREFIX_PATH=${CMAKE_PREFIX_PATH}:/home/kevo/ros_ws/src/ai_based_sorting_robot_arm/install/robotic_arm_custom_nodes:/home/kevo/ws_moveit2/install/moveit_configs_utils:/home/kevo/ws_moveit2/install/launch_param_builder:/opt/ros/humble /usr/bin/cmake --install /home/kevo/ros_ws/src/ros_arm/build/new_bot
