-- The C compiler identification is GNU 11.4.0
-- The CXX compiler identification is GNU 11.4.0
-- Detecting C compiler ABI info
-- Detecting C compiler ABI info - done
-- Check for working C compiler: /usr/bin/cc - skipped
-- Detecting C compile features
-- Detecting C compile features - done
-- Detecting CXX compiler ABI info
-- Detecting CXX compiler ABI info - done
-- Check for working CXX compiler: /usr/bin/c++ - skipped
-- Detecting CXX compile features
-- Detecting CXX compile features - done
-- Found ament_cmake: 1.3.5 (/opt/ros/humble/share/ament_cmake/cmake)
-- Found Python3: /usr/bin/python3.10 (found version "3.10.12") found components: Interpreter 
-- Found rclcpp: 16.0.6 (/opt/ros/humble/share/rclcpp/cmake)
-- Found rosidl_generator_c: 3.1.5 (/opt/ros/humble/share/rosidl_generator_c/cmake)
-- Found rosidl_adapter: 3.1.5 (/opt/ros/humble/share/rosidl_adapter/cmake)
-- Found rosidl_generator_cpp: 3.1.5 (/opt/ros/humble/share/rosidl_generator_cpp/cmake)
-- Using all available rosidl_typesupport_c: rosidl_typesupport_fastrtps_c;rosidl_typesupport_introspection_c
-- Using all available rosidl_typesupport_cpp: rosidl_typesupport_fastrtps_cpp;rosidl_typesupport_introspection_cpp
-- Found rmw_implementation_cmake: 6.1.1 (/opt/ros/humble/share/rmw_implementation_cmake/cmake)
-- Found rmw_cyclonedds_cpp: 1.3.4 (/opt/ros/humble/share/rmw_cyclonedds_cpp/cmake)
-- Using RMW implementation 'rmw_cyclonedds_cpp' as default
-- Looking for pthread.h
-- Looking for pthread.h - found
-- Performing Test CMAKE_HAVE_LIBC_PTHREAD
-- Performing Test CMAKE_HAVE_LIBC_PTHREAD - Success
-- Found Threads: TRUE  
-- Found kdl_parser: 2.6.4 (/opt/ros/humble/share/kdl_parser/cmake)
-- Found eigen3_cmake_module: 0.1.1 (/opt/ros/humble/share/eigen3_cmake_module/cmake)
-- Found Eigen3: TRUE (found version "3.4.0") 
-- Ensuring Eigen3 include directory is part of orocos-kdl CMake target
-- Found urdf: 2.6.0 (/opt/ros/humble/share/urdf/cmake)
-- Found ros_arm_description: 0.0.0 (/home/kevo/ros_ws/src/ros_arm/install/ros_arm_description/share/ros_arm_description/cmake)
-- Configuring done
-- Generating done
-- Build files have been written to: /home/kevo/ros_ws/src/ros_arm/build/ros_arm_kdl
[ 50%] [32mBuilding CXX object CMakeFiles/ros_arm_kdl.dir/src/ros_arm_kdl.cpp.o[0m
[100%] [32m[1mLinking CXX executable ros_arm_kdl[0m
[100%] Built target ros_arm_kdl
-- Install configuration: ""
-- Installing: /home/kevo/ros_ws/src/ros_arm/install/ros_arm_kdl/lib/ros_arm_kdl/ros_arm_kdl
-- Set runtime path of "/home/kevo/ros_ws/src/ros_arm/install/ros_arm_kdl/lib/ros_arm_kdl/ros_arm_kdl" to ""
-- Installing: /home/kevo/ros_ws/src/ros_arm/install/ros_arm_kdl/share/ament_index/resource_index/package_run_dependencies/ros_arm_kdl
-- Installing: /home/kevo/ros_ws/src/ros_arm/install/ros_arm_kdl/share/ament_index/resource_index/parent_prefix_path/ros_arm_kdl
-- Installing: /home/kevo/ros_ws/src/ros_arm/install/ros_arm_kdl/share/ros_arm_kdl/environment/ament_prefix_path.sh
-- Installing: /home/kevo/ros_ws/src/ros_arm/install/ros_arm_kdl/share/ros_arm_kdl/environment/ament_prefix_path.dsv
-- Installing: /home/kevo/ros_ws/src/ros_arm/install/ros_arm_kdl/share/ros_arm_kdl/environment/path.sh
-- Installing: /home/kevo/ros_ws/src/ros_arm/install/ros_arm_kdl/share/ros_arm_kdl/environment/path.dsv
-- Installing: /home/kevo/ros_ws/src/ros_arm/install/ros_arm_kdl/share/ros_arm_kdl/local_setup.bash
-- Installing: /home/kevo/ros_ws/src/ros_arm/install/ros_arm_kdl/share/ros_arm_kdl/local_setup.sh
-- Installing: /home/kevo/ros_ws/src/ros_arm/install/ros_arm_kdl/share/ros_arm_kdl/local_setup.zsh
-- Installing: /home/kevo/ros_ws/src/ros_arm/install/ros_arm_kdl/share/ros_arm_kdl/local_setup.dsv
-- Installing: /home/kevo/ros_ws/src/ros_arm/install/ros_arm_kdl/share/ros_arm_kdl/package.dsv
-- Installing: /home/kevo/ros_ws/src/ros_arm/install/ros_arm_kdl/share/ament_index/resource_index/packages/ros_arm_kdl
-- Installing: /home/kevo/ros_ws/src/ros_arm/install/ros_arm_kdl/share/ros_arm_kdl/cmake/ros_arm_kdlConfig.cmake
-- Installing: /home/kevo/ros_ws/src/ros_arm/install/ros_arm_kdl/share/ros_arm_kdl/cmake/ros_arm_kdlConfig-version.cmake
-- Installing: /home/kevo/ros_ws/src/ros_arm/install/ros_arm_kdl/share/ros_arm_kdl/package.xml
