[0.267s] Invoking command in '/home/kevo/ros_ws/src/ros_arm/build/new_bot': CMAKE_PREFIX_PATH=${CMAKE_PREFIX_PATH}:/home/kevo/ws_moveit2/install/moveit_configs_utils:/home/kevo/ws_moveit2/install/launch_param_builder:/opt/ros/humble /usr/bin/cmake --build /home/kevo/ros_ws/src/ros_arm/build/new_bot -- -j8 -l8
[0.459s] Invoked command in '/home/kevo/ros_ws/src/ros_arm/build/new_bot' returned '0': CMAKE_PREFIX_PATH=${CMAKE_PREFIX_PATH}:/home/kevo/ws_moveit2/install/moveit_configs_utils:/home/kevo/ws_moveit2/install/launch_param_builder:/opt/ros/humble /usr/bin/cmake --build /home/kevo/ros_ws/src/ros_arm/build/new_bot -- -j8 -l8
[0.698s] Invoking command in '/home/kevo/ros_ws/src/ros_arm/build/new_bot': CMAKE_PREFIX_PATH=${CMAKE_PREFIX_PATH}:/home/kevo/ws_moveit2/install/moveit_configs_utils:/home/kevo/ws_moveit2/install/launch_param_builder:/opt/ros/humble /usr/bin/cmake --install /home/kevo/ros_ws/src/ros_arm/build/new_bot
[0.926s] -- Install configuration: ""
[0.928s] -- Up-to-date: /home/kevo/ros_ws/src/ros_arm/install/new_bot/share/new_bot/config
[0.928s] -- Up-to-date: /home/kevo/ros_ws/src/ros_arm/install/new_bot/share/new_bot/config/empty.yaml
[0.928s] -- Up-to-date: /home/kevo/ros_ws/src/ros_arm/install/new_bot/share/new_bot/config/new_bot.rviz
[0.929s] -- Up-to-date: /home/kevo/ros_ws/src/ros_arm/install/new_bot/share/new_bot/config/rrbot_controllers.yaml
[0.929s] -- Up-to-date: /home/kevo/ros_ws/src/ros_arm/install/new_bot/share/new_bot/description
[0.929s] -- Up-to-date: /home/kevo/ros_ws/src/ros_arm/install/new_bot/share/new_bot/description/rrbot.materials.xacro
[0.929s] -- Up-to-date: /home/kevo/ros_ws/src/ros_arm/install/new_bot/share/new_bot/description/robot.urdf.xacro
[0.930s] -- Up-to-date: /home/kevo/ros_ws/src/ros_arm/install/new_bot/share/new_bot/description/rrbot_description.urdf.xacro
[0.930s] -- Up-to-date: /home/kevo/ros_ws/src/ros_arm/install/new_bot/share/new_bot/description/rrbot.ros2_control.xacro
[0.930s] -- Up-to-date: /home/kevo/ros_ws/src/ros_arm/install/new_bot/share/new_bot/launch
[0.930s] -- Up-to-date: /home/kevo/ros_ws/src/ros_arm/install/new_bot/share/new_bot/launch/rsp.launch.py
[0.930s] -- Up-to-date: /home/kevo/ros_ws/src/ros_arm/install/new_bot/share/new_bot/launch/launch_sim.launch.py
[0.930s] -- Up-to-date: /home/kevo/ros_ws/src/ros_arm/install/new_bot/share/new_bot/worlds
[0.931s] -- Up-to-date: /home/kevo/ros_ws/src/ros_arm/install/new_bot/share/new_bot/worlds/empty.world
[0.932s] -- Up-to-date: /home/kevo/ros_ws/src/ros_arm/install/new_bot/share/ament_index/resource_index/package_run_dependencies/new_bot
[0.932s] -- Up-to-date: /home/kevo/ros_ws/src/ros_arm/install/new_bot/share/ament_index/resource_index/parent_prefix_path/new_bot
[0.933s] -- Up-to-date: /home/kevo/ros_ws/src/ros_arm/install/new_bot/share/new_bot/environment/ament_prefix_path.sh
[0.933s] -- Up-to-date: /home/kevo/ros_ws/src/ros_arm/install/new_bot/share/new_bot/environment/ament_prefix_path.dsv
[0.933s] -- Up-to-date: /home/kevo/ros_ws/src/ros_arm/install/new_bot/share/new_bot/environment/path.sh
[0.933s] -- Up-to-date: /home/kevo/ros_ws/src/ros_arm/install/new_bot/share/new_bot/environment/path.dsv
[0.938s] -- Up-to-date: /home/kevo/ros_ws/src/ros_arm/install/new_bot/share/new_bot/local_setup.bash
[0.939s] -- Up-to-date: /home/kevo/ros_ws/src/ros_arm/install/new_bot/share/new_bot/local_setup.sh
[0.941s] -- Up-to-date: /home/kevo/ros_ws/src/ros_arm/install/new_bot/share/new_bot/local_setup.zsh
[0.941s] -- Up-to-date: /home/kevo/ros_ws/src/ros_arm/install/new_bot/share/new_bot/local_setup.dsv
[0.942s] -- Installing: /home/kevo/ros_ws/src/ros_arm/install/new_bot/share/new_bot/package.dsv
[0.942s] -- Up-to-date: /home/kevo/ros_ws/src/ros_arm/install/new_bot/share/ament_index/resource_index/packages/new_bot
[0.942s] -- Up-to-date: /home/kevo/ros_ws/src/ros_arm/install/new_bot/share/new_bot/cmake/new_botConfig.cmake
[0.942s] -- Up-to-date: /home/kevo/ros_ws/src/ros_arm/install/new_bot/share/new_bot/cmake/new_botConfig-version.cmake
[0.943s] -- Up-to-date: /home/kevo/ros_ws/src/ros_arm/install/new_bot/share/new_bot/package.xml
[1.162s] Invoked command in '/home/kevo/ros_ws/src/ros_arm/build/new_bot' returned '0': CMAKE_PREFIX_PATH=${CMAKE_PREFIX_PATH}:/home/kevo/ws_moveit2/install/moveit_configs_utils:/home/kevo/ws_moveit2/install/launch_param_builder:/opt/ros/humble /usr/bin/cmake --install /home/kevo/ros_ws/src/ros_arm/build/new_bot
