[9.577s] DEBUG:colcon:Command line arguments: ['/usr/bin/colcon', 'build', '--packages-select', 'ros_arm_kdl']
[9.579s] DEBUG:colcon:Parsed command line arguments: Namespace(log_base=None, log_level=None, verb_name='build', build_base='build', install_base='install', merge_install=False, symlink_install=False, test_result_base=None, continue_on_error=False, executor='parallel', parallel_workers=8, event_handlers=None, ignore_user_meta=False, metas=['./colcon.meta'], base_paths=['.'], packages_ignore=None, packages_ignore_regex=None, paths=None, packages_up_to=None, packages_up_to_regex=None, packages_above=None, packages_above_and_dependencies=None, packages_above_depth=None, packages_select_by_dep=None, packages_skip_by_dep=None, packages_skip_up_to=None, packages_select_build_failed=False, packages_skip_build_finished=False, packages_select_test_failures=False, packages_skip_test_passed=False, packages_select=['ros_arm_kdl'], packages_skip=None, packages_select_regex=None, packages_skip_regex=None, packages_start=None, packages_end=None, allow_overriding=[], cmake_args=None, cmake_target=None, cmake_target_skip_unavailable=False, cmake_clean_cache=False, cmake_clean_first=False, cmake_force_configure=False, ament_cmake_args=None, catkin_cmake_args=None, catkin_skip_building_tests=False, mixin_files=None, mixin=None, verb_parser=<colcon_mixin.mixin.mixin_argument.MixinArgumentDecorator object at 0x7ff926cba230>, verb_extension=<colcon_core.verb.build.BuildVerb object at 0x7ff92712df00>, main=<bound method BuildVerb.main of <colcon_core.verb.build.BuildVerb object at 0x7ff92712df00>>, mixin_verb=('build',))
[10.041s] Level 1:colcon.colcon_core.package_discovery:discover_packages(colcon_meta) check parameters
[10.041s] Level 1:colcon.colcon_core.package_discovery:discover_packages(recursive) check parameters
[10.042s] Level 1:colcon.colcon_core.package_discovery:discover_packages(ignore) check parameters
[10.042s] Level 1:colcon.colcon_core.package_discovery:discover_packages(path) check parameters
[10.042s] Level 1:colcon.colcon_core.package_discovery:discover_packages(colcon_meta) discover
[10.042s] Level 1:colcon.colcon_core.package_discovery:discover_packages(recursive) discover
[10.042s] INFO:colcon.colcon_core.package_discovery:Crawling recursively for packages in '/home/kevo/ros_ws/src/ros_arm'
[10.043s] Level 1:colcon.colcon_core.package_identification:_identify(.) by extensions ['ignore', 'ignore_ament_install']
[10.043s] Level 1:colcon.colcon_core.package_identification:_identify(.) by extension 'ignore'
[10.043s] Level 1:colcon.colcon_core.package_identification:_identify(.) by extension 'ignore_ament_install'
[10.044s] Level 1:colcon.colcon_core.package_identification:_identify(.) by extensions ['colcon_pkg']
[10.046s] Level 1:colcon.colcon_core.package_identification:_identify(.) by extension 'colcon_pkg'
[10.048s] Level 1:colcon.colcon_core.package_identification:_identify(.) by extensions ['colcon_meta']
[10.048s] Level 1:colcon.colcon_core.package_identification:_identify(.) by extension 'colcon_meta'
[10.049s] Level 1:colcon.colcon_core.package_identification:_identify(.) by extensions ['ros']
[10.049s] Level 1:colcon.colcon_core.package_identification:_identify(.) by extension 'ros'
[10.128s] Level 1:colcon.colcon_core.package_identification:_identify(.) by extensions ['cmake', 'python']
[10.129s] Level 1:colcon.colcon_core.package_identification:_identify(.) by extension 'cmake'
[10.129s] Level 1:colcon.colcon_core.package_identification:_identify(.) by extension 'python'
[10.129s] Level 1:colcon.colcon_core.package_identification:_identify(.) by extensions ['python_setup_py']
[10.129s] Level 1:colcon.colcon_core.package_identification:_identify(.) by extension 'python_setup_py'
[10.130s] Level 1:colcon.colcon_core.package_identification:_identify(build) by extensions ['ignore', 'ignore_ament_install']
[10.130s] Level 1:colcon.colcon_core.package_identification:_identify(build) by extension 'ignore'
[10.130s] Level 1:colcon.colcon_core.package_identification:_identify(build) ignored
[10.132s] Level 1:colcon.colcon_core.package_identification:_identify(install) by extensions ['ignore', 'ignore_ament_install']
[10.133s] Level 1:colcon.colcon_core.package_identification:_identify(install) by extension 'ignore'
[10.133s] Level 1:colcon.colcon_core.package_identification:_identify(install) ignored
[10.134s] Level 1:colcon.colcon_core.package_identification:_identify(log) by extensions ['ignore', 'ignore_ament_install']
[10.134s] Level 1:colcon.colcon_core.package_identification:_identify(log) by extension 'ignore'
[10.134s] Level 1:colcon.colcon_core.package_identification:_identify(log) ignored
[10.135s] Level 1:colcon.colcon_core.package_identification:_identify(src) by extensions ['ignore', 'ignore_ament_install']
[10.135s] Level 1:colcon.colcon_core.package_identification:_identify(src) by extension 'ignore'
[10.135s] Level 1:colcon.colcon_core.package_identification:_identify(src) by extension 'ignore_ament_install'
[10.135s] Level 1:colcon.colcon_core.package_identification:_identify(src) by extensions ['colcon_pkg']
[10.135s] Level 1:colcon.colcon_core.package_identification:_identify(src) by extension 'colcon_pkg'
[10.135s] Level 1:colcon.colcon_core.package_identification:_identify(src) by extensions ['colcon_meta']
[10.136s] Level 1:colcon.colcon_core.package_identification:_identify(src) by extension 'colcon_meta'
[10.136s] Level 1:colcon.colcon_core.package_identification:_identify(src) by extensions ['ros']
[10.136s] Level 1:colcon.colcon_core.package_identification:_identify(src) by extension 'ros'
[10.136s] Level 1:colcon.colcon_core.package_identification:_identify(src) by extensions ['cmake', 'python']
[10.136s] Level 1:colcon.colcon_core.package_identification:_identify(src) by extension 'cmake'
[10.136s] Level 1:colcon.colcon_core.package_identification:_identify(src) by extension 'python'
[10.136s] Level 1:colcon.colcon_core.package_identification:_identify(src) by extensions ['python_setup_py']
[10.137s] Level 1:colcon.colcon_core.package_identification:_identify(src) by extension 'python_setup_py'
[10.137s] Level 1:colcon.colcon_core.package_identification:_identify(src/cpp_pubsub) by extensions ['ignore', 'ignore_ament_install']
[10.137s] Level 1:colcon.colcon_core.package_identification:_identify(src/cpp_pubsub) by extension 'ignore'
[10.137s] Level 1:colcon.colcon_core.package_identification:_identify(src/cpp_pubsub) by extension 'ignore_ament_install'
[10.137s] Level 1:colcon.colcon_core.package_identification:_identify(src/cpp_pubsub) by extensions ['colcon_pkg']
[10.138s] Level 1:colcon.colcon_core.package_identification:_identify(src/cpp_pubsub) by extension 'colcon_pkg'
[10.138s] Level 1:colcon.colcon_core.package_identification:_identify(src/cpp_pubsub) by extensions ['colcon_meta']
[10.138s] Level 1:colcon.colcon_core.package_identification:_identify(src/cpp_pubsub) by extension 'colcon_meta'
[10.138s] Level 1:colcon.colcon_core.package_identification:_identify(src/cpp_pubsub) by extensions ['ros']
[10.138s] Level 1:colcon.colcon_core.package_identification:_identify(src/cpp_pubsub) by extension 'ros'
[10.160s] DEBUG:colcon.colcon_core.package_identification:Package 'src/cpp_pubsub' with type 'ros.ament_cmake' and name 'cpp_pubsub'
[10.162s] Level 1:colcon.colcon_core.package_identification:_identify(src/diff_bot) by extensions ['ignore', 'ignore_ament_install']
[10.163s] Level 1:colcon.colcon_core.package_identification:_identify(src/diff_bot) by extension 'ignore'
[10.164s] Level 1:colcon.colcon_core.package_identification:_identify(src/diff_bot) by extension 'ignore_ament_install'
[10.164s] Level 1:colcon.colcon_core.package_identification:_identify(src/diff_bot) by extensions ['colcon_pkg']
[10.164s] Level 1:colcon.colcon_core.package_identification:_identify(src/diff_bot) by extension 'colcon_pkg'
[10.164s] Level 1:colcon.colcon_core.package_identification:_identify(src/diff_bot) by extensions ['colcon_meta']
[10.164s] Level 1:colcon.colcon_core.package_identification:_identify(src/diff_bot) by extension 'colcon_meta'
[10.165s] Level 1:colcon.colcon_core.package_identification:_identify(src/diff_bot) by extensions ['ros']
[10.165s] Level 1:colcon.colcon_core.package_identification:_identify(src/diff_bot) by extension 'ros'
[10.169s] DEBUG:colcon.colcon_core.package_identification:Package 'src/diff_bot' with type 'ros.ament_cmake' and name 'diff_bot'
[10.170s] Level 1:colcon.colcon_core.package_identification:_identify(src/hello_moveit) by extensions ['ignore', 'ignore_ament_install']
[10.171s] Level 1:colcon.colcon_core.package_identification:_identify(src/hello_moveit) by extension 'ignore'
[10.171s] Level 1:colcon.colcon_core.package_identification:_identify(src/hello_moveit) by extension 'ignore_ament_install'
[10.171s] Level 1:colcon.colcon_core.package_identification:_identify(src/hello_moveit) by extensions ['colcon_pkg']
[10.171s] Level 1:colcon.colcon_core.package_identification:_identify(src/hello_moveit) by extension 'colcon_pkg'
[10.171s] Level 1:colcon.colcon_core.package_identification:_identify(src/hello_moveit) by extensions ['colcon_meta']
[10.171s] Level 1:colcon.colcon_core.package_identification:_identify(src/hello_moveit) by extension 'colcon_meta'
[10.172s] Level 1:colcon.colcon_core.package_identification:_identify(src/hello_moveit) by extensions ['ros']
[10.172s] Level 1:colcon.colcon_core.package_identification:_identify(src/hello_moveit) by extension 'ros'
[10.173s] DEBUG:colcon.colcon_core.package_identification:Package 'src/hello_moveit' with type 'ros.ament_cmake' and name 'hello_moveit'
[10.174s] Level 1:colcon.colcon_core.package_identification:_identify(src/my_bot) by extensions ['ignore', 'ignore_ament_install']
[10.174s] Level 1:colcon.colcon_core.package_identification:_identify(src/my_bot) by extension 'ignore'
[10.174s] Level 1:colcon.colcon_core.package_identification:_identify(src/my_bot) by extension 'ignore_ament_install'
[10.175s] Level 1:colcon.colcon_core.package_identification:_identify(src/my_bot) by extensions ['colcon_pkg']
[10.175s] Level 1:colcon.colcon_core.package_identification:_identify(src/my_bot) by extension 'colcon_pkg'
[10.175s] Level 1:colcon.colcon_core.package_identification:_identify(src/my_bot) by extensions ['colcon_meta']
[10.175s] Level 1:colcon.colcon_core.package_identification:_identify(src/my_bot) by extension 'colcon_meta'
[10.176s] Level 1:colcon.colcon_core.package_identification:_identify(src/my_bot) by extensions ['ros']
[10.176s] Level 1:colcon.colcon_core.package_identification:_identify(src/my_bot) by extension 'ros'
[10.178s] DEBUG:colcon.colcon_core.package_identification:Package 'src/my_bot' with type 'ros.ament_cmake' and name 'my_bot'
[10.179s] Level 1:colcon.colcon_core.package_identification:_identify(src/new_bot) by extensions ['ignore', 'ignore_ament_install']
[10.181s] Level 1:colcon.colcon_core.package_identification:_identify(src/new_bot) by extension 'ignore'
[10.181s] Level 1:colcon.colcon_core.package_identification:_identify(src/new_bot) by extension 'ignore_ament_install'
[10.182s] Level 1:colcon.colcon_core.package_identification:_identify(src/new_bot) by extensions ['colcon_pkg']
[10.183s] Level 1:colcon.colcon_core.package_identification:_identify(src/new_bot) by extension 'colcon_pkg'
[10.183s] Level 1:colcon.colcon_core.package_identification:_identify(src/new_bot) by extensions ['colcon_meta']
[10.184s] Level 1:colcon.colcon_core.package_identification:_identify(src/new_bot) by extension 'colcon_meta'
[10.186s] Level 1:colcon.colcon_core.package_identification:_identify(src/new_bot) by extensions ['ros']
[10.187s] Level 1:colcon.colcon_core.package_identification:_identify(src/new_bot) by extension 'ros'
[10.191s] DEBUG:colcon.colcon_core.package_identification:Package 'src/new_bot' with type 'ros.ament_cmake' and name 'new_bot'
[10.192s] Level 1:colcon.colcon_core.package_identification:_identify(src/ros_arm_bringup) by extensions ['ignore', 'ignore_ament_install']
[10.192s] Level 1:colcon.colcon_core.package_identification:_identify(src/ros_arm_bringup) by extension 'ignore'
[10.192s] Level 1:colcon.colcon_core.package_identification:_identify(src/ros_arm_bringup) by extension 'ignore_ament_install'
[10.193s] Level 1:colcon.colcon_core.package_identification:_identify(src/ros_arm_bringup) by extensions ['colcon_pkg']
[10.193s] Level 1:colcon.colcon_core.package_identification:_identify(src/ros_arm_bringup) by extension 'colcon_pkg'
[10.193s] Level 1:colcon.colcon_core.package_identification:_identify(src/ros_arm_bringup) by extensions ['colcon_meta']
[10.193s] Level 1:colcon.colcon_core.package_identification:_identify(src/ros_arm_bringup) by extension 'colcon_meta'
[10.194s] Level 1:colcon.colcon_core.package_identification:_identify(src/ros_arm_bringup) by extensions ['ros']
[10.194s] Level 1:colcon.colcon_core.package_identification:_identify(src/ros_arm_bringup) by extension 'ros'
[10.198s] DEBUG:colcon.colcon_core.package_identification:Package 'src/ros_arm_bringup' with type 'ros.ament_cmake' and name 'ros_arm_bringup'
[10.200s] Level 1:colcon.colcon_core.package_identification:_identify(src/ros_arm_description) by extensions ['ignore', 'ignore_ament_install']
[10.200s] Level 1:colcon.colcon_core.package_identification:_identify(src/ros_arm_description) by extension 'ignore'
[10.200s] Level 1:colcon.colcon_core.package_identification:_identify(src/ros_arm_description) by extension 'ignore_ament_install'
[10.200s] Level 1:colcon.colcon_core.package_identification:_identify(src/ros_arm_description) by extensions ['colcon_pkg']
[10.201s] Level 1:colcon.colcon_core.package_identification:_identify(src/ros_arm_description) by extension 'colcon_pkg'
[10.201s] Level 1:colcon.colcon_core.package_identification:_identify(src/ros_arm_description) by extensions ['colcon_meta']
[10.202s] Level 1:colcon.colcon_core.package_identification:_identify(src/ros_arm_description) by extension 'colcon_meta'
[10.202s] Level 1:colcon.colcon_core.package_identification:_identify(src/ros_arm_description) by extensions ['ros']
[10.203s] Level 1:colcon.colcon_core.package_identification:_identify(src/ros_arm_description) by extension 'ros'
[10.206s] DEBUG:colcon.colcon_core.package_identification:Package 'src/ros_arm_description' with type 'ros.ament_cmake' and name 'ros_arm_description'
[10.206s] Level 1:colcon.colcon_core.package_identification:_identify(src/ros_arm_kdl) by extensions ['ignore', 'ignore_ament_install']
[10.207s] Level 1:colcon.colcon_core.package_identification:_identify(src/ros_arm_kdl) by extension 'ignore'
[10.207s] Level 1:colcon.colcon_core.package_identification:_identify(src/ros_arm_kdl) by extension 'ignore_ament_install'
[10.207s] Level 1:colcon.colcon_core.package_identification:_identify(src/ros_arm_kdl) by extensions ['colcon_pkg']
[10.207s] Level 1:colcon.colcon_core.package_identification:_identify(src/ros_arm_kdl) by extension 'colcon_pkg'
[10.207s] Level 1:colcon.colcon_core.package_identification:_identify(src/ros_arm_kdl) by extensions ['colcon_meta']
[10.208s] Level 1:colcon.colcon_core.package_identification:_identify(src/ros_arm_kdl) by extension 'colcon_meta'
[10.208s] Level 1:colcon.colcon_core.package_identification:_identify(src/ros_arm_kdl) by extensions ['ros']
[10.208s] Level 1:colcon.colcon_core.package_identification:_identify(src/ros_arm_kdl) by extension 'ros'
[10.211s] DEBUG:colcon.colcon_core.package_identification:Package 'src/ros_arm_kdl' with type 'ros.ament_cmake' and name 'ros_arm_kdl'
[10.212s] Level 1:colcon.colcon_core.package_identification:_identify(src/ros_arm_moveit) by extensions ['ignore', 'ignore_ament_install']
[10.212s] Level 1:colcon.colcon_core.package_identification:_identify(src/ros_arm_moveit) by extension 'ignore'
[10.213s] Level 1:colcon.colcon_core.package_identification:_identify(src/ros_arm_moveit) by extension 'ignore_ament_install'
[10.213s] Level 1:colcon.colcon_core.package_identification:_identify(src/ros_arm_moveit) by extensions ['colcon_pkg']
[10.213s] Level 1:colcon.colcon_core.package_identification:_identify(src/ros_arm_moveit) by extension 'colcon_pkg'
[10.213s] Level 1:colcon.colcon_core.package_identification:_identify(src/ros_arm_moveit) by extensions ['colcon_meta']
[10.214s] Level 1:colcon.colcon_core.package_identification:_identify(src/ros_arm_moveit) by extension 'colcon_meta'
[10.215s] Level 1:colcon.colcon_core.package_identification:_identify(src/ros_arm_moveit) by extensions ['ros']
[10.215s] Level 1:colcon.colcon_core.package_identification:_identify(src/ros_arm_moveit) by extension 'ros'
[10.221s] DEBUG:colcon.colcon_core.package_identification:Package 'src/ros_arm_moveit' with type 'ros.ament_cmake' and name 'ros_arm_moveit'
[10.221s] Level 1:colcon.colcon_core.package_discovery:discover_packages(recursive) using defaults
[10.222s] Level 1:colcon.colcon_core.package_discovery:discover_packages(ignore) discover
[10.222s] Level 1:colcon.colcon_core.package_discovery:discover_packages(ignore) using defaults
[10.222s] Level 1:colcon.colcon_core.package_discovery:discover_packages(path) discover
[10.223s] Level 1:colcon.colcon_core.package_discovery:discover_packages(path) using defaults
[10.691s] INFO:colcon.colcon_core.package_selection:Skipping not selected package 'cpp_pubsub' in 'src/cpp_pubsub'
[10.692s] INFO:colcon.colcon_core.package_selection:Skipping not selected package 'diff_bot' in 'src/diff_bot'
[10.692s] INFO:colcon.colcon_core.package_selection:Skipping not selected package 'hello_moveit' in 'src/hello_moveit'
[10.692s] INFO:colcon.colcon_core.package_selection:Skipping not selected package 'my_bot' in 'src/my_bot'
[10.692s] INFO:colcon.colcon_core.package_selection:Skipping not selected package 'new_bot' in 'src/new_bot'
[10.692s] INFO:colcon.colcon_core.package_selection:Skipping not selected package 'ros_arm_description' in 'src/ros_arm_description'
[10.692s] INFO:colcon.colcon_core.package_selection:Skipping not selected package 'ros_arm_bringup' in 'src/ros_arm_bringup'
[10.692s] INFO:colcon.colcon_core.package_selection:Skipping not selected package 'ros_arm_moveit' in 'src/ros_arm_moveit'
[10.880s] Level 1:colcon.colcon_core.package_discovery:discover_packages(prefix_path) check parameters
[10.880s] Level 1:colcon.colcon_core.package_discovery:discover_packages(prefix_path) discover
[11.098s] DEBUG:colcon.colcon_installed_package_information.package_discovery:Found 9 installed packages in /home/kevo/ros_ws/src/ros_arm/install
[11.166s] DEBUG:colcon.colcon_installed_package_information.package_discovery:Found 7 installed packages in /home/kevo/ros_ws/src/ai_based_sorting_robot_arm/install
[11.261s] DEBUG:colcon.colcon_installed_package_information.package_discovery:Found 57 installed packages in /home/kevo/ws_moveit2/install
[11.343s] DEBUG:colcon.colcon_installed_package_information.package_discovery:Found 376 installed packages in /opt/ros/humble
[11.355s] Level 1:colcon.colcon_core.package_discovery:discover_packages(prefix_path) using defaults
[12.029s] Level 5:colcon.colcon_core.verb:set package 'ros_arm_kdl' build argument 'cmake_args' from command line to 'None'
[12.029s] Level 5:colcon.colcon_core.verb:set package 'ros_arm_kdl' build argument 'cmake_target' from command line to 'None'
[12.029s] Level 5:colcon.colcon_core.verb:set package 'ros_arm_kdl' build argument 'cmake_target_skip_unavailable' from command line to 'False'
[12.029s] Level 5:colcon.colcon_core.verb:set package 'ros_arm_kdl' build argument 'cmake_clean_cache' from command line to 'False'
[12.029s] Level 5:colcon.colcon_core.verb:set package 'ros_arm_kdl' build argument 'cmake_clean_first' from command line to 'False'
[12.029s] Level 5:colcon.colcon_core.verb:set package 'ros_arm_kdl' build argument 'cmake_force_configure' from command line to 'False'
[12.030s] Level 5:colcon.colcon_core.verb:set package 'ros_arm_kdl' build argument 'ament_cmake_args' from command line to 'None'
[12.030s] Level 5:colcon.colcon_core.verb:set package 'ros_arm_kdl' build argument 'catkin_cmake_args' from command line to 'None'
[12.030s] Level 5:colcon.colcon_core.verb:set package 'ros_arm_kdl' build argument 'catkin_skip_building_tests' from command line to 'False'
[12.030s] DEBUG:colcon.colcon_core.verb:Building package 'ros_arm_kdl' with the following arguments: {'ament_cmake_args': None, 'build_base': '/home/kevo/ros_ws/src/ros_arm/build/ros_arm_kdl', 'catkin_cmake_args': None, 'catkin_skip_building_tests': False, 'cmake_args': None, 'cmake_clean_cache': False, 'cmake_clean_first': False, 'cmake_force_configure': False, 'cmake_target': None, 'cmake_target_skip_unavailable': False, 'install_base': '/home/kevo/ros_ws/src/ros_arm/install/ros_arm_kdl', 'merge_install': False, 'path': '/home/kevo/ros_ws/src/ros_arm/src/ros_arm_kdl', 'symlink_install': False, 'test_result_base': None}
[12.162s] INFO:colcon.colcon_core.executor:Executing jobs using 'parallel' executor
[12.285s] DEBUG:colcon.colcon_parallel_executor.executor.parallel:run_until_complete
[12.286s] INFO:colcon.colcon_ros.task.ament_cmake.build:Building ROS package in '/home/kevo/ros_ws/src/ros_arm/src/ros_arm_kdl' with build type 'ament_cmake'
[12.287s] INFO:colcon.colcon_cmake.task.cmake.build:Building CMake package in '/home/kevo/ros_ws/src/ros_arm/src/ros_arm_kdl'
[12.441s] INFO:colcon.colcon_core.plugin_system:Skipping extension 'colcon_core.shell.bat': Not used on non-Windows systems
[12.443s] INFO:colcon.colcon_core.shell:Skip shell extension 'powershell' for command environment: Not usable outside of PowerShell
[12.446s] DEBUG:colcon.colcon_core.shell:Skip shell extension 'dsv' for command environment
[14.023s] DEBUG:colcon.colcon_core.event_handler.log_command:Invoking command in '/home/kevo/ros_ws/src/ros_arm/build/ros_arm_kdl': CMAKE_PREFIX_PATH=/home/kevo/ros_ws/src/ros_arm/install/ros_arm_description:/home/kevo/ros_ws/src/ros_arm/install/ros_arm_moveit:/home/kevo/ros_ws/src/ros_arm/install/ros_arm_kdl:/home/kevo/ros_ws/src/ros_arm/install/ros_arm_bringup:/home/kevo/ros_ws/src/ros_arm/install/new_bot:/home/kevo/ros_ws/src/ros_arm/install/my_bot:/home/kevo/ros_ws/src/ros_arm/install/hello_moveit:/home/kevo/ros_ws/src/ros_arm/install/diff_bot:/home/kevo/ros_ws/src/ros_arm/install/cpp_pubsub:/home/kevo/ros_ws/src/ai_based_sorting_robot_arm/install/robotic_arm_msgs:/home/kevo/ros_ws/src/ai_based_sorting_robot_arm/install/robotic_arm_moveit_config:/home/kevo/ros_ws/src/ai_based_sorting_robot_arm/install/robotic_arm_kinematics:/home/kevo/ros_ws/src/ai_based_sorting_robot_arm/install/robotic_arm_firmware:/home/kevo/ros_ws/src/ai_based_sorting_robot_arm/install/robotic_arm_description:/home/kevo/ros_ws/src/ai_based_sorting_robot_arm/install/robotic_arm_controllers:/home/kevo/ws_moveit2/install/pilz_industrial_motion_planner_testutils:/home/kevo/ws_moveit2/install/panda_moveit_config:/home/kevo/ws_moveit2/install/moveit_runtime:/home/kevo/ws_moveit2/install/moveit2_tutorials:/home/kevo/ws_moveit2/install/moveit:/home/kevo/ws_moveit2/install/moveit_planners:/home/kevo/ws_moveit2/install/pilz_industrial_motion_planner:/home/kevo/ws_moveit2/install/mtc_tutorial:/home/kevo/ws_moveit2/install/moveit_visual_tools:/home/kevo/ws_moveit2/install/moveit_task_constructor_visualization:/home/kevo/ws_moveit2/install/moveit_task_constructor_demo:/home/kevo/ws_moveit2/install/moveit_task_constructor_capabilities:/home/kevo/ws_moveit2/install/moveit_task_constructor_core:/home/kevo/ws_moveit2/install/moveit_ros_control_interface:/home/kevo/ws_moveit2/install/moveit_plugins:/home/kevo/ws_moveit2/install/moveit_simple_controller_manager:/home/kevo/ws_moveit2/install/moveit_setup_assistant:/home/kevo/ws_moveit2/install/moveit_setup_srdf_plugins:/home/kevo/ws_moveit2/install/moveit_setup_core_plugins:/home/kevo/ws_moveit2/install/moveit_setup_controllers:/home/kevo/ws_moveit2/install/moveit_setup_app_plugins:/home/kevo/ws_moveit2/install/moveit_setup_framework:/home/kevo/ws_moveit2/install/moveit_servo:/home/kevo/ws_moveit2/install/moveit_ros:/home/kevo/ws_moveit2/install/moveit_ros_visualization:/home/kevo/ws_moveit2/install/moveit_hybrid_planning:/home/kevo/ws_moveit2/install/moveit_ros_planning_interface:/home/kevo/ws_moveit2/install/moveit_ros_benchmarks:/home/kevo/ws_moveit2/install/moveit_ros_warehouse:/home/kevo/ws_moveit2/install/moveit_ros_robot_interaction:/home/kevo/ws_moveit2/install/moveit_ros_perception:/home/kevo/ws_moveit2/install/moveit_resources_prbt_pg70_support:/home/kevo/ws_moveit2/install/moveit_resources_prbt_moveit_config:/home/kevo/ws_moveit2/install/moveit_ros_move_group:/home/kevo/ws_moveit2/install/moveit_planners_ompl:/home/kevo/ws_moveit2/install/moveit_ros_planning:/home/kevo/ws_moveit2/install/moveit_ros_occupancy_map_monitor:/home/kevo/ws_moveit2/install/moveit_resources_prbt_ikfast_manipulator_plugin:/home/kevo/ws_moveit2/install/moveit_planners_chomp:/home/kevo/ws_moveit2/install/moveit_kinematics:/home/kevo/ws_moveit2/install/moveit_chomp_optimizer_adapter:/home/kevo/ws_moveit2/install/chomp_motion_planner:/home/kevo/ws_moveit2/install/moveit_core:/home/kevo/ws_moveit2/install/srdfdom:/home/kevo/ws_moveit2/install/rviz_marker_tools:/home/kevo/ws_moveit2/install/rosparam_shortcuts:/home/kevo/ws_moveit2/install/moveit_task_constructor_msgs:/home/kevo/ws_moveit2/install/moveit_resources_prbt_support:/home/kevo/ws_moveit2/install/moveit_resources:/home/kevo/ws_moveit2/install/moveit_resources_pr2_description:/home/kevo/ws_moveit2/install/moveit_resources_panda_moveit_config:/home/kevo/ws_moveit2/install/moveit_resources_panda_description:/home/kevo/ws_moveit2/install/moveit_resources_fanuc_moveit_config:/home/kevo/ws_moveit2/install/moveit_resources_fanuc_description:/home/kevo/ws_moveit2/install/moveit_common:/home/kevo/ros_ws/src/ai_based_sorting_robot_arm/install/robotic_arm_custom_nodes:/home/kevo/ws_moveit2/install/moveit_configs_utils:/home/kevo/ws_moveit2/install/launch_param_builder:/opt/ros/humble /usr/bin/cmake --build /home/kevo/ros_ws/src/ros_arm/build/ros_arm_kdl -- -j8 -l8
[73.039s] DEBUG:colcon.colcon_core.event_handler.log_command:Invoked command in '/home/kevo/ros_ws/src/ros_arm/build/ros_arm_kdl' returned '0': CMAKE_PREFIX_PATH=/home/kevo/ros_ws/src/ros_arm/install/ros_arm_description:/home/kevo/ros_ws/src/ros_arm/install/ros_arm_moveit:/home/kevo/ros_ws/src/ros_arm/install/ros_arm_kdl:/home/kevo/ros_ws/src/ros_arm/install/ros_arm_bringup:/home/kevo/ros_ws/src/ros_arm/install/new_bot:/home/kevo/ros_ws/src/ros_arm/install/my_bot:/home/kevo/ros_ws/src/ros_arm/install/hello_moveit:/home/kevo/ros_ws/src/ros_arm/install/diff_bot:/home/kevo/ros_ws/src/ros_arm/install/cpp_pubsub:/home/kevo/ros_ws/src/ai_based_sorting_robot_arm/install/robotic_arm_msgs:/home/kevo/ros_ws/src/ai_based_sorting_robot_arm/install/robotic_arm_moveit_config:/home/kevo/ros_ws/src/ai_based_sorting_robot_arm/install/robotic_arm_kinematics:/home/kevo/ros_ws/src/ai_based_sorting_robot_arm/install/robotic_arm_firmware:/home/kevo/ros_ws/src/ai_based_sorting_robot_arm/install/robotic_arm_description:/home/kevo/ros_ws/src/ai_based_sorting_robot_arm/install/robotic_arm_controllers:/home/kevo/ws_moveit2/install/pilz_industrial_motion_planner_testutils:/home/kevo/ws_moveit2/install/panda_moveit_config:/home/kevo/ws_moveit2/install/moveit_runtime:/home/kevo/ws_moveit2/install/moveit2_tutorials:/home/kevo/ws_moveit2/install/moveit:/home/kevo/ws_moveit2/install/moveit_planners:/home/kevo/ws_moveit2/install/pilz_industrial_motion_planner:/home/kevo/ws_moveit2/install/mtc_tutorial:/home/kevo/ws_moveit2/install/moveit_visual_tools:/home/kevo/ws_moveit2/install/moveit_task_constructor_visualization:/home/kevo/ws_moveit2/install/moveit_task_constructor_demo:/home/kevo/ws_moveit2/install/moveit_task_constructor_capabilities:/home/kevo/ws_moveit2/install/moveit_task_constructor_core:/home/kevo/ws_moveit2/install/moveit_ros_control_interface:/home/kevo/ws_moveit2/install/moveit_plugins:/home/kevo/ws_moveit2/install/moveit_simple_controller_manager:/home/kevo/ws_moveit2/install/moveit_setup_assistant:/home/kevo/ws_moveit2/install/moveit_setup_srdf_plugins:/home/kevo/ws_moveit2/install/moveit_setup_core_plugins:/home/kevo/ws_moveit2/install/moveit_setup_controllers:/home/kevo/ws_moveit2/install/moveit_setup_app_plugins:/home/kevo/ws_moveit2/install/moveit_setup_framework:/home/kevo/ws_moveit2/install/moveit_servo:/home/kevo/ws_moveit2/install/moveit_ros:/home/kevo/ws_moveit2/install/moveit_ros_visualization:/home/kevo/ws_moveit2/install/moveit_hybrid_planning:/home/kevo/ws_moveit2/install/moveit_ros_planning_interface:/home/kevo/ws_moveit2/install/moveit_ros_benchmarks:/home/kevo/ws_moveit2/install/moveit_ros_warehouse:/home/kevo/ws_moveit2/install/moveit_ros_robot_interaction:/home/kevo/ws_moveit2/install/moveit_ros_perception:/home/kevo/ws_moveit2/install/moveit_resources_prbt_pg70_support:/home/kevo/ws_moveit2/install/moveit_resources_prbt_moveit_config:/home/kevo/ws_moveit2/install/moveit_ros_move_group:/home/kevo/ws_moveit2/install/moveit_planners_ompl:/home/kevo/ws_moveit2/install/moveit_ros_planning:/home/kevo/ws_moveit2/install/moveit_ros_occupancy_map_monitor:/home/kevo/ws_moveit2/install/moveit_resources_prbt_ikfast_manipulator_plugin:/home/kevo/ws_moveit2/install/moveit_planners_chomp:/home/kevo/ws_moveit2/install/moveit_kinematics:/home/kevo/ws_moveit2/install/moveit_chomp_optimizer_adapter:/home/kevo/ws_moveit2/install/chomp_motion_planner:/home/kevo/ws_moveit2/install/moveit_core:/home/kevo/ws_moveit2/install/srdfdom:/home/kevo/ws_moveit2/install/rviz_marker_tools:/home/kevo/ws_moveit2/install/rosparam_shortcuts:/home/kevo/ws_moveit2/install/moveit_task_constructor_msgs:/home/kevo/ws_moveit2/install/moveit_resources_prbt_support:/home/kevo/ws_moveit2/install/moveit_resources:/home/kevo/ws_moveit2/install/moveit_resources_pr2_description:/home/kevo/ws_moveit2/install/moveit_resources_panda_moveit_config:/home/kevo/ws_moveit2/install/moveit_resources_panda_description:/home/kevo/ws_moveit2/install/moveit_resources_fanuc_moveit_config:/home/kevo/ws_moveit2/install/moveit_resources_fanuc_description:/home/kevo/ws_moveit2/install/moveit_common:/home/kevo/ros_ws/src/ai_based_sorting_robot_arm/install/robotic_arm_custom_nodes:/home/kevo/ws_moveit2/install/moveit_configs_utils:/home/kevo/ws_moveit2/install/launch_param_builder:/opt/ros/humble /usr/bin/cmake --build /home/kevo/ros_ws/src/ros_arm/build/ros_arm_kdl -- -j8 -l8
[73.488s] DEBUG:colcon.colcon_core.event_handler.log_command:Invoking command in '/home/kevo/ros_ws/src/ros_arm/build/ros_arm_kdl': CMAKE_PREFIX_PATH=/home/kevo/ros_ws/src/ros_arm/install/ros_arm_description:/home/kevo/ros_ws/src/ros_arm/install/ros_arm_moveit:/home/kevo/ros_ws/src/ros_arm/install/ros_arm_kdl:/home/kevo/ros_ws/src/ros_arm/install/ros_arm_bringup:/home/kevo/ros_ws/src/ros_arm/install/new_bot:/home/kevo/ros_ws/src/ros_arm/install/my_bot:/home/kevo/ros_ws/src/ros_arm/install/hello_moveit:/home/kevo/ros_ws/src/ros_arm/install/diff_bot:/home/kevo/ros_ws/src/ros_arm/install/cpp_pubsub:/home/kevo/ros_ws/src/ai_based_sorting_robot_arm/install/robotic_arm_msgs:/home/kevo/ros_ws/src/ai_based_sorting_robot_arm/install/robotic_arm_moveit_config:/home/kevo/ros_ws/src/ai_based_sorting_robot_arm/install/robotic_arm_kinematics:/home/kevo/ros_ws/src/ai_based_sorting_robot_arm/install/robotic_arm_firmware:/home/kevo/ros_ws/src/ai_based_sorting_robot_arm/install/robotic_arm_description:/home/kevo/ros_ws/src/ai_based_sorting_robot_arm/install/robotic_arm_controllers:/home/kevo/ws_moveit2/install/pilz_industrial_motion_planner_testutils:/home/kevo/ws_moveit2/install/panda_moveit_config:/home/kevo/ws_moveit2/install/moveit_runtime:/home/kevo/ws_moveit2/install/moveit2_tutorials:/home/kevo/ws_moveit2/install/moveit:/home/kevo/ws_moveit2/install/moveit_planners:/home/kevo/ws_moveit2/install/pilz_industrial_motion_planner:/home/kevo/ws_moveit2/install/mtc_tutorial:/home/kevo/ws_moveit2/install/moveit_visual_tools:/home/kevo/ws_moveit2/install/moveit_task_constructor_visualization:/home/kevo/ws_moveit2/install/moveit_task_constructor_demo:/home/kevo/ws_moveit2/install/moveit_task_constructor_capabilities:/home/kevo/ws_moveit2/install/moveit_task_constructor_core:/home/kevo/ws_moveit2/install/moveit_ros_control_interface:/home/kevo/ws_moveit2/install/moveit_plugins:/home/kevo/ws_moveit2/install/moveit_simple_controller_manager:/home/kevo/ws_moveit2/install/moveit_setup_assistant:/home/kevo/ws_moveit2/install/moveit_setup_srdf_plugins:/home/kevo/ws_moveit2/install/moveit_setup_core_plugins:/home/kevo/ws_moveit2/install/moveit_setup_controllers:/home/kevo/ws_moveit2/install/moveit_setup_app_plugins:/home/kevo/ws_moveit2/install/moveit_setup_framework:/home/kevo/ws_moveit2/install/moveit_servo:/home/kevo/ws_moveit2/install/moveit_ros:/home/kevo/ws_moveit2/install/moveit_ros_visualization:/home/kevo/ws_moveit2/install/moveit_hybrid_planning:/home/kevo/ws_moveit2/install/moveit_ros_planning_interface:/home/kevo/ws_moveit2/install/moveit_ros_benchmarks:/home/kevo/ws_moveit2/install/moveit_ros_warehouse:/home/kevo/ws_moveit2/install/moveit_ros_robot_interaction:/home/kevo/ws_moveit2/install/moveit_ros_perception:/home/kevo/ws_moveit2/install/moveit_resources_prbt_pg70_support:/home/kevo/ws_moveit2/install/moveit_resources_prbt_moveit_config:/home/kevo/ws_moveit2/install/moveit_ros_move_group:/home/kevo/ws_moveit2/install/moveit_planners_ompl:/home/kevo/ws_moveit2/install/moveit_ros_planning:/home/kevo/ws_moveit2/install/moveit_ros_occupancy_map_monitor:/home/kevo/ws_moveit2/install/moveit_resources_prbt_ikfast_manipulator_plugin:/home/kevo/ws_moveit2/install/moveit_planners_chomp:/home/kevo/ws_moveit2/install/moveit_kinematics:/home/kevo/ws_moveit2/install/moveit_chomp_optimizer_adapter:/home/kevo/ws_moveit2/install/chomp_motion_planner:/home/kevo/ws_moveit2/install/moveit_core:/home/kevo/ws_moveit2/install/srdfdom:/home/kevo/ws_moveit2/install/rviz_marker_tools:/home/kevo/ws_moveit2/install/rosparam_shortcuts:/home/kevo/ws_moveit2/install/moveit_task_constructor_msgs:/home/kevo/ws_moveit2/install/moveit_resources_prbt_support:/home/kevo/ws_moveit2/install/moveit_resources:/home/kevo/ws_moveit2/install/moveit_resources_pr2_description:/home/kevo/ws_moveit2/install/moveit_resources_panda_moveit_config:/home/kevo/ws_moveit2/install/moveit_resources_panda_description:/home/kevo/ws_moveit2/install/moveit_resources_fanuc_moveit_config:/home/kevo/ws_moveit2/install/moveit_resources_fanuc_description:/home/kevo/ws_moveit2/install/moveit_common:/home/kevo/ros_ws/src/ai_based_sorting_robot_arm/install/robotic_arm_custom_nodes:/home/kevo/ws_moveit2/install/moveit_configs_utils:/home/kevo/ws_moveit2/install/launch_param_builder:/opt/ros/humble /usr/bin/cmake --install /home/kevo/ros_ws/src/ros_arm/build/ros_arm_kdl
[73.590s] Level 1:colcon.colcon_core.environment:create_environment_scripts_only(ros_arm_kdl)
[73.605s] DEBUG:colcon.colcon_core.event_handler.log_command:Invoked command in '/home/kevo/ros_ws/src/ros_arm/build/ros_arm_kdl' returned '0': CMAKE_PREFIX_PATH=/home/kevo/ros_ws/src/ros_arm/install/ros_arm_description:/home/kevo/ros_ws/src/ros_arm/install/ros_arm_moveit:/home/kevo/ros_ws/src/ros_arm/install/ros_arm_kdl:/home/kevo/ros_ws/src/ros_arm/install/ros_arm_bringup:/home/kevo/ros_ws/src/ros_arm/install/new_bot:/home/kevo/ros_ws/src/ros_arm/install/my_bot:/home/kevo/ros_ws/src/ros_arm/install/hello_moveit:/home/kevo/ros_ws/src/ros_arm/install/diff_bot:/home/kevo/ros_ws/src/ros_arm/install/cpp_pubsub:/home/kevo/ros_ws/src/ai_based_sorting_robot_arm/install/robotic_arm_msgs:/home/kevo/ros_ws/src/ai_based_sorting_robot_arm/install/robotic_arm_moveit_config:/home/kevo/ros_ws/src/ai_based_sorting_robot_arm/install/robotic_arm_kinematics:/home/kevo/ros_ws/src/ai_based_sorting_robot_arm/install/robotic_arm_firmware:/home/kevo/ros_ws/src/ai_based_sorting_robot_arm/install/robotic_arm_description:/home/kevo/ros_ws/src/ai_based_sorting_robot_arm/install/robotic_arm_controllers:/home/kevo/ws_moveit2/install/pilz_industrial_motion_planner_testutils:/home/kevo/ws_moveit2/install/panda_moveit_config:/home/kevo/ws_moveit2/install/moveit_runtime:/home/kevo/ws_moveit2/install/moveit2_tutorials:/home/kevo/ws_moveit2/install/moveit:/home/kevo/ws_moveit2/install/moveit_planners:/home/kevo/ws_moveit2/install/pilz_industrial_motion_planner:/home/kevo/ws_moveit2/install/mtc_tutorial:/home/kevo/ws_moveit2/install/moveit_visual_tools:/home/kevo/ws_moveit2/install/moveit_task_constructor_visualization:/home/kevo/ws_moveit2/install/moveit_task_constructor_demo:/home/kevo/ws_moveit2/install/moveit_task_constructor_capabilities:/home/kevo/ws_moveit2/install/moveit_task_constructor_core:/home/kevo/ws_moveit2/install/moveit_ros_control_interface:/home/kevo/ws_moveit2/install/moveit_plugins:/home/kevo/ws_moveit2/install/moveit_simple_controller_manager:/home/kevo/ws_moveit2/install/moveit_setup_assistant:/home/kevo/ws_moveit2/install/moveit_setup_srdf_plugins:/home/kevo/ws_moveit2/install/moveit_setup_core_plugins:/home/kevo/ws_moveit2/install/moveit_setup_controllers:/home/kevo/ws_moveit2/install/moveit_setup_app_plugins:/home/kevo/ws_moveit2/install/moveit_setup_framework:/home/kevo/ws_moveit2/install/moveit_servo:/home/kevo/ws_moveit2/install/moveit_ros:/home/kevo/ws_moveit2/install/moveit_ros_visualization:/home/kevo/ws_moveit2/install/moveit_hybrid_planning:/home/kevo/ws_moveit2/install/moveit_ros_planning_interface:/home/kevo/ws_moveit2/install/moveit_ros_benchmarks:/home/kevo/ws_moveit2/install/moveit_ros_warehouse:/home/kevo/ws_moveit2/install/moveit_ros_robot_interaction:/home/kevo/ws_moveit2/install/moveit_ros_perception:/home/kevo/ws_moveit2/install/moveit_resources_prbt_pg70_support:/home/kevo/ws_moveit2/install/moveit_resources_prbt_moveit_config:/home/kevo/ws_moveit2/install/moveit_ros_move_group:/home/kevo/ws_moveit2/install/moveit_planners_ompl:/home/kevo/ws_moveit2/install/moveit_ros_planning:/home/kevo/ws_moveit2/install/moveit_ros_occupancy_map_monitor:/home/kevo/ws_moveit2/install/moveit_resources_prbt_ikfast_manipulator_plugin:/home/kevo/ws_moveit2/install/moveit_planners_chomp:/home/kevo/ws_moveit2/install/moveit_kinematics:/home/kevo/ws_moveit2/install/moveit_chomp_optimizer_adapter:/home/kevo/ws_moveit2/install/chomp_motion_planner:/home/kevo/ws_moveit2/install/moveit_core:/home/kevo/ws_moveit2/install/srdfdom:/home/kevo/ws_moveit2/install/rviz_marker_tools:/home/kevo/ws_moveit2/install/rosparam_shortcuts:/home/kevo/ws_moveit2/install/moveit_task_constructor_msgs:/home/kevo/ws_moveit2/install/moveit_resources_prbt_support:/home/kevo/ws_moveit2/install/moveit_resources:/home/kevo/ws_moveit2/install/moveit_resources_pr2_description:/home/kevo/ws_moveit2/install/moveit_resources_panda_moveit_config:/home/kevo/ws_moveit2/install/moveit_resources_panda_description:/home/kevo/ws_moveit2/install/moveit_resources_fanuc_moveit_config:/home/kevo/ws_moveit2/install/moveit_resources_fanuc_description:/home/kevo/ws_moveit2/install/moveit_common:/home/kevo/ros_ws/src/ai_based_sorting_robot_arm/install/robotic_arm_custom_nodes:/home/kevo/ws_moveit2/install/moveit_configs_utils:/home/kevo/ws_moveit2/install/launch_param_builder:/opt/ros/humble /usr/bin/cmake --install /home/kevo/ros_ws/src/ros_arm/build/ros_arm_kdl
[73.781s] Level 1:colcon.colcon_core.environment:checking '/home/kevo/ros_ws/src/ros_arm/install/ros_arm_kdl' for CMake module files
[73.782s] Level 1:colcon.colcon_core.environment:checking '/home/kevo/ros_ws/src/ros_arm/install/ros_arm_kdl' for CMake config files
[73.783s] Level 1:colcon.colcon_core.shell:create_environment_hook('ros_arm_kdl', 'cmake_prefix_path')
[73.971s] INFO:colcon.colcon_core.shell:Creating environment hook '/home/kevo/ros_ws/src/ros_arm/install/ros_arm_kdl/share/ros_arm_kdl/hook/cmake_prefix_path.ps1'
[73.972s] INFO:colcon.colcon_core.shell:Creating environment descriptor '/home/kevo/ros_ws/src/ros_arm/install/ros_arm_kdl/share/ros_arm_kdl/hook/cmake_prefix_path.dsv'
[73.974s] INFO:colcon.colcon_core.shell:Creating environment hook '/home/kevo/ros_ws/src/ros_arm/install/ros_arm_kdl/share/ros_arm_kdl/hook/cmake_prefix_path.sh'
[73.977s] Level 1:colcon.colcon_core.environment:checking '/home/kevo/ros_ws/src/ros_arm/install/ros_arm_kdl/lib'
[73.977s] Level 1:colcon.colcon_core.environment:checking '/home/kevo/ros_ws/src/ros_arm/install/ros_arm_kdl/bin'
[73.977s] Level 1:colcon.colcon_core.environment:checking '/home/kevo/ros_ws/src/ros_arm/install/ros_arm_kdl/lib/pkgconfig/ros_arm_kdl.pc'
[73.991s] Level 1:colcon.colcon_core.environment:checking '/home/kevo/ros_ws/src/ros_arm/install/ros_arm_kdl/lib/python3.10/site-packages'
[73.992s] Level 1:colcon.colcon_core.environment:checking '/home/kevo/ros_ws/src/ros_arm/install/ros_arm_kdl/bin'
[74.143s] INFO:colcon.colcon_core.shell:Creating package script '/home/kevo/ros_ws/src/ros_arm/install/ros_arm_kdl/share/ros_arm_kdl/package.ps1'
[74.156s] INFO:colcon.colcon_core.shell:Creating package descriptor '/home/kevo/ros_ws/src/ros_arm/install/ros_arm_kdl/share/ros_arm_kdl/package.dsv'
[74.159s] INFO:colcon.colcon_core.shell:Creating package script '/home/kevo/ros_ws/src/ros_arm/install/ros_arm_kdl/share/ros_arm_kdl/package.sh'
[74.162s] INFO:colcon.colcon_core.shell:Creating package script '/home/kevo/ros_ws/src/ros_arm/install/ros_arm_kdl/share/ros_arm_kdl/package.bash'
[74.166s] INFO:colcon.colcon_core.shell:Creating package script '/home/kevo/ros_ws/src/ros_arm/install/ros_arm_kdl/share/ros_arm_kdl/package.zsh'
[74.168s] Level 1:colcon.colcon_core.environment:create_file_with_runtime_dependencies(/home/kevo/ros_ws/src/ros_arm/install/ros_arm_kdl/share/colcon-core/packages/ros_arm_kdl)
[74.724s] Level 1:colcon.colcon_core.environment:create_environment_scripts_only(ros_arm_kdl)
[74.865s] Level 1:colcon.colcon_core.environment:checking '/home/kevo/ros_ws/src/ros_arm/install/ros_arm_kdl' for CMake module files
[74.868s] Level 1:colcon.colcon_core.environment:checking '/home/kevo/ros_ws/src/ros_arm/install/ros_arm_kdl' for CMake config files
[74.869s] Level 1:colcon.colcon_core.shell:create_environment_hook('ros_arm_kdl', 'cmake_prefix_path')
[75.066s] INFO:colcon.colcon_core.shell:Creating environment hook '/home/kevo/ros_ws/src/ros_arm/install/ros_arm_kdl/share/ros_arm_kdl/hook/cmake_prefix_path.ps1'
[75.067s] INFO:colcon.colcon_core.shell:Creating environment descriptor '/home/kevo/ros_ws/src/ros_arm/install/ros_arm_kdl/share/ros_arm_kdl/hook/cmake_prefix_path.dsv'
[75.070s] INFO:colcon.colcon_core.shell:Creating environment hook '/home/kevo/ros_ws/src/ros_arm/install/ros_arm_kdl/share/ros_arm_kdl/hook/cmake_prefix_path.sh'
[75.082s] Level 1:colcon.colcon_core.environment:checking '/home/kevo/ros_ws/src/ros_arm/install/ros_arm_kdl/lib'
[75.083s] Level 1:colcon.colcon_core.environment:checking '/home/kevo/ros_ws/src/ros_arm/install/ros_arm_kdl/bin'
[75.083s] Level 1:colcon.colcon_core.environment:checking '/home/kevo/ros_ws/src/ros_arm/install/ros_arm_kdl/lib/pkgconfig/ros_arm_kdl.pc'
[75.084s] Level 1:colcon.colcon_core.environment:checking '/home/kevo/ros_ws/src/ros_arm/install/ros_arm_kdl/lib/python3.10/site-packages'
[75.085s] Level 1:colcon.colcon_core.environment:checking '/home/kevo/ros_ws/src/ros_arm/install/ros_arm_kdl/bin'
[75.203s] INFO:colcon.colcon_core.shell:Creating package script '/home/kevo/ros_ws/src/ros_arm/install/ros_arm_kdl/share/ros_arm_kdl/package.ps1'
[75.205s] INFO:colcon.colcon_core.shell:Creating package descriptor '/home/kevo/ros_ws/src/ros_arm/install/ros_arm_kdl/share/ros_arm_kdl/package.dsv'
[75.218s] INFO:colcon.colcon_core.shell:Creating package script '/home/kevo/ros_ws/src/ros_arm/install/ros_arm_kdl/share/ros_arm_kdl/package.sh'
[75.221s] INFO:colcon.colcon_core.shell:Creating package script '/home/kevo/ros_ws/src/ros_arm/install/ros_arm_kdl/share/ros_arm_kdl/package.bash'
[75.222s] INFO:colcon.colcon_core.shell:Creating package script '/home/kevo/ros_ws/src/ros_arm/install/ros_arm_kdl/share/ros_arm_kdl/package.zsh'
[75.238s] Level 1:colcon.colcon_core.environment:create_file_with_runtime_dependencies(/home/kevo/ros_ws/src/ros_arm/install/ros_arm_kdl/share/colcon-core/packages/ros_arm_kdl)
[75.241s] DEBUG:colcon.colcon_parallel_executor.executor.parallel:closing loop
[75.247s] DEBUG:colcon.colcon_parallel_executor.executor.parallel:loop closed
[75.248s] DEBUG:colcon.colcon_parallel_executor.executor.parallel:run_until_complete finished with '0'
[75.249s] DEBUG:colcon.colcon_core.event_reactor:joining thread
[75.727s] INFO:colcon.colcon_core.plugin_system:Skipping extension 'colcon_notification.desktop_notification.notify_send': Could not find 'notify-send'
[75.729s] INFO:colcon.colcon_core.plugin_system:Skipping extension 'colcon_notification.desktop_notification.terminal_notifier': Not used on non-Darwin systems
[75.729s] INFO:colcon.colcon_core.plugin_system:Skipping extension 'colcon_notification.desktop_notification.win32': Not used on non-Windows systems
[75.729s] INFO:colcon.colcon_notification.desktop_notification:Sending desktop notification using 'notify2'
[75.732s] DEBUG:colcon.colcon_notification.desktop_notification.notify2:Failed to initialize notify2: org.freedesktop.DBus.Error.ServiceUnknown: The name org.freedesktop.Notifications was not provided by any .service files
[75.733s] DEBUG:colcon.colcon_core.event_reactor:joined thread
[75.832s] INFO:colcon.colcon_core.shell:Creating prefix script '/home/kevo/ros_ws/src/ros_arm/install/local_setup.ps1'
[75.836s] INFO:colcon.colcon_core.shell:Creating prefix util module '/home/kevo/ros_ws/src/ros_arm/install/_local_setup_util_ps1.py'
[75.846s] INFO:colcon.colcon_core.shell:Creating prefix chain script '/home/kevo/ros_ws/src/ros_arm/install/setup.ps1'
[76.018s] INFO:colcon.colcon_core.shell:Creating prefix script '/home/kevo/ros_ws/src/ros_arm/install/local_setup.sh'
[76.020s] INFO:colcon.colcon_core.shell:Creating prefix util module '/home/kevo/ros_ws/src/ros_arm/install/_local_setup_util_sh.py'
[76.021s] INFO:colcon.colcon_core.shell:Creating prefix chain script '/home/kevo/ros_ws/src/ros_arm/install/setup.sh'
[76.231s] INFO:colcon.colcon_core.shell:Creating prefix script '/home/kevo/ros_ws/src/ros_arm/install/local_setup.bash'
[76.244s] INFO:colcon.colcon_core.shell:Creating prefix chain script '/home/kevo/ros_ws/src/ros_arm/install/setup.bash'
[76.436s] INFO:colcon.colcon_core.shell:Creating prefix script '/home/kevo/ros_ws/src/ros_arm/install/local_setup.zsh'
[76.438s] INFO:colcon.colcon_core.shell:Creating prefix chain script '/home/kevo/ros_ws/src/ros_arm/install/setup.zsh'
