[4.731s] Invoking command in '/home/kevo/ros_ws/src/ros_arm/build/cpp_pubsub': CMAKE_PREFIX_PATH=${CMAKE_PREFIX_PATH}:/home/kevo/ws_moveit2/install/moveit_configs_utils:/home/kevo/ws_moveit2/install/launch_param_builder:/opt/ros/humble /usr/bin/cmake --build /home/kevo/ros_ws/src/ros_arm/build/cpp_pubsub -- -j8 -l8
[5.049s] [ 50%] Built target talker
[5.070s] [100%] Built target listener
[5.238s] Invoked command in '/home/kevo/ros_ws/src/ros_arm/build/cpp_pubsub' returned '0': CMAKE_PREFIX_PATH=${CMAKE_PREFIX_PATH}:/home/kevo/ws_moveit2/install/moveit_configs_utils:/home/kevo/ws_moveit2/install/launch_param_builder:/opt/ros/humble /usr/bin/cmake --build /home/kevo/ros_ws/src/ros_arm/build/cpp_pubsub -- -j8 -l8
[5.891s] Invoking command in '/home/kevo/ros_ws/src/ros_arm/build/cpp_pubsub': CMAKE_PREFIX_PATH=${CMAKE_PREFIX_PATH}:/home/kevo/ws_moveit2/install/moveit_configs_utils:/home/kevo/ws_moveit2/install/launch_param_builder:/opt/ros/humble /usr/bin/cmake --install /home/kevo/ros_ws/src/ros_arm/build/cpp_pubsub
[6.814s] -- Install configuration: ""
[6.815s] -- Up-to-date: /home/kevo/ros_ws/src/ros_arm/install/cpp_pubsub/lib/cpp_pubsub/talker
[6.816s] -- Up-to-date: /home/kevo/ros_ws/src/ros_arm/install/cpp_pubsub/lib/cpp_pubsub/listener
[6.817s] -- Up-to-date: /home/kevo/ros_ws/src/ros_arm/install/cpp_pubsub/share/ament_index/resource_index/package_run_dependencies/cpp_pubsub
[6.817s] -- Up-to-date: /home/kevo/ros_ws/src/ros_arm/install/cpp_pubsub/share/ament_index/resource_index/parent_prefix_path/cpp_pubsub
[6.818s] -- Up-to-date: /home/kevo/ros_ws/src/ros_arm/install/cpp_pubsub/share/cpp_pubsub/environment/ament_prefix_path.sh
[6.818s] -- Up-to-date: /home/kevo/ros_ws/src/ros_arm/install/cpp_pubsub/share/cpp_pubsub/environment/ament_prefix_path.dsv
[6.819s] -- Up-to-date: /home/kevo/ros_ws/src/ros_arm/install/cpp_pubsub/share/cpp_pubsub/environment/path.sh
[6.819s] -- Up-to-date: /home/kevo/ros_ws/src/ros_arm/install/cpp_pubsub/share/cpp_pubsub/environment/path.dsv
[6.820s] -- Up-to-date: /home/kevo/ros_ws/src/ros_arm/install/cpp_pubsub/share/cpp_pubsub/local_setup.bash
[6.820s] -- Up-to-date: /home/kevo/ros_ws/src/ros_arm/install/cpp_pubsub/share/cpp_pubsub/local_setup.sh
[6.823s] -- Up-to-date: /home/kevo/ros_ws/src/ros_arm/install/cpp_pubsub/share/cpp_pubsub/local_setup.zsh
[6.824s] -- Up-to-date: /home/kevo/ros_ws/src/ros_arm/install/cpp_pubsub/share/cpp_pubsub/local_setup.dsv
[6.825s] -- Installing: /home/kevo/ros_ws/src/ros_arm/install/cpp_pubsub/share/cpp_pubsub/package.dsv
[6.826s] -- Up-to-date: /home/kevo/ros_ws/src/ros_arm/install/cpp_pubsub/share/ament_index/resource_index/packages/cpp_pubsub
[6.827s] -- Up-to-date: /home/kevo/ros_ws/src/ros_arm/install/cpp_pubsub/share/cpp_pubsub/cmake/cpp_pubsubConfig.cmake
[6.835s] -- Up-to-date: /home/kevo/ros_ws/src/ros_arm/install/cpp_pubsub/share/cpp_pubsub/cmake/cpp_pubsubConfig-version.cmake
[6.837s] -- Up-to-date: /home/kevo/ros_ws/src/ros_arm/install/cpp_pubsub/share/cpp_pubsub/package.xml
[10.904s] Invoked command in '/home/kevo/ros_ws/src/ros_arm/build/cpp_pubsub' returned '0': CMAKE_PREFIX_PATH=${CMAKE_PREFIX_PATH}:/home/kevo/ws_moveit2/install/moveit_configs_utils:/home/kevo/ws_moveit2/install/launch_param_builder:/opt/ros/humble /usr/bin/cmake --install /home/kevo/ros_ws/src/ros_arm/build/cpp_pubsub
