[0.369s] Invoking command in '/home/kevo/ros_ws/src/ros_arm/build/hello_moveit': CMAKE_PREFIX_PATH=${CMAKE_PREFIX_PATH}:/home/kevo/ros_ws/src/ai_based_sorting_robot_arm/install/robotic_arm_custom_nodes:/home/kevo/ws_moveit2/install/moveit_configs_utils:/home/kevo/ws_moveit2/install/launch_param_builder:/opt/ros/humble /usr/bin/cmake --build /home/kevo/ros_ws/src/ros_arm/build/hello_moveit -- -j8 -l8
[0.507s] [100%] Built target hello_moveit
[0.756s] Invoked command in '/home/kevo/ros_ws/src/ros_arm/build/hello_moveit' returned '0': CMAKE_PREFIX_PATH=${CMAKE_PREFIX_PATH}:/home/kevo/ros_ws/src/ai_based_sorting_robot_arm/install/robotic_arm_custom_nodes:/home/kevo/ws_moveit2/install/moveit_configs_utils:/home/kevo/ws_moveit2/install/launch_param_builder:/opt/ros/humble /usr/bin/cmake --build /home/kevo/ros_ws/src/ros_arm/build/hello_moveit -- -j8 -l8
[1.512s] Invoking command in '/home/kevo/ros_ws/src/ros_arm/build/hello_moveit': CMAKE_PREFIX_PATH=${CMAKE_PREFIX_PATH}:/home/kevo/ros_ws/src/ai_based_sorting_robot_arm/install/robotic_arm_custom_nodes:/home/kevo/ws_moveit2/install/moveit_configs_utils:/home/kevo/ws_moveit2/install/launch_param_builder:/opt/ros/humble /usr/bin/cmake --install /home/kevo/ros_ws/src/ros_arm/build/hello_moveit
[1.520s] -- Install configuration: ""
[1.523s] -- Up-to-date: /home/kevo/ros_ws/src/ros_arm/install/hello_moveit/lib/hello_moveit/hello_moveit
[1.524s] -- Up-to-date: /home/kevo/ros_ws/src/ros_arm/install/hello_moveit/share/ament_index/resource_index/package_run_dependencies/hello_moveit
[1.525s] -- Up-to-date: /home/kevo/ros_ws/src/ros_arm/install/hello_moveit/share/ament_index/resource_index/parent_prefix_path/hello_moveit
[1.525s] -- Up-to-date: /home/kevo/ros_ws/src/ros_arm/install/hello_moveit/share/hello_moveit/environment/ament_prefix_path.sh
[1.525s] -- Up-to-date: /home/kevo/ros_ws/src/ros_arm/install/hello_moveit/share/hello_moveit/environment/ament_prefix_path.dsv
[1.525s] -- Up-to-date: /home/kevo/ros_ws/src/ros_arm/install/hello_moveit/share/hello_moveit/environment/path.sh
[1.525s] -- Up-to-date: /home/kevo/ros_ws/src/ros_arm/install/hello_moveit/share/hello_moveit/environment/path.dsv
[1.525s] -- Up-to-date: /home/kevo/ros_ws/src/ros_arm/install/hello_moveit/share/hello_moveit/local_setup.bash
[1.526s] -- Up-to-date: /home/kevo/ros_ws/src/ros_arm/install/hello_moveit/share/hello_moveit/local_setup.sh
[1.526s] -- Up-to-date: /home/kevo/ros_ws/src/ros_arm/install/hello_moveit/share/hello_moveit/local_setup.zsh
[1.526s] -- Up-to-date: /home/kevo/ros_ws/src/ros_arm/install/hello_moveit/share/hello_moveit/local_setup.dsv
[1.526s] -- Installing: /home/kevo/ros_ws/src/ros_arm/install/hello_moveit/share/hello_moveit/package.dsv
[1.526s] -- Up-to-date: /home/kevo/ros_ws/src/ros_arm/install/hello_moveit/share/ament_index/resource_index/packages/hello_moveit
[1.526s] -- Up-to-date: /home/kevo/ros_ws/src/ros_arm/install/hello_moveit/share/hello_moveit/cmake/hello_moveitConfig.cmake
[1.526s] -- Up-to-date: /home/kevo/ros_ws/src/ros_arm/install/hello_moveit/share/hello_moveit/cmake/hello_moveitConfig-version.cmake
[1.527s] -- Up-to-date: /home/kevo/ros_ws/src/ros_arm/install/hello_moveit/share/hello_moveit/package.xml
[1.609s] Invoked command in '/home/kevo/ros_ws/src/ros_arm/build/hello_moveit' returned '0': CMAKE_PREFIX_PATH=${CMAKE_PREFIX_PATH}:/home/kevo/ros_ws/src/ai_based_sorting_robot_arm/install/robotic_arm_custom_nodes:/home/kevo/ws_moveit2/install/moveit_configs_utils:/home/kevo/ws_moveit2/install/launch_param_builder:/opt/ros/humble /usr/bin/cmake --install /home/kevo/ros_ws/src/ros_arm/build/hello_moveit
