[3.219s] DEBUG:colcon:Command line arguments: ['/usr/bin/colcon', 'build']
[3.219s] DEBUG:colcon:Parsed command line arguments: Namespace(log_base=None, log_level=None, verb_name='build', build_base='build', install_base='install', merge_install=False, symlink_install=False, test_result_base=None, continue_on_error=False, executor='parallel', parallel_workers=8, event_handlers=None, ignore_user_meta=False, metas=['./colcon.meta'], base_paths=['.'], packages_ignore=None, packages_ignore_regex=None, paths=None, packages_up_to=None, packages_up_to_regex=None, packages_above=None, packages_above_and_dependencies=None, packages_above_depth=None, packages_select_by_dep=None, packages_skip_by_dep=None, packages_skip_up_to=None, packages_select_build_failed=False, packages_skip_build_finished=False, packages_select_test_failures=False, packages_skip_test_passed=False, packages_select=None, packages_skip=None, packages_select_regex=None, packages_skip_regex=None, packages_start=None, packages_end=None, allow_overriding=[], cmake_args=None, cmake_target=None, cmake_target_skip_unavailable=False, cmake_clean_cache=False, cmake_clean_first=False, cmake_force_configure=False, ament_cmake_args=None, catkin_cmake_args=None, catkin_skip_building_tests=False, mixin_files=None, mixin=None, verb_parser=<colcon_mixin.mixin.mixin_argument.MixinArgumentDecorator object at 0x7f3e16b4c730>, verb_extension=<colcon_core.verb.build.BuildVerb object at 0x7f3e16fb5ed0>, main=<bound method BuildVerb.main of <colcon_core.verb.build.BuildVerb object at 0x7f3e16fb5ed0>>, mixin_verb=('build',))
[3.363s] Level 1:colcon.colcon_core.package_discovery:discover_packages(colcon_meta) check parameters
[3.364s] Level 1:colcon.colcon_core.package_discovery:discover_packages(recursive) check parameters
[3.364s] Level 1:colcon.colcon_core.package_discovery:discover_packages(ignore) check parameters
[3.364s] Level 1:colcon.colcon_core.package_discovery:discover_packages(path) check parameters
[3.364s] Level 1:colcon.colcon_core.package_discovery:discover_packages(colcon_meta) discover
[3.364s] Level 1:colcon.colcon_core.package_discovery:discover_packages(recursive) discover
[3.364s] INFO:colcon.colcon_core.package_discovery:Crawling recursively for packages in '/home/kevo/ros_ws/src/ros_arm'
[3.364s] Level 1:colcon.colcon_core.package_identification:_identify(.) by extensions ['ignore', 'ignore_ament_install']
[3.364s] Level 1:colcon.colcon_core.package_identification:_identify(.) by extension 'ignore'
[3.365s] Level 1:colcon.colcon_core.package_identification:_identify(.) by extension 'ignore_ament_install'
[3.365s] Level 1:colcon.colcon_core.package_identification:_identify(.) by extensions ['colcon_pkg']
[3.365s] Level 1:colcon.colcon_core.package_identification:_identify(.) by extension 'colcon_pkg'
[3.365s] Level 1:colcon.colcon_core.package_identification:_identify(.) by extensions ['colcon_meta']
[3.365s] Level 1:colcon.colcon_core.package_identification:_identify(.) by extension 'colcon_meta'
[3.365s] Level 1:colcon.colcon_core.package_identification:_identify(.) by extensions ['ros']
[3.365s] Level 1:colcon.colcon_core.package_identification:_identify(.) by extension 'ros'
[3.391s] Level 1:colcon.colcon_core.package_identification:_identify(.) by extensions ['cmake', 'python']
[3.392s] Level 1:colcon.colcon_core.package_identification:_identify(.) by extension 'cmake'
[3.392s] Level 1:colcon.colcon_core.package_identification:_identify(.) by extension 'python'
[3.392s] Level 1:colcon.colcon_core.package_identification:_identify(.) by extensions ['python_setup_py']
[3.392s] Level 1:colcon.colcon_core.package_identification:_identify(.) by extension 'python_setup_py'
[3.392s] Level 1:colcon.colcon_core.package_identification:_identify(build) by extensions ['ignore', 'ignore_ament_install']
[3.392s] Level 1:colcon.colcon_core.package_identification:_identify(build) by extension 'ignore'
[3.393s] Level 1:colcon.colcon_core.package_identification:_identify(build) ignored
[3.393s] Level 1:colcon.colcon_core.package_identification:_identify(install) by extensions ['ignore', 'ignore_ament_install']
[3.393s] Level 1:colcon.colcon_core.package_identification:_identify(install) by extension 'ignore'
[3.394s] Level 1:colcon.colcon_core.package_identification:_identify(install) ignored
[3.394s] Level 1:colcon.colcon_core.package_identification:_identify(log) by extensions ['ignore', 'ignore_ament_install']
[3.394s] Level 1:colcon.colcon_core.package_identification:_identify(log) by extension 'ignore'
[3.394s] Level 1:colcon.colcon_core.package_identification:_identify(log) ignored
[3.394s] Level 1:colcon.colcon_core.package_identification:_identify(src) by extensions ['ignore', 'ignore_ament_install']
[3.394s] Level 1:colcon.colcon_core.package_identification:_identify(src) by extension 'ignore'
[3.394s] Level 1:colcon.colcon_core.package_identification:_identify(src) by extension 'ignore_ament_install'
[3.395s] Level 1:colcon.colcon_core.package_identification:_identify(src) by extensions ['colcon_pkg']
[3.395s] Level 1:colcon.colcon_core.package_identification:_identify(src) by extension 'colcon_pkg'
[3.395s] Level 1:colcon.colcon_core.package_identification:_identify(src) by extensions ['colcon_meta']
[3.395s] Level 1:colcon.colcon_core.package_identification:_identify(src) by extension 'colcon_meta'
[3.395s] Level 1:colcon.colcon_core.package_identification:_identify(src) by extensions ['ros']
[3.395s] Level 1:colcon.colcon_core.package_identification:_identify(src) by extension 'ros'
[3.395s] Level 1:colcon.colcon_core.package_identification:_identify(src) by extensions ['cmake', 'python']
[3.395s] Level 1:colcon.colcon_core.package_identification:_identify(src) by extension 'cmake'
[3.395s] Level 1:colcon.colcon_core.package_identification:_identify(src) by extension 'python'
[3.395s] Level 1:colcon.colcon_core.package_identification:_identify(src) by extensions ['python_setup_py']
[3.395s] Level 1:colcon.colcon_core.package_identification:_identify(src) by extension 'python_setup_py'
[3.395s] Level 1:colcon.colcon_core.package_identification:_identify(src/hello_moveit) by extensions ['ignore', 'ignore_ament_install']
[3.396s] Level 1:colcon.colcon_core.package_identification:_identify(src/hello_moveit) by extension 'ignore'
[3.396s] Level 1:colcon.colcon_core.package_identification:_identify(src/hello_moveit) by extension 'ignore_ament_install'
[3.396s] Level 1:colcon.colcon_core.package_identification:_identify(src/hello_moveit) by extensions ['colcon_pkg']
[3.396s] Level 1:colcon.colcon_core.package_identification:_identify(src/hello_moveit) by extension 'colcon_pkg'
[3.396s] Level 1:colcon.colcon_core.package_identification:_identify(src/hello_moveit) by extensions ['colcon_meta']
[3.396s] Level 1:colcon.colcon_core.package_identification:_identify(src/hello_moveit) by extension 'colcon_meta'
[3.396s] Level 1:colcon.colcon_core.package_identification:_identify(src/hello_moveit) by extensions ['ros']
[3.396s] Level 1:colcon.colcon_core.package_identification:_identify(src/hello_moveit) by extension 'ros'
[3.407s] DEBUG:colcon.colcon_core.package_identification:Package 'src/hello_moveit' with type 'ros.ament_cmake' and name 'hello_moveit'
[3.407s] Level 1:colcon.colcon_core.package_identification:_identify(src/ros_arm_bringup) by extensions ['ignore', 'ignore_ament_install']
[3.408s] Level 1:colcon.colcon_core.package_identification:_identify(src/ros_arm_bringup) by extension 'ignore'
[3.408s] Level 1:colcon.colcon_core.package_identification:_identify(src/ros_arm_bringup) by extension 'ignore_ament_install'
[3.408s] Level 1:colcon.colcon_core.package_identification:_identify(src/ros_arm_bringup) by extensions ['colcon_pkg']
[3.408s] Level 1:colcon.colcon_core.package_identification:_identify(src/ros_arm_bringup) by extension 'colcon_pkg'
[3.408s] Level 1:colcon.colcon_core.package_identification:_identify(src/ros_arm_bringup) by extensions ['colcon_meta']
[3.408s] Level 1:colcon.colcon_core.package_identification:_identify(src/ros_arm_bringup) by extension 'colcon_meta'
[3.408s] Level 1:colcon.colcon_core.package_identification:_identify(src/ros_arm_bringup) by extensions ['ros']
[3.408s] Level 1:colcon.colcon_core.package_identification:_identify(src/ros_arm_bringup) by extension 'ros'
[3.410s] DEBUG:colcon.colcon_core.package_identification:Package 'src/ros_arm_bringup' with type 'ros.ament_cmake' and name 'ros_arm_bringup'
[3.410s] Level 1:colcon.colcon_core.package_identification:_identify(src/ros_arm_description) by extensions ['ignore', 'ignore_ament_install']
[3.410s] Level 1:colcon.colcon_core.package_identification:_identify(src/ros_arm_description) by extension 'ignore'
[3.410s] Level 1:colcon.colcon_core.package_identification:_identify(src/ros_arm_description) by extension 'ignore_ament_install'
[3.411s] Level 1:colcon.colcon_core.package_identification:_identify(src/ros_arm_description) by extensions ['colcon_pkg']
[3.411s] Level 1:colcon.colcon_core.package_identification:_identify(src/ros_arm_description) by extension 'colcon_pkg'
[3.411s] Level 1:colcon.colcon_core.package_identification:_identify(src/ros_arm_description) by extensions ['colcon_meta']
[3.411s] Level 1:colcon.colcon_core.package_identification:_identify(src/ros_arm_description) by extension 'colcon_meta'
[3.411s] Level 1:colcon.colcon_core.package_identification:_identify(src/ros_arm_description) by extensions ['ros']
[3.411s] Level 1:colcon.colcon_core.package_identification:_identify(src/ros_arm_description) by extension 'ros'
[3.413s] DEBUG:colcon.colcon_core.package_identification:Package 'src/ros_arm_description' with type 'ros.ament_cmake' and name 'ros_arm_description'
[3.413s] Level 1:colcon.colcon_core.package_identification:_identify(src/ros_arm_moveit_config) by extensions ['ignore', 'ignore_ament_install']
[3.413s] Level 1:colcon.colcon_core.package_identification:_identify(src/ros_arm_moveit_config) by extension 'ignore'
[3.413s] Level 1:colcon.colcon_core.package_identification:_identify(src/ros_arm_moveit_config) by extension 'ignore_ament_install'
[3.414s] Level 1:colcon.colcon_core.package_identification:_identify(src/ros_arm_moveit_config) by extensions ['colcon_pkg']
[3.414s] Level 1:colcon.colcon_core.package_identification:_identify(src/ros_arm_moveit_config) by extension 'colcon_pkg'
[3.414s] Level 1:colcon.colcon_core.package_identification:_identify(src/ros_arm_moveit_config) by extensions ['colcon_meta']
[3.414s] Level 1:colcon.colcon_core.package_identification:_identify(src/ros_arm_moveit_config) by extension 'colcon_meta'
[3.414s] Level 1:colcon.colcon_core.package_identification:_identify(src/ros_arm_moveit_config) by extensions ['ros']
[3.414s] Level 1:colcon.colcon_core.package_identification:_identify(src/ros_arm_moveit_config) by extension 'ros'
[3.415s] DEBUG:colcon.colcon_core.package_identification:Package 'src/ros_arm_moveit_config' with type 'ros.ament_cmake' and name 'ros_arm_moveit_config'
[3.416s] Level 1:colcon.colcon_core.package_discovery:discover_packages(recursive) using defaults
[3.416s] Level 1:colcon.colcon_core.package_discovery:discover_packages(ignore) discover
[3.416s] Level 1:colcon.colcon_core.package_discovery:discover_packages(ignore) using defaults
[3.416s] Level 1:colcon.colcon_core.package_discovery:discover_packages(path) discover
[3.416s] Level 1:colcon.colcon_core.package_discovery:discover_packages(path) using defaults
[3.630s] Level 1:colcon.colcon_core.package_discovery:discover_packages(prefix_path) check parameters
[3.630s] Level 1:colcon.colcon_core.package_discovery:discover_packages(prefix_path) discover
[3.709s] DEBUG:colcon.colcon_installed_package_information.package_discovery:Found 4 installed packages in /home/kevo/ros_ws/src/ros_arm/install
[3.743s] DEBUG:colcon.colcon_installed_package_information.package_discovery:Found 10 installed packages in /home/kevo/ros2_ws/install
[3.778s] DEBUG:colcon.colcon_installed_package_information.package_discovery:Found 57 installed packages in /home/kevo/ws_moveit2/install
[3.810s] DEBUG:colcon.colcon_installed_package_information.package_discovery:Found 7 installed packages in /home/kevo/ros_ws/src/ai_based_sorting_robot_arm/install
[3.853s] DEBUG:colcon.colcon_installed_package_information.package_discovery:Found 373 installed packages in /opt/ros/humble
[3.864s] Level 1:colcon.colcon_core.package_discovery:discover_packages(prefix_path) using defaults
[4.185s] Level 5:colcon.colcon_core.verb:set package 'hello_moveit' build argument 'cmake_args' from command line to 'None'
[4.185s] Level 5:colcon.colcon_core.verb:set package 'hello_moveit' build argument 'cmake_target' from command line to 'None'
[4.185s] Level 5:colcon.colcon_core.verb:set package 'hello_moveit' build argument 'cmake_target_skip_unavailable' from command line to 'False'
[4.185s] Level 5:colcon.colcon_core.verb:set package 'hello_moveit' build argument 'cmake_clean_cache' from command line to 'False'
[4.185s] Level 5:colcon.colcon_core.verb:set package 'hello_moveit' build argument 'cmake_clean_first' from command line to 'False'
[4.185s] Level 5:colcon.colcon_core.verb:set package 'hello_moveit' build argument 'cmake_force_configure' from command line to 'False'
[4.185s] Level 5:colcon.colcon_core.verb:set package 'hello_moveit' build argument 'ament_cmake_args' from command line to 'None'
[4.185s] Level 5:colcon.colcon_core.verb:set package 'hello_moveit' build argument 'catkin_cmake_args' from command line to 'None'
[4.185s] Level 5:colcon.colcon_core.verb:set package 'hello_moveit' build argument 'catkin_skip_building_tests' from command line to 'False'
[4.185s] DEBUG:colcon.colcon_core.verb:Building package 'hello_moveit' with the following arguments: {'ament_cmake_args': None, 'build_base': '/home/kevo/ros_ws/src/ros_arm/build/hello_moveit', 'catkin_cmake_args': None, 'catkin_skip_building_tests': False, 'cmake_args': None, 'cmake_clean_cache': False, 'cmake_clean_first': False, 'cmake_force_configure': False, 'cmake_target': None, 'cmake_target_skip_unavailable': False, 'install_base': '/home/kevo/ros_ws/src/ros_arm/install/hello_moveit', 'merge_install': False, 'path': '/home/kevo/ros_ws/src/ros_arm/src/hello_moveit', 'symlink_install': False, 'test_result_base': None}
[4.227s] Level 5:colcon.colcon_core.verb:set package 'ros_arm_description' build argument 'cmake_args' from command line to 'None'
[4.227s] Level 5:colcon.colcon_core.verb:set package 'ros_arm_description' build argument 'cmake_target' from command line to 'None'
[4.227s] Level 5:colcon.colcon_core.verb:set package 'ros_arm_description' build argument 'cmake_target_skip_unavailable' from command line to 'False'
[4.227s] Level 5:colcon.colcon_core.verb:set package 'ros_arm_description' build argument 'cmake_clean_cache' from command line to 'False'
[4.227s] Level 5:colcon.colcon_core.verb:set package 'ros_arm_description' build argument 'cmake_clean_first' from command line to 'False'
[4.227s] Level 5:colcon.colcon_core.verb:set package 'ros_arm_description' build argument 'cmake_force_configure' from command line to 'False'
[4.227s] Level 5:colcon.colcon_core.verb:set package 'ros_arm_description' build argument 'ament_cmake_args' from command line to 'None'
[4.228s] Level 5:colcon.colcon_core.verb:set package 'ros_arm_description' build argument 'catkin_cmake_args' from command line to 'None'
[4.228s] Level 5:colcon.colcon_core.verb:set package 'ros_arm_description' build argument 'catkin_skip_building_tests' from command line to 'False'
[4.228s] DEBUG:colcon.colcon_core.verb:Building package 'ros_arm_description' with the following arguments: {'ament_cmake_args': None, 'build_base': '/home/kevo/ros_ws/src/ros_arm/build/ros_arm_description', 'catkin_cmake_args': None, 'catkin_skip_building_tests': False, 'cmake_args': None, 'cmake_clean_cache': False, 'cmake_clean_first': False, 'cmake_force_configure': False, 'cmake_target': None, 'cmake_target_skip_unavailable': False, 'install_base': '/home/kevo/ros_ws/src/ros_arm/install/ros_arm_description', 'merge_install': False, 'path': '/home/kevo/ros_ws/src/ros_arm/src/ros_arm_description', 'symlink_install': False, 'test_result_base': None}
[4.258s] Level 5:colcon.colcon_core.verb:set package 'ros_arm_bringup' build argument 'cmake_args' from command line to 'None'
[4.259s] Level 5:colcon.colcon_core.verb:set package 'ros_arm_bringup' build argument 'cmake_target' from command line to 'None'
[4.259s] Level 5:colcon.colcon_core.verb:set package 'ros_arm_bringup' build argument 'cmake_target_skip_unavailable' from command line to 'False'
[4.259s] Level 5:colcon.colcon_core.verb:set package 'ros_arm_bringup' build argument 'cmake_clean_cache' from command line to 'False'
[4.259s] Level 5:colcon.colcon_core.verb:set package 'ros_arm_bringup' build argument 'cmake_clean_first' from command line to 'False'
[4.259s] Level 5:colcon.colcon_core.verb:set package 'ros_arm_bringup' build argument 'cmake_force_configure' from command line to 'False'
[4.259s] Level 5:colcon.colcon_core.verb:set package 'ros_arm_bringup' build argument 'ament_cmake_args' from command line to 'None'
[4.259s] Level 5:colcon.colcon_core.verb:set package 'ros_arm_bringup' build argument 'catkin_cmake_args' from command line to 'None'
[4.259s] Level 5:colcon.colcon_core.verb:set package 'ros_arm_bringup' build argument 'catkin_skip_building_tests' from command line to 'False'
[4.259s] DEBUG:colcon.colcon_core.verb:Building package 'ros_arm_bringup' with the following arguments: {'ament_cmake_args': None, 'build_base': '/home/kevo/ros_ws/src/ros_arm/build/ros_arm_bringup', 'catkin_cmake_args': None, 'catkin_skip_building_tests': False, 'cmake_args': None, 'cmake_clean_cache': False, 'cmake_clean_first': False, 'cmake_force_configure': False, 'cmake_target': None, 'cmake_target_skip_unavailable': False, 'install_base': '/home/kevo/ros_ws/src/ros_arm/install/ros_arm_bringup', 'merge_install': False, 'path': '/home/kevo/ros_ws/src/ros_arm/src/ros_arm_bringup', 'symlink_install': False, 'test_result_base': None}
[4.296s] Level 5:colcon.colcon_core.verb:set package 'ros_arm_moveit_config' build argument 'cmake_args' from command line to 'None'
[4.297s] Level 5:colcon.colcon_core.verb:set package 'ros_arm_moveit_config' build argument 'cmake_target' from command line to 'None'
[4.297s] Level 5:colcon.colcon_core.verb:set package 'ros_arm_moveit_config' build argument 'cmake_target_skip_unavailable' from command line to 'False'
[4.297s] Level 5:colcon.colcon_core.verb:set package 'ros_arm_moveit_config' build argument 'cmake_clean_cache' from command line to 'False'
[4.297s] Level 5:colcon.colcon_core.verb:set package 'ros_arm_moveit_config' build argument 'cmake_clean_first' from command line to 'False'
[4.297s] Level 5:colcon.colcon_core.verb:set package 'ros_arm_moveit_config' build argument 'cmake_force_configure' from command line to 'False'
[4.297s] Level 5:colcon.colcon_core.verb:set package 'ros_arm_moveit_config' build argument 'ament_cmake_args' from command line to 'None'
[4.297s] Level 5:colcon.colcon_core.verb:set package 'ros_arm_moveit_config' build argument 'catkin_cmake_args' from command line to 'None'
[4.297s] Level 5:colcon.colcon_core.verb:set package 'ros_arm_moveit_config' build argument 'catkin_skip_building_tests' from command line to 'False'
[4.297s] DEBUG:colcon.colcon_core.verb:Building package 'ros_arm_moveit_config' with the following arguments: {'ament_cmake_args': None, 'build_base': '/home/kevo/ros_ws/src/ros_arm/build/ros_arm_moveit_config', 'catkin_cmake_args': None, 'catkin_skip_building_tests': False, 'cmake_args': None, 'cmake_clean_cache': False, 'cmake_clean_first': False, 'cmake_force_configure': False, 'cmake_target': None, 'cmake_target_skip_unavailable': False, 'install_base': '/home/kevo/ros_ws/src/ros_arm/install/ros_arm_moveit_config', 'merge_install': False, 'path': '/home/kevo/ros_ws/src/ros_arm/src/ros_arm_moveit_config', 'symlink_install': False, 'test_result_base': None}
[4.327s] INFO:colcon.colcon_core.executor:Executing jobs using 'parallel' executor
[4.358s] DEBUG:colcon.colcon_parallel_executor.executor.parallel:run_until_complete
[4.359s] INFO:colcon.colcon_ros.task.ament_cmake.build:Building ROS package in '/home/kevo/ros_ws/src/ros_arm/src/ros_arm_description' with build type 'ament_cmake'
[4.359s] INFO:colcon.colcon_cmake.task.cmake.build:Building CMake package in '/home/kevo/ros_ws/src/ros_arm/src/ros_arm_description'
[4.398s] INFO:colcon.colcon_core.plugin_system:Skipping extension 'colcon_core.shell.bat': Not used on non-Windows systems
[4.399s] INFO:colcon.colcon_core.shell:Skip shell extension 'powershell' for command environment: Not usable outside of PowerShell
[4.399s] DEBUG:colcon.colcon_core.shell:Skip shell extension 'dsv' for command environment
[4.625s] INFO:colcon.colcon_ros.task.ament_cmake.build:Building ROS package in '/home/kevo/ros_ws/src/ros_arm/src/hello_moveit' with build type 'ament_cmake'
[4.626s] INFO:colcon.colcon_cmake.task.cmake.build:Building CMake package in '/home/kevo/ros_ws/src/ros_arm/src/hello_moveit'
[4.667s] INFO:colcon.colcon_core.shell:Skip shell extension 'powershell' for command environment: Not usable outside of PowerShell
[4.668s] DEBUG:colcon.colcon_core.shell:Skip shell extension 'dsv' for command environment
[4.879s] DEBUG:colcon.colcon_core.event_handler.log_command:Invoking command in '/home/kevo/ros_ws/src/ros_arm/build/ros_arm_description': CMAKE_PREFIX_PATH=${CMAKE_PREFIX_PATH}:/home/kevo/ros_ws/src/ai_based_sorting_robot_arm/install/robotic_arm_custom_nodes:/home/kevo/ws_moveit2/install/moveit_configs_utils:/home/kevo/ws_moveit2/install/launch_param_builder:/opt/ros/humble /usr/bin/cmake --build /home/kevo/ros_ws/src/ros_arm/build/ros_arm_description -- -j8 -l8
[4.894s] DEBUG:colcon.colcon_core.event_handler.log_command:Invoking command in '/home/kevo/ros_ws/src/ros_arm/build/hello_moveit': CMAKE_PREFIX_PATH=${CMAKE_PREFIX_PATH}:/home/kevo/ros_ws/src/ai_based_sorting_robot_arm/install/robotic_arm_custom_nodes:/home/kevo/ws_moveit2/install/moveit_configs_utils:/home/kevo/ws_moveit2/install/launch_param_builder:/opt/ros/humble /usr/bin/cmake --build /home/kevo/ros_ws/src/ros_arm/build/hello_moveit -- -j8 -l8
[4.994s] DEBUG:colcon.colcon_core.event_handler.log_command:Invoked command in '/home/kevo/ros_ws/src/ros_arm/build/ros_arm_description' returned '0': CMAKE_PREFIX_PATH=${CMAKE_PREFIX_PATH}:/home/kevo/ros_ws/src/ai_based_sorting_robot_arm/install/robotic_arm_custom_nodes:/home/kevo/ws_moveit2/install/moveit_configs_utils:/home/kevo/ws_moveit2/install/launch_param_builder:/opt/ros/humble /usr/bin/cmake --build /home/kevo/ros_ws/src/ros_arm/build/ros_arm_description -- -j8 -l8
[5.075s] DEBUG:colcon.colcon_core.event_handler.log_command:Invoking command in '/home/kevo/ros_ws/src/ros_arm/build/ros_arm_description': CMAKE_PREFIX_PATH=${CMAKE_PREFIX_PATH}:/home/kevo/ros_ws/src/ai_based_sorting_robot_arm/install/robotic_arm_custom_nodes:/home/kevo/ws_moveit2/install/moveit_configs_utils:/home/kevo/ws_moveit2/install/launch_param_builder:/opt/ros/humble /usr/bin/cmake --install /home/kevo/ros_ws/src/ros_arm/build/ros_arm_description
[5.116s] Level 1:colcon.colcon_core.environment:create_environment_scripts_only(ros_arm_description)
[5.130s] DEBUG:colcon.colcon_core.event_handler.log_command:Invoked command in '/home/kevo/ros_ws/src/ros_arm/build/ros_arm_description' returned '0': CMAKE_PREFIX_PATH=${CMAKE_PREFIX_PATH}:/home/kevo/ros_ws/src/ai_based_sorting_robot_arm/install/robotic_arm_custom_nodes:/home/kevo/ws_moveit2/install/moveit_configs_utils:/home/kevo/ws_moveit2/install/launch_param_builder:/opt/ros/humble /usr/bin/cmake --install /home/kevo/ros_ws/src/ros_arm/build/ros_arm_description
[5.171s] Level 1:colcon.colcon_core.environment:checking '/home/kevo/ros_ws/src/ros_arm/install/ros_arm_description' for CMake module files
[5.172s] Level 1:colcon.colcon_core.environment:checking '/home/kevo/ros_ws/src/ros_arm/install/ros_arm_description' for CMake config files
[5.173s] Level 1:colcon.colcon_core.shell:create_environment_hook('ros_arm_description', 'cmake_prefix_path')
[5.206s] INFO:colcon.colcon_core.shell:Creating environment hook '/home/kevo/ros_ws/src/ros_arm/install/ros_arm_description/share/ros_arm_description/hook/cmake_prefix_path.ps1'
[5.208s] INFO:colcon.colcon_core.shell:Creating environment descriptor '/home/kevo/ros_ws/src/ros_arm/install/ros_arm_description/share/ros_arm_description/hook/cmake_prefix_path.dsv'
[5.210s] INFO:colcon.colcon_core.shell:Creating environment hook '/home/kevo/ros_ws/src/ros_arm/install/ros_arm_description/share/ros_arm_description/hook/cmake_prefix_path.sh'
[5.212s] Level 1:colcon.colcon_core.environment:checking '/home/kevo/ros_ws/src/ros_arm/install/ros_arm_description/bin'
[5.213s] Level 1:colcon.colcon_core.environment:checking '/home/kevo/ros_ws/src/ros_arm/install/ros_arm_description/lib/pkgconfig/ros_arm_description.pc'
[5.213s] Level 1:colcon.colcon_core.environment:checking '/home/kevo/ros_ws/src/ros_arm/install/ros_arm_description/lib/python3.10/site-packages'
[5.214s] Level 1:colcon.colcon_core.environment:checking '/home/kevo/ros_ws/src/ros_arm/install/ros_arm_description/bin'
[5.254s] INFO:colcon.colcon_core.shell:Creating package script '/home/kevo/ros_ws/src/ros_arm/install/ros_arm_description/share/ros_arm_description/package.ps1'
[5.255s] INFO:colcon.colcon_core.shell:Creating package descriptor '/home/kevo/ros_ws/src/ros_arm/install/ros_arm_description/share/ros_arm_description/package.dsv'
[5.256s] INFO:colcon.colcon_core.shell:Creating package script '/home/kevo/ros_ws/src/ros_arm/install/ros_arm_description/share/ros_arm_description/package.sh'
[5.257s] INFO:colcon.colcon_core.shell:Creating package script '/home/kevo/ros_ws/src/ros_arm/install/ros_arm_description/share/ros_arm_description/package.bash'
[5.258s] INFO:colcon.colcon_core.shell:Creating package script '/home/kevo/ros_ws/src/ros_arm/install/ros_arm_description/share/ros_arm_description/package.zsh'
[5.258s] Level 1:colcon.colcon_core.environment:create_file_with_runtime_dependencies(/home/kevo/ros_ws/src/ros_arm/install/ros_arm_description/share/colcon-core/packages/ros_arm_description)
[5.367s] Level 1:colcon.colcon_core.environment:create_environment_scripts_only(ros_arm_description)
[5.423s] Level 1:colcon.colcon_core.environment:checking '/home/kevo/ros_ws/src/ros_arm/install/ros_arm_description' for CMake module files
[5.425s] Level 1:colcon.colcon_core.environment:checking '/home/kevo/ros_ws/src/ros_arm/install/ros_arm_description' for CMake config files
[5.426s] Level 1:colcon.colcon_core.shell:create_environment_hook('ros_arm_description', 'cmake_prefix_path')
[5.508s] INFO:colcon.colcon_core.shell:Creating environment hook '/home/kevo/ros_ws/src/ros_arm/install/ros_arm_description/share/ros_arm_description/hook/cmake_prefix_path.ps1'
[5.509s] INFO:colcon.colcon_core.shell:Creating environment descriptor '/home/kevo/ros_ws/src/ros_arm/install/ros_arm_description/share/ros_arm_description/hook/cmake_prefix_path.dsv'
[5.510s] INFO:colcon.colcon_core.shell:Creating environment hook '/home/kevo/ros_ws/src/ros_arm/install/ros_arm_description/share/ros_arm_description/hook/cmake_prefix_path.sh'
[5.516s] Level 1:colcon.colcon_core.environment:checking '/home/kevo/ros_ws/src/ros_arm/install/ros_arm_description/bin'
[5.516s] Level 1:colcon.colcon_core.environment:checking '/home/kevo/ros_ws/src/ros_arm/install/ros_arm_description/lib/pkgconfig/ros_arm_description.pc'
[5.518s] Level 1:colcon.colcon_core.environment:checking '/home/kevo/ros_ws/src/ros_arm/install/ros_arm_description/lib/python3.10/site-packages'
[5.519s] Level 1:colcon.colcon_core.environment:checking '/home/kevo/ros_ws/src/ros_arm/install/ros_arm_description/bin'
[5.556s] INFO:colcon.colcon_core.shell:Creating package script '/home/kevo/ros_ws/src/ros_arm/install/ros_arm_description/share/ros_arm_description/package.ps1'
[5.557s] INFO:colcon.colcon_core.shell:Creating package descriptor '/home/kevo/ros_ws/src/ros_arm/install/ros_arm_description/share/ros_arm_description/package.dsv'
[5.558s] INFO:colcon.colcon_core.shell:Creating package script '/home/kevo/ros_ws/src/ros_arm/install/ros_arm_description/share/ros_arm_description/package.sh'
[5.559s] INFO:colcon.colcon_core.shell:Creating package script '/home/kevo/ros_ws/src/ros_arm/install/ros_arm_description/share/ros_arm_description/package.bash'
[5.560s] INFO:colcon.colcon_core.shell:Creating package script '/home/kevo/ros_ws/src/ros_arm/install/ros_arm_description/share/ros_arm_description/package.zsh'
[5.561s] Level 1:colcon.colcon_core.environment:create_file_with_runtime_dependencies(/home/kevo/ros_ws/src/ros_arm/install/ros_arm_description/share/colcon-core/packages/ros_arm_description)
[5.562s] INFO:colcon.colcon_ros.task.ament_cmake.build:Building ROS package in '/home/kevo/ros_ws/src/ros_arm/src/ros_arm_bringup' with build type 'ament_cmake'
[5.562s] INFO:colcon.colcon_cmake.task.cmake.build:Building CMake package in '/home/kevo/ros_ws/src/ros_arm/src/ros_arm_bringup'
[5.606s] INFO:colcon.colcon_core.shell:Skip shell extension 'powershell' for command environment: Not usable outside of PowerShell
[5.606s] DEBUG:colcon.colcon_core.shell:Skip shell extension 'dsv' for command environment
[5.881s] INFO:colcon.colcon_ros.task.ament_cmake.build:Building ROS package in '/home/kevo/ros_ws/src/ros_arm/src/ros_arm_moveit_config' with build type 'ament_cmake'
[5.883s] INFO:colcon.colcon_cmake.task.cmake.build:Building CMake package in '/home/kevo/ros_ws/src/ros_arm/src/ros_arm_moveit_config'
[5.948s] INFO:colcon.colcon_core.shell:Skip shell extension 'powershell' for command environment: Not usable outside of PowerShell
[5.949s] DEBUG:colcon.colcon_core.shell:Skip shell extension 'dsv' for command environment
[6.298s] DEBUG:colcon.colcon_core.event_handler.log_command:Invoking command in '/home/kevo/ros_ws/src/ros_arm/build/ros_arm_bringup': CMAKE_PREFIX_PATH=/home/kevo/ros_ws/src/ros_arm/install/ros_arm_description:/home/kevo/ros_ws/src/ros_arm/install/ros_arm_moveit_config:/home/kevo/ros_ws/src/ros_arm/install/ros_arm_bringup:/home/kevo/ros_ws/src/ros_arm/install/hello_moveit:/home/kevo/ros2_ws/install/ros2_control_demo_example_6:/home/kevo/ros2_ws/install/ros2_control_demo_example_5:/home/kevo/ros2_ws/install/ros2_control_demo_example_4:/home/kevo/ros2_ws/install/ros2_control_demo_example_3:/home/kevo/ros2_ws/install/ros2_control_demo_example_2:/home/kevo/ros2_ws/install/ros2_control_demo_example_14:/home/kevo/ros2_ws/install/ros2_control_demo_example_10:/home/kevo/ros2_ws/install/ros2_control_demo_example_1:/home/kevo/ros2_ws/install/ros2_control_demo_description:/home/kevo/ros_ws/src/ai_based_sorting_robot_arm/install/robotic_arm_msgs:/home/kevo/ros_ws/src/ai_based_sorting_robot_arm/install/robotic_arm_moveit_config:/home/kevo/ros_ws/src/ai_based_sorting_robot_arm/install/robotic_arm_kinematics:/home/kevo/ros_ws/src/ai_based_sorting_robot_arm/install/robotic_arm_firmware:/home/kevo/ros_ws/src/ai_based_sorting_robot_arm/install/robotic_arm_description:/home/kevo/ros_ws/src/ai_based_sorting_robot_arm/install/robotic_arm_controllers:/home/kevo/ws_moveit2/install/pilz_industrial_motion_planner_testutils:/home/kevo/ws_moveit2/install/panda_moveit_config:/home/kevo/ws_moveit2/install/moveit_runtime:/home/kevo/ws_moveit2/install/moveit2_tutorials:/home/kevo/ws_moveit2/install/moveit:/home/kevo/ws_moveit2/install/moveit_planners:/home/kevo/ws_moveit2/install/pilz_industrial_motion_planner:/home/kevo/ws_moveit2/install/mtc_tutorial:/home/kevo/ws_moveit2/install/moveit_visual_tools:/home/kevo/ws_moveit2/install/moveit_task_constructor_visualization:/home/kevo/ws_moveit2/install/moveit_task_constructor_demo:/home/kevo/ws_moveit2/install/moveit_task_constructor_capabilities:/home/kevo/ws_moveit2/install/moveit_task_constructor_core:/home/kevo/ws_moveit2/install/moveit_ros_control_interface:/home/kevo/ws_moveit2/install/moveit_plugins:/home/kevo/ws_moveit2/install/moveit_simple_controller_manager:/home/kevo/ws_moveit2/install/moveit_setup_assistant:/home/kevo/ws_moveit2/install/moveit_setup_srdf_plugins:/home/kevo/ws_moveit2/install/moveit_setup_core_plugins:/home/kevo/ws_moveit2/install/moveit_setup_controllers:/home/kevo/ws_moveit2/install/moveit_setup_app_plugins:/home/kevo/ws_moveit2/install/moveit_setup_framework:/home/kevo/ws_moveit2/install/moveit_servo:/home/kevo/ws_moveit2/install/moveit_ros:/home/kevo/ws_moveit2/install/moveit_ros_visualization:/home/kevo/ws_moveit2/install/moveit_hybrid_planning:/home/kevo/ws_moveit2/install/moveit_ros_planning_interface:/home/kevo/ws_moveit2/install/moveit_ros_benchmarks:/home/kevo/ws_moveit2/install/moveit_ros_warehouse:/home/kevo/ws_moveit2/install/moveit_ros_robot_interaction:/home/kevo/ws_moveit2/install/moveit_ros_perception:/home/kevo/ws_moveit2/install/moveit_resources_prbt_pg70_support:/home/kevo/ws_moveit2/install/moveit_resources_prbt_moveit_config:/home/kevo/ws_moveit2/install/moveit_ros_move_group:/home/kevo/ws_moveit2/install/moveit_planners_ompl:/home/kevo/ws_moveit2/install/moveit_ros_planning:/home/kevo/ws_moveit2/install/moveit_ros_occupancy_map_monitor:/home/kevo/ws_moveit2/install/moveit_resources_prbt_ikfast_manipulator_plugin:/home/kevo/ws_moveit2/install/moveit_planners_chomp:/home/kevo/ws_moveit2/install/moveit_kinematics:/home/kevo/ws_moveit2/install/moveit_chomp_optimizer_adapter:/home/kevo/ws_moveit2/install/chomp_motion_planner:/home/kevo/ws_moveit2/install/moveit_core:/home/kevo/ws_moveit2/install/srdfdom:/home/kevo/ws_moveit2/install/rviz_marker_tools:/home/kevo/ws_moveit2/install/rosparam_shortcuts:/home/kevo/ws_moveit2/install/moveit_task_constructor_msgs:/home/kevo/ws_moveit2/install/moveit_resources_prbt_support:/home/kevo/ws_moveit2/install/moveit_resources:/home/kevo/ws_moveit2/install/moveit_resources_pr2_description:/home/kevo/ws_moveit2/install/moveit_resources_panda_moveit_config:/home/kevo/ws_moveit2/install/moveit_resources_panda_description:/home/kevo/ws_moveit2/install/moveit_resources_fanuc_moveit_config:/home/kevo/ws_moveit2/install/moveit_resources_fanuc_description:/home/kevo/ws_moveit2/install/moveit_common:/home/kevo/ros_ws/src/ai_based_sorting_robot_arm/install/robotic_arm_custom_nodes:/home/kevo/ws_moveit2/install/moveit_configs_utils:/home/kevo/ws_moveit2/install/launch_param_builder:/opt/ros/humble /usr/bin/cmake --build /home/kevo/ros_ws/src/ros_arm/build/ros_arm_bringup -- -j8 -l8
[6.425s] DEBUG:colcon.colcon_core.event_handler.log_command:Invoking command in '/home/kevo/ros_ws/src/ros_arm/build/ros_arm_moveit_config': CMAKE_PREFIX_PATH=/home/kevo/ros_ws/src/ros_arm/install/ros_arm_description:/home/kevo/ros_ws/src/ros_arm/install/ros_arm_moveit_config:/home/kevo/ros_ws/src/ros_arm/install/ros_arm_bringup:/home/kevo/ros_ws/src/ros_arm/install/hello_moveit:/home/kevo/ros2_ws/install/ros2_control_demo_example_6:/home/kevo/ros2_ws/install/ros2_control_demo_example_5:/home/kevo/ros2_ws/install/ros2_control_demo_example_4:/home/kevo/ros2_ws/install/ros2_control_demo_example_3:/home/kevo/ros2_ws/install/ros2_control_demo_example_2:/home/kevo/ros2_ws/install/ros2_control_demo_example_14:/home/kevo/ros2_ws/install/ros2_control_demo_example_10:/home/kevo/ros2_ws/install/ros2_control_demo_example_1:/home/kevo/ros2_ws/install/ros2_control_demo_description:/home/kevo/ros_ws/src/ai_based_sorting_robot_arm/install/robotic_arm_msgs:/home/kevo/ros_ws/src/ai_based_sorting_robot_arm/install/robotic_arm_moveit_config:/home/kevo/ros_ws/src/ai_based_sorting_robot_arm/install/robotic_arm_kinematics:/home/kevo/ros_ws/src/ai_based_sorting_robot_arm/install/robotic_arm_firmware:/home/kevo/ros_ws/src/ai_based_sorting_robot_arm/install/robotic_arm_description:/home/kevo/ros_ws/src/ai_based_sorting_robot_arm/install/robotic_arm_controllers:/home/kevo/ws_moveit2/install/pilz_industrial_motion_planner_testutils:/home/kevo/ws_moveit2/install/panda_moveit_config:/home/kevo/ws_moveit2/install/moveit_runtime:/home/kevo/ws_moveit2/install/moveit2_tutorials:/home/kevo/ws_moveit2/install/moveit:/home/kevo/ws_moveit2/install/moveit_planners:/home/kevo/ws_moveit2/install/pilz_industrial_motion_planner:/home/kevo/ws_moveit2/install/mtc_tutorial:/home/kevo/ws_moveit2/install/moveit_visual_tools:/home/kevo/ws_moveit2/install/moveit_task_constructor_visualization:/home/kevo/ws_moveit2/install/moveit_task_constructor_demo:/home/kevo/ws_moveit2/install/moveit_task_constructor_capabilities:/home/kevo/ws_moveit2/install/moveit_task_constructor_core:/home/kevo/ws_moveit2/install/moveit_ros_control_interface:/home/kevo/ws_moveit2/install/moveit_plugins:/home/kevo/ws_moveit2/install/moveit_simple_controller_manager:/home/kevo/ws_moveit2/install/moveit_setup_assistant:/home/kevo/ws_moveit2/install/moveit_setup_srdf_plugins:/home/kevo/ws_moveit2/install/moveit_setup_core_plugins:/home/kevo/ws_moveit2/install/moveit_setup_controllers:/home/kevo/ws_moveit2/install/moveit_setup_app_plugins:/home/kevo/ws_moveit2/install/moveit_setup_framework:/home/kevo/ws_moveit2/install/moveit_servo:/home/kevo/ws_moveit2/install/moveit_ros:/home/kevo/ws_moveit2/install/moveit_ros_visualization:/home/kevo/ws_moveit2/install/moveit_hybrid_planning:/home/kevo/ws_moveit2/install/moveit_ros_planning_interface:/home/kevo/ws_moveit2/install/moveit_ros_benchmarks:/home/kevo/ws_moveit2/install/moveit_ros_warehouse:/home/kevo/ws_moveit2/install/moveit_ros_robot_interaction:/home/kevo/ws_moveit2/install/moveit_ros_perception:/home/kevo/ws_moveit2/install/moveit_resources_prbt_pg70_support:/home/kevo/ws_moveit2/install/moveit_resources_prbt_moveit_config:/home/kevo/ws_moveit2/install/moveit_ros_move_group:/home/kevo/ws_moveit2/install/moveit_planners_ompl:/home/kevo/ws_moveit2/install/moveit_ros_planning:/home/kevo/ws_moveit2/install/moveit_ros_occupancy_map_monitor:/home/kevo/ws_moveit2/install/moveit_resources_prbt_ikfast_manipulator_plugin:/home/kevo/ws_moveit2/install/moveit_planners_chomp:/home/kevo/ws_moveit2/install/moveit_kinematics:/home/kevo/ws_moveit2/install/moveit_chomp_optimizer_adapter:/home/kevo/ws_moveit2/install/chomp_motion_planner:/home/kevo/ws_moveit2/install/moveit_core:/home/kevo/ws_moveit2/install/srdfdom:/home/kevo/ws_moveit2/install/rviz_marker_tools:/home/kevo/ws_moveit2/install/rosparam_shortcuts:/home/kevo/ws_moveit2/install/moveit_task_constructor_msgs:/home/kevo/ws_moveit2/install/moveit_resources_prbt_support:/home/kevo/ws_moveit2/install/moveit_resources:/home/kevo/ws_moveit2/install/moveit_resources_pr2_description:/home/kevo/ws_moveit2/install/moveit_resources_panda_moveit_config:/home/kevo/ws_moveit2/install/moveit_resources_panda_description:/home/kevo/ws_moveit2/install/moveit_resources_fanuc_moveit_config:/home/kevo/ws_moveit2/install/moveit_resources_fanuc_description:/home/kevo/ws_moveit2/install/moveit_common:/home/kevo/ros_ws/src/ai_based_sorting_robot_arm/install/robotic_arm_custom_nodes:/home/kevo/ws_moveit2/install/moveit_configs_utils:/home/kevo/ws_moveit2/install/launch_param_builder:/opt/ros/humble /usr/bin/cmake --build /home/kevo/ros_ws/src/ros_arm/build/ros_arm_moveit_config -- -j8 -l8
[6.451s] DEBUG:colcon.colcon_core.event_handler.log_command:Invoked command in '/home/kevo/ros_ws/src/ros_arm/build/ros_arm_bringup' returned '0': CMAKE_PREFIX_PATH=/home/kevo/ros_ws/src/ros_arm/install/ros_arm_description:/home/kevo/ros_ws/src/ros_arm/install/ros_arm_moveit_config:/home/kevo/ros_ws/src/ros_arm/install/ros_arm_bringup:/home/kevo/ros_ws/src/ros_arm/install/hello_moveit:/home/kevo/ros2_ws/install/ros2_control_demo_example_6:/home/kevo/ros2_ws/install/ros2_control_demo_example_5:/home/kevo/ros2_ws/install/ros2_control_demo_example_4:/home/kevo/ros2_ws/install/ros2_control_demo_example_3:/home/kevo/ros2_ws/install/ros2_control_demo_example_2:/home/kevo/ros2_ws/install/ros2_control_demo_example_14:/home/kevo/ros2_ws/install/ros2_control_demo_example_10:/home/kevo/ros2_ws/install/ros2_control_demo_example_1:/home/kevo/ros2_ws/install/ros2_control_demo_description:/home/kevo/ros_ws/src/ai_based_sorting_robot_arm/install/robotic_arm_msgs:/home/kevo/ros_ws/src/ai_based_sorting_robot_arm/install/robotic_arm_moveit_config:/home/kevo/ros_ws/src/ai_based_sorting_robot_arm/install/robotic_arm_kinematics:/home/kevo/ros_ws/src/ai_based_sorting_robot_arm/install/robotic_arm_firmware:/home/kevo/ros_ws/src/ai_based_sorting_robot_arm/install/robotic_arm_description:/home/kevo/ros_ws/src/ai_based_sorting_robot_arm/install/robotic_arm_controllers:/home/kevo/ws_moveit2/install/pilz_industrial_motion_planner_testutils:/home/kevo/ws_moveit2/install/panda_moveit_config:/home/kevo/ws_moveit2/install/moveit_runtime:/home/kevo/ws_moveit2/install/moveit2_tutorials:/home/kevo/ws_moveit2/install/moveit:/home/kevo/ws_moveit2/install/moveit_planners:/home/kevo/ws_moveit2/install/pilz_industrial_motion_planner:/home/kevo/ws_moveit2/install/mtc_tutorial:/home/kevo/ws_moveit2/install/moveit_visual_tools:/home/kevo/ws_moveit2/install/moveit_task_constructor_visualization:/home/kevo/ws_moveit2/install/moveit_task_constructor_demo:/home/kevo/ws_moveit2/install/moveit_task_constructor_capabilities:/home/kevo/ws_moveit2/install/moveit_task_constructor_core:/home/kevo/ws_moveit2/install/moveit_ros_control_interface:/home/kevo/ws_moveit2/install/moveit_plugins:/home/kevo/ws_moveit2/install/moveit_simple_controller_manager:/home/kevo/ws_moveit2/install/moveit_setup_assistant:/home/kevo/ws_moveit2/install/moveit_setup_srdf_plugins:/home/kevo/ws_moveit2/install/moveit_setup_core_plugins:/home/kevo/ws_moveit2/install/moveit_setup_controllers:/home/kevo/ws_moveit2/install/moveit_setup_app_plugins:/home/kevo/ws_moveit2/install/moveit_setup_framework:/home/kevo/ws_moveit2/install/moveit_servo:/home/kevo/ws_moveit2/install/moveit_ros:/home/kevo/ws_moveit2/install/moveit_ros_visualization:/home/kevo/ws_moveit2/install/moveit_hybrid_planning:/home/kevo/ws_moveit2/install/moveit_ros_planning_interface:/home/kevo/ws_moveit2/install/moveit_ros_benchmarks:/home/kevo/ws_moveit2/install/moveit_ros_warehouse:/home/kevo/ws_moveit2/install/moveit_ros_robot_interaction:/home/kevo/ws_moveit2/install/moveit_ros_perception:/home/kevo/ws_moveit2/install/moveit_resources_prbt_pg70_support:/home/kevo/ws_moveit2/install/moveit_resources_prbt_moveit_config:/home/kevo/ws_moveit2/install/moveit_ros_move_group:/home/kevo/ws_moveit2/install/moveit_planners_ompl:/home/kevo/ws_moveit2/install/moveit_ros_planning:/home/kevo/ws_moveit2/install/moveit_ros_occupancy_map_monitor:/home/kevo/ws_moveit2/install/moveit_resources_prbt_ikfast_manipulator_plugin:/home/kevo/ws_moveit2/install/moveit_planners_chomp:/home/kevo/ws_moveit2/install/moveit_kinematics:/home/kevo/ws_moveit2/install/moveit_chomp_optimizer_adapter:/home/kevo/ws_moveit2/install/chomp_motion_planner:/home/kevo/ws_moveit2/install/moveit_core:/home/kevo/ws_moveit2/install/srdfdom:/home/kevo/ws_moveit2/install/rviz_marker_tools:/home/kevo/ws_moveit2/install/rosparam_shortcuts:/home/kevo/ws_moveit2/install/moveit_task_constructor_msgs:/home/kevo/ws_moveit2/install/moveit_resources_prbt_support:/home/kevo/ws_moveit2/install/moveit_resources:/home/kevo/ws_moveit2/install/moveit_resources_pr2_description:/home/kevo/ws_moveit2/install/moveit_resources_panda_moveit_config:/home/kevo/ws_moveit2/install/moveit_resources_panda_description:/home/kevo/ws_moveit2/install/moveit_resources_fanuc_moveit_config:/home/kevo/ws_moveit2/install/moveit_resources_fanuc_description:/home/kevo/ws_moveit2/install/moveit_common:/home/kevo/ros_ws/src/ai_based_sorting_robot_arm/install/robotic_arm_custom_nodes:/home/kevo/ws_moveit2/install/moveit_configs_utils:/home/kevo/ws_moveit2/install/launch_param_builder:/opt/ros/humble /usr/bin/cmake --build /home/kevo/ros_ws/src/ros_arm/build/ros_arm_bringup -- -j8 -l8
[6.552s] DEBUG:colcon.colcon_core.event_handler.log_command:Invoking command in '/home/kevo/ros_ws/src/ros_arm/build/ros_arm_bringup': CMAKE_PREFIX_PATH=/home/kevo/ros_ws/src/ros_arm/install/ros_arm_description:/home/kevo/ros_ws/src/ros_arm/install/ros_arm_moveit_config:/home/kevo/ros_ws/src/ros_arm/install/ros_arm_bringup:/home/kevo/ros_ws/src/ros_arm/install/hello_moveit:/home/kevo/ros2_ws/install/ros2_control_demo_example_6:/home/kevo/ros2_ws/install/ros2_control_demo_example_5:/home/kevo/ros2_ws/install/ros2_control_demo_example_4:/home/kevo/ros2_ws/install/ros2_control_demo_example_3:/home/kevo/ros2_ws/install/ros2_control_demo_example_2:/home/kevo/ros2_ws/install/ros2_control_demo_example_14:/home/kevo/ros2_ws/install/ros2_control_demo_example_10:/home/kevo/ros2_ws/install/ros2_control_demo_example_1:/home/kevo/ros2_ws/install/ros2_control_demo_description:/home/kevo/ros_ws/src/ai_based_sorting_robot_arm/install/robotic_arm_msgs:/home/kevo/ros_ws/src/ai_based_sorting_robot_arm/install/robotic_arm_moveit_config:/home/kevo/ros_ws/src/ai_based_sorting_robot_arm/install/robotic_arm_kinematics:/home/kevo/ros_ws/src/ai_based_sorting_robot_arm/install/robotic_arm_firmware:/home/kevo/ros_ws/src/ai_based_sorting_robot_arm/install/robotic_arm_description:/home/kevo/ros_ws/src/ai_based_sorting_robot_arm/install/robotic_arm_controllers:/home/kevo/ws_moveit2/install/pilz_industrial_motion_planner_testutils:/home/kevo/ws_moveit2/install/panda_moveit_config:/home/kevo/ws_moveit2/install/moveit_runtime:/home/kevo/ws_moveit2/install/moveit2_tutorials:/home/kevo/ws_moveit2/install/moveit:/home/kevo/ws_moveit2/install/moveit_planners:/home/kevo/ws_moveit2/install/pilz_industrial_motion_planner:/home/kevo/ws_moveit2/install/mtc_tutorial:/home/kevo/ws_moveit2/install/moveit_visual_tools:/home/kevo/ws_moveit2/install/moveit_task_constructor_visualization:/home/kevo/ws_moveit2/install/moveit_task_constructor_demo:/home/kevo/ws_moveit2/install/moveit_task_constructor_capabilities:/home/kevo/ws_moveit2/install/moveit_task_constructor_core:/home/kevo/ws_moveit2/install/moveit_ros_control_interface:/home/kevo/ws_moveit2/install/moveit_plugins:/home/kevo/ws_moveit2/install/moveit_simple_controller_manager:/home/kevo/ws_moveit2/install/moveit_setup_assistant:/home/kevo/ws_moveit2/install/moveit_setup_srdf_plugins:/home/kevo/ws_moveit2/install/moveit_setup_core_plugins:/home/kevo/ws_moveit2/install/moveit_setup_controllers:/home/kevo/ws_moveit2/install/moveit_setup_app_plugins:/home/kevo/ws_moveit2/install/moveit_setup_framework:/home/kevo/ws_moveit2/install/moveit_servo:/home/kevo/ws_moveit2/install/moveit_ros:/home/kevo/ws_moveit2/install/moveit_ros_visualization:/home/kevo/ws_moveit2/install/moveit_hybrid_planning:/home/kevo/ws_moveit2/install/moveit_ros_planning_interface:/home/kevo/ws_moveit2/install/moveit_ros_benchmarks:/home/kevo/ws_moveit2/install/moveit_ros_warehouse:/home/kevo/ws_moveit2/install/moveit_ros_robot_interaction:/home/kevo/ws_moveit2/install/moveit_ros_perception:/home/kevo/ws_moveit2/install/moveit_resources_prbt_pg70_support:/home/kevo/ws_moveit2/install/moveit_resources_prbt_moveit_config:/home/kevo/ws_moveit2/install/moveit_ros_move_group:/home/kevo/ws_moveit2/install/moveit_planners_ompl:/home/kevo/ws_moveit2/install/moveit_ros_planning:/home/kevo/ws_moveit2/install/moveit_ros_occupancy_map_monitor:/home/kevo/ws_moveit2/install/moveit_resources_prbt_ikfast_manipulator_plugin:/home/kevo/ws_moveit2/install/moveit_planners_chomp:/home/kevo/ws_moveit2/install/moveit_kinematics:/home/kevo/ws_moveit2/install/moveit_chomp_optimizer_adapter:/home/kevo/ws_moveit2/install/chomp_motion_planner:/home/kevo/ws_moveit2/install/moveit_core:/home/kevo/ws_moveit2/install/srdfdom:/home/kevo/ws_moveit2/install/rviz_marker_tools:/home/kevo/ws_moveit2/install/rosparam_shortcuts:/home/kevo/ws_moveit2/install/moveit_task_constructor_msgs:/home/kevo/ws_moveit2/install/moveit_resources_prbt_support:/home/kevo/ws_moveit2/install/moveit_resources:/home/kevo/ws_moveit2/install/moveit_resources_pr2_description:/home/kevo/ws_moveit2/install/moveit_resources_panda_moveit_config:/home/kevo/ws_moveit2/install/moveit_resources_panda_description:/home/kevo/ws_moveit2/install/moveit_resources_fanuc_moveit_config:/home/kevo/ws_moveit2/install/moveit_resources_fanuc_description:/home/kevo/ws_moveit2/install/moveit_common:/home/kevo/ros_ws/src/ai_based_sorting_robot_arm/install/robotic_arm_custom_nodes:/home/kevo/ws_moveit2/install/moveit_configs_utils:/home/kevo/ws_moveit2/install/launch_param_builder:/opt/ros/humble /usr/bin/cmake --install /home/kevo/ros_ws/src/ros_arm/build/ros_arm_bringup
[6.589s] DEBUG:colcon.colcon_core.event_handler.log_command:Invoked command in '/home/kevo/ros_ws/src/ros_arm/build/ros_arm_moveit_config' returned '0': CMAKE_PREFIX_PATH=/home/kevo/ros_ws/src/ros_arm/install/ros_arm_description:/home/kevo/ros_ws/src/ros_arm/install/ros_arm_moveit_config:/home/kevo/ros_ws/src/ros_arm/install/ros_arm_bringup:/home/kevo/ros_ws/src/ros_arm/install/hello_moveit:/home/kevo/ros2_ws/install/ros2_control_demo_example_6:/home/kevo/ros2_ws/install/ros2_control_demo_example_5:/home/kevo/ros2_ws/install/ros2_control_demo_example_4:/home/kevo/ros2_ws/install/ros2_control_demo_example_3:/home/kevo/ros2_ws/install/ros2_control_demo_example_2:/home/kevo/ros2_ws/install/ros2_control_demo_example_14:/home/kevo/ros2_ws/install/ros2_control_demo_example_10:/home/kevo/ros2_ws/install/ros2_control_demo_example_1:/home/kevo/ros2_ws/install/ros2_control_demo_description:/home/kevo/ros_ws/src/ai_based_sorting_robot_arm/install/robotic_arm_msgs:/home/kevo/ros_ws/src/ai_based_sorting_robot_arm/install/robotic_arm_moveit_config:/home/kevo/ros_ws/src/ai_based_sorting_robot_arm/install/robotic_arm_kinematics:/home/kevo/ros_ws/src/ai_based_sorting_robot_arm/install/robotic_arm_firmware:/home/kevo/ros_ws/src/ai_based_sorting_robot_arm/install/robotic_arm_description:/home/kevo/ros_ws/src/ai_based_sorting_robot_arm/install/robotic_arm_controllers:/home/kevo/ws_moveit2/install/pilz_industrial_motion_planner_testutils:/home/kevo/ws_moveit2/install/panda_moveit_config:/home/kevo/ws_moveit2/install/moveit_runtime:/home/kevo/ws_moveit2/install/moveit2_tutorials:/home/kevo/ws_moveit2/install/moveit:/home/kevo/ws_moveit2/install/moveit_planners:/home/kevo/ws_moveit2/install/pilz_industrial_motion_planner:/home/kevo/ws_moveit2/install/mtc_tutorial:/home/kevo/ws_moveit2/install/moveit_visual_tools:/home/kevo/ws_moveit2/install/moveit_task_constructor_visualization:/home/kevo/ws_moveit2/install/moveit_task_constructor_demo:/home/kevo/ws_moveit2/install/moveit_task_constructor_capabilities:/home/kevo/ws_moveit2/install/moveit_task_constructor_core:/home/kevo/ws_moveit2/install/moveit_ros_control_interface:/home/kevo/ws_moveit2/install/moveit_plugins:/home/kevo/ws_moveit2/install/moveit_simple_controller_manager:/home/kevo/ws_moveit2/install/moveit_setup_assistant:/home/kevo/ws_moveit2/install/moveit_setup_srdf_plugins:/home/kevo/ws_moveit2/install/moveit_setup_core_plugins:/home/kevo/ws_moveit2/install/moveit_setup_controllers:/home/kevo/ws_moveit2/install/moveit_setup_app_plugins:/home/kevo/ws_moveit2/install/moveit_setup_framework:/home/kevo/ws_moveit2/install/moveit_servo:/home/kevo/ws_moveit2/install/moveit_ros:/home/kevo/ws_moveit2/install/moveit_ros_visualization:/home/kevo/ws_moveit2/install/moveit_hybrid_planning:/home/kevo/ws_moveit2/install/moveit_ros_planning_interface:/home/kevo/ws_moveit2/install/moveit_ros_benchmarks:/home/kevo/ws_moveit2/install/moveit_ros_warehouse:/home/kevo/ws_moveit2/install/moveit_ros_robot_interaction:/home/kevo/ws_moveit2/install/moveit_ros_perception:/home/kevo/ws_moveit2/install/moveit_resources_prbt_pg70_support:/home/kevo/ws_moveit2/install/moveit_resources_prbt_moveit_config:/home/kevo/ws_moveit2/install/moveit_ros_move_group:/home/kevo/ws_moveit2/install/moveit_planners_ompl:/home/kevo/ws_moveit2/install/moveit_ros_planning:/home/kevo/ws_moveit2/install/moveit_ros_occupancy_map_monitor:/home/kevo/ws_moveit2/install/moveit_resources_prbt_ikfast_manipulator_plugin:/home/kevo/ws_moveit2/install/moveit_planners_chomp:/home/kevo/ws_moveit2/install/moveit_kinematics:/home/kevo/ws_moveit2/install/moveit_chomp_optimizer_adapter:/home/kevo/ws_moveit2/install/chomp_motion_planner:/home/kevo/ws_moveit2/install/moveit_core:/home/kevo/ws_moveit2/install/srdfdom:/home/kevo/ws_moveit2/install/rviz_marker_tools:/home/kevo/ws_moveit2/install/rosparam_shortcuts:/home/kevo/ws_moveit2/install/moveit_task_constructor_msgs:/home/kevo/ws_moveit2/install/moveit_resources_prbt_support:/home/kevo/ws_moveit2/install/moveit_resources:/home/kevo/ws_moveit2/install/moveit_resources_pr2_description:/home/kevo/ws_moveit2/install/moveit_resources_panda_moveit_config:/home/kevo/ws_moveit2/install/moveit_resources_panda_description:/home/kevo/ws_moveit2/install/moveit_resources_fanuc_moveit_config:/home/kevo/ws_moveit2/install/moveit_resources_fanuc_description:/home/kevo/ws_moveit2/install/moveit_common:/home/kevo/ros_ws/src/ai_based_sorting_robot_arm/install/robotic_arm_custom_nodes:/home/kevo/ws_moveit2/install/moveit_configs_utils:/home/kevo/ws_moveit2/install/launch_param_builder:/opt/ros/humble /usr/bin/cmake --build /home/kevo/ros_ws/src/ros_arm/build/ros_arm_moveit_config -- -j8 -l8
[6.598s] Level 1:colcon.colcon_core.environment:create_environment_scripts_only(ros_arm_bringup)
[6.602s] DEBUG:colcon.colcon_core.event_handler.log_command:Invoked command in '/home/kevo/ros_ws/src/ros_arm/build/ros_arm_bringup' returned '0': CMAKE_PREFIX_PATH=/home/kevo/ros_ws/src/ros_arm/install/ros_arm_description:/home/kevo/ros_ws/src/ros_arm/install/ros_arm_moveit_config:/home/kevo/ros_ws/src/ros_arm/install/ros_arm_bringup:/home/kevo/ros_ws/src/ros_arm/install/hello_moveit:/home/kevo/ros2_ws/install/ros2_control_demo_example_6:/home/kevo/ros2_ws/install/ros2_control_demo_example_5:/home/kevo/ros2_ws/install/ros2_control_demo_example_4:/home/kevo/ros2_ws/install/ros2_control_demo_example_3:/home/kevo/ros2_ws/install/ros2_control_demo_example_2:/home/kevo/ros2_ws/install/ros2_control_demo_example_14:/home/kevo/ros2_ws/install/ros2_control_demo_example_10:/home/kevo/ros2_ws/install/ros2_control_demo_example_1:/home/kevo/ros2_ws/install/ros2_control_demo_description:/home/kevo/ros_ws/src/ai_based_sorting_robot_arm/install/robotic_arm_msgs:/home/kevo/ros_ws/src/ai_based_sorting_robot_arm/install/robotic_arm_moveit_config:/home/kevo/ros_ws/src/ai_based_sorting_robot_arm/install/robotic_arm_kinematics:/home/kevo/ros_ws/src/ai_based_sorting_robot_arm/install/robotic_arm_firmware:/home/kevo/ros_ws/src/ai_based_sorting_robot_arm/install/robotic_arm_description:/home/kevo/ros_ws/src/ai_based_sorting_robot_arm/install/robotic_arm_controllers:/home/kevo/ws_moveit2/install/pilz_industrial_motion_planner_testutils:/home/kevo/ws_moveit2/install/panda_moveit_config:/home/kevo/ws_moveit2/install/moveit_runtime:/home/kevo/ws_moveit2/install/moveit2_tutorials:/home/kevo/ws_moveit2/install/moveit:/home/kevo/ws_moveit2/install/moveit_planners:/home/kevo/ws_moveit2/install/pilz_industrial_motion_planner:/home/kevo/ws_moveit2/install/mtc_tutorial:/home/kevo/ws_moveit2/install/moveit_visual_tools:/home/kevo/ws_moveit2/install/moveit_task_constructor_visualization:/home/kevo/ws_moveit2/install/moveit_task_constructor_demo:/home/kevo/ws_moveit2/install/moveit_task_constructor_capabilities:/home/kevo/ws_moveit2/install/moveit_task_constructor_core:/home/kevo/ws_moveit2/install/moveit_ros_control_interface:/home/kevo/ws_moveit2/install/moveit_plugins:/home/kevo/ws_moveit2/install/moveit_simple_controller_manager:/home/kevo/ws_moveit2/install/moveit_setup_assistant:/home/kevo/ws_moveit2/install/moveit_setup_srdf_plugins:/home/kevo/ws_moveit2/install/moveit_setup_core_plugins:/home/kevo/ws_moveit2/install/moveit_setup_controllers:/home/kevo/ws_moveit2/install/moveit_setup_app_plugins:/home/kevo/ws_moveit2/install/moveit_setup_framework:/home/kevo/ws_moveit2/install/moveit_servo:/home/kevo/ws_moveit2/install/moveit_ros:/home/kevo/ws_moveit2/install/moveit_ros_visualization:/home/kevo/ws_moveit2/install/moveit_hybrid_planning:/home/kevo/ws_moveit2/install/moveit_ros_planning_interface:/home/kevo/ws_moveit2/install/moveit_ros_benchmarks:/home/kevo/ws_moveit2/install/moveit_ros_warehouse:/home/kevo/ws_moveit2/install/moveit_ros_robot_interaction:/home/kevo/ws_moveit2/install/moveit_ros_perception:/home/kevo/ws_moveit2/install/moveit_resources_prbt_pg70_support:/home/kevo/ws_moveit2/install/moveit_resources_prbt_moveit_config:/home/kevo/ws_moveit2/install/moveit_ros_move_group:/home/kevo/ws_moveit2/install/moveit_planners_ompl:/home/kevo/ws_moveit2/install/moveit_ros_planning:/home/kevo/ws_moveit2/install/moveit_ros_occupancy_map_monitor:/home/kevo/ws_moveit2/install/moveit_resources_prbt_ikfast_manipulator_plugin:/home/kevo/ws_moveit2/install/moveit_planners_chomp:/home/kevo/ws_moveit2/install/moveit_kinematics:/home/kevo/ws_moveit2/install/moveit_chomp_optimizer_adapter:/home/kevo/ws_moveit2/install/chomp_motion_planner:/home/kevo/ws_moveit2/install/moveit_core:/home/kevo/ws_moveit2/install/srdfdom:/home/kevo/ws_moveit2/install/rviz_marker_tools:/home/kevo/ws_moveit2/install/rosparam_shortcuts:/home/kevo/ws_moveit2/install/moveit_task_constructor_msgs:/home/kevo/ws_moveit2/install/moveit_resources_prbt_support:/home/kevo/ws_moveit2/install/moveit_resources:/home/kevo/ws_moveit2/install/moveit_resources_pr2_description:/home/kevo/ws_moveit2/install/moveit_resources_panda_moveit_config:/home/kevo/ws_moveit2/install/moveit_resources_panda_description:/home/kevo/ws_moveit2/install/moveit_resources_fanuc_moveit_config:/home/kevo/ws_moveit2/install/moveit_resources_fanuc_description:/home/kevo/ws_moveit2/install/moveit_common:/home/kevo/ros_ws/src/ai_based_sorting_robot_arm/install/robotic_arm_custom_nodes:/home/kevo/ws_moveit2/install/moveit_configs_utils:/home/kevo/ws_moveit2/install/launch_param_builder:/opt/ros/humble /usr/bin/cmake --install /home/kevo/ros_ws/src/ros_arm/build/ros_arm_bringup
[6.689s] Level 1:colcon.colcon_core.environment:checking '/home/kevo/ros_ws/src/ros_arm/install/ros_arm_bringup' for CMake module files
[6.691s] Level 1:colcon.colcon_core.environment:checking '/home/kevo/ros_ws/src/ros_arm/install/ros_arm_bringup' for CMake config files
[6.691s] Level 1:colcon.colcon_core.shell:create_environment_hook('ros_arm_bringup', 'cmake_prefix_path')
[6.755s] INFO:colcon.colcon_core.shell:Creating environment hook '/home/kevo/ros_ws/src/ros_arm/install/ros_arm_bringup/share/ros_arm_bringup/hook/cmake_prefix_path.ps1'
[6.758s] INFO:colcon.colcon_core.shell:Creating environment descriptor '/home/kevo/ros_ws/src/ros_arm/install/ros_arm_bringup/share/ros_arm_bringup/hook/cmake_prefix_path.dsv'
[6.759s] INFO:colcon.colcon_core.shell:Creating environment hook '/home/kevo/ros_ws/src/ros_arm/install/ros_arm_bringup/share/ros_arm_bringup/hook/cmake_prefix_path.sh'
[6.760s] Level 1:colcon.colcon_core.environment:checking '/home/kevo/ros_ws/src/ros_arm/install/ros_arm_bringup/bin'
[6.760s] Level 1:colcon.colcon_core.environment:checking '/home/kevo/ros_ws/src/ros_arm/install/ros_arm_bringup/lib/pkgconfig/ros_arm_bringup.pc'
[6.761s] Level 1:colcon.colcon_core.environment:checking '/home/kevo/ros_ws/src/ros_arm/install/ros_arm_bringup/lib/python3.10/site-packages'
[6.762s] Level 1:colcon.colcon_core.environment:checking '/home/kevo/ros_ws/src/ros_arm/install/ros_arm_bringup/bin'
[6.831s] INFO:colcon.colcon_core.shell:Creating package script '/home/kevo/ros_ws/src/ros_arm/install/ros_arm_bringup/share/ros_arm_bringup/package.ps1'
[6.834s] INFO:colcon.colcon_core.shell:Creating package descriptor '/home/kevo/ros_ws/src/ros_arm/install/ros_arm_bringup/share/ros_arm_bringup/package.dsv'
[6.836s] INFO:colcon.colcon_core.shell:Creating package script '/home/kevo/ros_ws/src/ros_arm/install/ros_arm_bringup/share/ros_arm_bringup/package.sh'
[6.841s] INFO:colcon.colcon_core.shell:Creating package script '/home/kevo/ros_ws/src/ros_arm/install/ros_arm_bringup/share/ros_arm_bringup/package.bash'
[6.842s] INFO:colcon.colcon_core.shell:Creating package script '/home/kevo/ros_ws/src/ros_arm/install/ros_arm_bringup/share/ros_arm_bringup/package.zsh'
[6.843s] Level 1:colcon.colcon_core.environment:create_file_with_runtime_dependencies(/home/kevo/ros_ws/src/ros_arm/install/ros_arm_bringup/share/colcon-core/packages/ros_arm_bringup)
[6.851s] DEBUG:colcon.colcon_core.event_handler.log_command:Invoking command in '/home/kevo/ros_ws/src/ros_arm/build/ros_arm_moveit_config': CMAKE_PREFIX_PATH=/home/kevo/ros_ws/src/ros_arm/install/ros_arm_description:/home/kevo/ros_ws/src/ros_arm/install/ros_arm_moveit_config:/home/kevo/ros_ws/src/ros_arm/install/ros_arm_bringup:/home/kevo/ros_ws/src/ros_arm/install/hello_moveit:/home/kevo/ros2_ws/install/ros2_control_demo_example_6:/home/kevo/ros2_ws/install/ros2_control_demo_example_5:/home/kevo/ros2_ws/install/ros2_control_demo_example_4:/home/kevo/ros2_ws/install/ros2_control_demo_example_3:/home/kevo/ros2_ws/install/ros2_control_demo_example_2:/home/kevo/ros2_ws/install/ros2_control_demo_example_14:/home/kevo/ros2_ws/install/ros2_control_demo_example_10:/home/kevo/ros2_ws/install/ros2_control_demo_example_1:/home/kevo/ros2_ws/install/ros2_control_demo_description:/home/kevo/ros_ws/src/ai_based_sorting_robot_arm/install/robotic_arm_msgs:/home/kevo/ros_ws/src/ai_based_sorting_robot_arm/install/robotic_arm_moveit_config:/home/kevo/ros_ws/src/ai_based_sorting_robot_arm/install/robotic_arm_kinematics:/home/kevo/ros_ws/src/ai_based_sorting_robot_arm/install/robotic_arm_firmware:/home/kevo/ros_ws/src/ai_based_sorting_robot_arm/install/robotic_arm_description:/home/kevo/ros_ws/src/ai_based_sorting_robot_arm/install/robotic_arm_controllers:/home/kevo/ws_moveit2/install/pilz_industrial_motion_planner_testutils:/home/kevo/ws_moveit2/install/panda_moveit_config:/home/kevo/ws_moveit2/install/moveit_runtime:/home/kevo/ws_moveit2/install/moveit2_tutorials:/home/kevo/ws_moveit2/install/moveit:/home/kevo/ws_moveit2/install/moveit_planners:/home/kevo/ws_moveit2/install/pilz_industrial_motion_planner:/home/kevo/ws_moveit2/install/mtc_tutorial:/home/kevo/ws_moveit2/install/moveit_visual_tools:/home/kevo/ws_moveit2/install/moveit_task_constructor_visualization:/home/kevo/ws_moveit2/install/moveit_task_constructor_demo:/home/kevo/ws_moveit2/install/moveit_task_constructor_capabilities:/home/kevo/ws_moveit2/install/moveit_task_constructor_core:/home/kevo/ws_moveit2/install/moveit_ros_control_interface:/home/kevo/ws_moveit2/install/moveit_plugins:/home/kevo/ws_moveit2/install/moveit_simple_controller_manager:/home/kevo/ws_moveit2/install/moveit_setup_assistant:/home/kevo/ws_moveit2/install/moveit_setup_srdf_plugins:/home/kevo/ws_moveit2/install/moveit_setup_core_plugins:/home/kevo/ws_moveit2/install/moveit_setup_controllers:/home/kevo/ws_moveit2/install/moveit_setup_app_plugins:/home/kevo/ws_moveit2/install/moveit_setup_framework:/home/kevo/ws_moveit2/install/moveit_servo:/home/kevo/ws_moveit2/install/moveit_ros:/home/kevo/ws_moveit2/install/moveit_ros_visualization:/home/kevo/ws_moveit2/install/moveit_hybrid_planning:/home/kevo/ws_moveit2/install/moveit_ros_planning_interface:/home/kevo/ws_moveit2/install/moveit_ros_benchmarks:/home/kevo/ws_moveit2/install/moveit_ros_warehouse:/home/kevo/ws_moveit2/install/moveit_ros_robot_interaction:/home/kevo/ws_moveit2/install/moveit_ros_perception:/home/kevo/ws_moveit2/install/moveit_resources_prbt_pg70_support:/home/kevo/ws_moveit2/install/moveit_resources_prbt_moveit_config:/home/kevo/ws_moveit2/install/moveit_ros_move_group:/home/kevo/ws_moveit2/install/moveit_planners_ompl:/home/kevo/ws_moveit2/install/moveit_ros_planning:/home/kevo/ws_moveit2/install/moveit_ros_occupancy_map_monitor:/home/kevo/ws_moveit2/install/moveit_resources_prbt_ikfast_manipulator_plugin:/home/kevo/ws_moveit2/install/moveit_planners_chomp:/home/kevo/ws_moveit2/install/moveit_kinematics:/home/kevo/ws_moveit2/install/moveit_chomp_optimizer_adapter:/home/kevo/ws_moveit2/install/chomp_motion_planner:/home/kevo/ws_moveit2/install/moveit_core:/home/kevo/ws_moveit2/install/srdfdom:/home/kevo/ws_moveit2/install/rviz_marker_tools:/home/kevo/ws_moveit2/install/rosparam_shortcuts:/home/kevo/ws_moveit2/install/moveit_task_constructor_msgs:/home/kevo/ws_moveit2/install/moveit_resources_prbt_support:/home/kevo/ws_moveit2/install/moveit_resources:/home/kevo/ws_moveit2/install/moveit_resources_pr2_description:/home/kevo/ws_moveit2/install/moveit_resources_panda_moveit_config:/home/kevo/ws_moveit2/install/moveit_resources_panda_description:/home/kevo/ws_moveit2/install/moveit_resources_fanuc_moveit_config:/home/kevo/ws_moveit2/install/moveit_resources_fanuc_description:/home/kevo/ws_moveit2/install/moveit_common:/home/kevo/ros_ws/src/ai_based_sorting_robot_arm/install/robotic_arm_custom_nodes:/home/kevo/ws_moveit2/install/moveit_configs_utils:/home/kevo/ws_moveit2/install/launch_param_builder:/opt/ros/humble /usr/bin/cmake --install /home/kevo/ros_ws/src/ros_arm/build/ros_arm_moveit_config
[6.899s] Level 1:colcon.colcon_core.environment:create_environment_scripts_only(ros_arm_moveit_config)
[6.941s] DEBUG:colcon.colcon_core.event_handler.log_command:Invoked command in '/home/kevo/ros_ws/src/ros_arm/build/ros_arm_moveit_config' returned '0': CMAKE_PREFIX_PATH=/home/kevo/ros_ws/src/ros_arm/install/ros_arm_description:/home/kevo/ros_ws/src/ros_arm/install/ros_arm_moveit_config:/home/kevo/ros_ws/src/ros_arm/install/ros_arm_bringup:/home/kevo/ros_ws/src/ros_arm/install/hello_moveit:/home/kevo/ros2_ws/install/ros2_control_demo_example_6:/home/kevo/ros2_ws/install/ros2_control_demo_example_5:/home/kevo/ros2_ws/install/ros2_control_demo_example_4:/home/kevo/ros2_ws/install/ros2_control_demo_example_3:/home/kevo/ros2_ws/install/ros2_control_demo_example_2:/home/kevo/ros2_ws/install/ros2_control_demo_example_14:/home/kevo/ros2_ws/install/ros2_control_demo_example_10:/home/kevo/ros2_ws/install/ros2_control_demo_example_1:/home/kevo/ros2_ws/install/ros2_control_demo_description:/home/kevo/ros_ws/src/ai_based_sorting_robot_arm/install/robotic_arm_msgs:/home/kevo/ros_ws/src/ai_based_sorting_robot_arm/install/robotic_arm_moveit_config:/home/kevo/ros_ws/src/ai_based_sorting_robot_arm/install/robotic_arm_kinematics:/home/kevo/ros_ws/src/ai_based_sorting_robot_arm/install/robotic_arm_firmware:/home/kevo/ros_ws/src/ai_based_sorting_robot_arm/install/robotic_arm_description:/home/kevo/ros_ws/src/ai_based_sorting_robot_arm/install/robotic_arm_controllers:/home/kevo/ws_moveit2/install/pilz_industrial_motion_planner_testutils:/home/kevo/ws_moveit2/install/panda_moveit_config:/home/kevo/ws_moveit2/install/moveit_runtime:/home/kevo/ws_moveit2/install/moveit2_tutorials:/home/kevo/ws_moveit2/install/moveit:/home/kevo/ws_moveit2/install/moveit_planners:/home/kevo/ws_moveit2/install/pilz_industrial_motion_planner:/home/kevo/ws_moveit2/install/mtc_tutorial:/home/kevo/ws_moveit2/install/moveit_visual_tools:/home/kevo/ws_moveit2/install/moveit_task_constructor_visualization:/home/kevo/ws_moveit2/install/moveit_task_constructor_demo:/home/kevo/ws_moveit2/install/moveit_task_constructor_capabilities:/home/kevo/ws_moveit2/install/moveit_task_constructor_core:/home/kevo/ws_moveit2/install/moveit_ros_control_interface:/home/kevo/ws_moveit2/install/moveit_plugins:/home/kevo/ws_moveit2/install/moveit_simple_controller_manager:/home/kevo/ws_moveit2/install/moveit_setup_assistant:/home/kevo/ws_moveit2/install/moveit_setup_srdf_plugins:/home/kevo/ws_moveit2/install/moveit_setup_core_plugins:/home/kevo/ws_moveit2/install/moveit_setup_controllers:/home/kevo/ws_moveit2/install/moveit_setup_app_plugins:/home/kevo/ws_moveit2/install/moveit_setup_framework:/home/kevo/ws_moveit2/install/moveit_servo:/home/kevo/ws_moveit2/install/moveit_ros:/home/kevo/ws_moveit2/install/moveit_ros_visualization:/home/kevo/ws_moveit2/install/moveit_hybrid_planning:/home/kevo/ws_moveit2/install/moveit_ros_planning_interface:/home/kevo/ws_moveit2/install/moveit_ros_benchmarks:/home/kevo/ws_moveit2/install/moveit_ros_warehouse:/home/kevo/ws_moveit2/install/moveit_ros_robot_interaction:/home/kevo/ws_moveit2/install/moveit_ros_perception:/home/kevo/ws_moveit2/install/moveit_resources_prbt_pg70_support:/home/kevo/ws_moveit2/install/moveit_resources_prbt_moveit_config:/home/kevo/ws_moveit2/install/moveit_ros_move_group:/home/kevo/ws_moveit2/install/moveit_planners_ompl:/home/kevo/ws_moveit2/install/moveit_ros_planning:/home/kevo/ws_moveit2/install/moveit_ros_occupancy_map_monitor:/home/kevo/ws_moveit2/install/moveit_resources_prbt_ikfast_manipulator_plugin:/home/kevo/ws_moveit2/install/moveit_planners_chomp:/home/kevo/ws_moveit2/install/moveit_kinematics:/home/kevo/ws_moveit2/install/moveit_chomp_optimizer_adapter:/home/kevo/ws_moveit2/install/chomp_motion_planner:/home/kevo/ws_moveit2/install/moveit_core:/home/kevo/ws_moveit2/install/srdfdom:/home/kevo/ws_moveit2/install/rviz_marker_tools:/home/kevo/ws_moveit2/install/rosparam_shortcuts:/home/kevo/ws_moveit2/install/moveit_task_constructor_msgs:/home/kevo/ws_moveit2/install/moveit_resources_prbt_support:/home/kevo/ws_moveit2/install/moveit_resources:/home/kevo/ws_moveit2/install/moveit_resources_pr2_description:/home/kevo/ws_moveit2/install/moveit_resources_panda_moveit_config:/home/kevo/ws_moveit2/install/moveit_resources_panda_description:/home/kevo/ws_moveit2/install/moveit_resources_fanuc_moveit_config:/home/kevo/ws_moveit2/install/moveit_resources_fanuc_description:/home/kevo/ws_moveit2/install/moveit_common:/home/kevo/ros_ws/src/ai_based_sorting_robot_arm/install/robotic_arm_custom_nodes:/home/kevo/ws_moveit2/install/moveit_configs_utils:/home/kevo/ws_moveit2/install/launch_param_builder:/opt/ros/humble /usr/bin/cmake --install /home/kevo/ros_ws/src/ros_arm/build/ros_arm_moveit_config
[7.003s] Level 1:colcon.colcon_core.environment:checking '/home/kevo/ros_ws/src/ros_arm/install/ros_arm_moveit_config' for CMake module files
[7.005s] Level 1:colcon.colcon_core.environment:checking '/home/kevo/ros_ws/src/ros_arm/install/ros_arm_moveit_config' for CMake config files
[7.006s] Level 1:colcon.colcon_core.shell:create_environment_hook('ros_arm_moveit_config', 'cmake_prefix_path')
[7.094s] INFO:colcon.colcon_core.shell:Creating environment hook '/home/kevo/ros_ws/src/ros_arm/install/ros_arm_moveit_config/share/ros_arm_moveit_config/hook/cmake_prefix_path.ps1'
[7.096s] INFO:colcon.colcon_core.shell:Creating environment descriptor '/home/kevo/ros_ws/src/ros_arm/install/ros_arm_moveit_config/share/ros_arm_moveit_config/hook/cmake_prefix_path.dsv'
[7.097s] INFO:colcon.colcon_core.shell:Creating environment hook '/home/kevo/ros_ws/src/ros_arm/install/ros_arm_moveit_config/share/ros_arm_moveit_config/hook/cmake_prefix_path.sh'
[7.099s] Level 1:colcon.colcon_core.environment:checking '/home/kevo/ros_ws/src/ros_arm/install/ros_arm_moveit_config/bin'
[7.099s] Level 1:colcon.colcon_core.environment:checking '/home/kevo/ros_ws/src/ros_arm/install/ros_arm_moveit_config/lib/pkgconfig/ros_arm_moveit_config.pc'
[7.101s] Level 1:colcon.colcon_core.environment:checking '/home/kevo/ros_ws/src/ros_arm/install/ros_arm_moveit_config/lib/python3.10/site-packages'
[7.102s] Level 1:colcon.colcon_core.environment:checking '/home/kevo/ros_ws/src/ros_arm/install/ros_arm_moveit_config/bin'
[7.176s] INFO:colcon.colcon_core.shell:Creating package script '/home/kevo/ros_ws/src/ros_arm/install/ros_arm_moveit_config/share/ros_arm_moveit_config/package.ps1'
[7.178s] INFO:colcon.colcon_core.shell:Creating package descriptor '/home/kevo/ros_ws/src/ros_arm/install/ros_arm_moveit_config/share/ros_arm_moveit_config/package.dsv'
[7.179s] INFO:colcon.colcon_core.shell:Creating package script '/home/kevo/ros_ws/src/ros_arm/install/ros_arm_moveit_config/share/ros_arm_moveit_config/package.sh'
[7.186s] INFO:colcon.colcon_core.shell:Creating package script '/home/kevo/ros_ws/src/ros_arm/install/ros_arm_moveit_config/share/ros_arm_moveit_config/package.bash'
[7.188s] INFO:colcon.colcon_core.shell:Creating package script '/home/kevo/ros_ws/src/ros_arm/install/ros_arm_moveit_config/share/ros_arm_moveit_config/package.zsh'
[7.190s] Level 1:colcon.colcon_core.environment:create_file_with_runtime_dependencies(/home/kevo/ros_ws/src/ros_arm/install/ros_arm_moveit_config/share/colcon-core/packages/ros_arm_moveit_config)
[7.268s] Level 1:colcon.colcon_core.environment:create_environment_scripts_only(ros_arm_bringup)
[7.321s] Level 1:colcon.colcon_core.environment:checking '/home/kevo/ros_ws/src/ros_arm/install/ros_arm_bringup' for CMake module files
[7.323s] Level 1:colcon.colcon_core.environment:checking '/home/kevo/ros_ws/src/ros_arm/install/ros_arm_bringup' for CMake config files
[7.324s] Level 1:colcon.colcon_core.shell:create_environment_hook('ros_arm_bringup', 'cmake_prefix_path')
[7.386s] INFO:colcon.colcon_core.shell:Creating environment hook '/home/kevo/ros_ws/src/ros_arm/install/ros_arm_bringup/share/ros_arm_bringup/hook/cmake_prefix_path.ps1'
[7.389s] INFO:colcon.colcon_core.shell:Creating environment descriptor '/home/kevo/ros_ws/src/ros_arm/install/ros_arm_bringup/share/ros_arm_bringup/hook/cmake_prefix_path.dsv'
[7.391s] INFO:colcon.colcon_core.shell:Creating environment hook '/home/kevo/ros_ws/src/ros_arm/install/ros_arm_bringup/share/ros_arm_bringup/hook/cmake_prefix_path.sh'
[7.392s] Level 1:colcon.colcon_core.environment:checking '/home/kevo/ros_ws/src/ros_arm/install/ros_arm_bringup/bin'
[7.392s] Level 1:colcon.colcon_core.environment:checking '/home/kevo/ros_ws/src/ros_arm/install/ros_arm_bringup/lib/pkgconfig/ros_arm_bringup.pc'
[7.393s] Level 1:colcon.colcon_core.environment:checking '/home/kevo/ros_ws/src/ros_arm/install/ros_arm_bringup/lib/python3.10/site-packages'
[7.393s] Level 1:colcon.colcon_core.environment:checking '/home/kevo/ros_ws/src/ros_arm/install/ros_arm_bringup/bin'
[7.449s] INFO:colcon.colcon_core.shell:Creating package script '/home/kevo/ros_ws/src/ros_arm/install/ros_arm_bringup/share/ros_arm_bringup/package.ps1'
[7.454s] INFO:colcon.colcon_core.shell:Creating package descriptor '/home/kevo/ros_ws/src/ros_arm/install/ros_arm_bringup/share/ros_arm_bringup/package.dsv'
[7.455s] INFO:colcon.colcon_core.shell:Creating package script '/home/kevo/ros_ws/src/ros_arm/install/ros_arm_bringup/share/ros_arm_bringup/package.sh'
[7.456s] INFO:colcon.colcon_core.shell:Creating package script '/home/kevo/ros_ws/src/ros_arm/install/ros_arm_bringup/share/ros_arm_bringup/package.bash'
[7.457s] INFO:colcon.colcon_core.shell:Creating package script '/home/kevo/ros_ws/src/ros_arm/install/ros_arm_bringup/share/ros_arm_bringup/package.zsh'
[7.458s] Level 1:colcon.colcon_core.environment:create_file_with_runtime_dependencies(/home/kevo/ros_ws/src/ros_arm/install/ros_arm_bringup/share/colcon-core/packages/ros_arm_bringup)
[7.530s] Level 1:colcon.colcon_core.environment:create_environment_scripts_only(ros_arm_moveit_config)
[7.588s] Level 1:colcon.colcon_core.environment:checking '/home/kevo/ros_ws/src/ros_arm/install/ros_arm_moveit_config' for CMake module files
[7.589s] Level 1:colcon.colcon_core.environment:checking '/home/kevo/ros_ws/src/ros_arm/install/ros_arm_moveit_config' for CMake config files
[7.589s] Level 1:colcon.colcon_core.shell:create_environment_hook('ros_arm_moveit_config', 'cmake_prefix_path')
[7.655s] INFO:colcon.colcon_core.shell:Creating environment hook '/home/kevo/ros_ws/src/ros_arm/install/ros_arm_moveit_config/share/ros_arm_moveit_config/hook/cmake_prefix_path.ps1'
[7.656s] INFO:colcon.colcon_core.shell:Creating environment descriptor '/home/kevo/ros_ws/src/ros_arm/install/ros_arm_moveit_config/share/ros_arm_moveit_config/hook/cmake_prefix_path.dsv'
[7.657s] INFO:colcon.colcon_core.shell:Creating environment hook '/home/kevo/ros_ws/src/ros_arm/install/ros_arm_moveit_config/share/ros_arm_moveit_config/hook/cmake_prefix_path.sh'
[7.658s] Level 1:colcon.colcon_core.environment:checking '/home/kevo/ros_ws/src/ros_arm/install/ros_arm_moveit_config/bin'
[7.659s] Level 1:colcon.colcon_core.environment:checking '/home/kevo/ros_ws/src/ros_arm/install/ros_arm_moveit_config/lib/pkgconfig/ros_arm_moveit_config.pc'
[7.660s] Level 1:colcon.colcon_core.environment:checking '/home/kevo/ros_ws/src/ros_arm/install/ros_arm_moveit_config/lib/python3.10/site-packages'
[7.660s] Level 1:colcon.colcon_core.environment:checking '/home/kevo/ros_ws/src/ros_arm/install/ros_arm_moveit_config/bin'
[7.744s] INFO:colcon.colcon_core.shell:Creating package script '/home/kevo/ros_ws/src/ros_arm/install/ros_arm_moveit_config/share/ros_arm_moveit_config/package.ps1'
[7.747s] INFO:colcon.colcon_core.shell:Creating package descriptor '/home/kevo/ros_ws/src/ros_arm/install/ros_arm_moveit_config/share/ros_arm_moveit_config/package.dsv'
[7.750s] INFO:colcon.colcon_core.shell:Creating package script '/home/kevo/ros_ws/src/ros_arm/install/ros_arm_moveit_config/share/ros_arm_moveit_config/package.sh'
[7.751s] INFO:colcon.colcon_core.shell:Creating package script '/home/kevo/ros_ws/src/ros_arm/install/ros_arm_moveit_config/share/ros_arm_moveit_config/package.bash'
[7.755s] INFO:colcon.colcon_core.shell:Creating package script '/home/kevo/ros_ws/src/ros_arm/install/ros_arm_moveit_config/share/ros_arm_moveit_config/package.zsh'
[7.759s] Level 1:colcon.colcon_core.environment:create_file_with_runtime_dependencies(/home/kevo/ros_ws/src/ros_arm/install/ros_arm_moveit_config/share/colcon-core/packages/ros_arm_moveit_config)
[35.179s] DEBUG:colcon.colcon_core.event_handler.log_command:Invoked command in '/home/kevo/ros_ws/src/ros_arm/build/hello_moveit' returned '0': CMAKE_PREFIX_PATH=${CMAKE_PREFIX_PATH}:/home/kevo/ros_ws/src/ai_based_sorting_robot_arm/install/robotic_arm_custom_nodes:/home/kevo/ws_moveit2/install/moveit_configs_utils:/home/kevo/ws_moveit2/install/launch_param_builder:/opt/ros/humble /usr/bin/cmake --build /home/kevo/ros_ws/src/ros_arm/build/hello_moveit -- -j8 -l8
[35.318s] DEBUG:colcon.colcon_core.event_handler.log_command:Invoking command in '/home/kevo/ros_ws/src/ros_arm/build/hello_moveit': CMAKE_PREFIX_PATH=${CMAKE_PREFIX_PATH}:/home/kevo/ros_ws/src/ai_based_sorting_robot_arm/install/robotic_arm_custom_nodes:/home/kevo/ws_moveit2/install/moveit_configs_utils:/home/kevo/ws_moveit2/install/launch_param_builder:/opt/ros/humble /usr/bin/cmake --install /home/kevo/ros_ws/src/ros_arm/build/hello_moveit
[35.363s] Level 1:colcon.colcon_core.environment:create_environment_scripts_only(hello_moveit)
[35.372s] DEBUG:colcon.colcon_core.event_handler.log_command:Invoked command in '/home/kevo/ros_ws/src/ros_arm/build/hello_moveit' returned '0': CMAKE_PREFIX_PATH=${CMAKE_PREFIX_PATH}:/home/kevo/ros_ws/src/ai_based_sorting_robot_arm/install/robotic_arm_custom_nodes:/home/kevo/ws_moveit2/install/moveit_configs_utils:/home/kevo/ws_moveit2/install/launch_param_builder:/opt/ros/humble /usr/bin/cmake --install /home/kevo/ros_ws/src/ros_arm/build/hello_moveit
[35.444s] Level 1:colcon.colcon_core.environment:checking '/home/kevo/ros_ws/src/ros_arm/install/hello_moveit' for CMake module files
[35.447s] Level 1:colcon.colcon_core.environment:checking '/home/kevo/ros_ws/src/ros_arm/install/hello_moveit' for CMake config files
[35.448s] Level 1:colcon.colcon_core.shell:create_environment_hook('hello_moveit', 'cmake_prefix_path')
[35.535s] INFO:colcon.colcon_core.shell:Creating environment hook '/home/kevo/ros_ws/src/ros_arm/install/hello_moveit/share/hello_moveit/hook/cmake_prefix_path.ps1'
[35.538s] INFO:colcon.colcon_core.shell:Creating environment descriptor '/home/kevo/ros_ws/src/ros_arm/install/hello_moveit/share/hello_moveit/hook/cmake_prefix_path.dsv'
[35.539s] INFO:colcon.colcon_core.shell:Creating environment hook '/home/kevo/ros_ws/src/ros_arm/install/hello_moveit/share/hello_moveit/hook/cmake_prefix_path.sh'
[35.541s] Level 1:colcon.colcon_core.environment:checking '/home/kevo/ros_ws/src/ros_arm/install/hello_moveit/lib'
[35.542s] Level 1:colcon.colcon_core.environment:checking '/home/kevo/ros_ws/src/ros_arm/install/hello_moveit/bin'
[35.542s] Level 1:colcon.colcon_core.environment:checking '/home/kevo/ros_ws/src/ros_arm/install/hello_moveit/lib/pkgconfig/hello_moveit.pc'
[35.543s] Level 1:colcon.colcon_core.environment:checking '/home/kevo/ros_ws/src/ros_arm/install/hello_moveit/lib/python3.10/site-packages'
[35.544s] Level 1:colcon.colcon_core.environment:checking '/home/kevo/ros_ws/src/ros_arm/install/hello_moveit/bin'
[35.620s] INFO:colcon.colcon_core.shell:Creating package script '/home/kevo/ros_ws/src/ros_arm/install/hello_moveit/share/hello_moveit/package.ps1'
[35.621s] INFO:colcon.colcon_core.shell:Creating package descriptor '/home/kevo/ros_ws/src/ros_arm/install/hello_moveit/share/hello_moveit/package.dsv'
[35.623s] INFO:colcon.colcon_core.shell:Creating package script '/home/kevo/ros_ws/src/ros_arm/install/hello_moveit/share/hello_moveit/package.sh'
[35.625s] INFO:colcon.colcon_core.shell:Creating package script '/home/kevo/ros_ws/src/ros_arm/install/hello_moveit/share/hello_moveit/package.bash'
[35.628s] INFO:colcon.colcon_core.shell:Creating package script '/home/kevo/ros_ws/src/ros_arm/install/hello_moveit/share/hello_moveit/package.zsh'
[35.629s] Level 1:colcon.colcon_core.environment:create_file_with_runtime_dependencies(/home/kevo/ros_ws/src/ros_arm/install/hello_moveit/share/colcon-core/packages/hello_moveit)
[35.873s] Level 1:colcon.colcon_core.environment:create_environment_scripts_only(hello_moveit)
[35.968s] Level 1:colcon.colcon_core.environment:checking '/home/kevo/ros_ws/src/ros_arm/install/hello_moveit' for CMake module files
[35.969s] Level 1:colcon.colcon_core.environment:checking '/home/kevo/ros_ws/src/ros_arm/install/hello_moveit' for CMake config files
[35.970s] Level 1:colcon.colcon_core.shell:create_environment_hook('hello_moveit', 'cmake_prefix_path')
[36.062s] INFO:colcon.colcon_core.shell:Creating environment hook '/home/kevo/ros_ws/src/ros_arm/install/hello_moveit/share/hello_moveit/hook/cmake_prefix_path.ps1'
[36.071s] INFO:colcon.colcon_core.shell:Creating environment descriptor '/home/kevo/ros_ws/src/ros_arm/install/hello_moveit/share/hello_moveit/hook/cmake_prefix_path.dsv'
[36.072s] INFO:colcon.colcon_core.shell:Creating environment hook '/home/kevo/ros_ws/src/ros_arm/install/hello_moveit/share/hello_moveit/hook/cmake_prefix_path.sh'
[36.074s] Level 1:colcon.colcon_core.environment:checking '/home/kevo/ros_ws/src/ros_arm/install/hello_moveit/lib'
[36.074s] Level 1:colcon.colcon_core.environment:checking '/home/kevo/ros_ws/src/ros_arm/install/hello_moveit/bin'
[36.075s] Level 1:colcon.colcon_core.environment:checking '/home/kevo/ros_ws/src/ros_arm/install/hello_moveit/lib/pkgconfig/hello_moveit.pc'
[36.075s] Level 1:colcon.colcon_core.environment:checking '/home/kevo/ros_ws/src/ros_arm/install/hello_moveit/lib/python3.10/site-packages'
[36.076s] Level 1:colcon.colcon_core.environment:checking '/home/kevo/ros_ws/src/ros_arm/install/hello_moveit/bin'
[36.144s] INFO:colcon.colcon_core.shell:Creating package script '/home/kevo/ros_ws/src/ros_arm/install/hello_moveit/share/hello_moveit/package.ps1'
[36.145s] INFO:colcon.colcon_core.shell:Creating package descriptor '/home/kevo/ros_ws/src/ros_arm/install/hello_moveit/share/hello_moveit/package.dsv'
[36.147s] INFO:colcon.colcon_core.shell:Creating package script '/home/kevo/ros_ws/src/ros_arm/install/hello_moveit/share/hello_moveit/package.sh'
[36.148s] INFO:colcon.colcon_core.shell:Creating package script '/home/kevo/ros_ws/src/ros_arm/install/hello_moveit/share/hello_moveit/package.bash'
[36.150s] INFO:colcon.colcon_core.shell:Creating package script '/home/kevo/ros_ws/src/ros_arm/install/hello_moveit/share/hello_moveit/package.zsh'
[36.152s] Level 1:colcon.colcon_core.environment:create_file_with_runtime_dependencies(/home/kevo/ros_ws/src/ros_arm/install/hello_moveit/share/colcon-core/packages/hello_moveit)
[36.155s] DEBUG:colcon.colcon_parallel_executor.executor.parallel:closing loop
[36.159s] DEBUG:colcon.colcon_parallel_executor.executor.parallel:loop closed
[36.161s] DEBUG:colcon.colcon_parallel_executor.executor.parallel:run_until_complete finished with '0'
[36.162s] DEBUG:colcon.colcon_core.event_reactor:joining thread
[36.361s] INFO:colcon.colcon_core.plugin_system:Skipping extension 'colcon_notification.desktop_notification.notify_send': Could not find 'notify-send'
[36.362s] INFO:colcon.colcon_core.plugin_system:Skipping extension 'colcon_notification.desktop_notification.terminal_notifier': Not used on non-Darwin systems
[36.362s] INFO:colcon.colcon_core.plugin_system:Skipping extension 'colcon_notification.desktop_notification.win32': Not used on non-Windows systems
[36.363s] INFO:colcon.colcon_notification.desktop_notification:Sending desktop notification using 'notify2'
[36.363s] DEBUG:colcon.colcon_notification.desktop_notification.notify2:Failed to initialize notify2: org.freedesktop.DBus.Error.FileNotFound: Failed to connect to socket /run/user/1000/bus: No such file or directory
[36.364s] DEBUG:colcon.colcon_core.event_reactor:joined thread
[36.422s] INFO:colcon.colcon_core.shell:Creating prefix script '/home/kevo/ros_ws/src/ros_arm/install/local_setup.ps1'
[36.424s] INFO:colcon.colcon_core.shell:Creating prefix util module '/home/kevo/ros_ws/src/ros_arm/install/_local_setup_util_ps1.py'
[36.427s] INFO:colcon.colcon_core.shell:Creating prefix chain script '/home/kevo/ros_ws/src/ros_arm/install/setup.ps1'
[36.499s] INFO:colcon.colcon_core.shell:Creating prefix script '/home/kevo/ros_ws/src/ros_arm/install/local_setup.sh'
[36.502s] INFO:colcon.colcon_core.shell:Creating prefix util module '/home/kevo/ros_ws/src/ros_arm/install/_local_setup_util_sh.py'
[36.503s] INFO:colcon.colcon_core.shell:Creating prefix chain script '/home/kevo/ros_ws/src/ros_arm/install/setup.sh'
[36.566s] INFO:colcon.colcon_core.shell:Creating prefix script '/home/kevo/ros_ws/src/ros_arm/install/local_setup.bash'
[36.568s] INFO:colcon.colcon_core.shell:Creating prefix chain script '/home/kevo/ros_ws/src/ros_arm/install/setup.bash'
[36.632s] INFO:colcon.colcon_core.shell:Creating prefix script '/home/kevo/ros_ws/src/ros_arm/install/local_setup.zsh'
[36.635s] INFO:colcon.colcon_core.shell:Creating prefix chain script '/home/kevo/ros_ws/src/ros_arm/install/setup.zsh'
