[0.112s] Invoking command in '/home/kevo/ros_ws/src/ros_arm/build/ros_arm_bringup': CMAKE_PREFIX_PATH=/home/kevo/ros_ws/src/ros_arm/install/ros_arm_description:/home/kevo/ros_ws/src/ros_arm/install/ros_arm_bringup:/home/kevo/ros_ws/src/udemy_project/install/my_arm_description:/home/kevo/ros_ws/src/udemy_project/install/my_arm_bringup:/opt/ros/humble /usr/bin/cmake --build /home/kevo/ros_ws/src/ros_arm/build/ros_arm_bringup -- -j8 -l8
[0.126s] -- Found ament_cmake: 1.3.5 (/opt/ros/humble/share/ament_cmake/cmake)
[0.286s] -- Configuring done
[0.288s] -- Generating done
[0.289s] -- Build files have been written to: /home/kevo/ros_ws/src/ros_arm/build/ros_arm_bringup
[0.305s] Invoked command in '/home/kevo/ros_ws/src/ros_arm/build/ros_arm_bringup' returned '0': CMAKE_PREFIX_PATH=/home/kevo/ros_ws/src/ros_arm/install/ros_arm_description:/home/kevo/ros_ws/src/ros_arm/install/ros_arm_bringup:/home/kevo/ros_ws/src/udemy_project/install/my_arm_description:/home/kevo/ros_ws/src/udemy_project/install/my_arm_bringup:/opt/ros/humble /usr/bin/cmake --build /home/kevo/ros_ws/src/ros_arm/build/ros_arm_bringup -- -j8 -l8
[0.322s] Invoking command in '/home/kevo/ros_ws/src/ros_arm/build/ros_arm_bringup': CMAKE_PREFIX_PATH=/home/kevo/ros_ws/src/ros_arm/install/ros_arm_description:/home/kevo/ros_ws/src/ros_arm/install/ros_arm_bringup:/home/kevo/ros_ws/src/udemy_project/install/my_arm_description:/home/kevo/ros_ws/src/udemy_project/install/my_arm_bringup:/opt/ros/humble /usr/bin/cmake --install /home/kevo/ros_ws/src/ros_arm/build/ros_arm_bringup
[0.326s] -- Install configuration: ""
[0.326s] -- Up-to-date: /home/kevo/ros_ws/src/ros_arm/install/ros_arm_bringup/share/ros_arm_bringup//launch
[0.327s] -- Installing: /home/kevo/ros_ws/src/ros_arm/install/ros_arm_bringup/share/ros_arm_bringup//launch/gazebo.launch.xml
[0.327s] -- Installing: /home/kevo/ros_ws/src/ros_arm/install/ros_arm_bringup/share/ros_arm_bringup//launch/controllers.launch.py
[0.327s] -- Installing: /home/kevo/ros_ws/src/ros_arm/install/ros_arm_bringup/share/ament_index/resource_index/package_run_dependencies/ros_arm_bringup
[0.327s] -- Installing: /home/kevo/ros_ws/src/ros_arm/install/ros_arm_bringup/share/ament_index/resource_index/parent_prefix_path/ros_arm_bringup
[0.328s] -- Up-to-date: /home/kevo/ros_ws/src/ros_arm/install/ros_arm_bringup/share/ros_arm_bringup/environment/ament_prefix_path.sh
[0.328s] -- Installing: /home/kevo/ros_ws/src/ros_arm/install/ros_arm_bringup/share/ros_arm_bringup/environment/ament_prefix_path.dsv
[0.328s] -- Up-to-date: /home/kevo/ros_ws/src/ros_arm/install/ros_arm_bringup/share/ros_arm_bringup/environment/path.sh
[0.328s] -- Installing: /home/kevo/ros_ws/src/ros_arm/install/ros_arm_bringup/share/ros_arm_bringup/environment/path.dsv
[0.328s] -- Up-to-date: /home/kevo/ros_ws/src/ros_arm/install/ros_arm_bringup/share/ros_arm_bringup/local_setup.bash
[0.329s] -- Up-to-date: /home/kevo/ros_ws/src/ros_arm/install/ros_arm_bringup/share/ros_arm_bringup/local_setup.sh
[0.329s] -- Up-to-date: /home/kevo/ros_ws/src/ros_arm/install/ros_arm_bringup/share/ros_arm_bringup/local_setup.zsh
[0.329s] -- Installing: /home/kevo/ros_ws/src/ros_arm/install/ros_arm_bringup/share/ros_arm_bringup/local_setup.dsv
[0.329s] -- Installing: /home/kevo/ros_ws/src/ros_arm/install/ros_arm_bringup/share/ros_arm_bringup/package.dsv
[0.329s] -- Up-to-date: /home/kevo/ros_ws/src/ros_arm/install/ros_arm_bringup/share/ament_index/resource_index/packages/ros_arm_bringup
[0.329s] -- Up-to-date: /home/kevo/ros_ws/src/ros_arm/install/ros_arm_bringup/share/ros_arm_bringup/cmake/ros_arm_bringupConfig.cmake
[0.329s] -- Up-to-date: /home/kevo/ros_ws/src/ros_arm/install/ros_arm_bringup/share/ros_arm_bringup/cmake/ros_arm_bringupConfig-version.cmake
[0.329s] -- Installing: /home/kevo/ros_ws/src/ros_arm/install/ros_arm_bringup/share/ros_arm_bringup/package.xml
[0.331s] Invoked command in '/home/kevo/ros_ws/src/ros_arm/build/ros_arm_bringup' returned '0': CMAKE_PREFIX_PATH=/home/kevo/ros_ws/src/ros_arm/install/ros_arm_description:/home/kevo/ros_ws/src/ros_arm/install/ros_arm_bringup:/home/kevo/ros_ws/src/udemy_project/install/my_arm_description:/home/kevo/ros_ws/src/udemy_project/install/my_arm_bringup:/opt/ros/humble /usr/bin/cmake --install /home/kevo/ros_ws/src/ros_arm/build/ros_arm_bringup
