[35m[1mConsolidate compiler generated dependencies of target geometry_publisher[0m
[ 25%] [32mBuilding CXX object CMakeFiles/geometry_publisher.dir/src/geometry_pont_publisher.cpp.o[0m
[ 75%] Built target ros_arm_kdl
[100%] [32m[1mLinking CXX executable geometry_publisher[0m
[100%] Built target geometry_publisher
-- Install configuration: ""
-- Up-to-date: /home/kevo/ros_ws/src/ros_arm/install/ros_arm_kdl/lib/ros_arm_kdl/ros_arm_kdl
-- Installing: /home/kevo/ros_ws/src/ros_arm/install/ros_arm_kdl/lib/ros_arm_kdl/geometry_publisher
-- Set runtime path of "/home/kevo/ros_ws/src/ros_arm/install/ros_arm_kdl/lib/ros_arm_kdl/geometry_publisher" to ""
-- Up-to-date: /home/kevo/ros_ws/src/ros_arm/install/ros_arm_kdl/share/ament_index/resource_index/package_run_dependencies/ros_arm_kdl
-- Up-to-date: /home/kevo/ros_ws/src/ros_arm/install/ros_arm_kdl/share/ament_index/resource_index/parent_prefix_path/ros_arm_kdl
-- Up-to-date: /home/kevo/ros_ws/src/ros_arm/install/ros_arm_kdl/share/ros_arm_kdl/environment/ament_prefix_path.sh
-- Up-to-date: /home/kevo/ros_ws/src/ros_arm/install/ros_arm_kdl/share/ros_arm_kdl/environment/ament_prefix_path.dsv
-- Up-to-date: /home/kevo/ros_ws/src/ros_arm/install/ros_arm_kdl/share/ros_arm_kdl/environment/path.sh
-- Up-to-date: /home/kevo/ros_ws/src/ros_arm/install/ros_arm_kdl/share/ros_arm_kdl/environment/path.dsv
-- Up-to-date: /home/kevo/ros_ws/src/ros_arm/install/ros_arm_kdl/share/ros_arm_kdl/local_setup.bash
-- Up-to-date: /home/kevo/ros_ws/src/ros_arm/install/ros_arm_kdl/share/ros_arm_kdl/local_setup.sh
-- Up-to-date: /home/kevo/ros_ws/src/ros_arm/install/ros_arm_kdl/share/ros_arm_kdl/local_setup.zsh
-- Up-to-date: /home/kevo/ros_ws/src/ros_arm/install/ros_arm_kdl/share/ros_arm_kdl/local_setup.dsv
-- Installing: /home/kevo/ros_ws/src/ros_arm/install/ros_arm_kdl/share/ros_arm_kdl/package.dsv
-- Up-to-date: /home/kevo/ros_ws/src/ros_arm/install/ros_arm_kdl/share/ament_index/resource_index/packages/ros_arm_kdl
-- Up-to-date: /home/kevo/ros_ws/src/ros_arm/install/ros_arm_kdl/share/ros_arm_kdl/cmake/ros_arm_kdlConfig.cmake
-- Up-to-date: /home/kevo/ros_ws/src/ros_arm/install/ros_arm_kdl/share/ros_arm_kdl/cmake/ros_arm_kdlConfig-version.cmake
-- Up-to-date: /home/kevo/ros_ws/src/ros_arm/install/ros_arm_kdl/share/ros_arm_kdl/package.xml
