[1.699s] Invoking command in '/home/kevo/ros_ws/src/ros_arm/build/hello_moveit': CMAKE_PREFIX_PATH=${CMAKE_PREFIX_PATH}:/home/kevo/ros_ws/src/ai_based_sorting_robot_arm/install/robotic_arm_custom_nodes:/home/kevo/ws_moveit2/install/moveit_configs_utils:/home/kevo/ws_moveit2/install/launch_param_builder:/opt/ros/humble /usr/bin/cmake --build /home/kevo/ros_ws/src/ros_arm/build/hello_moveit -- -j8 -l8
[1.983s] [35m[1mConsolidate compiler generated dependencies of target hello_moveit[0m
[2.083s] [100%] Built target hello_moveit
[2.671s] Invoked command in '/home/kevo/ros_ws/src/ros_arm/build/hello_moveit' returned '0': CMAKE_PREFIX_PATH=${CMAKE_PREFIX_PATH}:/home/kevo/ros_ws/src/ai_based_sorting_robot_arm/install/robotic_arm_custom_nodes:/home/kevo/ws_moveit2/install/moveit_configs_utils:/home/kevo/ws_moveit2/install/launch_param_builder:/opt/ros/humble /usr/bin/cmake --build /home/kevo/ros_ws/src/ros_arm/build/hello_moveit -- -j8 -l8
[5.361s] Invoking command in '/home/kevo/ros_ws/src/ros_arm/build/hello_moveit': CMAKE_PREFIX_PATH=${CMAKE_PREFIX_PATH}:/home/kevo/ros_ws/src/ai_based_sorting_robot_arm/install/robotic_arm_custom_nodes:/home/kevo/ws_moveit2/install/moveit_configs_utils:/home/kevo/ws_moveit2/install/launch_param_builder:/opt/ros/humble /usr/bin/cmake --install /home/kevo/ros_ws/src/ros_arm/build/hello_moveit
[5.409s] -- Install configuration: ""
[5.412s] -- Up-to-date: /home/kevo/ros_ws/src/ros_arm/install/hello_moveit/lib/hello_moveit/hello_moveit
[5.413s] -- Up-to-date: /home/kevo/ros_ws/src/ros_arm/install/hello_moveit/share/ament_index/resource_index/package_run_dependencies/hello_moveit
[5.414s] -- Up-to-date: /home/kevo/ros_ws/src/ros_arm/install/hello_moveit/share/ament_index/resource_index/parent_prefix_path/hello_moveit
[5.414s] -- Up-to-date: /home/kevo/ros_ws/src/ros_arm/install/hello_moveit/share/hello_moveit/environment/ament_prefix_path.sh
[5.414s] -- Up-to-date: /home/kevo/ros_ws/src/ros_arm/install/hello_moveit/share/hello_moveit/environment/ament_prefix_path.dsv
[5.415s] -- Up-to-date: /home/kevo/ros_ws/src/ros_arm/install/hello_moveit/share/hello_moveit/environment/path.sh
[5.415s] -- Up-to-date: /home/kevo/ros_ws/src/ros_arm/install/hello_moveit/share/hello_moveit/environment/path.dsv
[5.418s] -- Up-to-date: /home/kevo/ros_ws/src/ros_arm/install/hello_moveit/share/hello_moveit/local_setup.bash
[5.420s] -- Up-to-date: /home/kevo/ros_ws/src/ros_arm/install/hello_moveit/share/hello_moveit/local_setup.sh
[5.421s] -- Up-to-date: /home/kevo/ros_ws/src/ros_arm/install/hello_moveit/share/hello_moveit/local_setup.zsh
[5.430s] -- Up-to-date: /home/kevo/ros_ws/src/ros_arm/install/hello_moveit/share/hello_moveit/local_setup.dsv
[5.439s] -- Installing: /home/kevo/ros_ws/src/ros_arm/install/hello_moveit/share/hello_moveit/package.dsv
[5.457s] -- Up-to-date: /home/kevo/ros_ws/src/ros_arm/install/hello_moveit/share/ament_index/resource_index/packages/hello_moveit
[5.459s] -- Up-to-date: /home/kevo/ros_ws/src/ros_arm/install/hello_moveit/share/hello_moveit/cmake/hello_moveitConfig.cmake
[5.460s] -- Up-to-date: /home/kevo/ros_ws/src/ros_arm/install/hello_moveit/share/hello_moveit/cmake/hello_moveitConfig-version.cmake
[5.460s] -- Up-to-date: /home/kevo/ros_ws/src/ros_arm/install/hello_moveit/share/hello_moveit/package.xml
[5.462s] Invoked command in '/home/kevo/ros_ws/src/ros_arm/build/hello_moveit' returned '0': CMAKE_PREFIX_PATH=${CMAKE_PREFIX_PATH}:/home/kevo/ros_ws/src/ai_based_sorting_robot_arm/install/robotic_arm_custom_nodes:/home/kevo/ws_moveit2/install/moveit_configs_utils:/home/kevo/ws_moveit2/install/launch_param_builder:/opt/ros/humble /usr/bin/cmake --install /home/kevo/ros_ws/src/ros_arm/build/hello_moveit
