[35m[1mConsolidate compiler generated dependencies of target ros_arm_kdl[0m
[ 50%] [32mBuilding CXX object CMakeFiles/ros_arm_kdl.dir/src/ros_arm_kdl.cpp.o[0m
[01m[K/home/kevo/ros_ws/src/ros_arm/src/ros_arm_kdl/src/ros_arm_kdl.cpp:[m[K In member function ‘[01m[Kvoid KDL_publisher::build_tree()[m[K’:
[01m[K/home/kevo/ros_ws/src/ros_arm/src/ros_arm_kdl/src/ros_arm_kdl.cpp:132:13:[m[K [01;35m[Kwarning: [m[Kvariable ‘[01m[Kretval[m[K’ set but not used [[01;35m[K]8;;https://gcc.gnu.org/onlinedocs/gcc/Warning-Options.html#index-Wunused-but-set-variable-Wunused-but-set-variable]8;;[m[K]
  132 |         int [01;35m[Kretval[m[K;
      |             [01;35m[K^~~~~~[m[K
[100%] [32m[1mLinking CXX executable ros_arm_kdl[0m
[100%] Built target ros_arm_kdl
-- Install configuration: ""
-- Installing: /home/kevo/ros_ws/src/ros_arm/install/ros_arm_kdl/lib/ros_arm_kdl/ros_arm_kdl
-- Set runtime path of "/home/kevo/ros_ws/src/ros_arm/install/ros_arm_kdl/lib/ros_arm_kdl/ros_arm_kdl" to ""
-- Up-to-date: /home/kevo/ros_ws/src/ros_arm/install/ros_arm_kdl/share/ament_index/resource_index/package_run_dependencies/ros_arm_kdl
-- Up-to-date: /home/kevo/ros_ws/src/ros_arm/install/ros_arm_kdl/share/ament_index/resource_index/parent_prefix_path/ros_arm_kdl
-- Up-to-date: /home/kevo/ros_ws/src/ros_arm/install/ros_arm_kdl/share/ros_arm_kdl/environment/ament_prefix_path.sh
-- Up-to-date: /home/kevo/ros_ws/src/ros_arm/install/ros_arm_kdl/share/ros_arm_kdl/environment/ament_prefix_path.dsv
-- Up-to-date: /home/kevo/ros_ws/src/ros_arm/install/ros_arm_kdl/share/ros_arm_kdl/environment/path.sh
-- Up-to-date: /home/kevo/ros_ws/src/ros_arm/install/ros_arm_kdl/share/ros_arm_kdl/environment/path.dsv
-- Up-to-date: /home/kevo/ros_ws/src/ros_arm/install/ros_arm_kdl/share/ros_arm_kdl/local_setup.bash
-- Up-to-date: /home/kevo/ros_ws/src/ros_arm/install/ros_arm_kdl/share/ros_arm_kdl/local_setup.sh
-- Up-to-date: /home/kevo/ros_ws/src/ros_arm/install/ros_arm_kdl/share/ros_arm_kdl/local_setup.zsh
-- Up-to-date: /home/kevo/ros_ws/src/ros_arm/install/ros_arm_kdl/share/ros_arm_kdl/local_setup.dsv
-- Installing: /home/kevo/ros_ws/src/ros_arm/install/ros_arm_kdl/share/ros_arm_kdl/package.dsv
-- Up-to-date: /home/kevo/ros_ws/src/ros_arm/install/ros_arm_kdl/share/ament_index/resource_index/packages/ros_arm_kdl
-- Up-to-date: /home/kevo/ros_ws/src/ros_arm/install/ros_arm_kdl/share/ros_arm_kdl/cmake/ros_arm_kdlConfig.cmake
-- Up-to-date: /home/kevo/ros_ws/src/ros_arm/install/ros_arm_kdl/share/ros_arm_kdl/cmake/ros_arm_kdlConfig-version.cmake
-- Up-to-date: /home/kevo/ros_ws/src/ros_arm/install/ros_arm_kdl/share/ros_arm_kdl/package.xml
