-- Install configuration: ""
-- Up-to-date: /home/kevo/ros_ws/src/ros_arm/install/new_bot/share/new_bot/config
-- Up-to-date: /home/kevo/ros_ws/src/ros_arm/install/new_bot/share/new_bot/config/empty.yaml
-- Up-to-date: /home/kevo/ros_ws/src/ros_arm/install/new_bot/share/new_bot/config/new_bot.rviz
-- Up-to-date: /home/kevo/ros_ws/src/ros_arm/install/new_bot/share/new_bot/config/rrbot_controllers.yaml
-- Up-to-date: /home/kevo/ros_ws/src/ros_arm/install/new_bot/share/new_bot/description
-- Up-to-date: /home/kevo/ros_ws/src/ros_arm/install/new_bot/share/new_bot/description/rrbot.materials.xacro
-- Up-to-date: /home/kevo/ros_ws/src/ros_arm/install/new_bot/share/new_bot/description/robot.urdf.xacro
-- Up-to-date: /home/kevo/ros_ws/src/ros_arm/install/new_bot/share/new_bot/description/rrbot_description.urdf.xacro
-- Up-to-date: /home/kevo/ros_ws/src/ros_arm/install/new_bot/share/new_bot/description/rrbot.ros2_control.xacro
-- Up-to-date: /home/kevo/ros_ws/src/ros_arm/install/new_bot/share/new_bot/launch
-- Up-to-date: /home/kevo/ros_ws/src/ros_arm/install/new_bot/share/new_bot/launch/rsp.launch.py
-- Up-to-date: /home/kevo/ros_ws/src/ros_arm/install/new_bot/share/new_bot/launch/launch_sim.launch.py
-- Up-to-date: /home/kevo/ros_ws/src/ros_arm/install/new_bot/share/new_bot/worlds
-- Up-to-date: /home/kevo/ros_ws/src/ros_arm/install/new_bot/share/new_bot/worlds/empty.world
-- Up-to-date: /home/kevo/ros_ws/src/ros_arm/install/new_bot/share/ament_index/resource_index/package_run_dependencies/new_bot
-- Up-to-date: /home/kevo/ros_ws/src/ros_arm/install/new_bot/share/ament_index/resource_index/parent_prefix_path/new_bot
-- Up-to-date: /home/kevo/ros_ws/src/ros_arm/install/new_bot/share/new_bot/environment/ament_prefix_path.sh
-- Up-to-date: /home/kevo/ros_ws/src/ros_arm/install/new_bot/share/new_bot/environment/ament_prefix_path.dsv
-- Up-to-date: /home/kevo/ros_ws/src/ros_arm/install/new_bot/share/new_bot/environment/path.sh
-- Up-to-date: /home/kevo/ros_ws/src/ros_arm/install/new_bot/share/new_bot/environment/path.dsv
-- Up-to-date: /home/kevo/ros_ws/src/ros_arm/install/new_bot/share/new_bot/local_setup.bash
-- Up-to-date: /home/kevo/ros_ws/src/ros_arm/install/new_bot/share/new_bot/local_setup.sh
-- Up-to-date: /home/kevo/ros_ws/src/ros_arm/install/new_bot/share/new_bot/local_setup.zsh
-- Up-to-date: /home/kevo/ros_ws/src/ros_arm/install/new_bot/share/new_bot/local_setup.dsv
-- Installing: /home/kevo/ros_ws/src/ros_arm/install/new_bot/share/new_bot/package.dsv
-- Up-to-date: /home/kevo/ros_ws/src/ros_arm/install/new_bot/share/ament_index/resource_index/packages/new_bot
-- Up-to-date: /home/kevo/ros_ws/src/ros_arm/install/new_bot/share/new_bot/cmake/new_botConfig.cmake
-- Up-to-date: /home/kevo/ros_ws/src/ros_arm/install/new_bot/share/new_bot/cmake/new_botConfig-version.cmake
-- Up-to-date: /home/kevo/ros_ws/src/ros_arm/install/new_bot/share/new_bot/package.xml
