[7.954s] Invoking command in '/home/kevo/ros_ws/src/ros_arm/build/cpp_pubsub': CMAKE_PREFIX_PATH=${CMAKE_PREFIX_PATH}:/home/kevo/ros_ws/src/ai_based_sorting_robot_arm/install/robotic_arm_custom_nodes:/home/kevo/ws_moveit2/install/moveit_configs_utils:/home/kevo/ws_moveit2/install/launch_param_builder:/opt/ros/humble /usr/bin/cmake --build /home/kevo/ros_ws/src/ros_arm/build/cpp_pubsub -- -j8 -l8
[8.817s] [ 50%] Built target talker
[8.866s] [100%] Built target listener
[9.178s] Invoked command in '/home/kevo/ros_ws/src/ros_arm/build/cpp_pubsub' returned '0': CMAKE_PREFIX_PATH=${CMAKE_PREFIX_PATH}:/home/kevo/ros_ws/src/ai_based_sorting_robot_arm/install/robotic_arm_custom_nodes:/home/kevo/ws_moveit2/install/moveit_configs_utils:/home/kevo/ws_moveit2/install/launch_param_builder:/opt/ros/humble /usr/bin/cmake --build /home/kevo/ros_ws/src/ros_arm/build/cpp_pubsub -- -j8 -l8
[12.891s] Invoking command in '/home/kevo/ros_ws/src/ros_arm/build/cpp_pubsub': CMAKE_PREFIX_PATH=${CMAKE_PREFIX_PATH}:/home/kevo/ros_ws/src/ai_based_sorting_robot_arm/install/robotic_arm_custom_nodes:/home/kevo/ws_moveit2/install/moveit_configs_utils:/home/kevo/ws_moveit2/install/launch_param_builder:/opt/ros/humble /usr/bin/cmake --install /home/kevo/ros_ws/src/ros_arm/build/cpp_pubsub
[14.102s] -- Install configuration: ""
[14.104s] -- Up-to-date: /home/kevo/ros_ws/src/ros_arm/install/cpp_pubsub/lib/cpp_pubsub/talker
[14.106s] -- Up-to-date: /home/kevo/ros_ws/src/ros_arm/install/cpp_pubsub/lib/cpp_pubsub/listener
[14.111s] -- Up-to-date: /home/kevo/ros_ws/src/ros_arm/install/cpp_pubsub/share/ament_index/resource_index/package_run_dependencies/cpp_pubsub
[14.112s] -- Up-to-date: /home/kevo/ros_ws/src/ros_arm/install/cpp_pubsub/share/ament_index/resource_index/parent_prefix_path/cpp_pubsub
[14.113s] -- Up-to-date: /home/kevo/ros_ws/src/ros_arm/install/cpp_pubsub/share/cpp_pubsub/environment/ament_prefix_path.sh
[14.114s] -- Up-to-date: /home/kevo/ros_ws/src/ros_arm/install/cpp_pubsub/share/cpp_pubsub/environment/ament_prefix_path.dsv
[14.115s] -- Up-to-date: /home/kevo/ros_ws/src/ros_arm/install/cpp_pubsub/share/cpp_pubsub/environment/path.sh
[14.116s] -- Up-to-date: /home/kevo/ros_ws/src/ros_arm/install/cpp_pubsub/share/cpp_pubsub/environment/path.dsv
[14.117s] -- Up-to-date: /home/kevo/ros_ws/src/ros_arm/install/cpp_pubsub/share/cpp_pubsub/local_setup.bash
[14.120s] -- Up-to-date: /home/kevo/ros_ws/src/ros_arm/install/cpp_pubsub/share/cpp_pubsub/local_setup.sh
[14.143s] -- Up-to-date: /home/kevo/ros_ws/src/ros_arm/install/cpp_pubsub/share/cpp_pubsub/local_setup.zsh
[14.144s] -- Up-to-date: /home/kevo/ros_ws/src/ros_arm/install/cpp_pubsub/share/cpp_pubsub/local_setup.dsv
[14.145s] -- Installing: /home/kevo/ros_ws/src/ros_arm/install/cpp_pubsub/share/cpp_pubsub/package.dsv
[14.146s] -- Up-to-date: /home/kevo/ros_ws/src/ros_arm/install/cpp_pubsub/share/ament_index/resource_index/packages/cpp_pubsub
[14.147s] -- Up-to-date: /home/kevo/ros_ws/src/ros_arm/install/cpp_pubsub/share/cpp_pubsub/cmake/cpp_pubsubConfig.cmake
[14.148s] -- Up-to-date: /home/kevo/ros_ws/src/ros_arm/install/cpp_pubsub/share/cpp_pubsub/cmake/cpp_pubsubConfig-version.cmake
[14.148s] -- Up-to-date: /home/kevo/ros_ws/src/ros_arm/install/cpp_pubsub/share/cpp_pubsub/package.xml
[22.791s] Invoked command in '/home/kevo/ros_ws/src/ros_arm/build/cpp_pubsub' returned '0': CMAKE_PREFIX_PATH=${CMAKE_PREFIX_PATH}:/home/kevo/ros_ws/src/ai_based_sorting_robot_arm/install/robotic_arm_custom_nodes:/home/kevo/ws_moveit2/install/moveit_configs_utils:/home/kevo/ws_moveit2/install/launch_param_builder:/opt/ros/humble /usr/bin/cmake --install /home/kevo/ros_ws/src/ros_arm/build/cpp_pubsub
