[0.509s] Invoking command in '/home/kevo/ros_ws/src/ros_arm/build/hello_moveit': CMAKE_PREFIX_PATH=${CMAKE_PREFIX_PATH}:/home/kevo/ros_ws/src/ai_based_sorting_robot_arm/install/robotic_arm_custom_nodes:/home/kevo/ws_moveit2/install/moveit_configs_utils:/home/kevo/ws_moveit2/install/launch_param_builder:/opt/ros/humble /usr/bin/cmake --build /home/kevo/ros_ws/src/ros_arm/build/hello_moveit -- -j8 -l8
[0.701s] [35m[1mConsolidate compiler generated dependencies of target hello_moveit[0m
[0.795s] [ 50%] [32mBuilding CXX object CMakeFiles/hello_moveit.dir/src/hello_moveit.cpp.o[0m
[32.300s] [100%] [32m[1mLinking CXX executable hello_moveit[0m
[34.809s] [100%] Built target hello_moveit
[34.853s] Invoked command in '/home/kevo/ros_ws/src/ros_arm/build/hello_moveit' returned '0': CMAKE_PREFIX_PATH=${CMAKE_PREFIX_PATH}:/home/kevo/ros_ws/src/ai_based_sorting_robot_arm/install/robotic_arm_custom_nodes:/home/kevo/ws_moveit2/install/moveit_configs_utils:/home/kevo/ws_moveit2/install/launch_param_builder:/opt/ros/humble /usr/bin/cmake --build /home/kevo/ros_ws/src/ros_arm/build/hello_moveit -- -j8 -l8
[34.957s] Invoking command in '/home/kevo/ros_ws/src/ros_arm/build/hello_moveit': CMAKE_PREFIX_PATH=${CMAKE_PREFIX_PATH}:/home/kevo/ros_ws/src/ai_based_sorting_robot_arm/install/robotic_arm_custom_nodes:/home/kevo/ws_moveit2/install/moveit_configs_utils:/home/kevo/ws_moveit2/install/launch_param_builder:/opt/ros/humble /usr/bin/cmake --install /home/kevo/ros_ws/src/ros_arm/build/hello_moveit
[35.002s] -- Install configuration: ""
[35.008s] -- Installing: /home/kevo/ros_ws/src/ros_arm/install/hello_moveit/lib/hello_moveit/hello_moveit
[35.009s] -- Set runtime path of "/home/kevo/ros_ws/src/ros_arm/install/hello_moveit/lib/hello_moveit/hello_moveit" to ""
[35.010s] -- Up-to-date: /home/kevo/ros_ws/src/ros_arm/install/hello_moveit/share/ament_index/resource_index/package_run_dependencies/hello_moveit
[35.010s] -- Up-to-date: /home/kevo/ros_ws/src/ros_arm/install/hello_moveit/share/ament_index/resource_index/parent_prefix_path/hello_moveit
[35.010s] -- Up-to-date: /home/kevo/ros_ws/src/ros_arm/install/hello_moveit/share/hello_moveit/environment/ament_prefix_path.sh
[35.010s] -- Up-to-date: /home/kevo/ros_ws/src/ros_arm/install/hello_moveit/share/hello_moveit/environment/ament_prefix_path.dsv
[35.011s] -- Up-to-date: /home/kevo/ros_ws/src/ros_arm/install/hello_moveit/share/hello_moveit/environment/path.sh
[35.011s] -- Up-to-date: /home/kevo/ros_ws/src/ros_arm/install/hello_moveit/share/hello_moveit/environment/path.dsv
[35.011s] -- Up-to-date: /home/kevo/ros_ws/src/ros_arm/install/hello_moveit/share/hello_moveit/local_setup.bash
[35.012s] -- Up-to-date: /home/kevo/ros_ws/src/ros_arm/install/hello_moveit/share/hello_moveit/local_setup.sh
[35.013s] -- Up-to-date: /home/kevo/ros_ws/src/ros_arm/install/hello_moveit/share/hello_moveit/local_setup.zsh
[35.015s] -- Up-to-date: /home/kevo/ros_ws/src/ros_arm/install/hello_moveit/share/hello_moveit/local_setup.dsv
[35.016s] -- Installing: /home/kevo/ros_ws/src/ros_arm/install/hello_moveit/share/hello_moveit/package.dsv
[35.021s] -- Up-to-date: /home/kevo/ros_ws/src/ros_arm/install/hello_moveit/share/ament_index/resource_index/packages/hello_moveit
[35.022s] -- Up-to-date: /home/kevo/ros_ws/src/ros_arm/install/hello_moveit/share/hello_moveit/cmake/hello_moveitConfig.cmake
[35.023s] -- Up-to-date: /home/kevo/ros_ws/src/ros_arm/install/hello_moveit/share/hello_moveit/cmake/hello_moveitConfig-version.cmake
[35.023s] -- Up-to-date: /home/kevo/ros_ws/src/ros_arm/install/hello_moveit/share/hello_moveit/package.xml
[35.024s] Invoked command in '/home/kevo/ros_ws/src/ros_arm/build/hello_moveit' returned '0': CMAKE_PREFIX_PATH=${CMAKE_PREFIX_PATH}:/home/kevo/ros_ws/src/ai_based_sorting_robot_arm/install/robotic_arm_custom_nodes:/home/kevo/ws_moveit2/install/moveit_configs_utils:/home/kevo/ws_moveit2/install/launch_param_builder:/opt/ros/humble /usr/bin/cmake --install /home/kevo/ros_ws/src/ros_arm/build/hello_moveit
