[0.082s] Invoking command in '/home/kevo/ros_ws/src/ros_arm/build/ros_arm_bringup': AMENT_PREFIX_PATH=/home/kevo/ros_ws/src/ros_arm/install/ros_arm_description:${AMENT_PREFIX_PATH} CMAKE_PREFIX_PATH=/home/kevo/ros_ws/src/ros_arm/install/ros_arm_description:/opt/ros/humble /usr/bin/cmake --build /home/kevo/ros_ws/src/ros_arm/build/ros_arm_bringup -- -j8 -l8
[0.106s] Invoked command in '/home/kevo/ros_ws/src/ros_arm/build/ros_arm_bringup' returned '0': AMENT_PREFIX_PATH=/home/kevo/ros_ws/src/ros_arm/install/ros_arm_description:${AMENT_PREFIX_PATH} CMAKE_PREFIX_PATH=/home/kevo/ros_ws/src/ros_arm/install/ros_arm_description:/opt/ros/humble /usr/bin/cmake --build /home/kevo/ros_ws/src/ros_arm/build/ros_arm_bringup -- -j8 -l8
[0.120s] Invoking command in '/home/kevo/ros_ws/src/ros_arm/build/ros_arm_bringup': AMENT_PREFIX_PATH=/home/kevo/ros_ws/src/ros_arm/install/ros_arm_description:${AMENT_PREFIX_PATH} CMAKE_PREFIX_PATH=/home/kevo/ros_ws/src/ros_arm/install/ros_arm_description:/opt/ros/humble /usr/bin/cmake --install /home/kevo/ros_ws/src/ros_arm/build/ros_arm_bringup
[0.125s] -- Install configuration: ""
[0.125s] -- Up-to-date: /home/kevo/ros_ws/src/ros_arm/install/ros_arm_bringup/share/ros_arm_bringup//launch
[0.125s] -- Up-to-date: /home/kevo/ros_ws/src/ros_arm/install/ros_arm_bringup/share/ros_arm_bringup//launch/gazebo.launch.xml
[0.125s] -- Up-to-date: /home/kevo/ros_ws/src/ros_arm/install/ros_arm_bringup/share/ros_arm_bringup//launch/controllers.launch.py
[0.126s] -- Up-to-date: /home/kevo/ros_ws/src/ros_arm/install/ros_arm_bringup/share/ament_index/resource_index/package_run_dependencies/ros_arm_bringup
[0.126s] -- Up-to-date: /home/kevo/ros_ws/src/ros_arm/install/ros_arm_bringup/share/ament_index/resource_index/parent_prefix_path/ros_arm_bringup
[0.126s] -- Up-to-date: /home/kevo/ros_ws/src/ros_arm/install/ros_arm_bringup/share/ros_arm_bringup/environment/ament_prefix_path.sh
[0.126s] -- Up-to-date: /home/kevo/ros_ws/src/ros_arm/install/ros_arm_bringup/share/ros_arm_bringup/environment/ament_prefix_path.dsv
[0.126s] -- Up-to-date: /home/kevo/ros_ws/src/ros_arm/install/ros_arm_bringup/share/ros_arm_bringup/environment/path.sh
[0.126s] -- Up-to-date: /home/kevo/ros_ws/src/ros_arm/install/ros_arm_bringup/share/ros_arm_bringup/environment/path.dsv
[0.126s] -- Up-to-date: /home/kevo/ros_ws/src/ros_arm/install/ros_arm_bringup/share/ros_arm_bringup/local_setup.bash
[0.126s] -- Up-to-date: /home/kevo/ros_ws/src/ros_arm/install/ros_arm_bringup/share/ros_arm_bringup/local_setup.sh
[0.127s] -- Up-to-date: /home/kevo/ros_ws/src/ros_arm/install/ros_arm_bringup/share/ros_arm_bringup/local_setup.zsh
[0.127s] -- Up-to-date: /home/kevo/ros_ws/src/ros_arm/install/ros_arm_bringup/share/ros_arm_bringup/local_setup.dsv
[0.127s] -- Installing: /home/kevo/ros_ws/src/ros_arm/install/ros_arm_bringup/share/ros_arm_bringup/package.dsv
[0.127s] -- Up-to-date: /home/kevo/ros_ws/src/ros_arm/install/ros_arm_bringup/share/ament_index/resource_index/packages/ros_arm_bringup
[0.130s] -- Up-to-date: /home/kevo/ros_ws/src/ros_arm/install/ros_arm_bringup/share/ros_arm_bringup/cmake/ros_arm_bringupConfig.cmake
[0.130s] -- Up-to-date: /home/kevo/ros_ws/src/ros_arm/install/ros_arm_bringup/share/ros_arm_bringup/cmake/ros_arm_bringupConfig-version.cmake
[0.130s] -- Up-to-date: /home/kevo/ros_ws/src/ros_arm/install/ros_arm_bringup/share/ros_arm_bringup/package.xml
[0.130s] Invoked command in '/home/kevo/ros_ws/src/ros_arm/build/ros_arm_bringup' returned '0': AMENT_PREFIX_PATH=/home/kevo/ros_ws/src/ros_arm/install/ros_arm_description:${AMENT_PREFIX_PATH} CMAKE_PREFIX_PATH=/home/kevo/ros_ws/src/ros_arm/install/ros_arm_description:/opt/ros/humble /usr/bin/cmake --install /home/kevo/ros_ws/src/ros_arm/build/ros_arm_bringup
